{"SourceName":"Microsoft-Windows-Sysmon","ProviderGuid":"{5770385f-c22a-43e0-bf4c-06f5698ffbd9}","Level":"4","Keywords":"0x8000000000000000","Channel":"Microsoft-Windows-Sysmon/Operational","Hostname":"ADFS01.blacksmith.local","TimeCreated":"2021-04-27T04:08:28.858Z","@timestamp":"2021-04-27T04:08:28.858Z","EventID":7,"Message":"Image loaded:\r\nRuleName: -\r\nUtcTime: 2021-04-27 08:08:28.844\r\nProcessGuid: {1978b227-c67c-6087-7f7b-000000000500}\r\nProcessId: 8284\r\nImage: C:\\Program Files\\Windows Defender Advanced Threat Protection\\SenseCncProxy.exe\r\nImageLoaded: C:\\Windows\\System32\\powrprof.dll\r\nFileVersion: 10.0.17763.1 (WinBuild.160101.0800)\r\nDescription: Power Profile Helper DLL\r\nProduct: Microsoft® Windows® Operating System\r\nCompany: Microsoft Corporation\r\nOriginalFileName: POWRPROF.DLL\r\nHashes: SHA1=C6BE4DBBF31A2FD2A91FDA8DA0F7ED65B413D31A,MD5=082136DC077FAD6C3D1ED64BF46888A6,SHA256=F9C97CFFAB7D3A61175F902CF0062CA945BC8CECFC825BF3B6096864855D43D9,IMPHASH=C33D8F3C33B19248E2D15B613C123D7B\r\nSigned: true\r\nSignature: Microsoft Windows\r\nSignatureStatus: Valid","Task":"7","RuleName":"-","UtcTime":"2021-04-27 08:08:28.844","ProcessGuid":"{1978b227-c67c-6087-7f7b-000000000500}","ProcessId":"8284","Image":"C:\\Program Files\\Windows Defender Advanced Threat Protection\\SenseCncProxy.exe","ImageLoaded":"C:\\Windows\\System32\\powrprof.dll","FileVersion":"10.0.17763.1 (WinBuild.160101.0800)","Description":"Power Profile Helper DLL","Product":"Microsoft® Windows® Operating System","Company":"Microsoft Corporation","OriginalFileName":"POWRPROF.DLL","Hashes":"SHA1=C6BE4DBBF31A2FD2A91FDA8DA0F7ED65B413D31A,MD5=082136DC077FAD6C3D1ED64BF46888A6,SHA256=F9C97CFFAB7D3A61175F902CF0062CA945BC8CECFC825BF3B6096864855D43D9,IMPHASH=C33D8F3C33B19248E2D15B613C123D7B","Signed":"true","Signature":"Microsoft Windows","SignatureStatus":"Valid"}
{"SourceName":"Microsoft-Windows-Sysmon","ProviderGuid":"{5770385f-c22a-43e0-bf4c-06f5698ffbd9}","Level":"4","Keywords":"0x8000000000000000","Channel":"Microsoft-Windows-Sysmon/Operational","Hostname":"ADFS01.blacksmith.local","TimeCreated":"2021-04-27T04:08:28.858Z","@timestamp":"2021-04-27T04:08:28.858Z","EventID":7,"Message":"Image loaded:\r\nRuleName: -\r\nUtcTime: 2021-04-27 08:08:28.844\r\nProcessGuid: {1978b227-c67c-6087-7f7b-000000000500}\r\nProcessId: 8284\r\nImage: C:\\Program Files\\Windows Defender Advanced Threat Protection\\SenseCncProxy.exe\r\nImageLoaded: C:\\Windows\\System32\\shlwapi.dll\r\nFileVersion: 10.0.17763.1697 (WinBuild.160101.0800)\r\nDescription: Shell Light-weight Utility Library\r\nProduct: Microsoft® Windows® Operating System\r\nCompany: Microsoft Corporation\r\nOriginalFileName: SHLWAPI.DLL\r\nHashes: SHA1=368A48DD7219273B0AE24BDD572A9D2B0C5E8F67,MD5=9E3B2B6C6889B5B27C2E3B8B3B0EDC92,SHA256=5B042429B2719E2A72B2DACC2BE2F04B2498C29884AB501732A4EE171497F7A6,IMPHASH=6659A49ABF33952444C5A7FA22FD9032\r\nSigned: true\r\nSignature: Microsoft Windows\r\nSignatureStatus: Valid","Task":"7","RuleName":"-","UtcTime":"2021-04-27 08:08:28.844","ProcessGuid":"{1978b227-c67c-6087-7f7b-000000000500}","ProcessId":"8284","Image":"C:\\Program Files\\Windows Defender Advanced Threat Protection\\SenseCncProxy.exe","ImageLoaded":"C:\\Windows\\System32\\shlwapi.dll","FileVersion":"10.0.17763.1697 (WinBuild.160101.0800)","Description":"Shell Light-weight Utility Library","Product":"Microsoft® Windows® Operating System","Company":"Microsoft Corporation","OriginalFileName":"SHLWAPI.DLL","Hashes":"SHA1=368A48DD7219273B0AE24BDD572A9D2B0C5E8F67,MD5=9E3B2B6C6889B5B27C2E3B8B3B0EDC92,SHA256=5B042429B2719E2A72B2DACC2BE2F04B2498C29884AB501732A4EE171497F7A6,IMPHASH=6659A49ABF33952444C5A7FA22FD9032","Signed":"true","Signature":"Microsoft Windows","SignatureStatus":"Valid"}
{"SourceName":"Microsoft-Windows-Sysmon","ProviderGuid":"{5770385f-c22a-43e0-bf4c-06f5698ffbd9}","Level":"4","Keywords":"0x8000000000000000","Channel":"Microsoft-Windows-Sysmon/Operational","Hostname":"ADFS01.blacksmith.local","TimeCreated":"2021-04-27T04:08:28.859Z","@timestamp":"2021-04-27T04:08:28.859Z","EventID":7,"Message":"Image loaded:\r\nRuleName: -\r\nUtcTime: 2021-04-27 08:08:28.844\r\nProcessGuid: {1978b227-c67c-6087-7f7b-000000000500}\r\nProcessId: 8284\r\nImage: C:\\Program Files\\Windows Defender Advanced Threat Protection\\SenseCncProxy.exe\r\nImageLoaded: C:\\Windows\\System32\\gdi32.dll\r\nFileVersion: 10.0.17763.1697 (WinBuild.160101.0800)\r\nDescription: GDI Client DLL\r\nProduct: Microsoft® Windows® Operating System\r\nCompany: Microsoft Corporation\r\nOriginalFileName: gdi32\r\nHashes: SHA1=F92028EAF9A6D4704DBF5CA04ED3C2C032F603BC,MD5=0F110B500E38126F676B0CFBA85A5616,SHA256=692FB89C5D4E14950B72501490942263F2BA94B7BD9D5D815B3E1258B6D7D152,IMPHASH=068515AABEE6B5C49150F5085AFD86C9\r\nSigned: true\r\nSignature: Microsoft Windows\r\nSignatureStatus: Valid","Task":"7","RuleName":"-","UtcTime":"2021-04-27 08:08:28.844","ProcessGuid":"{1978b227-c67c-6087-7f7b-000000000500}","ProcessId":"8284","Image":"C:\\Program Files\\Windows Defender Advanced Threat Protection\\SenseCncProxy.exe","ImageLoaded":"C:\\Windows\\System32\\gdi32.dll","FileVersion":"10.0.17763.1697 (WinBuild.160101.0800)","Description":"GDI Client DLL","Product":"Microsoft® Windows® Operating System","Company":"Microsoft Corporation","OriginalFileName":"gdi32","Hashes":"SHA1=F92028EAF9A6D4704DBF5CA04ED3C2C032F603BC,MD5=0F110B500E38126F676B0CFBA85A5616,SHA256=692FB89C5D4E14950B72501490942263F2BA94B7BD9D5D815B3E1258B6D7D152,IMPHASH=068515AABEE6B5C49150F5085AFD86C9","Signed":"true","Signature":"Microsoft Windows","SignatureStatus":"Valid"}
{"SourceName":"Microsoft-Windows-Sysmon","ProviderGuid":"{5770385f-c22a-43e0-bf4c-06f5698ffbd9}","Level":"4","Keywords":"0x8000000000000000","Channel":"Microsoft-Windows-Sysmon/Operational","Hostname":"ADFS01.blacksmith.local","TimeCreated":"2021-04-27T04:08:28.860Z","@timestamp":"2021-04-27T04:08:28.860Z","EventID":7,"Message":"Image loaded:\r\nRuleName: -\r\nUtcTime: 2021-04-27 08:08:28.844\r\nProcessGuid: {1978b227-c67c-6087-7f7b-000000000500}\r\nProcessId: 8284\r\nImage: C:\\Program Files\\Windows Defender Advanced Threat Protection\\SenseCncProxy.exe\r\nImageLoaded: C:\\Windows\\System32\\gdi32full.dll\r\nFileVersion: 10.0.17763.1879 (WinBuild.160101.0800)\r\nDescription: GDI Client DLL\r\nProduct: Microsoft® Windows® Operating System\r\nCompany: Microsoft Corporation\r\nOriginalFileName: gdi32\r\nHashes: SHA1=1AF5826D1A7964E41D55742B29EF51E647C09C44,MD5=10705A1AE9B7AAF27B68311699A2D7EE,SHA256=8E19CCDCFD5C2DBF7A7BACCC6E36C17EE3EF8A189594B8C58C80C245B9C69661,IMPHASH=985D91E552B7AEE1E76E9447FEA1E347\r\nSigned: true\r\nSignature: Microsoft Windows\r\nSignatureStatus: Valid","Task":"7","RuleName":"-","UtcTime":"2021-04-27 08:08:28.844","ProcessGuid":"{1978b227-c67c-6087-7f7b-000000000500}","ProcessId":"8284","Image":"C:\\Program Files\\Windows Defender Advanced Threat Protection\\SenseCncProxy.exe","ImageLoaded":"C:\\Windows\\System32\\gdi32full.dll","FileVersion":"10.0.17763.1879 (WinBuild.160101.0800)","Description":"GDI Client DLL","Product":"Microsoft® Windows® Operating System","Company":"Microsoft Corporation","OriginalFileName":"gdi32","Hashes":"SHA1=1AF5826D1A7964E41D55742B29EF51E647C09C44,MD5=10705A1AE9B7AAF27B68311699A2D7EE,SHA256=8E19CCDCFD5C2DBF7A7BACCC6E36C17EE3EF8A189594B8C58C80C245B9C69661,IMPHASH=985D91E552B7AEE1E76E9447FEA1E347","Signed":"true","Signature":"Microsoft Windows","SignatureStatus":"Valid"}
{"SourceName":"Microsoft-Windows-Sysmon","ProviderGuid":"{5770385f-c22a-43e0-bf4c-06f5698ffbd9}","Level":"4","Keywords":"0x8000000000000000","Channel":"Microsoft-Windows-Sysmon/Operational","Hostname":"ADFS01.blacksmith.local","TimeCreated":"2021-04-27T04:08:28.861Z","@timestamp":"2021-04-27T04:08:28.861Z","EventID":7,"Message":"Image loaded:\r\nRuleName: -\r\nUtcTime: 2021-04-27 08:08:28.860\r\nProcessGuid: {1978b227-c67c-6087-7f7b-000000000500}\r\nProcessId: 8284\r\nImage: C:\\Program Files\\Windows Defender Advanced Threat Protection\\SenseCncProxy.exe\r\nImageLoaded: C:\\Windows\\System32\\user32.dll\r\nFileVersion: 10.0.17763.1728 (WinBuild.160101.0800)\r\nDescription: Multi-User Windows USER API Client DLL\r\nProduct: Microsoft® Windows® Operating System\r\nCompany: Microsoft Corporation\r\nOriginalFileName: user32\r\nHashes: SHA1=CAA9E17370149CAC61BE0B2443989B34D8FD5C7B,MD5=5D9AB9861345CD41A7D8F0B0070CD48B,SHA256=9C51CC7439C5CCE0EA56D8F5DBCEB9370FA27A1FCB5433A3A5F0FFC44AE316D6,IMPHASH=D3A4F91CCC364A2DEC64676EE19600DE\r\nSigned: true\r\nSignature: Microsoft Windows\r\nSignatureStatus: Valid","Task":"7","RuleName":"-","UtcTime":"2021-04-27 08:08:28.860","ProcessGuid":"{1978b227-c67c-6087-7f7b-000000000500}","ProcessId":"8284","Image":"C:\\Program Files\\Windows Defender Advanced Threat Protection\\SenseCncProxy.exe","ImageLoaded":"C:\\Windows\\System32\\user32.dll","FileVersion":"10.0.17763.1728 (WinBuild.160101.0800)","Description":"Multi-User Windows USER API Client DLL","Product":"Microsoft® Windows® Operating System","Company":"Microsoft Corporation","OriginalFileName":"user32","Hashes":"SHA1=CAA9E17370149CAC61BE0B2443989B34D8FD5C7B,MD5=5D9AB9861345CD41A7D8F0B0070CD48B,SHA256=9C51CC7439C5CCE0EA56D8F5DBCEB9370FA27A1FCB5433A3A5F0FFC44AE316D6,IMPHASH=D3A4F91CCC364A2DEC64676EE19600DE","Signed":"true","Signature":"Microsoft Windows","SignatureStatus":"Valid"}
{"SourceName":"Microsoft-Windows-Sysmon","ProviderGuid":"{5770385f-c22a-43e0-bf4c-06f5698ffbd9}","Level":"4","Keywords":"0x8000000000000000","Channel":"Microsoft-Windows-Sysmon/Operational","Hostname":"ADFS01.blacksmith.local","TimeCreated":"2021-04-27T04:08:28.861Z","@timestamp":"2021-04-27T04:08:28.861Z","EventID":7,"Message":"Image loaded:\r\nRuleName: -\r\nUtcTime: 2021-04-27 08:08:28.860\r\nProcessGuid: {1978b227-c67c-6087-7f7b-000000000500}\r\nProcessId: 8284\r\nImage: C:\\Program Files\\Windows Defender Advanced Threat Protection\\SenseCncProxy.exe\r\nImageLoaded: C:\\Windows\\System32\\win32u.dll\r\nFileVersion: 10.0.17763.1 (WinBuild.160101.0800)\r\nDescription: Win32u\r\nProduct: Microsoft® Windows® Operating System\r\nCompany: Microsoft Corporation\r\nOriginalFileName: Win32u.DLL\r\nHashes: SHA1=E9543B315229DBB7707C52BB8506C488694D09A1,MD5=65D63D5F9A9D6988C9E3DB4862D8C1E0,SHA256=208FBE0136AEBC989748B526A4BB0C656B73A10E46EF640A93E3AB8F02358B98,IMPHASH=00000000000000000000000000000000\r\nSigned: true\r\nSignature: Microsoft Windows\r\nSignatureStatus: Valid","Task":"7","RuleName":"-","UtcTime":"2021-04-27 08:08:28.860","ProcessGuid":"{1978b227-c67c-6087-7f7b-000000000500}","ProcessId":"8284","Image":"C:\\Program Files\\Windows Defender Advanced Threat Protection\\SenseCncProxy.exe","ImageLoaded":"C:\\Windows\\System32\\win32u.dll","FileVersion":"10.0.17763.1 (WinBuild.160101.0800)","Description":"Win32u","Product":"Microsoft® Windows® Operating System","Company":"Microsoft Corporation","OriginalFileName":"Win32u.DLL","Hashes":"SHA1=E9543B315229DBB7707C52BB8506C488694D09A1,MD5=65D63D5F9A9D6988C9E3DB4862D8C1E0,SHA256=208FBE0136AEBC989748B526A4BB0C656B73A10E46EF640A93E3AB8F02358B98,IMPHASH=00000000000000000000000000000000","Signed":"true","Signature":"Microsoft Windows","SignatureStatus":"Valid"}
{"SourceName":"Microsoft-Windows-Sysmon","ProviderGuid":"{5770385f-c22a-43e0-bf4c-06f5698ffbd9}","Level":"4","Keywords":"0x8000000000000000","Channel":"Microsoft-Windows-Sysmon/Operational","Hostname":"ADFS01.blacksmith.local","TimeCreated":"2021-04-27T04:08:28.862Z","@timestamp":"2021-04-27T04:08:28.862Z","EventID":7,"Message":"Image loaded:\r\nRuleName: -\r\nUtcTime: 2021-04-27 08:08:28.860\r\nProcessGuid: {1978b227-c67c-6087-7f7b-000000000500}\r\nProcessId: 8284\r\nImage: C:\\Program Files\\Windows Defender Advanced Threat Protection\\SenseCncProxy.exe\r\nImageLoaded: C:\\Windows\\System32\\kernel.appcore.dll\r\nFileVersion: 10.0.17763.1 (WinBuild.160101.0800)\r\nDescription: AppModel API Host\r\nProduct: Microsoft® Windows® Operating System\r\nCompany: Microsoft Corporation\r\nOriginalFileName: kernel.appcore.dll\r\nHashes: SHA1=564655189DEE96750D04CD9E05DE1237AB30F49C,MD5=56753185D301D7718470A4ADF780395B,SHA256=CA954AC516F91F28301378214335FF808D0E9331018A6474DFAA25D18D0FD6A8,IMPHASH=D8EB7D9EDA6379E4A8781259443BCF22\r\nSigned: true\r\nSignature: Microsoft Windows\r\nSignatureStatus: Valid","Task":"7","RuleName":"-","UtcTime":"2021-04-27 08:08:28.860","ProcessGuid":"{1978b227-c67c-6087-7f7b-000000000500}","ProcessId":"8284","Image":"C:\\Program Files\\Windows Defender Advanced Threat Protection\\SenseCncProxy.exe","ImageLoaded":"C:\\Windows\\System32\\kernel.appcore.dll","FileVersion":"10.0.17763.1 (WinBuild.160101.0800)","Description":"AppModel API Host","Product":"Microsoft® Windows® Operating System","Company":"Microsoft Corporation","OriginalFileName":"kernel.appcore.dll","Hashes":"SHA1=564655189DEE96750D04CD9E05DE1237AB30F49C,MD5=56753185D301D7718470A4ADF780395B,SHA256=CA954AC516F91F28301378214335FF808D0E9331018A6474DFAA25D18D0FD6A8,IMPHASH=D8EB7D9EDA6379E4A8781259443BCF22","Signed":"true","Signature":"Microsoft Windows","SignatureStatus":"Valid"}
{"SourceName":"Microsoft-Windows-Sysmon","ProviderGuid":"{5770385f-c22a-43e0-bf4c-06f5698ffbd9}","Level":"4","Keywords":"0x8000000000000000","Channel":"Microsoft-Windows-Sysmon/Operational","Hostname":"ADFS01.blacksmith.local","TimeCreated":"2021-04-27T04:08:28.863Z","@timestamp":"2021-04-27T04:08:28.863Z","EventID":7,"Message":"Image loaded:\r\nRuleName: -\r\nUtcTime: 2021-04-27 08:08:28.860\r\nProcessGuid: {1978b227-c67c-6087-7f7b-000000000500}\r\nProcessId: 8284\r\nImage: C:\\Program Files\\Windows Defender Advanced Threat Protection\\SenseCncProxy.exe\r\nImageLoaded: C:\\Windows\\System32\\cryptsp.dll\r\nFileVersion: 10.0.17763.1 (WinBuild.160101.0800)\r\nDescription: Cryptographic Service Provider API\r\nProduct: Microsoft® Windows® Operating System\r\nCompany: Microsoft Corporation\r\nOriginalFileName: cryptsp.dll\r\nHashes: SHA1=0404FAD85C37A9D623ABF77AE9FA2AD4E38DCF38,MD5=F90316FE094F4AB2FEF98CA624A04654,SHA256=78D6A1CD068F5DE2A3DE7F83A975667FA332AA65EC59DD5991CEA1D021BD47C5,IMPHASH=A9B9D04D0B53DC48ABB37BE77AD01B55\r\nSigned: true\r\nSignature: Microsoft Windows\r\nSignatureStatus: Valid","Task":"7","RuleName":"-","UtcTime":"2021-04-27 08:08:28.860","ProcessGuid":"{1978b227-c67c-6087-7f7b-000000000500}","ProcessId":"8284","Image":"C:\\Program Files\\Windows Defender Advanced Threat Protection\\SenseCncProxy.exe","ImageLoaded":"C:\\Windows\\System32\\cryptsp.dll","FileVersion":"10.0.17763.1 (WinBuild.160101.0800)","Description":"Cryptographic Service Provider API","Product":"Microsoft® Windows® Operating System","Company":"Microsoft Corporation","OriginalFileName":"cryptsp.dll","Hashes":"SHA1=0404FAD85C37A9D623ABF77AE9FA2AD4E38DCF38,MD5=F90316FE094F4AB2FEF98CA624A04654,SHA256=78D6A1CD068F5DE2A3DE7F83A975667FA332AA65EC59DD5991CEA1D021BD47C5,IMPHASH=A9B9D04D0B53DC48ABB37BE77AD01B55","Signed":"true","Signature":"Microsoft Windows","SignatureStatus":"Valid"}
{"SourceName":"Microsoft-Windows-Sysmon","ProviderGuid":"{5770385f-c22a-43e0-bf4c-06f5698ffbd9}","Level":"4","Keywords":"0x8000000000000000","Channel":"Microsoft-Windows-Sysmon/Operational","Hostname":"ADFS01.blacksmith.local","TimeCreated":"2021-04-27T04:08:28.863Z","@timestamp":"2021-04-27T04:08:28.863Z","EventID":7,"Message":"Image loaded:\r\nRuleName: -\r\nUtcTime: 2021-04-27 08:08:28.860\r\nProcessGuid: {1978b227-c67c-6087-7f7b-000000000500}\r\nProcessId: 8284\r\nImage: C:\\Program Files\\Windows Defender Advanced Threat Protection\\SenseCncProxy.exe\r\nImageLoaded: C:\\Windows\\System32\\ole32.dll\r\nFileVersion: 10.0.17763.1697 (WinBuild.160101.0800)\r\nDescription: Microsoft OLE for Windows\r\nProduct: Microsoft® Windows® Operating System\r\nCompany: Microsoft Corporation\r\nOriginalFileName: OLE32.DLL\r\nHashes: SHA1=C01D98C189CE34E8D11750ABC7FAADFA1F3D205D,MD5=AA9F7333CE327B5E773B278755CCBD2E,SHA256=6F8E2E61F07F636A1BCA40A613E060E530A3A9A3FA18981CFAE801127A1563CD,IMPHASH=6CD38B8F8C1F27CB46F8B55A9F7237A6\r\nSigned: true\r\nSignature: Microsoft Windows\r\nSignatureStatus: Valid","Task":"7","RuleName":"-","UtcTime":"2021-04-27 08:08:28.860","ProcessGuid":"{1978b227-c67c-6087-7f7b-000000000500}","ProcessId":"8284","Image":"C:\\Program Files\\Windows Defender Advanced Threat Protection\\SenseCncProxy.exe","ImageLoaded":"C:\\Windows\\System32\\ole32.dll","FileVersion":"10.0.17763.1697 (WinBuild.160101.0800)","Description":"Microsoft OLE for Windows","Product":"Microsoft® Windows® Operating System","Company":"Microsoft Corporation","OriginalFileName":"OLE32.DLL","Hashes":"SHA1=C01D98C189CE34E8D11750ABC7FAADFA1F3D205D,MD5=AA9F7333CE327B5E773B278755CCBD2E,SHA256=6F8E2E61F07F636A1BCA40A613E060E530A3A9A3FA18981CFAE801127A1563CD,IMPHASH=6CD38B8F8C1F27CB46F8B55A9F7237A6","Signed":"true","Signature":"Microsoft Windows","SignatureStatus":"Valid"}
{"SourceName":"Microsoft-Windows-Sysmon","ProviderGuid":"{5770385f-c22a-43e0-bf4c-06f5698ffbd9}","Level":"4","Keywords":"0x8000000000000000","Channel":"Microsoft-Windows-Sysmon/Operational","Hostname":"ADFS01.blacksmith.local","TimeCreated":"2021-04-27T04:08:28.864Z","@timestamp":"2021-04-27T04:08:28.864Z","EventID":7,"Message":"Image loaded:\r\nRuleName: -\r\nUtcTime: 2021-04-27 08:08:28.860\r\nProcessGuid: {1978b227-c67c-6087-7f7b-000000000500}\r\nProcessId: 8284\r\nImage: C:\\Program Files\\Windows Defender Advanced Threat Protection\\SenseCncProxy.exe\r\nImageLoaded: C:\\Windows\\System32\\crypt32.dll\r\nFileVersion: 10.0.17763.1790 (WinBuild.160101.0800)\r\nDescription: Crypto API32\r\nProduct: Microsoft® Windows® Operating System\r\nCompany: Microsoft Corporation\r\nOriginalFileName: CRYPT32.DLL\r\nHashes: SHA1=4EE89DD643103AA7B2A02107C9B4F96F168C39DE,MD5=F8BC8A4230124D110E8E9C52E84F4EDC,SHA256=9365A4C56D4CC2AD99528E235F52436EDD434DA7F1628779B3D89E9AC55CABB4,IMPHASH=2C04C714664EBDB29AC51BB58B7CBF8A\r\nSigned: true\r\nSignature: Microsoft Windows\r\nSignatureStatus: Valid","Task":"7","RuleName":"-","UtcTime":"2021-04-27 08:08:28.860","ProcessGuid":"{1978b227-c67c-6087-7f7b-000000000500}","ProcessId":"8284","Image":"C:\\Program Files\\Windows Defender Advanced Threat Protection\\SenseCncProxy.exe","ImageLoaded":"C:\\Windows\\System32\\crypt32.dll","FileVersion":"10.0.17763.1790 (WinBuild.160101.0800)","Description":"Crypto API32","Product":"Microsoft® Windows® Operating System","Company":"Microsoft Corporation","OriginalFileName":"CRYPT32.DLL","Hashes":"SHA1=4EE89DD643103AA7B2A02107C9B4F96F168C39DE,MD5=F8BC8A4230124D110E8E9C52E84F4EDC,SHA256=9365A4C56D4CC2AD99528E235F52436EDD434DA7F1628779B3D89E9AC55CABB4,IMPHASH=2C04C714664EBDB29AC51BB58B7CBF8A","Signed":"true","Signature":"Microsoft Windows","SignatureStatus":"Valid"}
{"SourceName":"Microsoft-Windows-Sysmon","ProviderGuid":"{5770385f-c22a-43e0-bf4c-06f5698ffbd9}","Level":"4","Keywords":"0x8000000000000000","Channel":"Microsoft-Windows-Sysmon/Operational","Hostname":"ADFS01.blacksmith.local","TimeCreated":"2021-04-27T04:08:28.865Z","@timestamp":"2021-04-27T04:08:28.865Z","EventID":7,"Message":"Image loaded:\r\nRuleName: -\r\nUtcTime: 2021-04-27 08:08:28.860\r\nProcessGuid: {1978b227-c67c-6087-7f7b-000000000500}\r\nProcessId: 8284\r\nImage: C:\\Program Files\\Windows Defender Advanced Threat Protection\\SenseCncProxy.exe\r\nImageLoaded: C:\\Windows\\System32\\msasn1.dll\r\nFileVersion: 10.0.17763.1 (WinBuild.160101.0800)\r\nDescription: ASN.1 Runtime APIs\r\nProduct: Microsoft® Windows® Operating System\r\nCompany: Microsoft Corporation\r\nOriginalFileName: msasn1.dll\r\nHashes: SHA1=8AE7FF30C935B597DA41C660F772C4A66F475A69,MD5=6C2EE08E0066A9DCBC77612CACF76EED,SHA256=DC1C77C7DEC3271B9AA2F136E0262E49770B586458F89CFDBA48D3DC4B5425C0,IMPHASH=B4991B6EA9B3246B087601BEEE3FA64F\r\nSigned: true\r\nSignature: Microsoft Windows\r\nSignatureStatus: Valid","Task":"7","RuleName":"-","UtcTime":"2021-04-27 08:08:28.860","ProcessGuid":"{1978b227-c67c-6087-7f7b-000000000500}","ProcessId":"8284","Image":"C:\\Program Files\\Windows Defender Advanced Threat Protection\\SenseCncProxy.exe","ImageLoaded":"C:\\Windows\\System32\\msasn1.dll","FileVersion":"10.0.17763.1 (WinBuild.160101.0800)","Description":"ASN.1 Runtime APIs","Product":"Microsoft® Windows® Operating System","Company":"Microsoft Corporation","OriginalFileName":"msasn1.dll","Hashes":"SHA1=8AE7FF30C935B597DA41C660F772C4A66F475A69,MD5=6C2EE08E0066A9DCBC77612CACF76EED,SHA256=DC1C77C7DEC3271B9AA2F136E0262E49770B586458F89CFDBA48D3DC4B5425C0,IMPHASH=B4991B6EA9B3246B087601BEEE3FA64F","Signed":"true","Signature":"Microsoft Windows","SignatureStatus":"Valid"}
{"SourceName":"Microsoft-Windows-Sysmon","ProviderGuid":"{5770385f-c22a-43e0-bf4c-06f5698ffbd9}","Level":"4","Keywords":"0x8000000000000000","Channel":"Microsoft-Windows-Sysmon/Operational","Hostname":"ADFS01.blacksmith.local","TimeCreated":"2021-04-27T04:08:28.865Z","@timestamp":"2021-04-27T04:08:28.865Z","EventID":7,"Message":"Image loaded:\r\nRuleName: -\r\nUtcTime: 2021-04-27 08:08:28.860\r\nProcessGuid: {1978b227-c67c-6087-7f7b-000000000500}\r\nProcessId: 8284\r\nImage: C:\\Program Files\\Windows Defender Advanced Threat Protection\\SenseCncProxy.exe\r\nImageLoaded: C:\\Windows\\System32\\bcrypt.dll\r\nFileVersion: 10.0.17763.1613 (WinBuild.160101.0800)\r\nDescription: Windows Cryptographic Primitives Library\r\nProduct: Microsoft® Windows® Operating System\r\nCompany: Microsoft Corporation\r\nOriginalFileName: bcrypt.dll\r\nHashes: SHA1=2C4BA5C1482987D50A182BAD915F52CD6611EE63,MD5=00439016776DE367BAD087D739A03797,SHA256=E70F5D8F87AAB14E3160227D38387889BEFBE37FA4F8F5ADC59EFF52804B35FD,IMPHASH=F8A5CF8F7AF31A59E7541332D16C6ABA\r\nSigned: true\r\nSignature: Microsoft Windows\r\nSignatureStatus: Valid","Task":"7","RuleName":"-","UtcTime":"2021-04-27 08:08:28.860","ProcessGuid":"{1978b227-c67c-6087-7f7b-000000000500}","ProcessId":"8284","Image":"C:\\Program Files\\Windows Defender Advanced Threat Protection\\SenseCncProxy.exe","ImageLoaded":"C:\\Windows\\System32\\bcrypt.dll","FileVersion":"10.0.17763.1613 (WinBuild.160101.0800)","Description":"Windows Cryptographic Primitives Library","Product":"Microsoft® Windows® Operating System","Company":"Microsoft Corporation","OriginalFileName":"bcrypt.dll","Hashes":"SHA1=2C4BA5C1482987D50A182BAD915F52CD6611EE63,MD5=00439016776DE367BAD087D739A03797,SHA256=E70F5D8F87AAB14E3160227D38387889BEFBE37FA4F8F5ADC59EFF52804B35FD,IMPHASH=F8A5CF8F7AF31A59E7541332D16C6ABA","Signed":"true","Signature":"Microsoft Windows","SignatureStatus":"Valid"}
{"SourceName":"Microsoft-Windows-Sysmon","ProviderGuid":"{5770385f-c22a-43e0-bf4c-06f5698ffbd9}","Level":"4","Keywords":"0x8000000000000000","Channel":"Microsoft-Windows-Sysmon/Operational","Hostname":"ADFS01.blacksmith.local","TimeCreated":"2021-04-27T04:08:28.866Z","@timestamp":"2021-04-27T04:08:28.866Z","EventID":7,"Message":"Image loaded:\r\nRuleName: -\r\nUtcTime: 2021-04-27 08:08:28.860\r\nProcessGuid: {1978b227-c67c-6087-7f7b-000000000500}\r\nProcessId: 8284\r\nImage: C:\\Program Files\\Windows Defender Advanced Threat Protection\\SenseCncProxy.exe\r\nImageLoaded: C:\\Windows\\System32\\winhttp.dll\r\nFileVersion: 10.0.17763.1728 (WinBuild.160101.0800)\r\nDescription: Windows HTTP Services\r\nProduct: Microsoft® Windows® Operating System\r\nCompany: Microsoft Corporation\r\nOriginalFileName: winhttp.dll\r\nHashes: SHA1=AF15AE8C859A975F641BD1636EF54C109A579965,MD5=A047A8140F82AED4B7368163DC9FE0EE,SHA256=71D7B5063DA318A225BE4AE7B9C0BA31BC3CC4DE4F53399CB15E79F4B592FB85,IMPHASH=1BE2C0144B18FCB398AD7669B11DE552\r\nSigned: true\r\nSignature: Microsoft Windows\r\nSignatureStatus: Valid","Task":"7","RuleName":"-","UtcTime":"2021-04-27 08:08:28.860","ProcessGuid":"{1978b227-c67c-6087-7f7b-000000000500}","ProcessId":"8284","Image":"C:\\Program Files\\Windows Defender Advanced Threat Protection\\SenseCncProxy.exe","ImageLoaded":"C:\\Windows\\System32\\winhttp.dll","FileVersion":"10.0.17763.1728 (WinBuild.160101.0800)","Description":"Windows HTTP Services","Product":"Microsoft® Windows® Operating System","Company":"Microsoft Corporation","OriginalFileName":"winhttp.dll","Hashes":"SHA1=AF15AE8C859A975F641BD1636EF54C109A579965,MD5=A047A8140F82AED4B7368163DC9FE0EE,SHA256=71D7B5063DA318A225BE4AE7B9C0BA31BC3CC4DE4F53399CB15E79F4B592FB85,IMPHASH=1BE2C0144B18FCB398AD7669B11DE552","Signed":"true","Signature":"Microsoft Windows","SignatureStatus":"Valid"}
{"SourceName":"Microsoft-Windows-Sysmon","ProviderGuid":"{5770385f-c22a-43e0-bf4c-06f5698ffbd9}","Level":"4","Keywords":"0x8000000000000000","Channel":"Microsoft-Windows-Sysmon/Operational","Hostname":"ADFS01.blacksmith.local","TimeCreated":"2021-04-27T04:08:28.867Z","@timestamp":"2021-04-27T04:08:28.867Z","EventID":7,"Message":"Image loaded:\r\nRuleName: -\r\nUtcTime: 2021-04-27 08:08:28.860\r\nProcessGuid: {1978b227-c67c-6087-7f7b-000000000500}\r\nProcessId: 8284\r\nImage: C:\\Program Files\\Windows Defender Advanced Threat Protection\\SenseCncProxy.exe\r\nImageLoaded: C:\\Windows\\System32\\userenv.dll\r\nFileVersion: 10.0.17763.1728 (WinBuild.160101.0800)\r\nDescription: Userenv\r\nProduct: Microsoft® Windows® Operating System\r\nCompany: Microsoft Corporation\r\nOriginalFileName: userenv.dll\r\nHashes: SHA1=8AC9A864DE60B752193495F9DFA684D40D5A5C6B,MD5=1996F05C22F775F207FFFFDC87040701,SHA256=DD74EFB99D66AD0FEA891583AF3128E4A9068EF8BC073409B5AB6FC61F940553,IMPHASH=B791B67E566C7D7E041EC14ADDBE35BD\r\nSigned: true\r\nSignature: Microsoft Windows\r\nSignatureStatus: Valid","Task":"7","RuleName":"-","UtcTime":"2021-04-27 08:08:28.860","ProcessGuid":"{1978b227-c67c-6087-7f7b-000000000500}","ProcessId":"8284","Image":"C:\\Program Files\\Windows Defender Advanced Threat Protection\\SenseCncProxy.exe","ImageLoaded":"C:\\Windows\\System32\\userenv.dll","FileVersion":"10.0.17763.1728 (WinBuild.160101.0800)","Description":"Userenv","Product":"Microsoft® Windows® Operating System","Company":"Microsoft Corporation","OriginalFileName":"userenv.dll","Hashes":"SHA1=8AC9A864DE60B752193495F9DFA684D40D5A5C6B,MD5=1996F05C22F775F207FFFFDC87040701,SHA256=DD74EFB99D66AD0FEA891583AF3128E4A9068EF8BC073409B5AB6FC61F940553,IMPHASH=B791B67E566C7D7E041EC14ADDBE35BD","Signed":"true","Signature":"Microsoft Windows","SignatureStatus":"Valid"}
{"SourceName":"Microsoft-Windows-Sysmon","ProviderGuid":"{5770385f-c22a-43e0-bf4c-06f5698ffbd9}","Level":"4","Keywords":"0x8000000000000000","Channel":"Microsoft-Windows-Sysmon/Operational","Hostname":"ADFS01.blacksmith.local","TimeCreated":"2021-04-27T04:08:28.868Z","@timestamp":"2021-04-27T04:08:28.868Z","EventID":7,"Message":"Image loaded:\r\nRuleName: -\r\nUtcTime: 2021-04-27 08:08:28.860\r\nProcessGuid: {1978b227-c67c-6087-7f7b-000000000500}\r\nProcessId: 8284\r\nImage: C:\\Program Files\\Windows Defender Advanced Threat Protection\\SenseCncProxy.exe\r\nImageLoaded: C:\\Windows\\System32\\dpapi.dll\r\nFileVersion: 10.0.17763.1 (WinBuild.160101.0800)\r\nDescription: Data Protection API\r\nProduct: Microsoft® Windows® Operating System\r\nCompany: Microsoft Corporation\r\nOriginalFileName: dpapi.dll\r\nHashes: SHA1=C50FDD4A17CA9451C66413BA04ED2CC79883AD16,MD5=CF864B08CEA15894A4E6E676A7FE89A3,SHA256=0D1488B2FF471C1EF2F8F2742D685A8778B2C1512A044BDF2606C3ED92E0B512,IMPHASH=C591E3A4DDFE145A26EEC16DB70623B7\r\nSigned: true\r\nSignature: Microsoft Windows\r\nSignatureStatus: Valid","Task":"7","RuleName":"-","UtcTime":"2021-04-27 08:08:28.860","ProcessGuid":"{1978b227-c67c-6087-7f7b-000000000500}","ProcessId":"8284","Image":"C:\\Program Files\\Windows Defender Advanced Threat Protection\\SenseCncProxy.exe","ImageLoaded":"C:\\Windows\\System32\\dpapi.dll","FileVersion":"10.0.17763.1 (WinBuild.160101.0800)","Description":"Data Protection API","Product":"Microsoft® Windows® Operating System","Company":"Microsoft Corporation","OriginalFileName":"dpapi.dll","Hashes":"SHA1=C50FDD4A17CA9451C66413BA04ED2CC79883AD16,MD5=CF864B08CEA15894A4E6E676A7FE89A3,SHA256=0D1488B2FF471C1EF2F8F2742D685A8778B2C1512A044BDF2606C3ED92E0B512,IMPHASH=C591E3A4DDFE145A26EEC16DB70623B7","Signed":"true","Signature":"Microsoft Windows","SignatureStatus":"Valid"}
{"SourceName":"Microsoft-Windows-Sysmon","ProviderGuid":"{5770385f-c22a-43e0-bf4c-06f5698ffbd9}","Level":"4","Keywords":"0x8000000000000000","Channel":"Microsoft-Windows-Sysmon/Operational","Hostname":"ADFS01.blacksmith.local","TimeCreated":"2021-04-27T04:08:28.872Z","@timestamp":"2021-04-27T04:08:28.872Z","EventID":7,"Message":"Image loaded:\r\nRuleName: -\r\nUtcTime: 2021-04-27 08:08:28.860\r\nProcessGuid: {1978b227-c67c-6087-7f7b-000000000500}\r\nProcessId: 8284\r\nImage: C:\\Program Files\\Windows Defender Advanced Threat Protection\\SenseCncProxy.exe\r\nImageLoaded: C:\\Windows\\System32\\clbcatq.dll\r\nFileVersion: 2001.12.10941.16384 (WinBuild.160101.0800)\r\nDescription: COM+ Configuration Catalog\r\nProduct: Microsoft® Windows® Operating System\r\nCompany: Microsoft Corporation\r\nOriginalFileName: CLBCATQ.DLL\r\nHashes: SHA1=55EF35D19CEEBB6D38BD788FF7D29438478E93C9,MD5=12112113BDFAF0CC03517604440217D5,SHA256=C5D4F3DFA14DEABD6A845E6F0B04C39A9A539C1A4D6C71B25943EB9BF9C9A3F5,IMPHASH=3773D947C51AA49608827241D89C54A6\r\nSigned: true\r\nSignature: Microsoft Windows\r\nSignatureStatus: Valid","Task":"7","RuleName":"-","UtcTime":"2021-04-27 08:08:28.860","ProcessGuid":"{1978b227-c67c-6087-7f7b-000000000500}","ProcessId":"8284","Image":"C:\\Program Files\\Windows Defender Advanced Threat Protection\\SenseCncProxy.exe","ImageLoaded":"C:\\Windows\\System32\\clbcatq.dll","FileVersion":"2001.12.10941.16384 (WinBuild.160101.0800)","Description":"COM+ Configuration Catalog","Product":"Microsoft® Windows® Operating System","Company":"Microsoft Corporation","OriginalFileName":"CLBCATQ.DLL","Hashes":"SHA1=55EF35D19CEEBB6D38BD788FF7D29438478E93C9,MD5=12112113BDFAF0CC03517604440217D5,SHA256=C5D4F3DFA14DEABD6A845E6F0B04C39A9A539C1A4D6C71B25943EB9BF9C9A3F5,IMPHASH=3773D947C51AA49608827241D89C54A6","Signed":"true","Signature":"Microsoft Windows","SignatureStatus":"Valid"}
{"SourceName":"Microsoft-Windows-Sysmon","ProviderGuid":"{5770385f-c22a-43e0-bf4c-06f5698ffbd9}","Level":"4","Keywords":"0x8000000000000000","Channel":"Microsoft-Windows-Sysmon/Operational","Hostname":"ADFS01.blacksmith.local","TimeCreated":"2021-04-27T04:08:28.877Z","@timestamp":"2021-04-27T04:08:28.877Z","EventID":7,"Message":"Image loaded:\r\nRuleName: -\r\nUtcTime: 2021-04-27 08:08:28.875\r\nProcessGuid: {1978b227-c67c-6087-7f7b-000000000500}\r\nProcessId: 8284\r\nImage: C:\\Program Files\\Windows Defender Advanced Threat Protection\\SenseCncProxy.exe\r\nImageLoaded: C:\\Program Files\\Windows Defender Advanced Threat Protection\\SenseCncPS.dll\r\nFileVersion: 10.7740.17763.1852 (WinBuild.160101.0800)\r\nDescription: Windows Defender Advanced Threat Protection Communications module\r\nProduct: Microsoft® Windows® Operating System\r\nCompany: Microsoft Corporation\r\nOriginalFileName: SenseCncPS.Dll\r\nHashes: SHA1=07A024CA795ED8890065588B64A4936B589550B6,MD5=05707B8549B0E70195E0ED825DB60E0B,SHA256=44ED43ECB42A0F908E837C1409CE6589EB51C839541FAFF6A4C6C8EB433D8AE3,IMPHASH=24C1684AB946F386B8149F376997CCD6\r\nSigned: true\r\nSignature: Microsoft Windows\r\nSignatureStatus: Valid","Task":"7","RuleName":"-","UtcTime":"2021-04-27 08:08:28.875","ProcessGuid":"{1978b227-c67c-6087-7f7b-000000000500}","ProcessId":"8284","Image":"C:\\Program Files\\Windows Defender Advanced Threat Protection\\SenseCncProxy.exe","ImageLoaded":"C:\\Program Files\\Windows Defender Advanced Threat Protection\\SenseCncPS.dll","FileVersion":"10.7740.17763.1852 (WinBuild.160101.0800)","Description":"Windows Defender Advanced Threat Protection Communications module","Product":"Microsoft® Windows® Operating System","Company":"Microsoft Corporation","OriginalFileName":"SenseCncPS.Dll","Hashes":"SHA1=07A024CA795ED8890065588B64A4936B589550B6,MD5=05707B8549B0E70195E0ED825DB60E0B,SHA256=44ED43ECB42A0F908E837C1409CE6589EB51C839541FAFF6A4C6C8EB433D8AE3,IMPHASH=24C1684AB946F386B8149F376997CCD6","Signed":"true","Signature":"Microsoft Windows","SignatureStatus":"Valid"}
{"SourceName":"Microsoft-Windows-Sysmon","ProviderGuid":"{5770385f-c22a-43e0-bf4c-06f5698ffbd9}","Level":"4","Keywords":"0x8000000000000000","Channel":"Microsoft-Windows-Sysmon/Operational","Hostname":"ADFS01.blacksmith.local","TimeCreated":"2021-04-27T04:08:28.880Z","@timestamp":"2021-04-27T04:08:28.880Z","EventID":7,"Message":"Image loaded:\r\nRuleName: -\r\nUtcTime: 2021-04-27 08:08:28.875\r\nProcessGuid: {1978b227-c67c-6087-7f7b-000000000500}\r\nProcessId: 8284\r\nImage: C:\\Program Files\\Windows Defender Advanced Threat Protection\\SenseCncProxy.exe\r\nImageLoaded: C:\\Windows\\System32\\ws2_32.dll\r\nFileVersion: 10.0.17763.771 (WinBuild.160101.0800)\r\nDescription: Windows Socket 2.0 32-Bit DLL\r\nProduct: Microsoft® Windows® Operating System\r\nCompany: Microsoft Corporation\r\nOriginalFileName: ws2_32.dll\r\nHashes: SHA1=C96F3591D374004726E5F1B5F689849247393AAD,MD5=863224E798A6740C78D6C5D070FDA422,SHA256=A098C31AD6D4FBBBC9E5447B143CBFBFF0FA0AF396B4D508D4A248E9EBD6D59C,IMPHASH=58B0AF34B71F60EB8949033F1340A5FF\r\nSigned: true\r\nSignature: Microsoft Windows\r\nSignatureStatus: Valid","Task":"7","RuleName":"-","UtcTime":"2021-04-27 08:08:28.875","ProcessGuid":"{1978b227-c67c-6087-7f7b-000000000500}","ProcessId":"8284","Image":"C:\\Program Files\\Windows Defender Advanced Threat Protection\\SenseCncProxy.exe","ImageLoaded":"C:\\Windows\\System32\\ws2_32.dll","FileVersion":"10.0.17763.771 (WinBuild.160101.0800)","Description":"Windows Socket 2.0 32-Bit DLL","Product":"Microsoft® Windows® Operating System","Company":"Microsoft Corporation","OriginalFileName":"ws2_32.dll","Hashes":"SHA1=C96F3591D374004726E5F1B5F689849247393AAD,MD5=863224E798A6740C78D6C5D070FDA422,SHA256=A098C31AD6D4FBBBC9E5447B143CBFBFF0FA0AF396B4D508D4A248E9EBD6D59C,IMPHASH=58B0AF34B71F60EB8949033F1340A5FF","Signed":"true","Signature":"Microsoft Windows","SignatureStatus":"Valid"}
{"SourceName":"Microsoft-Windows-Sysmon","ProviderGuid":"{5770385f-c22a-43e0-bf4c-06f5698ffbd9}","Level":"4","Keywords":"0x8000000000000000","Channel":"Microsoft-Windows-Sysmon/Operational","Hostname":"ADFS01.blacksmith.local","TimeCreated":"2021-04-27T04:08:28.883Z","@timestamp":"2021-04-27T04:08:28.883Z","EventID":7,"Message":"Image loaded:\r\nRuleName: -\r\nUtcTime: 2021-04-27 08:08:28.875\r\nProcessGuid: {1978b227-c67c-6087-7f7b-000000000500}\r\nProcessId: 8284\r\nImage: C:\\Program Files\\Windows Defender Advanced Threat Protection\\SenseCncProxy.exe\r\nImageLoaded: C:\\Windows\\System32\\OnDemandConnRouteHelper.dll\r\nFileVersion: 10.0.17763.1 (WinBuild.160101.0800)\r\nDescription: On Demand Connctiond Route Helper\r\nProduct: Microsoft® Windows® Operating System\r\nCompany: Microsoft Corporation\r\nOriginalFileName: OnDemandConnRouteHelper.dll\r\nHashes: SHA1=5E4F2280E97CC2D6B20DC8621E5F6C7601EB701E,MD5=E95FD05979C7A6E62273C7F0ED473F3E,SHA256=7D62F9B2E4857803079A5A1156F64194596CC501CCA0A958988E93CD35F89FE3,IMPHASH=76A0DCB18AA3FD7B234C5FF7F107D9DE\r\nSigned: true\r\nSignature: Microsoft Windows\r\nSignatureStatus: Valid","Task":"7","RuleName":"-","UtcTime":"2021-04-27 08:08:28.875","ProcessGuid":"{1978b227-c67c-6087-7f7b-000000000500}","ProcessId":"8284","Image":"C:\\Program Files\\Windows Defender Advanced Threat Protection\\SenseCncProxy.exe","ImageLoaded":"C:\\Windows\\System32\\OnDemandConnRouteHelper.dll","FileVersion":"10.0.17763.1 (WinBuild.160101.0800)","Description":"On Demand Connctiond Route Helper","Product":"Microsoft® Windows® Operating System","Company":"Microsoft Corporation","OriginalFileName":"OnDemandConnRouteHelper.dll","Hashes":"SHA1=5E4F2280E97CC2D6B20DC8621E5F6C7601EB701E,MD5=E95FD05979C7A6E62273C7F0ED473F3E,SHA256=7D62F9B2E4857803079A5A1156F64194596CC501CCA0A958988E93CD35F89FE3,IMPHASH=76A0DCB18AA3FD7B234C5FF7F107D9DE","Signed":"true","Signature":"Microsoft Windows","SignatureStatus":"Valid"}
{"SourceName":"Microsoft-Windows-Sysmon","ProviderGuid":"{5770385f-c22a-43e0-bf4c-06f5698ffbd9}","Level":"4","Keywords":"0x8000000000000000","Channel":"Microsoft-Windows-Sysmon/Operational","Hostname":"ADFS01.blacksmith.local","TimeCreated":"2021-04-27T04:08:28.884Z","@timestamp":"2021-04-27T04:08:28.884Z","EventID":7,"Message":"Image loaded:\r\nRuleName: -\r\nUtcTime: 2021-04-27 08:08:28.875\r\nProcessGuid: {1978b227-c67c-6087-7f7b-000000000500}\r\nProcessId: 8284\r\nImage: C:\\Program Files\\Windows Defender Advanced Threat Protection\\SenseCncProxy.exe\r\nImageLoaded: C:\\Windows\\System32\\mswsock.dll\r\nFileVersion: 10.0.17763.1192 (WinBuild.160101.0800)\r\nDescription: Microsoft Windows Sockets 2.0 Service Provider\r\nProduct: Microsoft® Windows® Operating System\r\nCompany: Microsoft Corporation\r\nOriginalFileName: mswsock.dll\r\nHashes: SHA1=BFCE4CB67DFBCB53E2319E3E2963553DE816C8DF,MD5=42AC6DA58141459C2DCE0B06F87BD77D,SHA256=54CEF0798E0F77574EBFA0C0ACDFB429FA6BFC85D6304657C2F3B3D547A60DD0,IMPHASH=E5E26C86BC73F56D7EDD17D98802AA21\r\nSigned: true\r\nSignature: Microsoft Windows\r\nSignatureStatus: Valid","Task":"7","RuleName":"-","UtcTime":"2021-04-27 08:08:28.875","ProcessGuid":"{1978b227-c67c-6087-7f7b-000000000500}","ProcessId":"8284","Image":"C:\\Program Files\\Windows Defender Advanced Threat Protection\\SenseCncProxy.exe","ImageLoaded":"C:\\Windows\\System32\\mswsock.dll","FileVersion":"10.0.17763.1192 (WinBuild.160101.0800)","Description":"Microsoft Windows Sockets 2.0 Service Provider","Product":"Microsoft® Windows® Operating System","Company":"Microsoft Corporation","OriginalFileName":"mswsock.dll","Hashes":"SHA1=BFCE4CB67DFBCB53E2319E3E2963553DE816C8DF,MD5=42AC6DA58141459C2DCE0B06F87BD77D,SHA256=54CEF0798E0F77574EBFA0C0ACDFB429FA6BFC85D6304657C2F3B3D547A60DD0,IMPHASH=E5E26C86BC73F56D7EDD17D98802AA21","Signed":"true","Signature":"Microsoft Windows","SignatureStatus":"Valid"}
{"SourceName":"Microsoft-Windows-Sysmon","ProviderGuid":"{5770385f-c22a-43e0-bf4c-06f5698ffbd9}","Level":"4","Keywords":"0x8000000000000000","Channel":"Microsoft-Windows-Sysmon/Operational","Hostname":"ADFS01.blacksmith.local","TimeCreated":"2021-04-27T04:08:28.885Z","@timestamp":"2021-04-27T04:08:28.885Z","EventID":7,"Message":"Image loaded:\r\nRuleName: -\r\nUtcTime: 2021-04-27 08:08:28.875\r\nProcessGuid: {1978b227-c67c-6087-7f7b-000000000500}\r\nProcessId: 8284\r\nImage: C:\\Program Files\\Windows Defender Advanced Threat Protection\\SenseCncProxy.exe\r\nImageLoaded: C:\\Windows\\System32\\IPHLPAPI.DLL\r\nFileVersion: 10.0.17763.615 (WinBuild.160101.0800)\r\nDescription: IP Helper API\r\nProduct: Microsoft® Windows® Operating System\r\nCompany: Microsoft Corporation\r\nOriginalFileName: iphlpapi.dll\r\nHashes: SHA1=AC1C142111DCA0D6B1C2926F5BA0502E01C81967,MD5=2EB9806070604605AD4C620575C65CD1,SHA256=E72AA43C5B36E9EF69E60E7C1E7E329D754378D136DBFA1BB88089A1C052B663,IMPHASH=A7576BD1E46CF30DB3B483BF163920EF\r\nSigned: true\r\nSignature: Microsoft Windows\r\nSignatureStatus: Valid","Task":"7","RuleName":"-","UtcTime":"2021-04-27 08:08:28.875","ProcessGuid":"{1978b227-c67c-6087-7f7b-000000000500}","ProcessId":"8284","Image":"C:\\Program Files\\Windows Defender Advanced Threat Protection\\SenseCncProxy.exe","ImageLoaded":"C:\\Windows\\System32\\IPHLPAPI.DLL","FileVersion":"10.0.17763.615 (WinBuild.160101.0800)","Description":"IP Helper API","Product":"Microsoft® Windows® Operating System","Company":"Microsoft Corporation","OriginalFileName":"iphlpapi.dll","Hashes":"SHA1=AC1C142111DCA0D6B1C2926F5BA0502E01C81967,MD5=2EB9806070604605AD4C620575C65CD1,SHA256=E72AA43C5B36E9EF69E60E7C1E7E329D754378D136DBFA1BB88089A1C052B663,IMPHASH=A7576BD1E46CF30DB3B483BF163920EF","Signed":"true","Signature":"Microsoft Windows","SignatureStatus":"Valid"}
{"SourceName":"Microsoft-Windows-Sysmon","ProviderGuid":"{5770385f-c22a-43e0-bf4c-06f5698ffbd9}","Level":"4","Keywords":"0x8000000000000000","Channel":"Microsoft-Windows-Sysmon/Operational","Hostname":"ADFS01.blacksmith.local","TimeCreated":"2021-04-27T04:08:28.886Z","@timestamp":"2021-04-27T04:08:28.886Z","EventID":7,"Message":"Image loaded:\r\nRuleName: -\r\nUtcTime: 2021-04-27 08:08:28.875\r\nProcessGuid: {1978b227-c67c-6087-7f7b-000000000500}\r\nProcessId: 8284\r\nImage: C:\\Program Files\\Windows Defender Advanced Threat Protection\\SenseCncProxy.exe\r\nImageLoaded: C:\\Windows\\System32\\winnsi.dll\r\nFileVersion: 10.0.17763.1 (WinBuild.160101.0800)\r\nDescription: Network Store Information RPC interface\r\nProduct: Microsoft® Windows® Operating System\r\nCompany: Microsoft Corporation\r\nOriginalFileName: winnsi.dll\r\nHashes: SHA1=7B7EF4E41C2DB1B15C995B83B645D28F7F00A4C7,MD5=9061E02072E5AA9862BAAB295227470E,SHA256=2624FEA2040AB5D42EF2FC6CD0085B415282434148F9AAC5B96D1583DC56017B,IMPHASH=AD7C692FA9FCC8C643FD494188DECA65\r\nSigned: true\r\nSignature: Microsoft Windows\r\nSignatureStatus: Valid","Task":"7","RuleName":"-","UtcTime":"2021-04-27 08:08:28.875","ProcessGuid":"{1978b227-c67c-6087-7f7b-000000000500}","ProcessId":"8284","Image":"C:\\Program Files\\Windows Defender Advanced Threat Protection\\SenseCncProxy.exe","ImageLoaded":"C:\\Windows\\System32\\winnsi.dll","FileVersion":"10.0.17763.1 (WinBuild.160101.0800)","Description":"Network Store Information RPC interface","Product":"Microsoft® Windows® Operating System","Company":"Microsoft Corporation","OriginalFileName":"winnsi.dll","Hashes":"SHA1=7B7EF4E41C2DB1B15C995B83B645D28F7F00A4C7,MD5=9061E02072E5AA9862BAAB295227470E,SHA256=2624FEA2040AB5D42EF2FC6CD0085B415282434148F9AAC5B96D1583DC56017B,IMPHASH=AD7C692FA9FCC8C643FD494188DECA65","Signed":"true","Signature":"Microsoft Windows","SignatureStatus":"Valid"}
{"SourceName":"Microsoft-Windows-Sysmon","ProviderGuid":"{5770385f-c22a-43e0-bf4c-06f5698ffbd9}","Level":"4","Keywords":"0x8000000000000000","Channel":"Microsoft-Windows-Sysmon/Operational","Hostname":"ADFS01.blacksmith.local","TimeCreated":"2021-04-27T04:08:28.887Z","@timestamp":"2021-04-27T04:08:28.887Z","EventID":7,"Message":"Image loaded:\r\nRuleName: -\r\nUtcTime: 2021-04-27 08:08:28.875\r\nProcessGuid: {1978b227-c67c-6087-7f7b-000000000500}\r\nProcessId: 8284\r\nImage: C:\\Program Files\\Windows Defender Advanced Threat Protection\\SenseCncProxy.exe\r\nImageLoaded: C:\\Windows\\System32\\nsi.dll\r\nFileVersion: 10.0.17763.1554 (WinBuild.160101.0800)\r\nDescription: NSI User-mode interface DLL\r\nProduct: Microsoft® Windows® Operating System\r\nCompany: Microsoft Corporation\r\nOriginalFileName: nsi.dll\r\nHashes: SHA1=0DA2B0816C3234A9FC77DA1C7698869D88D8FAA0,MD5=B483730F4A3ADA6DF69673F01583B920,SHA256=7CABF50FB9087392CEFB219BA17C6E10626663AF6753C203CCF28B5CF09358E3,IMPHASH=DEFB8C5BB37FCD63DC790B55724FDE42\r\nSigned: true\r\nSignature: Microsoft Windows\r\nSignatureStatus: Valid","Task":"7","RuleName":"-","UtcTime":"2021-04-27 08:08:28.875","ProcessGuid":"{1978b227-c67c-6087-7f7b-000000000500}","ProcessId":"8284","Image":"C:\\Program Files\\Windows Defender Advanced Threat Protection\\SenseCncProxy.exe","ImageLoaded":"C:\\Windows\\System32\\nsi.dll","FileVersion":"10.0.17763.1554 (WinBuild.160101.0800)","Description":"NSI User-mode interface DLL","Product":"Microsoft® Windows® Operating System","Company":"Microsoft Corporation","OriginalFileName":"nsi.dll","Hashes":"SHA1=0DA2B0816C3234A9FC77DA1C7698869D88D8FAA0,MD5=B483730F4A3ADA6DF69673F01583B920,SHA256=7CABF50FB9087392CEFB219BA17C6E10626663AF6753C203CCF28B5CF09358E3,IMPHASH=DEFB8C5BB37FCD63DC790B55724FDE42","Signed":"true","Signature":"Microsoft Windows","SignatureStatus":"Valid"}
{"SourceName":"Microsoft-Windows-Sysmon","ProviderGuid":"{5770385f-c22a-43e0-bf4c-06f5698ffbd9}","Level":"4","Keywords":"0x8000000000000000","Channel":"Microsoft-Windows-Sysmon/Operational","Hostname":"ADFS01.blacksmith.local","TimeCreated":"2021-04-27T04:08:28.889Z","@timestamp":"2021-04-27T04:08:28.889Z","EventID":7,"Message":"Image loaded:\r\nRuleName: -\r\nUtcTime: 2021-04-27 08:08:28.875\r\nProcessGuid: {1978b227-c67c-6087-7f7b-000000000500}\r\nProcessId: 8284\r\nImage: C:\\Program Files\\Windows Defender Advanced Threat Protection\\SenseCncProxy.exe\r\nImageLoaded: C:\\Windows\\System32\\dhcpcsvc6.dll\r\nFileVersion: 10.0.17763.1457 (WinBuild.160101.0800)\r\nDescription: DHCPv6 Client\r\nProduct: Microsoft® Windows® Operating System\r\nCompany: Microsoft Corporation\r\nOriginalFileName: dhcpcsvc6.dll\r\nHashes: SHA1=26B167B219EFAF96629A2FAD86C72D054CC6ADBD,MD5=8E1E5B79D54EAEF3907CE4A3DF69A05A,SHA256=B63DE85D94C6260ABB41E535A8CDBB5A224C9942F2A58F475D4859C8A381A323,IMPHASH=A08BF41263E3776AD11E1600C12BCA60\r\nSigned: true\r\nSignature: Microsoft Windows\r\nSignatureStatus: Valid","Task":"7","RuleName":"-","UtcTime":"2021-04-27 08:08:28.875","ProcessGuid":"{1978b227-c67c-6087-7f7b-000000000500}","ProcessId":"8284","Image":"C:\\Program Files\\Windows Defender Advanced Threat Protection\\SenseCncProxy.exe","ImageLoaded":"C:\\Windows\\System32\\dhcpcsvc6.dll","FileVersion":"10.0.17763.1457 (WinBuild.160101.0800)","Description":"DHCPv6 Client","Product":"Microsoft® Windows® Operating System","Company":"Microsoft Corporation","OriginalFileName":"dhcpcsvc6.dll","Hashes":"SHA1=26B167B219EFAF96629A2FAD86C72D054CC6ADBD,MD5=8E1E5B79D54EAEF3907CE4A3DF69A05A,SHA256=B63DE85D94C6260ABB41E535A8CDBB5A224C9942F2A58F475D4859C8A381A323,IMPHASH=A08BF41263E3776AD11E1600C12BCA60","Signed":"true","Signature":"Microsoft Windows","SignatureStatus":"Valid"}
{"SourceName":"Microsoft-Windows-Sysmon","ProviderGuid":"{5770385f-c22a-43e0-bf4c-06f5698ffbd9}","Level":"4","Keywords":"0x8000000000000000","Channel":"Microsoft-Windows-Sysmon/Operational","Hostname":"ADFS01.blacksmith.local","TimeCreated":"2021-04-27T04:08:28.890Z","@timestamp":"2021-04-27T04:08:28.890Z","EventID":7,"Message":"Image loaded:\r\nRuleName: -\r\nUtcTime: 2021-04-27 08:08:28.875\r\nProcessGuid: {1978b227-c67c-6087-7f7b-000000000500}\r\nProcessId: 8284\r\nImage: C:\\Program Files\\Windows Defender Advanced Threat Protection\\SenseCncProxy.exe\r\nImageLoaded: C:\\Windows\\System32\\dhcpcsvc.dll\r\nFileVersion: 10.0.17763.1457 (WinBuild.160101.0800)\r\nDescription: DHCP Client Service\r\nProduct: Microsoft® Windows® Operating System\r\nCompany: Microsoft Corporation\r\nOriginalFileName: dhcpcsvc.dll\r\nHashes: SHA1=F476391C036498AD094CA4423D712170FE3585EE,MD5=0357FDE93724C940A890174E1941A869,SHA256=67DA01254DD483F2ABC5AA57245AAE9FF0E0E5A29D98DC293621EB9D8009D591,IMPHASH=3423D82A6863CA0BFDED5ED05704005A\r\nSigned: true\r\nSignature: Microsoft Windows\r\nSignatureStatus: Valid","Task":"7","RuleName":"-","UtcTime":"2021-04-27 08:08:28.875","ProcessGuid":"{1978b227-c67c-6087-7f7b-000000000500}","ProcessId":"8284","Image":"C:\\Program Files\\Windows Defender Advanced Threat Protection\\SenseCncProxy.exe","ImageLoaded":"C:\\Windows\\System32\\dhcpcsvc.dll","FileVersion":"10.0.17763.1457 (WinBuild.160101.0800)","Description":"DHCP Client Service","Product":"Microsoft® Windows® Operating System","Company":"Microsoft Corporation","OriginalFileName":"dhcpcsvc.dll","Hashes":"SHA1=F476391C036498AD094CA4423D712170FE3585EE,MD5=0357FDE93724C940A890174E1941A869,SHA256=67DA01254DD483F2ABC5AA57245AAE9FF0E0E5A29D98DC293621EB9D8009D591,IMPHASH=3423D82A6863CA0BFDED5ED05704005A","Signed":"true","Signature":"Microsoft Windows","SignatureStatus":"Valid"}
{"SourceName":"Microsoft-Windows-Sysmon","ProviderGuid":"{5770385f-c22a-43e0-bf4c-06f5698ffbd9}","Level":"4","Keywords":"0x8000000000000000","Channel":"Microsoft-Windows-Sysmon/Operational","Hostname":"ADFS01.blacksmith.local","TimeCreated":"2021-04-27T04:08:28.892Z","@timestamp":"2021-04-27T04:08:28.892Z","EventID":7,"Message":"Image loaded:\r\nRuleName: -\r\nUtcTime: 2021-04-27 08:08:28.891\r\nProcessGuid: {1978b227-c67c-6087-7f7b-000000000500}\r\nProcessId: 8284\r\nImage: C:\\Program Files\\Windows Defender Advanced Threat Protection\\SenseCncProxy.exe\r\nImageLoaded: C:\\Windows\\System32\\webio.dll\r\nFileVersion: 10.0.17763.1554 (WinBuild.160101.0800)\r\nDescription: Web Transfer Protocols API\r\nProduct: Microsoft® Windows® Operating System\r\nCompany: Microsoft Corporation\r\nOriginalFileName: webio.dll\r\nHashes: SHA1=82903152FF36E56A1D9289B73535370D17986EC4,MD5=7A3439E75E21A98F58997F00F293D0BC,SHA256=82E0717E926B511A590E696CD7A4760DD622C62781056C0E8BE5A68CF97BFF67,IMPHASH=CE1AFEBC544758A4CB082BF35DDD4008\r\nSigned: true\r\nSignature: Microsoft Windows\r\nSignatureStatus: Valid","Task":"7","RuleName":"-","UtcTime":"2021-04-27 08:08:28.891","ProcessGuid":"{1978b227-c67c-6087-7f7b-000000000500}","ProcessId":"8284","Image":"C:\\Program Files\\Windows Defender Advanced Threat Protection\\SenseCncProxy.exe","ImageLoaded":"C:\\Windows\\System32\\webio.dll","FileVersion":"10.0.17763.1554 (WinBuild.160101.0800)","Description":"Web Transfer Protocols API","Product":"Microsoft® Windows® Operating System","Company":"Microsoft Corporation","OriginalFileName":"webio.dll","Hashes":"SHA1=82903152FF36E56A1D9289B73535370D17986EC4,MD5=7A3439E75E21A98F58997F00F293D0BC,SHA256=82E0717E926B511A590E696CD7A4760DD622C62781056C0E8BE5A68CF97BFF67,IMPHASH=CE1AFEBC544758A4CB082BF35DDD4008","Signed":"true","Signature":"Microsoft Windows","SignatureStatus":"Valid"}
