{"SourceName":"Microsoft-Windows-Sysmon","ProviderGuid":"{5770385f-c22a-43e0-bf4c-06f5698ffbd9}","Level":"4","Keywords":"0x8000000000000000","Channel":"Microsoft-Windows-Sysmon/Operational","Hostname":"ADFS01.blacksmith.local","TimeCreated":"2021-04-27T04:08:12.533Z","@timestamp":"2021-04-27T04:08:12.533Z","EventID":7,"Message":"Image loaded:\r\nRuleName: -\r\nUtcTime: 2021-04-27 08:08:12.522\r\nProcessGuid: {1978b227-524f-6077-9200-000000000500}\r\nProcessId: 5628\r\nImage: C:\\Windows\\System32\\svchost.exe\r\nImageLoaded: C:\\Windows\\System32\\perfctrs.dll\r\nFileVersion: 10.0.17763.1 (WinBuild.160101.0800)\r\nDescription: Performance Counters\r\nProduct: Microsoft® Windows® Operating System\r\nCompany: Microsoft Corporation\r\nOriginalFileName: PERFCTRS.DLL\r\nHashes: SHA1=F81D76B9C3499F8712FA6398554C10D389103930,MD5=27EAC9BA127C20BEEBF0BE4179ECC380,SHA256=28A8E73239C7556FD420A5A09A05CBD04C38230E0CBEAEF7D6874135261221EE,IMPHASH=E8B7A8ECDACB5ADA645B4DF7BF877CFE\r\nSigned: true\r\nSignature: Microsoft Windows\r\nSignatureStatus: Valid","Task":"7","RuleName":"-","UtcTime":"2021-04-27 08:08:12.522","ProcessGuid":"{1978b227-524f-6077-9200-000000000500}","ProcessId":"5628","Image":"C:\\Windows\\System32\\svchost.exe","ImageLoaded":"C:\\Windows\\System32\\perfctrs.dll","FileVersion":"10.0.17763.1 (WinBuild.160101.0800)","Description":"Performance Counters","Product":"Microsoft® Windows® Operating System","Company":"Microsoft Corporation","OriginalFileName":"PERFCTRS.DLL","Hashes":"SHA1=F81D76B9C3499F8712FA6398554C10D389103930,MD5=27EAC9BA127C20BEEBF0BE4179ECC380,SHA256=28A8E73239C7556FD420A5A09A05CBD04C38230E0CBEAEF7D6874135261221EE,IMPHASH=E8B7A8ECDACB5ADA645B4DF7BF877CFE","Signed":"true","Signature":"Microsoft Windows","SignatureStatus":"Valid"}
{"SourceName":"Microsoft-Windows-Sysmon","ProviderGuid":"{5770385f-c22a-43e0-bf4c-06f5698ffbd9}","Level":"4","Keywords":"0x8000000000000000","Channel":"Microsoft-Windows-Sysmon/Operational","Hostname":"ADFS01.blacksmith.local","TimeCreated":"2021-04-27T04:08:12.729Z","@timestamp":"2021-04-27T04:08:12.729Z","EventID":3,"Message":"Network connection detected:\r\nRuleName: -\r\nUtcTime: 2021-04-27 08:08:03.039\r\nProcessGuid: {1978b227-51c3-6077-0100-000000000500}\r\nProcessId: 4\r\nImage: System\r\nUser: NT AUTHORITY\\SYSTEM\r\nProtocol: tcp\r\nInitiated: false\r\nSourceIsIpv6: false\r\nSourceIp: 192.168.2.6\r\nSourceHostname: -\r\nSourcePort: 51176\r\nSourcePortName: -\r\nDestinationIsIpv6: false\r\nDestinationIp: 192.168.2.5\r\nDestinationHostname: -\r\nDestinationPort: 80\r\nDestinationPortName: -","Task":"3","RuleName":"-","UtcTime":"2021-04-27 08:08:03.039","ProcessGuid":"{1978b227-51c3-6077-0100-000000000500}","ProcessId":"4","Image":"System","User":"NT AUTHORITY\\SYSTEM","Protocol":"tcp","Initiated":"false","SourceIsIpv6":"false","SourceIp":"192.168.2.6","SourceHostname":"-","SourcePort":"51176","SourcePortName":"-","DestinationIsIpv6":"false","DestinationIp":"192.168.2.5","DestinationHostname":"-","DestinationPort":"80","DestinationPortName":"-"}
{"SourceName":"Microsoft-Windows-Sysmon","ProviderGuid":"{5770385f-c22a-43e0-bf4c-06f5698ffbd9}","Level":"4","Keywords":"0x8000000000000000","Channel":"Microsoft-Windows-Sysmon/Operational","Hostname":"ADFS01.blacksmith.local","TimeCreated":"2021-04-27T04:08:14.404Z","@timestamp":"2021-04-27T04:08:14.404Z","EventID":26,"Message":"File Delete logged:\r\nRuleName: -\r\nUtcTime: 2021-04-27 08:08:14.401\r\nProcessGuid: {1978b227-6027-6080-c01e-000000000500}\r\nProcessId: 4964\r\nUser: NT AUTHORITY\\LOCAL SERVICE\r\nImage: C:\\Windows\\System32\\svchost.exe\r\nTargetFilename: C:\\Windows\\ServiceState\\EventLog\\Data\\lastalive1.dat\r\nHashes: SHA1=E51292BF2249E4F812CE946398ACCA8E93680E55,MD5=208CC7B4551656308AC9B5A7986C06BC,SHA256=9962B0F7F7DF6BB2958F8BE2EA28AE07F109A5560A180692EA0FBA33383AD2B7,IMPHASH=00000000000000000000000000000000\r\nIsExecutable: false","Task":"26","RuleName":"-","UtcTime":"2021-04-27 08:08:14.401","ProcessGuid":"{1978b227-6027-6080-c01e-000000000500}","ProcessId":"4964","User":"NT AUTHORITY\\LOCAL SERVICE","Image":"C:\\Windows\\System32\\svchost.exe","TargetFilename":"C:\\Windows\\ServiceState\\EventLog\\Data\\lastalive1.dat","Hashes":"SHA1=E51292BF2249E4F812CE946398ACCA8E93680E55,MD5=208CC7B4551656308AC9B5A7986C06BC,SHA256=9962B0F7F7DF6BB2958F8BE2EA28AE07F109A5560A180692EA0FBA33383AD2B7,IMPHASH=00000000000000000000000000000000","IsExecutable":"false"}
{"SourceName":"Microsoft-Windows-Sysmon","ProviderGuid":"{5770385f-c22a-43e0-bf4c-06f5698ffbd9}","Level":"4","Keywords":"0x8000000000000000","Channel":"Microsoft-Windows-Sysmon/Operational","Hostname":"ADFS01.blacksmith.local","TimeCreated":"2021-04-27T04:08:14.404Z","@timestamp":"2021-04-27T04:08:14.404Z","EventID":11,"Message":"File created:\r\nRuleName: -\r\nUtcTime: 2021-04-27 08:08:14.401\r\nProcessGuid: {1978b227-6027-6080-c01e-000000000500}\r\nProcessId: 4964\r\nImage: C:\\Windows\\System32\\svchost.exe\r\nTargetFilename: C:\\Windows\\ServiceState\\EventLog\\Data\\lastalive1.dat\r\nCreationUtcTime: 2021-04-21 17:26:59.832","Task":"11","RuleName":"-","UtcTime":"2021-04-27 08:08:14.401","ProcessGuid":"{1978b227-6027-6080-c01e-000000000500}","ProcessId":"4964","Image":"C:\\Windows\\System32\\svchost.exe","TargetFilename":"C:\\Windows\\ServiceState\\EventLog\\Data\\lastalive1.dat","CreationUtcTime":"2021-04-21 17:26:59.832"}
{"SourceName":"Microsoft-Windows-Sysmon","ProviderGuid":"{5770385f-c22a-43e0-bf4c-06f5698ffbd9}","Level":"4","Keywords":"0x8000000000000000","Channel":"Microsoft-Windows-Sysmon/Operational","Hostname":"ADFS01.blacksmith.local","TimeCreated":"2021-04-27T04:08:14.793Z","@timestamp":"2021-04-27T04:08:14.793Z","EventID":7,"Message":"Image loaded:\r\nRuleName: -\r\nUtcTime: 2021-04-27 08:08:14.791\r\nProcessGuid: {1978b227-51d2-6077-4100-000000000500}\r\nProcessId: 2928\r\nImage: C:\\Windows\\System32\\svchost.exe\r\nImageLoaded: C:\\Windows\\System32\\wmidcom.dll\r\nFileVersion: 10.0.17763.1 (WinBuild.160101.0800)\r\nDescription: WMI\r\nProduct: Microsoft® Windows® Operating System\r\nCompany: Microsoft Corporation\r\nOriginalFileName: wmidcom.dll\r\nHashes: SHA1=4C7308C2A323D850C3E5DCB88A32A1C7DF9CBE4F,MD5=A9BC5F3E3C6406C3C5ABE804FBF7BC76,SHA256=A0177FD4B7690A680E5EAC9BDC78E21117B523622607BCA47305EB74984CF901,IMPHASH=8461651332BA942E21A64DBF3E9E80F8\r\nSigned: true\r\nSignature: Microsoft Windows\r\nSignatureStatus: Valid","Task":"7","RuleName":"-","UtcTime":"2021-04-27 08:08:14.791","ProcessGuid":"{1978b227-51d2-6077-4100-000000000500}","ProcessId":"2928","Image":"C:\\Windows\\System32\\svchost.exe","ImageLoaded":"C:\\Windows\\System32\\wmidcom.dll","FileVersion":"10.0.17763.1 (WinBuild.160101.0800)","Description":"WMI","Product":"Microsoft® Windows® Operating System","Company":"Microsoft Corporation","OriginalFileName":"wmidcom.dll","Hashes":"SHA1=4C7308C2A323D850C3E5DCB88A32A1C7DF9CBE4F,MD5=A9BC5F3E3C6406C3C5ABE804FBF7BC76,SHA256=A0177FD4B7690A680E5EAC9BDC78E21117B523622607BCA47305EB74984CF901,IMPHASH=8461651332BA942E21A64DBF3E9E80F8","Signed":"true","Signature":"Microsoft Windows","SignatureStatus":"Valid"}
{"SourceName":"Microsoft-Windows-Sysmon","ProviderGuid":"{5770385f-c22a-43e0-bf4c-06f5698ffbd9}","Level":"4","Keywords":"0x8000000000000000","Channel":"Microsoft-Windows-Sysmon/Operational","Hostname":"ADFS01.blacksmith.local","TimeCreated":"2021-04-27T04:08:14.794Z","@timestamp":"2021-04-27T04:08:14.794Z","EventID":7,"Message":"Image loaded:\r\nRuleName: -\r\nUtcTime: 2021-04-27 08:08:14.791\r\nProcessGuid: {1978b227-51d2-6077-4100-000000000500}\r\nProcessId: 2928\r\nImage: C:\\Windows\\System32\\svchost.exe\r\nImageLoaded: C:\\Windows\\System32\\dpapi.dll\r\nFileVersion: 10.0.17763.1 (WinBuild.160101.0800)\r\nDescription: Data Protection API\r\nProduct: Microsoft® Windows® Operating System\r\nCompany: Microsoft Corporation\r\nOriginalFileName: dpapi.dll\r\nHashes: SHA1=C50FDD4A17CA9451C66413BA04ED2CC79883AD16,MD5=CF864B08CEA15894A4E6E676A7FE89A3,SHA256=0D1488B2FF471C1EF2F8F2742D685A8778B2C1512A044BDF2606C3ED92E0B512,IMPHASH=C591E3A4DDFE145A26EEC16DB70623B7\r\nSigned: true\r\nSignature: Microsoft Windows\r\nSignatureStatus: Valid","Task":"7","RuleName":"-","UtcTime":"2021-04-27 08:08:14.791","ProcessGuid":"{1978b227-51d2-6077-4100-000000000500}","ProcessId":"2928","Image":"C:\\Windows\\System32\\svchost.exe","ImageLoaded":"C:\\Windows\\System32\\dpapi.dll","FileVersion":"10.0.17763.1 (WinBuild.160101.0800)","Description":"Data Protection API","Product":"Microsoft® Windows® Operating System","Company":"Microsoft Corporation","OriginalFileName":"dpapi.dll","Hashes":"SHA1=C50FDD4A17CA9451C66413BA04ED2CC79883AD16,MD5=CF864B08CEA15894A4E6E676A7FE89A3,SHA256=0D1488B2FF471C1EF2F8F2742D685A8778B2C1512A044BDF2606C3ED92E0B512,IMPHASH=C591E3A4DDFE145A26EEC16DB70623B7","Signed":"true","Signature":"Microsoft Windows","SignatureStatus":"Valid"}
{"SourceName":"Microsoft-Windows-Sysmon","ProviderGuid":"{5770385f-c22a-43e0-bf4c-06f5698ffbd9}","Level":"4","Keywords":"0x8000000000000000","Channel":"Microsoft-Windows-Sysmon/Operational","Hostname":"ADFS01.blacksmith.local","TimeCreated":"2021-04-27T04:08:21.173Z","@timestamp":"2021-04-27T04:08:21.173Z","EventID":26,"Message":"File Delete logged:\r\nRuleName: -\r\nUtcTime: 2021-04-27 08:08:21.168\r\nProcessGuid: {1978b227-51d2-6077-4000-000000000500}\r\nProcessId: 2920\r\nUser: NT AUTHORITY\\SYSTEM\r\nImage: C:\\WindowsAzure\\Packages\\GuestAgent\\WindowsAzureGuestAgent.exe\r\nTargetFilename: C:\\WindowsAzure\\Logs\\AggregateStatus\\aggregatestatus_20210427080551016.json\r\nHashes: SHA1=EA48EC3A1BB8A2BE5886F6867419C1B8A4E52500,MD5=BD318CE4ECDE24D58D66E15189F5EA5A,SHA256=8250207B0B35BD73824826563F1AF8F017A9583DD4751C6E11EC811D1EDCD577,IMPHASH=00000000000000000000000000000000\r\nIsExecutable: false","Task":"26","RuleName":"-","UtcTime":"2021-04-27 08:08:21.168","ProcessGuid":"{1978b227-51d2-6077-4000-000000000500}","ProcessId":"2920","User":"NT AUTHORITY\\SYSTEM","Image":"C:\\WindowsAzure\\Packages\\GuestAgent\\WindowsAzureGuestAgent.exe","TargetFilename":"C:\\WindowsAzure\\Logs\\AggregateStatus\\aggregatestatus_20210427080551016.json","Hashes":"SHA1=EA48EC3A1BB8A2BE5886F6867419C1B8A4E52500,MD5=BD318CE4ECDE24D58D66E15189F5EA5A,SHA256=8250207B0B35BD73824826563F1AF8F017A9583DD4751C6E11EC811D1EDCD577,IMPHASH=00000000000000000000000000000000","IsExecutable":"false"}
{"SourceName":"Microsoft-Windows-Sysmon","ProviderGuid":"{5770385f-c22a-43e0-bf4c-06f5698ffbd9}","Level":"4","Keywords":"0x8000000000000000","Channel":"Microsoft-Windows-Sysmon/Operational","Hostname":"ADFS01.blacksmith.local","TimeCreated":"2021-04-27T04:08:28.403Z","@timestamp":"2021-04-27T04:08:28.403Z","EventID":3,"Message":"Network connection detected:\r\nRuleName: -\r\nUtcTime: 2021-04-27 08:08:18.624\r\nProcessGuid: {1978b227-51cb-6077-1100-000000000500}\r\nProcessId: 944\r\nImage: C:\\Windows\\System32\\svchost.exe\r\nUser: NT AUTHORITY\\NETWORK SERVICE\r\nProtocol: tcp\r\nInitiated: false\r\nSourceIsIpv6: false\r\nSourceIp: 192.168.2.4\r\nSourceHostname: -\r\nSourcePort: 49280\r\nSourcePortName: -\r\nDestinationIsIpv6: false\r\nDestinationIp: 192.168.2.5\r\nDestinationHostname: -\r\nDestinationPort: 135\r\nDestinationPortName: -","Task":"3","RuleName":"-","UtcTime":"2021-04-27 08:08:18.624","ProcessGuid":"{1978b227-51cb-6077-1100-000000000500}","ProcessId":"944","Image":"C:\\Windows\\System32\\svchost.exe","User":"NT AUTHORITY\\NETWORK SERVICE","Protocol":"tcp","Initiated":"false","SourceIsIpv6":"false","SourceIp":"192.168.2.4","SourceHostname":"-","SourcePort":"49280","SourcePortName":"-","DestinationIsIpv6":"false","DestinationIp":"192.168.2.5","DestinationHostname":"-","DestinationPort":"135","DestinationPortName":"-"}
{"SourceName":"Microsoft-Windows-Sysmon","ProviderGuid":"{5770385f-c22a-43e0-bf4c-06f5698ffbd9}","Level":"4","Keywords":"0x8000000000000000","Channel":"Microsoft-Windows-Sysmon/Operational","Hostname":"ADFS01.blacksmith.local","TimeCreated":"2021-04-27T04:08:28.403Z","@timestamp":"2021-04-27T04:08:28.403Z","EventID":3,"Message":"Network connection detected:\r\nRuleName: -\r\nUtcTime: 2021-04-27 08:08:18.624\r\nProcessGuid: {1978b227-51cc-6077-1500-000000000500}\r\nProcessId: 776\r\nImage: C:\\Windows\\System32\\svchost.exe\r\nUser: NT AUTHORITY\\NETWORK SERVICE\r\nProtocol: tcp\r\nInitiated: false\r\nSourceIsIpv6: false\r\nSourceIp: 192.168.2.4\r\nSourceHostname: -\r\nSourcePort: 49281\r\nSourcePortName: -\r\nDestinationIsIpv6: false\r\nDestinationIp: 192.168.2.5\r\nDestinationHostname: -\r\nDestinationPort: 3389\r\nDestinationPortName: -","Task":"3","RuleName":"-","UtcTime":"2021-04-27 08:08:18.624","ProcessGuid":"{1978b227-51cc-6077-1500-000000000500}","ProcessId":"776","Image":"C:\\Windows\\System32\\svchost.exe","User":"NT AUTHORITY\\NETWORK SERVICE","Protocol":"tcp","Initiated":"false","SourceIsIpv6":"false","SourceIp":"192.168.2.4","SourceHostname":"-","SourcePort":"49281","SourcePortName":"-","DestinationIsIpv6":"false","DestinationIp":"192.168.2.5","DestinationHostname":"-","DestinationPort":"3389","DestinationPortName":"-"}
{"SourceName":"Microsoft-Windows-Sysmon","ProviderGuid":"{5770385f-c22a-43e0-bf4c-06f5698ffbd9}","Level":"4","Keywords":"0x8000000000000000","Channel":"Microsoft-Windows-Sysmon/Operational","Hostname":"ADFS01.blacksmith.local","TimeCreated":"2021-04-27T04:08:28.831Z","@timestamp":"2021-04-27T04:08:28.831Z","EventID":7,"Message":"Image loaded:\r\nRuleName: -\r\nUtcTime: 2021-04-27 08:08:28.828\r\nProcessGuid: {1978b227-b83c-607f-fc13-000000000500}\r\nProcessId: 7932\r\nImage: C:\\Program Files\\Windows Defender Advanced Threat Protection\\MsSense.exe\r\nImageLoaded: C:\\Windows\\System32\\OnDemandConnRouteHelper.dll\r\nFileVersion: 10.0.17763.1 (WinBuild.160101.0800)\r\nDescription: On Demand Connctiond Route Helper\r\nProduct: Microsoft® Windows® Operating System\r\nCompany: Microsoft Corporation\r\nOriginalFileName: OnDemandConnRouteHelper.dll\r\nHashes: SHA1=5E4F2280E97CC2D6B20DC8621E5F6C7601EB701E,MD5=E95FD05979C7A6E62273C7F0ED473F3E,SHA256=7D62F9B2E4857803079A5A1156F64194596CC501CCA0A958988E93CD35F89FE3,IMPHASH=76A0DCB18AA3FD7B234C5FF7F107D9DE\r\nSigned: true\r\nSignature: Microsoft Windows\r\nSignatureStatus: Valid","Task":"7","RuleName":"-","UtcTime":"2021-04-27 08:08:28.828","ProcessGuid":"{1978b227-b83c-607f-fc13-000000000500}","ProcessId":"7932","Image":"C:\\Program Files\\Windows Defender Advanced Threat Protection\\MsSense.exe","ImageLoaded":"C:\\Windows\\System32\\OnDemandConnRouteHelper.dll","FileVersion":"10.0.17763.1 (WinBuild.160101.0800)","Description":"On Demand Connctiond Route Helper","Product":"Microsoft® Windows® Operating System","Company":"Microsoft Corporation","OriginalFileName":"OnDemandConnRouteHelper.dll","Hashes":"SHA1=5E4F2280E97CC2D6B20DC8621E5F6C7601EB701E,MD5=E95FD05979C7A6E62273C7F0ED473F3E,SHA256=7D62F9B2E4857803079A5A1156F64194596CC501CCA0A958988E93CD35F89FE3,IMPHASH=76A0DCB18AA3FD7B234C5FF7F107D9DE","Signed":"true","Signature":"Microsoft Windows","SignatureStatus":"Valid"}
{"SourceName":"Microsoft-Windows-Sysmon","ProviderGuid":"{5770385f-c22a-43e0-bf4c-06f5698ffbd9}","Level":"4","Keywords":"0x8000000000000000","Channel":"Microsoft-Windows-Sysmon/Operational","Hostname":"ADFS01.blacksmith.local","TimeCreated":"2021-04-27T04:08:28.843Z","@timestamp":"2021-04-27T04:08:28.843Z","EventID":7,"Message":"Image loaded:\r\nRuleName: -\r\nUtcTime: 2021-04-27 08:08:28.828\r\nProcessGuid: {1978b227-c67c-6087-7f7b-000000000500}\r\nProcessId: 8284\r\nImage: C:\\Program Files\\Windows Defender Advanced Threat Protection\\SenseCncProxy.exe\r\nImageLoaded: C:\\Program Files\\Windows Defender Advanced Threat Protection\\SenseCncProxy.exe\r\nFileVersion: 10.7740.17763.1852 (WinBuild.160101.0800)\r\nDescription: Windows Defender Advanced Threat Protection Communications module\r\nProduct: Microsoft® Windows® Operating System\r\nCompany: Microsoft Corporation\r\nOriginalFileName: SenseCncProxy.exe\r\nHashes: SHA1=E5297E867658A3F342067DAC93FA21A32C962E02,MD5=3E0922FB92DA28066DF7B75BB6AB4E09,SHA256=D9D1E74CDC537F7B2E6C2E13D329054E996F95493F53BBE34611C752640DAA05,IMPHASH=F66EBF3EFE4EEF90603832EDFE49E29C\r\nSigned: true\r\nSignature: Microsoft Windows Publisher\r\nSignatureStatus: Valid","Task":"7","RuleName":"-","UtcTime":"2021-04-27 08:08:28.828","ProcessGuid":"{1978b227-c67c-6087-7f7b-000000000500}","ProcessId":"8284","Image":"C:\\Program Files\\Windows Defender Advanced Threat Protection\\SenseCncProxy.exe","ImageLoaded":"C:\\Program Files\\Windows Defender Advanced Threat Protection\\SenseCncProxy.exe","FileVersion":"10.7740.17763.1852 (WinBuild.160101.0800)","Description":"Windows Defender Advanced Threat Protection Communications module","Product":"Microsoft® Windows® Operating System","Company":"Microsoft Corporation","OriginalFileName":"SenseCncProxy.exe","Hashes":"SHA1=E5297E867658A3F342067DAC93FA21A32C962E02,MD5=3E0922FB92DA28066DF7B75BB6AB4E09,SHA256=D9D1E74CDC537F7B2E6C2E13D329054E996F95493F53BBE34611C752640DAA05,IMPHASH=F66EBF3EFE4EEF90603832EDFE49E29C","Signed":"true","Signature":"Microsoft Windows Publisher","SignatureStatus":"Valid"}
{"SourceName":"Microsoft-Windows-Sysmon","ProviderGuid":"{5770385f-c22a-43e0-bf4c-06f5698ffbd9}","Level":"4","Keywords":"0x8000000000000000","Channel":"Microsoft-Windows-Sysmon/Operational","Hostname":"ADFS01.blacksmith.local","TimeCreated":"2021-04-27T04:08:28.844Z","@timestamp":"2021-04-27T04:08:28.844Z","EventID":7,"Message":"Image loaded:\r\nRuleName: -\r\nUtcTime: 2021-04-27 08:08:28.828\r\nProcessGuid: {1978b227-c67c-6087-7f7b-000000000500}\r\nProcessId: 8284\r\nImage: C:\\Program Files\\Windows Defender Advanced Threat Protection\\SenseCncProxy.exe\r\nImageLoaded: C:\\Windows\\System32\\ntdll.dll\r\nFileVersion: 10.0.17763.1879 (WinBuild.160101.0800)\r\nDescription: NT Layer DLL\r\nProduct: Microsoft® Windows® Operating System\r\nCompany: Microsoft Corporation\r\nOriginalFileName: ntdll.dll\r\nHashes: SHA1=DC0769395413752B98C75997551A7A13578CF6C5,MD5=84E951061E90F4E9FFD312F22AC9E982,SHA256=ECD13FB017394028AF96F1DF9F86BB95F8D52787C5A2A5496EC81BE3261C1B09,IMPHASH=00000000000000000000000000000000\r\nSigned: true\r\nSignature: Microsoft Windows\r\nSignatureStatus: Valid","Task":"7","RuleName":"-","UtcTime":"2021-04-27 08:08:28.828","ProcessGuid":"{1978b227-c67c-6087-7f7b-000000000500}","ProcessId":"8284","Image":"C:\\Program Files\\Windows Defender Advanced Threat Protection\\SenseCncProxy.exe","ImageLoaded":"C:\\Windows\\System32\\ntdll.dll","FileVersion":"10.0.17763.1879 (WinBuild.160101.0800)","Description":"NT Layer DLL","Product":"Microsoft® Windows® Operating System","Company":"Microsoft Corporation","OriginalFileName":"ntdll.dll","Hashes":"SHA1=DC0769395413752B98C75997551A7A13578CF6C5,MD5=84E951061E90F4E9FFD312F22AC9E982,SHA256=ECD13FB017394028AF96F1DF9F86BB95F8D52787C5A2A5496EC81BE3261C1B09,IMPHASH=00000000000000000000000000000000","Signed":"true","Signature":"Microsoft Windows","SignatureStatus":"Valid"}
{"SourceName":"Microsoft-Windows-Sysmon","ProviderGuid":"{5770385f-c22a-43e0-bf4c-06f5698ffbd9}","Level":"4","Keywords":"0x8000000000000000","Channel":"Microsoft-Windows-Sysmon/Operational","Hostname":"ADFS01.blacksmith.local","TimeCreated":"2021-04-27T04:08:28.845Z","@timestamp":"2021-04-27T04:08:28.845Z","EventID":7,"Message":"Image loaded:\r\nRuleName: -\r\nUtcTime: 2021-04-27 08:08:28.844\r\nProcessGuid: {1978b227-c67c-6087-7f7b-000000000500}\r\nProcessId: 8284\r\nImage: C:\\Program Files\\Windows Defender Advanced Threat Protection\\SenseCncProxy.exe\r\nImageLoaded: C:\\Windows\\System32\\kernel32.dll\r\nFileVersion: 10.0.17763.1879 (WinBuild.160101.0800)\r\nDescription: Windows NT BASE API Client DLL\r\nProduct: Microsoft® Windows® Operating System\r\nCompany: Microsoft Corporation\r\nOriginalFileName: kernel32\r\nHashes: SHA1=521EA7775C3EC66AC2F37960432AD8ED8B553F88,MD5=B3C90527B45B8BBA0AB16C51A69CEB5D,SHA256=8C6354EB5133D315ECF8A7407981C3536CCD40E7CC561EE7038925B1342E74EA,IMPHASH=5A2DEBB2344B5D6D1E742B407695A348\r\nSigned: true\r\nSignature: Microsoft Windows\r\nSignatureStatus: Valid","Task":"7","RuleName":"-","UtcTime":"2021-04-27 08:08:28.844","ProcessGuid":"{1978b227-c67c-6087-7f7b-000000000500}","ProcessId":"8284","Image":"C:\\Program Files\\Windows Defender Advanced Threat Protection\\SenseCncProxy.exe","ImageLoaded":"C:\\Windows\\System32\\kernel32.dll","FileVersion":"10.0.17763.1879 (WinBuild.160101.0800)","Description":"Windows NT BASE API Client DLL","Product":"Microsoft® Windows® Operating System","Company":"Microsoft Corporation","OriginalFileName":"kernel32","Hashes":"SHA1=521EA7775C3EC66AC2F37960432AD8ED8B553F88,MD5=B3C90527B45B8BBA0AB16C51A69CEB5D,SHA256=8C6354EB5133D315ECF8A7407981C3536CCD40E7CC561EE7038925B1342E74EA,IMPHASH=5A2DEBB2344B5D6D1E742B407695A348","Signed":"true","Signature":"Microsoft Windows","SignatureStatus":"Valid"}
{"SourceName":"Microsoft-Windows-Sysmon","ProviderGuid":"{5770385f-c22a-43e0-bf4c-06f5698ffbd9}","Level":"4","Keywords":"0x8000000000000000","Channel":"Microsoft-Windows-Sysmon/Operational","Hostname":"ADFS01.blacksmith.local","TimeCreated":"2021-04-27T04:08:28.846Z","@timestamp":"2021-04-27T04:08:28.846Z","EventID":7,"Message":"Image loaded:\r\nRuleName: -\r\nUtcTime: 2021-04-27 08:08:28.844\r\nProcessGuid: {1978b227-c67c-6087-7f7b-000000000500}\r\nProcessId: 8284\r\nImage: C:\\Program Files\\Windows Defender Advanced Threat Protection\\SenseCncProxy.exe\r\nImageLoaded: C:\\Windows\\System32\\KernelBase.dll\r\nFileVersion: 10.0.17763.1879 (WinBuild.160101.0800)\r\nDescription: Windows NT BASE API Client DLL\r\nProduct: Microsoft® Windows® Operating System\r\nCompany: Microsoft Corporation\r\nOriginalFileName: Kernelbase.dll\r\nHashes: SHA1=2B3C899FCFF946800C69F68CBFA251FACFD63AD3,MD5=1DB19D71083A3897D884A48B748DD61C,SHA256=72A4030FD018E9A9C8DF4120D5498CD0EC43AB066121B9361589D2E539F95E63,IMPHASH=6E4C16603083DB2E2C90D99475D4CBA5\r\nSigned: true\r\nSignature: Microsoft Windows\r\nSignatureStatus: Valid","Task":"7","RuleName":"-","UtcTime":"2021-04-27 08:08:28.844","ProcessGuid":"{1978b227-c67c-6087-7f7b-000000000500}","ProcessId":"8284","Image":"C:\\Program Files\\Windows Defender Advanced Threat Protection\\SenseCncProxy.exe","ImageLoaded":"C:\\Windows\\System32\\KernelBase.dll","FileVersion":"10.0.17763.1879 (WinBuild.160101.0800)","Description":"Windows NT BASE API Client DLL","Product":"Microsoft® Windows® Operating System","Company":"Microsoft Corporation","OriginalFileName":"Kernelbase.dll","Hashes":"SHA1=2B3C899FCFF946800C69F68CBFA251FACFD63AD3,MD5=1DB19D71083A3897D884A48B748DD61C,SHA256=72A4030FD018E9A9C8DF4120D5498CD0EC43AB066121B9361589D2E539F95E63,IMPHASH=6E4C16603083DB2E2C90D99475D4CBA5","Signed":"true","Signature":"Microsoft Windows","SignatureStatus":"Valid"}
{"SourceName":"Microsoft-Windows-Sysmon","ProviderGuid":"{5770385f-c22a-43e0-bf4c-06f5698ffbd9}","Level":"4","Keywords":"0x8000000000000000","Channel":"Microsoft-Windows-Sysmon/Operational","Hostname":"ADFS01.blacksmith.local","TimeCreated":"2021-04-27T04:08:28.847Z","@timestamp":"2021-04-27T04:08:28.847Z","EventID":7,"Message":"Image loaded:\r\nRuleName: -\r\nUtcTime: 2021-04-27 08:08:28.844\r\nProcessGuid: {1978b227-c67c-6087-7f7b-000000000500}\r\nProcessId: 8284\r\nImage: C:\\Program Files\\Windows Defender Advanced Threat Protection\\SenseCncProxy.exe\r\nImageLoaded: C:\\Windows\\System32\\msvcp_win.dll\r\nFileVersion: 10.0.17763.348 (WinBuild.160101.0800)\r\nDescription: Microsoft® C Runtime Library\r\nProduct: Microsoft® Windows® Operating System\r\nCompany: Microsoft Corporation\r\nOriginalFileName: msvcp_win.dll\r\nHashes: SHA1=AFB93DEFC8C6E399EFFC1D99BD719536A59E2510,MD5=967B050DA2325CD7BC8F7B5A3EED70ED,SHA256=2E365914142B4C0F8340594E253E8FA25F452338238B87E7D303AF89D0747D78,IMPHASH=856DC63B3063B927D2B424783B1DB1BF\r\nSigned: true\r\nSignature: Microsoft Windows\r\nSignatureStatus: Valid","Task":"7","RuleName":"-","UtcTime":"2021-04-27 08:08:28.844","ProcessGuid":"{1978b227-c67c-6087-7f7b-000000000500}","ProcessId":"8284","Image":"C:\\Program Files\\Windows Defender Advanced Threat Protection\\SenseCncProxy.exe","ImageLoaded":"C:\\Windows\\System32\\msvcp_win.dll","FileVersion":"10.0.17763.348 (WinBuild.160101.0800)","Description":"Microsoft® C Runtime Library","Product":"Microsoft® Windows® Operating System","Company":"Microsoft Corporation","OriginalFileName":"msvcp_win.dll","Hashes":"SHA1=AFB93DEFC8C6E399EFFC1D99BD719536A59E2510,MD5=967B050DA2325CD7BC8F7B5A3EED70ED,SHA256=2E365914142B4C0F8340594E253E8FA25F452338238B87E7D303AF89D0747D78,IMPHASH=856DC63B3063B927D2B424783B1DB1BF","Signed":"true","Signature":"Microsoft Windows","SignatureStatus":"Valid"}
{"SourceName":"Microsoft-Windows-Sysmon","ProviderGuid":"{5770385f-c22a-43e0-bf4c-06f5698ffbd9}","Level":"4","Keywords":"0x8000000000000000","Channel":"Microsoft-Windows-Sysmon/Operational","Hostname":"ADFS01.blacksmith.local","TimeCreated":"2021-04-27T04:08:28.848Z","@timestamp":"2021-04-27T04:08:28.848Z","EventID":7,"Message":"Image loaded:\r\nRuleName: -\r\nUtcTime: 2021-04-27 08:08:28.844\r\nProcessGuid: {1978b227-c67c-6087-7f7b-000000000500}\r\nProcessId: 8284\r\nImage: C:\\Program Files\\Windows Defender Advanced Threat Protection\\SenseCncProxy.exe\r\nImageLoaded: C:\\Windows\\System32\\ucrtbase.dll\r\nFileVersion: 10.0.17763.1490 (WinBuild.160101.0800)\r\nDescription: Microsoft® C Runtime Library\r\nProduct: Microsoft® Windows® Operating System\r\nCompany: Microsoft Corporation\r\nOriginalFileName: ucrtbase.dll\r\nHashes: SHA1=8956F79D95FE1EAB1A06C4AD75588A49C2029994,MD5=3C72FC810602812D8C03C8709519F115,SHA256=DA572F7C674178BA7B91F7D47643FED07F7E71DBB4AEB46E1671CE08D1B31D73,IMPHASH=5AE9A136FAFA10321F3D48251BF4F6A1\r\nSigned: true\r\nSignature: Microsoft Windows\r\nSignatureStatus: Valid","Task":"7","RuleName":"-","UtcTime":"2021-04-27 08:08:28.844","ProcessGuid":"{1978b227-c67c-6087-7f7b-000000000500}","ProcessId":"8284","Image":"C:\\Program Files\\Windows Defender Advanced Threat Protection\\SenseCncProxy.exe","ImageLoaded":"C:\\Windows\\System32\\ucrtbase.dll","FileVersion":"10.0.17763.1490 (WinBuild.160101.0800)","Description":"Microsoft® C Runtime Library","Product":"Microsoft® Windows® Operating System","Company":"Microsoft Corporation","OriginalFileName":"ucrtbase.dll","Hashes":"SHA1=8956F79D95FE1EAB1A06C4AD75588A49C2029994,MD5=3C72FC810602812D8C03C8709519F115,SHA256=DA572F7C674178BA7B91F7D47643FED07F7E71DBB4AEB46E1671CE08D1B31D73,IMPHASH=5AE9A136FAFA10321F3D48251BF4F6A1","Signed":"true","Signature":"Microsoft Windows","SignatureStatus":"Valid"}
{"SourceName":"Microsoft-Windows-Sysmon","ProviderGuid":"{5770385f-c22a-43e0-bf4c-06f5698ffbd9}","Level":"4","Keywords":"0x8000000000000000","Channel":"Microsoft-Windows-Sysmon/Operational","Hostname":"ADFS01.blacksmith.local","TimeCreated":"2021-04-27T04:08:28.849Z","@timestamp":"2021-04-27T04:08:28.849Z","EventID":7,"Message":"Image loaded:\r\nRuleName: -\r\nUtcTime: 2021-04-27 08:08:28.844\r\nProcessGuid: {1978b227-c67c-6087-7f7b-000000000500}\r\nProcessId: 8284\r\nImage: C:\\Program Files\\Windows Defender Advanced Threat Protection\\SenseCncProxy.exe\r\nImageLoaded: C:\\Windows\\System32\\oleaut32.dll\r\nFileVersion: 10.0.17763.1757 (WinBuild.160101.0800)\r\nDescription: OLEAUT32.DLL\r\nProduct: Microsoft® Windows® Operating System\r\nCompany: Microsoft Corporation\r\nOriginalFileName: OLEAUT32.DLL\r\nHashes: SHA1=E9DB9A27AFE18A36CF8FDD97DCEBB1A1A4C159E6,MD5=510B55D5EBB9544F88362388B64E36A9,SHA256=70780047FE84D99F88CF523D180CFBB434B0F5F1BA60101239941D7A1DAA0B62,IMPHASH=6853F61807127E891C66F2120C64B8F8\r\nSigned: true\r\nSignature: Microsoft Windows\r\nSignatureStatus: Valid","Task":"7","RuleName":"-","UtcTime":"2021-04-27 08:08:28.844","ProcessGuid":"{1978b227-c67c-6087-7f7b-000000000500}","ProcessId":"8284","Image":"C:\\Program Files\\Windows Defender Advanced Threat Protection\\SenseCncProxy.exe","ImageLoaded":"C:\\Windows\\System32\\oleaut32.dll","FileVersion":"10.0.17763.1757 (WinBuild.160101.0800)","Description":"OLEAUT32.DLL","Product":"Microsoft® Windows® Operating System","Company":"Microsoft Corporation","OriginalFileName":"OLEAUT32.DLL","Hashes":"SHA1=E9DB9A27AFE18A36CF8FDD97DCEBB1A1A4C159E6,MD5=510B55D5EBB9544F88362388B64E36A9,SHA256=70780047FE84D99F88CF523D180CFBB434B0F5F1BA60101239941D7A1DAA0B62,IMPHASH=6853F61807127E891C66F2120C64B8F8","Signed":"true","Signature":"Microsoft Windows","SignatureStatus":"Valid"}
{"SourceName":"Microsoft-Windows-Sysmon","ProviderGuid":"{5770385f-c22a-43e0-bf4c-06f5698ffbd9}","Level":"4","Keywords":"0x8000000000000000","Channel":"Microsoft-Windows-Sysmon/Operational","Hostname":"ADFS01.blacksmith.local","TimeCreated":"2021-04-27T04:08:28.850Z","@timestamp":"2021-04-27T04:08:28.850Z","EventID":7,"Message":"Image loaded:\r\nRuleName: -\r\nUtcTime: 2021-04-27 08:08:28.844\r\nProcessGuid: {1978b227-c67c-6087-7f7b-000000000500}\r\nProcessId: 8284\r\nImage: C:\\Program Files\\Windows Defender Advanced Threat Protection\\SenseCncProxy.exe\r\nImageLoaded: C:\\Windows\\System32\\combase.dll\r\nFileVersion: 10.0.17763.1879 (WinBuild.160101.0800)\r\nDescription: Microsoft COM for Windows\r\nProduct: Microsoft® Windows® Operating System\r\nCompany: Microsoft Corporation\r\nOriginalFileName: COMBASE.DLL\r\nHashes: SHA1=9210B4059DC9BDBFDB584E61D879B15F1A6EE041,MD5=823B0F226EDA0B5A70C65E9293F9671B,SHA256=EB3B45C7F244FA469FE7992CEA9A86B8974DA2800FE3CB4E8B5E953F74079C69,IMPHASH=C86CF4F59735BB0E98C7CCE8594D6340\r\nSigned: true\r\nSignature: Microsoft Windows\r\nSignatureStatus: Valid","Task":"7","RuleName":"-","UtcTime":"2021-04-27 08:08:28.844","ProcessGuid":"{1978b227-c67c-6087-7f7b-000000000500}","ProcessId":"8284","Image":"C:\\Program Files\\Windows Defender Advanced Threat Protection\\SenseCncProxy.exe","ImageLoaded":"C:\\Windows\\System32\\combase.dll","FileVersion":"10.0.17763.1879 (WinBuild.160101.0800)","Description":"Microsoft COM for Windows","Product":"Microsoft® Windows® Operating System","Company":"Microsoft Corporation","OriginalFileName":"COMBASE.DLL","Hashes":"SHA1=9210B4059DC9BDBFDB584E61D879B15F1A6EE041,MD5=823B0F226EDA0B5A70C65E9293F9671B,SHA256=EB3B45C7F244FA469FE7992CEA9A86B8974DA2800FE3CB4E8B5E953F74079C69,IMPHASH=C86CF4F59735BB0E98C7CCE8594D6340","Signed":"true","Signature":"Microsoft Windows","SignatureStatus":"Valid"}
{"SourceName":"Microsoft-Windows-Sysmon","ProviderGuid":"{5770385f-c22a-43e0-bf4c-06f5698ffbd9}","Level":"4","Keywords":"0x8000000000000000","Channel":"Microsoft-Windows-Sysmon/Operational","Hostname":"ADFS01.blacksmith.local","TimeCreated":"2021-04-27T04:08:28.850Z","@timestamp":"2021-04-27T04:08:28.850Z","EventID":7,"Message":"Image loaded:\r\nRuleName: -\r\nUtcTime: 2021-04-27 08:08:28.844\r\nProcessGuid: {1978b227-c67c-6087-7f7b-000000000500}\r\nProcessId: 8284\r\nImage: C:\\Program Files\\Windows Defender Advanced Threat Protection\\SenseCncProxy.exe\r\nImageLoaded: C:\\Windows\\System32\\rpcrt4.dll\r\nFileVersion: 10.0.17763.1879 (WinBuild.160101.0800)\r\nDescription: Remote Procedure Call Runtime\r\nProduct: Microsoft® Windows® Operating System\r\nCompany: Microsoft Corporation\r\nOriginalFileName: rpcrt4.dll\r\nHashes: SHA1=C235CF7E1C7CD15DCBAE5335956F496206509C87,MD5=E02E45F28E0CD3DA691E755E4DF06B3D,SHA256=814C4502CEF7550E2149D62606A4BAC75D519C80476837166236A4BF9D9B5F72,IMPHASH=88E7E7C7FA90052EC162DD37F2B7C7BD\r\nSigned: true\r\nSignature: Microsoft Windows\r\nSignatureStatus: Valid","Task":"7","RuleName":"-","UtcTime":"2021-04-27 08:08:28.844","ProcessGuid":"{1978b227-c67c-6087-7f7b-000000000500}","ProcessId":"8284","Image":"C:\\Program Files\\Windows Defender Advanced Threat Protection\\SenseCncProxy.exe","ImageLoaded":"C:\\Windows\\System32\\rpcrt4.dll","FileVersion":"10.0.17763.1879 (WinBuild.160101.0800)","Description":"Remote Procedure Call Runtime","Product":"Microsoft® Windows® Operating System","Company":"Microsoft Corporation","OriginalFileName":"rpcrt4.dll","Hashes":"SHA1=C235CF7E1C7CD15DCBAE5335956F496206509C87,MD5=E02E45F28E0CD3DA691E755E4DF06B3D,SHA256=814C4502CEF7550E2149D62606A4BAC75D519C80476837166236A4BF9D9B5F72,IMPHASH=88E7E7C7FA90052EC162DD37F2B7C7BD","Signed":"true","Signature":"Microsoft Windows","SignatureStatus":"Valid"}
{"SourceName":"Microsoft-Windows-Sysmon","ProviderGuid":"{5770385f-c22a-43e0-bf4c-06f5698ffbd9}","Level":"4","Keywords":"0x8000000000000000","Channel":"Microsoft-Windows-Sysmon/Operational","Hostname":"ADFS01.blacksmith.local","TimeCreated":"2021-04-27T04:08:28.851Z","@timestamp":"2021-04-27T04:08:28.851Z","EventID":7,"Message":"Image loaded:\r\nRuleName: -\r\nUtcTime: 2021-04-27 08:08:28.844\r\nProcessGuid: {1978b227-c67c-6087-7f7b-000000000500}\r\nProcessId: 8284\r\nImage: C:\\Program Files\\Windows Defender Advanced Threat Protection\\SenseCncProxy.exe\r\nImageLoaded: C:\\Windows\\System32\\bcryptprimitives.dll\r\nFileVersion: 10.0.17763.1852 (WinBuild.160101.0800)\r\nDescription: Windows Cryptographic Primitives Library\r\nProduct: Microsoft® Windows® Operating System\r\nCompany: Microsoft Corporation\r\nOriginalFileName: bcryptprimitives.dll\r\nHashes: SHA1=36F5662199A70449DC3CE3EEC1997C0E3ED9DD8A,MD5=87C2D716A99E1B30085A813E3E625648,SHA256=463A5FF2AB8C19429E0FD9E4D61D95787F4D6093BEBA3EF8EC3DEFAD2A803427,IMPHASH=496E42068C9391511CF6EE7C54F73A9B\r\nSigned: true\r\nSignature: Microsoft Windows\r\nSignatureStatus: Valid","Task":"7","RuleName":"-","UtcTime":"2021-04-27 08:08:28.844","ProcessGuid":"{1978b227-c67c-6087-7f7b-000000000500}","ProcessId":"8284","Image":"C:\\Program Files\\Windows Defender Advanced Threat Protection\\SenseCncProxy.exe","ImageLoaded":"C:\\Windows\\System32\\bcryptprimitives.dll","FileVersion":"10.0.17763.1852 (WinBuild.160101.0800)","Description":"Windows Cryptographic Primitives Library","Product":"Microsoft® Windows® Operating System","Company":"Microsoft Corporation","OriginalFileName":"bcryptprimitives.dll","Hashes":"SHA1=36F5662199A70449DC3CE3EEC1997C0E3ED9DD8A,MD5=87C2D716A99E1B30085A813E3E625648,SHA256=463A5FF2AB8C19429E0FD9E4D61D95787F4D6093BEBA3EF8EC3DEFAD2A803427,IMPHASH=496E42068C9391511CF6EE7C54F73A9B","Signed":"true","Signature":"Microsoft Windows","SignatureStatus":"Valid"}
{"SourceName":"Microsoft-Windows-Sysmon","ProviderGuid":"{5770385f-c22a-43e0-bf4c-06f5698ffbd9}","Level":"4","Keywords":"0x8000000000000000","Channel":"Microsoft-Windows-Sysmon/Operational","Hostname":"ADFS01.blacksmith.local","TimeCreated":"2021-04-27T04:08:28.852Z","@timestamp":"2021-04-27T04:08:28.852Z","EventID":7,"Message":"Image loaded:\r\nRuleName: -\r\nUtcTime: 2021-04-27 08:08:28.844\r\nProcessGuid: {1978b227-c67c-6087-7f7b-000000000500}\r\nProcessId: 8284\r\nImage: C:\\Program Files\\Windows Defender Advanced Threat Protection\\SenseCncProxy.exe\r\nImageLoaded: C:\\Windows\\System32\\shell32.dll\r\nFileVersion: 10.0.17763.1852 (WinBuild.160101.0800)\r\nDescription: Windows Shell Common Dll\r\nProduct: Microsoft® Windows® Operating System\r\nCompany: Microsoft Corporation\r\nOriginalFileName: SHELL32.DLL\r\nHashes: SHA1=F36EAC9F5140FF1EAB4EB06A988C365EC6E6526F,MD5=AA6ACAD0C64769C0980EAF4C19E268EF,SHA256=9978BCACDCF0FC3688BBDD9AD6BE406BF5C0674DC6C1798B3BA04137B4A53616,IMPHASH=4C6A425B69AD3E18ACE611520E54E884\r\nSigned: true\r\nSignature: Microsoft Windows\r\nSignatureStatus: Valid","Task":"7","RuleName":"-","UtcTime":"2021-04-27 08:08:28.844","ProcessGuid":"{1978b227-c67c-6087-7f7b-000000000500}","ProcessId":"8284","Image":"C:\\Program Files\\Windows Defender Advanced Threat Protection\\SenseCncProxy.exe","ImageLoaded":"C:\\Windows\\System32\\shell32.dll","FileVersion":"10.0.17763.1852 (WinBuild.160101.0800)","Description":"Windows Shell Common Dll","Product":"Microsoft® Windows® Operating System","Company":"Microsoft Corporation","OriginalFileName":"SHELL32.DLL","Hashes":"SHA1=F36EAC9F5140FF1EAB4EB06A988C365EC6E6526F,MD5=AA6ACAD0C64769C0980EAF4C19E268EF,SHA256=9978BCACDCF0FC3688BBDD9AD6BE406BF5C0674DC6C1798B3BA04137B4A53616,IMPHASH=4C6A425B69AD3E18ACE611520E54E884","Signed":"true","Signature":"Microsoft Windows","SignatureStatus":"Valid"}
{"SourceName":"Microsoft-Windows-Sysmon","ProviderGuid":"{5770385f-c22a-43e0-bf4c-06f5698ffbd9}","Level":"4","Keywords":"0x8000000000000000","Channel":"Microsoft-Windows-Sysmon/Operational","Hostname":"ADFS01.blacksmith.local","TimeCreated":"2021-04-27T04:08:28.853Z","@timestamp":"2021-04-27T04:08:28.853Z","EventID":7,"Message":"Image loaded:\r\nRuleName: -\r\nUtcTime: 2021-04-27 08:08:28.844\r\nProcessGuid: {1978b227-c67c-6087-7f7b-000000000500}\r\nProcessId: 8284\r\nImage: C:\\Program Files\\Windows Defender Advanced Threat Protection\\SenseCncProxy.exe\r\nImageLoaded: C:\\Windows\\System32\\msvcrt.dll\r\nFileVersion: 7.0.17763.475 (WinBuild.160101.0800)\r\nDescription: Windows NT CRT DLL\r\nProduct: Microsoft® Windows® Operating System\r\nCompany: Microsoft Corporation\r\nOriginalFileName: msvcrt.dll\r\nHashes: SHA1=ECA51F7D37874CF1029BC2FE3B0CF0E8CDF71E8E,MD5=DD0349151478B48FFCE769B50F8CDD33,SHA256=39095FE07AC2E244E2180C58BEC2898A0986DDA2BD2ABBC4F739D11E67720F2E,IMPHASH=1273683626EBBA703979F188A1E64237\r\nSigned: true\r\nSignature: Microsoft Windows\r\nSignatureStatus: Valid","Task":"7","RuleName":"-","UtcTime":"2021-04-27 08:08:28.844","ProcessGuid":"{1978b227-c67c-6087-7f7b-000000000500}","ProcessId":"8284","Image":"C:\\Program Files\\Windows Defender Advanced Threat Protection\\SenseCncProxy.exe","ImageLoaded":"C:\\Windows\\System32\\msvcrt.dll","FileVersion":"7.0.17763.475 (WinBuild.160101.0800)","Description":"Windows NT CRT DLL","Product":"Microsoft® Windows® Operating System","Company":"Microsoft Corporation","OriginalFileName":"msvcrt.dll","Hashes":"SHA1=ECA51F7D37874CF1029BC2FE3B0CF0E8CDF71E8E,MD5=DD0349151478B48FFCE769B50F8CDD33,SHA256=39095FE07AC2E244E2180C58BEC2898A0986DDA2BD2ABBC4F739D11E67720F2E,IMPHASH=1273683626EBBA703979F188A1E64237","Signed":"true","Signature":"Microsoft Windows","SignatureStatus":"Valid"}
{"SourceName":"Microsoft-Windows-Sysmon","ProviderGuid":"{5770385f-c22a-43e0-bf4c-06f5698ffbd9}","Level":"4","Keywords":"0x8000000000000000","Channel":"Microsoft-Windows-Sysmon/Operational","Hostname":"ADFS01.blacksmith.local","TimeCreated":"2021-04-27T04:08:28.853Z","@timestamp":"2021-04-27T04:08:28.853Z","EventID":7,"Message":"Image loaded:\r\nRuleName: -\r\nUtcTime: 2021-04-27 08:08:28.844\r\nProcessGuid: {1978b227-c67c-6087-7f7b-000000000500}\r\nProcessId: 8284\r\nImage: C:\\Program Files\\Windows Defender Advanced Threat Protection\\SenseCncProxy.exe\r\nImageLoaded: C:\\Windows\\System32\\cfgmgr32.dll\r\nFileVersion: 10.0.17763.1 (WinBuild.160101.0800)\r\nDescription: Configuration Manager DLL\r\nProduct: Microsoft® Windows® Operating System\r\nCompany: Microsoft Corporation\r\nOriginalFileName: CFGMGR32.DLL\r\nHashes: SHA1=8130861654C05723BDAB475587C7B4B131BD5FF6,MD5=02411B2016D3A537759143033C2D3AA6,SHA256=DF1C3927C42A1C7B8B5EA009783BB3FCB1FF48FC8542A1EF5D18ECAF78AD5D3E,IMPHASH=4F0B87243B310321DEE7E16AC3ABA14A\r\nSigned: true\r\nSignature: Microsoft Windows\r\nSignatureStatus: Valid","Task":"7","RuleName":"-","UtcTime":"2021-04-27 08:08:28.844","ProcessGuid":"{1978b227-c67c-6087-7f7b-000000000500}","ProcessId":"8284","Image":"C:\\Program Files\\Windows Defender Advanced Threat Protection\\SenseCncProxy.exe","ImageLoaded":"C:\\Windows\\System32\\cfgmgr32.dll","FileVersion":"10.0.17763.1 (WinBuild.160101.0800)","Description":"Configuration Manager DLL","Product":"Microsoft® Windows® Operating System","Company":"Microsoft Corporation","OriginalFileName":"CFGMGR32.DLL","Hashes":"SHA1=8130861654C05723BDAB475587C7B4B131BD5FF6,MD5=02411B2016D3A537759143033C2D3AA6,SHA256=DF1C3927C42A1C7B8B5EA009783BB3FCB1FF48FC8542A1EF5D18ECAF78AD5D3E,IMPHASH=4F0B87243B310321DEE7E16AC3ABA14A","Signed":"true","Signature":"Microsoft Windows","SignatureStatus":"Valid"}
{"SourceName":"Microsoft-Windows-Sysmon","ProviderGuid":"{5770385f-c22a-43e0-bf4c-06f5698ffbd9}","Level":"4","Keywords":"0x8000000000000000","Channel":"Microsoft-Windows-Sysmon/Operational","Hostname":"ADFS01.blacksmith.local","TimeCreated":"2021-04-27T04:08:28.854Z","@timestamp":"2021-04-27T04:08:28.854Z","EventID":7,"Message":"Image loaded:\r\nRuleName: -\r\nUtcTime: 2021-04-27 08:08:28.844\r\nProcessGuid: {1978b227-c67c-6087-7f7b-000000000500}\r\nProcessId: 8284\r\nImage: C:\\Program Files\\Windows Defender Advanced Threat Protection\\SenseCncProxy.exe\r\nImageLoaded: C:\\Windows\\System32\\SHCore.dll\r\nFileVersion: 10.0.17763.1697 (WinBuild.160101.0800)\r\nDescription: SHCORE\r\nProduct: Microsoft® Windows® Operating System\r\nCompany: Microsoft Corporation\r\nOriginalFileName: SHCORE.dll\r\nHashes: SHA1=D758A1874B8B81176FF5B2B0E2AB8EBAC6A6CEA9,MD5=09EC01905382BEB93584EDE2AF38D4DD,SHA256=62C69A64EE8E39F97D7C5A52FE3B7F7B2C0D7A86EAA465ADB23F8AE7C3062622,IMPHASH=2C4CB476A1713ADF312799FAB977C9E4\r\nSigned: true\r\nSignature: Microsoft Windows\r\nSignatureStatus: Valid","Task":"7","RuleName":"-","UtcTime":"2021-04-27 08:08:28.844","ProcessGuid":"{1978b227-c67c-6087-7f7b-000000000500}","ProcessId":"8284","Image":"C:\\Program Files\\Windows Defender Advanced Threat Protection\\SenseCncProxy.exe","ImageLoaded":"C:\\Windows\\System32\\SHCore.dll","FileVersion":"10.0.17763.1697 (WinBuild.160101.0800)","Description":"SHCORE","Product":"Microsoft® Windows® Operating System","Company":"Microsoft Corporation","OriginalFileName":"SHCORE.dll","Hashes":"SHA1=D758A1874B8B81176FF5B2B0E2AB8EBAC6A6CEA9,MD5=09EC01905382BEB93584EDE2AF38D4DD,SHA256=62C69A64EE8E39F97D7C5A52FE3B7F7B2C0D7A86EAA465ADB23F8AE7C3062622,IMPHASH=2C4CB476A1713ADF312799FAB977C9E4","Signed":"true","Signature":"Microsoft Windows","SignatureStatus":"Valid"}
{"SourceName":"Microsoft-Windows-Sysmon","ProviderGuid":"{5770385f-c22a-43e0-bf4c-06f5698ffbd9}","Level":"4","Keywords":"0x8000000000000000","Channel":"Microsoft-Windows-Sysmon/Operational","Hostname":"ADFS01.blacksmith.local","TimeCreated":"2021-04-27T04:08:28.855Z","@timestamp":"2021-04-27T04:08:28.855Z","EventID":7,"Message":"Image loaded:\r\nRuleName: -\r\nUtcTime: 2021-04-27 08:08:28.844\r\nProcessGuid: {1978b227-c67c-6087-7f7b-000000000500}\r\nProcessId: 8284\r\nImage: C:\\Program Files\\Windows Defender Advanced Threat Protection\\SenseCncProxy.exe\r\nImageLoaded: C:\\Windows\\System32\\windows.storage.dll\r\nFileVersion: 10.0.17763.1852 (WinBuild.160101.0800)\r\nDescription: Microsoft WinRT Storage API\r\nProduct: Microsoft® Windows® Operating System\r\nCompany: Microsoft Corporation\r\nOriginalFileName: Windows.Storage.dll\r\nHashes: SHA1=02276583B7B71DAA4698DE6479D8E18A4E156843,MD5=E8E70A8AA91AE4B18582D865A8155431,SHA256=B389AD9720080EB1F4F806117D6098984965F0B1DA870C606F02EE733195CECB,IMPHASH=63AD368B37C725A21D061E1959DC4543\r\nSigned: true\r\nSignature: Microsoft Windows\r\nSignatureStatus: Valid","Task":"7","RuleName":"-","UtcTime":"2021-04-27 08:08:28.844","ProcessGuid":"{1978b227-c67c-6087-7f7b-000000000500}","ProcessId":"8284","Image":"C:\\Program Files\\Windows Defender Advanced Threat Protection\\SenseCncProxy.exe","ImageLoaded":"C:\\Windows\\System32\\windows.storage.dll","FileVersion":"10.0.17763.1852 (WinBuild.160101.0800)","Description":"Microsoft WinRT Storage API","Product":"Microsoft® Windows® Operating System","Company":"Microsoft Corporation","OriginalFileName":"Windows.Storage.dll","Hashes":"SHA1=02276583B7B71DAA4698DE6479D8E18A4E156843,MD5=E8E70A8AA91AE4B18582D865A8155431,SHA256=B389AD9720080EB1F4F806117D6098984965F0B1DA870C606F02EE733195CECB,IMPHASH=63AD368B37C725A21D061E1959DC4543","Signed":"true","Signature":"Microsoft Windows","SignatureStatus":"Valid"}
{"SourceName":"Microsoft-Windows-Sysmon","ProviderGuid":"{5770385f-c22a-43e0-bf4c-06f5698ffbd9}","Level":"4","Keywords":"0x8000000000000000","Channel":"Microsoft-Windows-Sysmon/Operational","Hostname":"ADFS01.blacksmith.local","TimeCreated":"2021-04-27T04:08:28.856Z","@timestamp":"2021-04-27T04:08:28.856Z","EventID":7,"Message":"Image loaded:\r\nRuleName: -\r\nUtcTime: 2021-04-27 08:08:28.844\r\nProcessGuid: {1978b227-c67c-6087-7f7b-000000000500}\r\nProcessId: 8284\r\nImage: C:\\Program Files\\Windows Defender Advanced Threat Protection\\SenseCncProxy.exe\r\nImageLoaded: C:\\Windows\\System32\\sechost.dll\r\nFileVersion: 10.0.17763.1852 (WinBuild.160101.0800)\r\nDescription: Host for SCM/SDDL/LSA Lookup APIs\r\nProduct: Microsoft® Windows® Operating System\r\nCompany: Microsoft Corporation\r\nOriginalFileName: sechost.dll\r\nHashes: SHA1=F369CA9B256A8926357AE0A81D56681153785AFE,MD5=DC8D5941B72B4B70D33589A55958B33F,SHA256=439EDB18FBDC15704A076B4669ADF14386E191B8B84C4B828A394D94A62F278B,IMPHASH=5F0CBFA31042EAEC032DAB6F4E97C1FD\r\nSigned: true\r\nSignature: Microsoft Windows\r\nSignatureStatus: Valid","Task":"7","RuleName":"-","UtcTime":"2021-04-27 08:08:28.844","ProcessGuid":"{1978b227-c67c-6087-7f7b-000000000500}","ProcessId":"8284","Image":"C:\\Program Files\\Windows Defender Advanced Threat Protection\\SenseCncProxy.exe","ImageLoaded":"C:\\Windows\\System32\\sechost.dll","FileVersion":"10.0.17763.1852 (WinBuild.160101.0800)","Description":"Host for SCM/SDDL/LSA Lookup APIs","Product":"Microsoft® Windows® Operating System","Company":"Microsoft Corporation","OriginalFileName":"sechost.dll","Hashes":"SHA1=F369CA9B256A8926357AE0A81D56681153785AFE,MD5=DC8D5941B72B4B70D33589A55958B33F,SHA256=439EDB18FBDC15704A076B4669ADF14386E191B8B84C4B828A394D94A62F278B,IMPHASH=5F0CBFA31042EAEC032DAB6F4E97C1FD","Signed":"true","Signature":"Microsoft Windows","SignatureStatus":"Valid"}
{"SourceName":"Microsoft-Windows-Sysmon","ProviderGuid":"{5770385f-c22a-43e0-bf4c-06f5698ffbd9}","Level":"4","Keywords":"0x8000000000000000","Channel":"Microsoft-Windows-Sysmon/Operational","Hostname":"ADFS01.blacksmith.local","TimeCreated":"2021-04-27T04:08:28.856Z","@timestamp":"2021-04-27T04:08:28.856Z","EventID":7,"Message":"Image loaded:\r\nRuleName: -\r\nUtcTime: 2021-04-27 08:08:28.844\r\nProcessGuid: {1978b227-c67c-6087-7f7b-000000000500}\r\nProcessId: 8284\r\nImage: C:\\Program Files\\Windows Defender Advanced Threat Protection\\SenseCncProxy.exe\r\nImageLoaded: C:\\Windows\\System32\\advapi32.dll\r\nFileVersion: 10.0.17763.1131 (WinBuild.160101.0800)\r\nDescription: Advanced Windows 32 Base API\r\nProduct: Microsoft® Windows® Operating System\r\nCompany: Microsoft Corporation\r\nOriginalFileName: advapi32.dll\r\nHashes: SHA1=5C7EA03D7656EA690B668680BAC2A1A88329D781,MD5=268CCCE1619709DAB725ABFC5FD2AC07,SHA256=D6FCDDF7D6569425C470547B9E01FBB27363C12D42FE8409401E75647D6F2324,IMPHASH=3A220E81F7BE6E007402D394DD374042\r\nSigned: true\r\nSignature: Microsoft Windows\r\nSignatureStatus: Valid","Task":"7","RuleName":"-","UtcTime":"2021-04-27 08:08:28.844","ProcessGuid":"{1978b227-c67c-6087-7f7b-000000000500}","ProcessId":"8284","Image":"C:\\Program Files\\Windows Defender Advanced Threat Protection\\SenseCncProxy.exe","ImageLoaded":"C:\\Windows\\System32\\advapi32.dll","FileVersion":"10.0.17763.1131 (WinBuild.160101.0800)","Description":"Advanced Windows 32 Base API","Product":"Microsoft® Windows® Operating System","Company":"Microsoft Corporation","OriginalFileName":"advapi32.dll","Hashes":"SHA1=5C7EA03D7656EA690B668680BAC2A1A88329D781,MD5=268CCCE1619709DAB725ABFC5FD2AC07,SHA256=D6FCDDF7D6569425C470547B9E01FBB27363C12D42FE8409401E75647D6F2324,IMPHASH=3A220E81F7BE6E007402D394DD374042","Signed":"true","Signature":"Microsoft Windows","SignatureStatus":"Valid"}
{"SourceName":"Microsoft-Windows-Sysmon","ProviderGuid":"{5770385f-c22a-43e0-bf4c-06f5698ffbd9}","Level":"4","Keywords":"0x8000000000000000","Channel":"Microsoft-Windows-Sysmon/Operational","Hostname":"ADFS01.blacksmith.local","TimeCreated":"2021-04-27T04:08:28.857Z","@timestamp":"2021-04-27T04:08:28.857Z","EventID":7,"Message":"Image loaded:\r\nRuleName: -\r\nUtcTime: 2021-04-27 08:08:28.844\r\nProcessGuid: {1978b227-c67c-6087-7f7b-000000000500}\r\nProcessId: 8284\r\nImage: C:\\Program Files\\Windows Defender Advanced Threat Protection\\SenseCncProxy.exe\r\nImageLoaded: C:\\Windows\\System32\\profapi.dll\r\nFileVersion: 10.0.17763.1075 (WinBuild.160101.0800)\r\nDescription: User Profile Basic API\r\nProduct: Microsoft® Windows® Operating System\r\nCompany: Microsoft Corporation\r\nOriginalFileName: PROFAPI.DLL\r\nHashes: SHA1=68AC0610545601E8C14D52A96ECF48CD3EC0C786,MD5=21D8C6FFC3A71BDE52E56C78BA1C8715,SHA256=6829C5F86E660ED95BBA8AB85E5D1B8BDDBEE69DC4FD3BD2992523775C29C022,IMPHASH=CF0269950BAC18763D80F408325FFF86\r\nSigned: true\r\nSignature: Microsoft Windows\r\nSignatureStatus: Valid","Task":"7","RuleName":"-","UtcTime":"2021-04-27 08:08:28.844","ProcessGuid":"{1978b227-c67c-6087-7f7b-000000000500}","ProcessId":"8284","Image":"C:\\Program Files\\Windows Defender Advanced Threat Protection\\SenseCncProxy.exe","ImageLoaded":"C:\\Windows\\System32\\profapi.dll","FileVersion":"10.0.17763.1075 (WinBuild.160101.0800)","Description":"User Profile Basic API","Product":"Microsoft® Windows® Operating System","Company":"Microsoft Corporation","OriginalFileName":"PROFAPI.DLL","Hashes":"SHA1=68AC0610545601E8C14D52A96ECF48CD3EC0C786,MD5=21D8C6FFC3A71BDE52E56C78BA1C8715,SHA256=6829C5F86E660ED95BBA8AB85E5D1B8BDDBEE69DC4FD3BD2992523775C29C022,IMPHASH=CF0269950BAC18763D80F408325FFF86","Signed":"true","Signature":"Microsoft Windows","SignatureStatus":"Valid"}
