{"SourceName":"Microsoft-Windows-Security-Auditing","ProviderGuid":"{54849625-5478-4994-a5ba-3e3b0328c30d}","Level":"0","Keywords":"0x8020000000000000","Channel":"Security","Hostname":"ADFS01.blacksmith.local","TimeCreated":"2021-04-27T04:07:58.694Z","@timestamp":"2021-04-27T04:07:58.694Z","EventID":4658,"Message":"The handle to an object was closed.\r\n\r\nSubject :\r\n\tSecurity ID:\t\tS-1-5-18\r\n\tAccount Name:\t\tADFS01$\r\n\tAccount Domain:\t\tBLACKSMITH\r\n\tLogon ID:\t\t0x3E7\r\n\r\nObject:\r\n\tObject Server:\t\tSecurity\r\n\tHandle ID:\t\t0x464\r\n\r\nProcess Information:\r\n\tProcess ID:\t\t0x1efc\r\n\tProcess Name:\t\tC:\\Program Files\\Windows Defender Advanced Threat Protection\\MsSense.exe","Task":"12801","SubjectUserSid":"S-1-5-18","SubjectUserName":"ADFS01$","SubjectDomainName":"BLACKSMITH","SubjectLogonId":"0x3e7","ObjectServer":"Security","HandleId":"0x464","ProcessId":"0x1efc","ProcessName":"C:\\Program Files\\Windows Defender Advanced Threat Protection\\MsSense.exe"}
{"SourceName":"Microsoft-Windows-Security-Auditing","ProviderGuid":"{54849625-5478-4994-a5ba-3e3b0328c30d}","Level":"0","Keywords":"0x8020000000000000","Channel":"Security","Hostname":"ADFS01.blacksmith.local","TimeCreated":"2021-04-27T04:07:58.697Z","@timestamp":"2021-04-27T04:07:58.697Z","EventID":4688,"Message":"A new process has been created.\r\n\r\nCreator Subject:\r\n\tSecurity ID:\t\tS-1-5-18\r\n\tAccount Name:\t\tADFS01$\r\n\tAccount Domain:\t\tBLACKSMITH\r\n\tLogon ID:\t\t0x3E7\r\n\r\nTarget Subject:\r\n\tSecurity ID:\t\tS-1-0-0\r\n\tAccount Name:\t\t-\r\n\tAccount Domain:\t\t-\r\n\tLogon ID:\t\t0x0\r\n\r\nProcess Information:\r\n\tNew Process ID:\t\t0x11d4\r\n\tNew Process Name:\tC:\\Program Files\\Windows Defender Advanced Threat Protection\\SenseCncProxy.exe\r\n\tToken Elevation Type:\t%%1936\r\n\tMandatory Label:\t\tS-1-16-16384\r\n\tCreator Process ID:\t0x1efc\r\n\tCreator Process Name:\tC:\\Program Files\\Windows Defender Advanced Threat Protection\\MsSense.exe\r\n\tProcess Command Line:\t1432\r\n\r\nToken Elevation Type indicates the type of token that was assigned to the new process in accordance with User Account Control policy.\r\n\r\nType 1 is a full token with no privileges removed or groups disabled.  A full token is only used if User Account Control is disabled or if the user is the built-in Administrator account or a service account.\r\n\r\nType 2 is an elevated token with no privileges removed or groups disabled.  An elevated token is used when User Account Control is enabled and the user chooses to start the program using Run as administrator.  An elevated token is also used when an application is configured to always require administrative privilege or to always require maximum privilege, and the user is a member of the Administrators group.\r\n\r\nType 3 is a limited token with administrative privileges removed and administrative groups disabled.  The limited token is used when User Account Control is enabled, the application does not require administrative privilege, and the user does not choose to start the program using Run as administrator.","Task":"13312","SubjectUserSid":"S-1-5-18","SubjectUserName":"ADFS01$","SubjectDomainName":"BLACKSMITH","SubjectLogonId":"0x3e7","NewProcessId":"0x11d4","NewProcessName":"C:\\Program Files\\Windows Defender Advanced Threat Protection\\SenseCncProxy.exe","TokenElevationType":"%%1936","ProcessId":"0x1efc","CommandLine":"1432","TargetUserSid":"S-1-0-0","TargetUserName":"-","TargetDomainName":"-","TargetLogonId":"0x0","ParentProcessName":"C:\\Program Files\\Windows Defender Advanced Threat Protection\\MsSense.exe","MandatoryLabel":"S-1-16-16384"}
{"SourceName":"Microsoft-Windows-Security-Auditing","ProviderGuid":"{54849625-5478-4994-a5ba-3e3b0328c30d}","Level":"0","Keywords":"0x8020000000000000","Channel":"Security","Hostname":"ADFS01.blacksmith.local","TimeCreated":"2021-04-27T04:07:58.729Z","@timestamp":"2021-04-27T04:07:58.729Z","EventID":4690,"Message":"An attempt was made to duplicate a handle to an object.\r\n\r\nSubject:\r\n\tSecurity ID:\t\tS-1-5-18\r\n\tAccount Name:\t\tADFS01$\r\n\tAccount Domain:\t\tBLACKSMITH\r\n\tLogon ID:\t\t0x3E7\r\n\r\nSource Handle Information:\r\n\tSource Handle ID:\t0x80\r\n\tSource Process ID:\t0x11d4\r\n\r\nNew Handle Information:\r\n\tTarget Handle ID:\t0x311c\r\n\tTarget Process ID:\t0x4","Task":"12807","SubjectUserSid":"S-1-5-18","SubjectUserName":"ADFS01$","SubjectDomainName":"BLACKSMITH","SubjectLogonId":"0x3e7","SourceHandleId":"0x80","SourceProcessId":"0x11d4","TargetHandleId":"0x311c","TargetProcessId":"0x4"}
{"SourceName":"Microsoft-Windows-Security-Auditing","ProviderGuid":"{54849625-5478-4994-a5ba-3e3b0328c30d}","Level":"0","Keywords":"0x8020000000000000","Channel":"Security","Hostname":"ADFS01.blacksmith.local","TimeCreated":"2021-04-27T04:07:58.729Z","@timestamp":"2021-04-27T04:07:58.729Z","EventID":4658,"Message":"The handle to an object was closed.\r\n\r\nSubject :\r\n\tSecurity ID:\t\tS-1-5-18\r\n\tAccount Name:\t\tADFS01$\r\n\tAccount Domain:\t\tBLACKSMITH\r\n\tLogon ID:\t\t0x3E7\r\n\r\nObject:\r\n\tObject Server:\t\tSecurity\r\n\tHandle ID:\t\t0x311c\r\n\r\nProcess Information:\r\n\tProcess ID:\t\t0x11d4\r\n\tProcess Name:\t\tC:\\Program Files\\Windows Defender Advanced Threat Protection\\SenseCncProxy.exe","Task":"12801","SubjectUserSid":"S-1-5-18","SubjectUserName":"ADFS01$","SubjectDomainName":"BLACKSMITH","SubjectLogonId":"0x3e7","ObjectServer":"Security","HandleId":"0x311c","ProcessId":"0x11d4","ProcessName":"C:\\Program Files\\Windows Defender Advanced Threat Protection\\SenseCncProxy.exe"}
{"SourceName":"Microsoft-Windows-Security-Auditing","ProviderGuid":"{54849625-5478-4994-a5ba-3e3b0328c30d}","Level":"0","Keywords":"0x8020000000000000","Channel":"Security","Hostname":"ADFS01.blacksmith.local","TimeCreated":"2021-04-27T04:07:58.729Z","@timestamp":"2021-04-27T04:07:58.729Z","EventID":4656,"Message":"A handle to an object was requested.\r\n\r\nSubject:\r\n\tSecurity ID:\t\tS-1-5-18\r\n\tAccount Name:\t\tADFS01$\r\n\tAccount Domain:\t\tBLACKSMITH\r\n\tLogon ID:\t\t0x3E7\r\n\r\nObject:\r\n\tObject Server:\t\tSecurity\r\n\tObject Type:\t\tKey\r\n\tObject Name:\t\t\\REGISTRY\\MACHINE\\SYSTEM\\ControlSet001\\Control\\Lsa\r\n\tHandle ID:\t\t0x80\r\n\tResource Attributes:\t-\r\n\r\nProcess Information:\r\n\tProcess ID:\t\t0x11d4\r\n\tProcess Name:\t\tC:\\Program Files\\Windows Defender Advanced Threat Protection\\SenseCncProxy.exe\r\n\r\nAccess Request Information:\r\n\tTransaction ID:\t\t{00000000-0000-0000-0000-000000000000}\r\n\tAccesses:\t\tQuery key value\r\n\t\t\t\t\r\n\tAccess Reasons:\t\t-\r\n\tAccess Mask:\t\t0x1\r\n\tPrivileges Used for Access Check:\t-\r\n\tRestricted SID Count:\t0","Task":"12801","SubjectUserSid":"S-1-5-18","SubjectUserName":"ADFS01$","SubjectDomainName":"BLACKSMITH","SubjectLogonId":"0x3e7","ObjectServer":"Security","ObjectType":"Key","ObjectName":"\\REGISTRY\\MACHINE\\SYSTEM\\ControlSet001\\Control\\Lsa","HandleId":"0x80","TransactionId":"{00000000-0000-0000-0000-000000000000}","AccessList":"%%4432\n\t\t\t\t","AccessReason":"-","AccessMask":"0x1","PrivilegeList":"-","RestrictedSidCount":"0","ProcessId":"0x11d4","ProcessName":"C:\\Program Files\\Windows Defender Advanced Threat Protection\\SenseCncProxy.exe","ResourceAttributes":"-"}
{"SourceName":"Microsoft-Windows-Security-Auditing","ProviderGuid":"{54849625-5478-4994-a5ba-3e3b0328c30d}","Level":"0","Keywords":"0x8020000000000000","Channel":"Security","Hostname":"ADFS01.blacksmith.local","TimeCreated":"2021-04-27T04:07:58.729Z","@timestamp":"2021-04-27T04:07:58.729Z","EventID":4663,"Message":"An attempt was made to access an object.\r\n\r\nSubject:\r\n\tSecurity ID:\t\tS-1-5-18\r\n\tAccount Name:\t\tADFS01$\r\n\tAccount Domain:\t\tBLACKSMITH\r\n\tLogon ID:\t\t0x3E7\r\n\r\nObject:\r\n\tObject Server:\t\tSecurity\r\n\tObject Type:\t\tKey\r\n\tObject Name:\t\t\\REGISTRY\\MACHINE\\SYSTEM\\ControlSet001\\Control\\Lsa\r\n\tHandle ID:\t\t0x80\r\n\tResource Attributes:\t-\r\n\r\nProcess Information:\r\n\tProcess ID:\t\t0x11d4\r\n\tProcess Name:\t\tC:\\Program Files\\Windows Defender Advanced Threat Protection\\SenseCncProxy.exe\r\n\r\nAccess Request Information:\r\n\tAccesses:\t\tQuery key value\r\n\t\t\t\t\r\n\tAccess Mask:\t\t0x1","Task":"12801","SubjectUserSid":"S-1-5-18","SubjectUserName":"ADFS01$","SubjectDomainName":"BLACKSMITH","SubjectLogonId":"0x3e7","ObjectServer":"Security","ObjectType":"Key","ObjectName":"\\REGISTRY\\MACHINE\\SYSTEM\\ControlSet001\\Control\\Lsa","HandleId":"0x80","AccessList":"%%4432\n\t\t\t\t","AccessMask":"0x1","ProcessId":"0x11d4","ProcessName":"C:\\Program Files\\Windows Defender Advanced Threat Protection\\SenseCncProxy.exe","ResourceAttributes":"-"}
{"SourceName":"Microsoft-Windows-Security-Auditing","ProviderGuid":"{54849625-5478-4994-a5ba-3e3b0328c30d}","Level":"0","Keywords":"0x8020000000000000","Channel":"Security","Hostname":"ADFS01.blacksmith.local","TimeCreated":"2021-04-27T04:07:58.729Z","@timestamp":"2021-04-27T04:07:58.729Z","EventID":4658,"Message":"The handle to an object was closed.\r\n\r\nSubject :\r\n\tSecurity ID:\t\tS-1-5-18\r\n\tAccount Name:\t\tADFS01$\r\n\tAccount Domain:\t\tBLACKSMITH\r\n\tLogon ID:\t\t0x3E7\r\n\r\nObject:\r\n\tObject Server:\t\tSecurity\r\n\tHandle ID:\t\t0x80\r\n\r\nProcess Information:\r\n\tProcess ID:\t\t0x11d4\r\n\tProcess Name:\t\tC:\\Program Files\\Windows Defender Advanced Threat Protection\\SenseCncProxy.exe","Task":"12801","SubjectUserSid":"S-1-5-18","SubjectUserName":"ADFS01$","SubjectDomainName":"BLACKSMITH","SubjectLogonId":"0x3e7","ObjectServer":"Security","HandleId":"0x80","ProcessId":"0x11d4","ProcessName":"C:\\Program Files\\Windows Defender Advanced Threat Protection\\SenseCncProxy.exe"}
{"SourceName":"Microsoft-Windows-Security-Auditing","ProviderGuid":"{54849625-5478-4994-a5ba-3e3b0328c30d}","Level":"0","Keywords":"0x8020000000000000","Channel":"Security","Hostname":"ADFS01.blacksmith.local","TimeCreated":"2021-04-27T04:07:58.762Z","@timestamp":"2021-04-27T04:07:58.762Z","EventID":5158,"Message":"The Windows Filtering Platform has permitted a bind to a local port.\r\n\r\nApplication Information:\r\n\tProcess ID:\t\t1308\r\n\tApplication Name:\t\\device\\harddiskvolume2\\windows\\system32\\svchost.exe\r\n\r\nNetwork Information:\r\n\tSource Address:\t\t::\r\n\tSource Port:\t\t57132\r\n\tProtocol:\t\t17\r\n\r\nFilter Information:\r\n\tFilter Run-Time ID:\t0\r\n\tLayer Name:\t\tResource Assignment\r\n\tLayer Run-Time ID:\t36","Task":"12810","ProcessId":"1308","Application":"\\device\\harddiskvolume2\\windows\\system32\\svchost.exe","SourceAddress":"::","SourcePort":"57132","Protocol":"17","FilterRTID":"0","LayerName":"%%14608","LayerRTID":"36"}
{"SourceName":"Microsoft-Windows-Security-Auditing","ProviderGuid":"{54849625-5478-4994-a5ba-3e3b0328c30d}","Level":"0","Keywords":"0x8020000000000000","Channel":"Security","Hostname":"ADFS01.blacksmith.local","TimeCreated":"2021-04-27T04:07:58.762Z","@timestamp":"2021-04-27T04:07:58.762Z","EventID":5158,"Message":"The Windows Filtering Platform has permitted a bind to a local port.\r\n\r\nApplication Information:\r\n\tProcess ID:\t\t1308\r\n\tApplication Name:\t\\device\\harddiskvolume2\\windows\\system32\\svchost.exe\r\n\r\nNetwork Information:\r\n\tSource Address:\t\t::\r\n\tSource Port:\t\t57132\r\n\tProtocol:\t\t17\r\n\r\nFilter Information:\r\n\tFilter Run-Time ID:\t0\r\n\tLayer Name:\t\tResource Assignment\r\n\tLayer Run-Time ID:\t38","Task":"12810","ProcessId":"1308","Application":"\\device\\harddiskvolume2\\windows\\system32\\svchost.exe","SourceAddress":"::","SourcePort":"57132","Protocol":"17","FilterRTID":"0","LayerName":"%%14608","LayerRTID":"38"}
{"SourceName":"Microsoft-Windows-Security-Auditing","ProviderGuid":"{54849625-5478-4994-a5ba-3e3b0328c30d}","Level":"0","Keywords":"0x8020000000000000","Channel":"Security","Hostname":"ADFS01.blacksmith.local","TimeCreated":"2021-04-27T04:07:58.762Z","@timestamp":"2021-04-27T04:07:58.762Z","EventID":5156,"Message":"The Windows Filtering Platform has permitted a connection.\r\n\r\nApplication Information:\r\n\tProcess ID:\t\t1308\r\n\tApplication Name:\t\\device\\harddiskvolume2\\windows\\system32\\svchost.exe\r\n\r\nNetwork Information:\r\n\tDirection:\t\tOutbound\r\n\tSource Address:\t\t192.168.2.5\r\n\tSource Port:\t\t57132\r\n\tDestination Address:\t192.168.2.4\r\n\tDestination Port:\t\t53\r\n\tProtocol:\t\t17\r\n\r\nFilter Information:\r\n\tFilter Run-Time ID:\t74646\r\n\tLayer Name:\t\tConnect\r\n\tLayer Run-Time ID:\t48","Task":"12810","ProcessID":"1308","Application":"\\device\\harddiskvolume2\\windows\\system32\\svchost.exe","Direction":"%%14593","SourceAddress":"192.168.2.5","SourcePort":"57132","DestAddress":"192.168.2.4","DestPort":"53","Protocol":"17","FilterRTID":"74646","LayerName":"%%14611","LayerRTID":"48","RemoteUserID":"S-1-0-0","RemoteMachineID":"S-1-0-0"}
{"SourceName":"Microsoft-Windows-Security-Auditing","ProviderGuid":"{54849625-5478-4994-a5ba-3e3b0328c30d}","Level":"0","Keywords":"0x8020000000000000","Channel":"Security","Hostname":"ADFS01.blacksmith.local","TimeCreated":"2021-04-27T04:07:58.766Z","@timestamp":"2021-04-27T04:07:58.766Z","EventID":5158,"Message":"The Windows Filtering Platform has permitted a bind to a local port.\r\n\r\nApplication Information:\r\n\tProcess ID:\t\t4564\r\n\tApplication Name:\t\\device\\harddiskvolume2\\program files\\windows defender advanced threat protection\\sensecncproxy.exe\r\n\r\nNetwork Information:\r\n\tSource Address:\t\t0.0.0.0\r\n\tSource Port:\t\t60283\r\n\tProtocol:\t\t6\r\n\r\nFilter Information:\r\n\tFilter Run-Time ID:\t0\r\n\tLayer Name:\t\tResource Assignment\r\n\tLayer Run-Time ID:\t36","Task":"12810","ProcessId":"4564","Application":"\\device\\harddiskvolume2\\program files\\windows defender advanced threat protection\\sensecncproxy.exe","SourceAddress":"0.0.0.0","SourcePort":"60283","Protocol":"6","FilterRTID":"0","LayerName":"%%14608","LayerRTID":"36"}
{"SourceName":"Microsoft-Windows-Security-Auditing","ProviderGuid":"{54849625-5478-4994-a5ba-3e3b0328c30d}","Level":"0","Keywords":"0x8020000000000000","Channel":"Security","Hostname":"ADFS01.blacksmith.local","TimeCreated":"2021-04-27T04:07:58.767Z","@timestamp":"2021-04-27T04:07:58.767Z","EventID":5156,"Message":"The Windows Filtering Platform has permitted a connection.\r\n\r\nApplication Information:\r\n\tProcess ID:\t\t4564\r\n\tApplication Name:\t\\device\\harddiskvolume2\\program files\\windows defender advanced threat protection\\sensecncproxy.exe\r\n\r\nNetwork Information:\r\n\tDirection:\t\tOutbound\r\n\tSource Address:\t\t192.168.2.5\r\n\tSource Port:\t\t60283\r\n\tDestination Address:\t40.65.232.222\r\n\tDestination Port:\t\t443\r\n\tProtocol:\t\t6\r\n\r\nFilter Information:\r\n\tFilter Run-Time ID:\t74646\r\n\tLayer Name:\t\tConnect\r\n\tLayer Run-Time ID:\t48","Task":"12810","ProcessID":"4564","Application":"\\device\\harddiskvolume2\\program files\\windows defender advanced threat protection\\sensecncproxy.exe","Direction":"%%14593","SourceAddress":"192.168.2.5","SourcePort":"60283","DestAddress":"40.65.232.222","DestPort":"443","Protocol":"6","FilterRTID":"74646","LayerName":"%%14611","LayerRTID":"48","RemoteUserID":"S-1-0-0","RemoteMachineID":"S-1-0-0"}
{"SourceName":"Microsoft-Windows-Security-Auditing","ProviderGuid":"{54849625-5478-4994-a5ba-3e3b0328c30d}","Level":"0","Keywords":"0x8020000000000000","Channel":"Security","Hostname":"ADFS01.blacksmith.local","TimeCreated":"2021-04-27T04:07:58.816Z","@timestamp":"2021-04-27T04:07:58.816Z","EventID":4689,"Message":"A process has exited.\r\n\r\nSubject:\r\n\tSecurity ID:\t\tS-1-5-18\r\n\tAccount Name:\t\tADFS01$\r\n\tAccount Domain:\t\tBLACKSMITH\r\n\tLogon ID:\t\t0x3E7\r\n\r\nProcess Information:\r\n\tProcess ID:\t0x11d4\r\n\tProcess Name:\tC:\\Program Files\\Windows Defender Advanced Threat Protection\\SenseCncProxy.exe\r\n\tExit Status:\t0x0","Task":"13313","SubjectUserSid":"S-1-5-18","SubjectUserName":"ADFS01$","SubjectDomainName":"BLACKSMITH","SubjectLogonId":"0x3e7","Status":"0x0","ProcessId":"0x11d4","ProcessName":"C:\\Program Files\\Windows Defender Advanced Threat Protection\\SenseCncProxy.exe"}
{"SourceName":"Microsoft-Windows-Security-Auditing","ProviderGuid":"{54849625-5478-4994-a5ba-3e3b0328c30d}","Level":"0","Keywords":"0x8020000000000000","Channel":"Security","Hostname":"ADFS01.blacksmith.local","TimeCreated":"2021-04-27T04:07:59.160Z","@timestamp":"2021-04-27T04:07:59.160Z","EventID":5158,"Message":"The Windows Filtering Platform has permitted a bind to a local port.\r\n\r\nApplication Information:\r\n\tProcess ID:\t\t2920\r\n\tApplication Name:\t\\device\\harddiskvolume2\\windowsazure\\packages\\guestagent\\windowsazureguestagent.exe\r\n\r\nNetwork Information:\r\n\tSource Address:\t\t0.0.0.0\r\n\tSource Port:\t\t60284\r\n\tProtocol:\t\t6\r\n\r\nFilter Information:\r\n\tFilter Run-Time ID:\t0\r\n\tLayer Name:\t\tResource Assignment\r\n\tLayer Run-Time ID:\t36","Task":"12810","ProcessId":"2920","Application":"\\device\\harddiskvolume2\\windowsazure\\packages\\guestagent\\windowsazureguestagent.exe","SourceAddress":"0.0.0.0","SourcePort":"60284","Protocol":"6","FilterRTID":"0","LayerName":"%%14608","LayerRTID":"36"}
{"SourceName":"Microsoft-Windows-Security-Auditing","ProviderGuid":"{54849625-5478-4994-a5ba-3e3b0328c30d}","Level":"0","Keywords":"0x8020000000000000","Channel":"Security","Hostname":"ADFS01.blacksmith.local","TimeCreated":"2021-04-27T04:07:59.160Z","@timestamp":"2021-04-27T04:07:59.160Z","EventID":5156,"Message":"The Windows Filtering Platform has permitted a connection.\r\n\r\nApplication Information:\r\n\tProcess ID:\t\t2920\r\n\tApplication Name:\t\\device\\harddiskvolume2\\windowsazure\\packages\\guestagent\\windowsazureguestagent.exe\r\n\r\nNetwork Information:\r\n\tDirection:\t\tOutbound\r\n\tSource Address:\t\t192.168.2.5\r\n\tSource Port:\t\t60284\r\n\tDestination Address:\t169.254.169.254\r\n\tDestination Port:\t\t80\r\n\tProtocol:\t\t6\r\n\r\nFilter Information:\r\n\tFilter Run-Time ID:\t74646\r\n\tLayer Name:\t\tConnect\r\n\tLayer Run-Time ID:\t48","Task":"12810","ProcessID":"2920","Application":"\\device\\harddiskvolume2\\windowsazure\\packages\\guestagent\\windowsazureguestagent.exe","Direction":"%%14593","SourceAddress":"192.168.2.5","SourcePort":"60284","DestAddress":"169.254.169.254","DestPort":"80","Protocol":"6","FilterRTID":"74646","LayerName":"%%14611","LayerRTID":"48","RemoteUserID":"S-1-0-0","RemoteMachineID":"S-1-0-0"}
{"SourceName":"Microsoft-Windows-Security-Auditing","ProviderGuid":"{54849625-5478-4994-a5ba-3e3b0328c30d}","Level":"0","Keywords":"0x8020000000000000","Channel":"Security","Hostname":"ADFS01.blacksmith.local","TimeCreated":"2021-04-27T04:07:59.804Z","@timestamp":"2021-04-27T04:07:59.804Z","EventID":5158,"Message":"The Windows Filtering Platform has permitted a bind to a local port.\r\n\r\nApplication Information:\r\n\tProcess ID:\t\t1308\r\n\tApplication Name:\t\\device\\harddiskvolume2\\windows\\system32\\svchost.exe\r\n\r\nNetwork Information:\r\n\tSource Address:\t\t::\r\n\tSource Port:\t\t52743\r\n\tProtocol:\t\t17\r\n\r\nFilter Information:\r\n\tFilter Run-Time ID:\t0\r\n\tLayer Name:\t\tResource Assignment\r\n\tLayer Run-Time ID:\t36","Task":"12810","ProcessId":"1308","Application":"\\device\\harddiskvolume2\\windows\\system32\\svchost.exe","SourceAddress":"::","SourcePort":"52743","Protocol":"17","FilterRTID":"0","LayerName":"%%14608","LayerRTID":"36"}
{"SourceName":"Microsoft-Windows-Security-Auditing","ProviderGuid":"{54849625-5478-4994-a5ba-3e3b0328c30d}","Level":"0","Keywords":"0x8020000000000000","Channel":"Security","Hostname":"ADFS01.blacksmith.local","TimeCreated":"2021-04-27T04:07:59.804Z","@timestamp":"2021-04-27T04:07:59.804Z","EventID":5158,"Message":"The Windows Filtering Platform has permitted a bind to a local port.\r\n\r\nApplication Information:\r\n\tProcess ID:\t\t1308\r\n\tApplication Name:\t\\device\\harddiskvolume2\\windows\\system32\\svchost.exe\r\n\r\nNetwork Information:\r\n\tSource Address:\t\t::\r\n\tSource Port:\t\t52743\r\n\tProtocol:\t\t17\r\n\r\nFilter Information:\r\n\tFilter Run-Time ID:\t0\r\n\tLayer Name:\t\tResource Assignment\r\n\tLayer Run-Time ID:\t38","Task":"12810","ProcessId":"1308","Application":"\\device\\harddiskvolume2\\windows\\system32\\svchost.exe","SourceAddress":"::","SourcePort":"52743","Protocol":"17","FilterRTID":"0","LayerName":"%%14608","LayerRTID":"38"}
{"SourceName":"Microsoft-Windows-Security-Auditing","ProviderGuid":"{54849625-5478-4994-a5ba-3e3b0328c30d}","Level":"0","Keywords":"0x8020000000000000","Channel":"Security","Hostname":"ADFS01.blacksmith.local","TimeCreated":"2021-04-27T04:07:59.804Z","@timestamp":"2021-04-27T04:07:59.804Z","EventID":5156,"Message":"The Windows Filtering Platform has permitted a connection.\r\n\r\nApplication Information:\r\n\tProcess ID:\t\t1308\r\n\tApplication Name:\t\\device\\harddiskvolume2\\windows\\system32\\svchost.exe\r\n\r\nNetwork Information:\r\n\tDirection:\t\tOutbound\r\n\tSource Address:\t\t192.168.2.5\r\n\tSource Port:\t\t52743\r\n\tDestination Address:\t192.168.2.4\r\n\tDestination Port:\t\t53\r\n\tProtocol:\t\t17\r\n\r\nFilter Information:\r\n\tFilter Run-Time ID:\t74646\r\n\tLayer Name:\t\tConnect\r\n\tLayer Run-Time ID:\t48","Task":"12810","ProcessID":"1308","Application":"\\device\\harddiskvolume2\\windows\\system32\\svchost.exe","Direction":"%%14593","SourceAddress":"192.168.2.5","SourcePort":"52743","DestAddress":"192.168.2.4","DestPort":"53","Protocol":"17","FilterRTID":"74646","LayerName":"%%14611","LayerRTID":"48","RemoteUserID":"S-1-0-0","RemoteMachineID":"S-1-0-0"}
{"SourceName":"Microsoft-Windows-Security-Auditing","ProviderGuid":"{54849625-5478-4994-a5ba-3e3b0328c30d}","Level":"0","Keywords":"0x8020000000000000","Channel":"Security","Hostname":"ADFS01.blacksmith.local","TimeCreated":"2021-04-27T04:07:59.845Z","@timestamp":"2021-04-27T04:07:59.845Z","EventID":5158,"Message":"The Windows Filtering Platform has permitted a bind to a local port.\r\n\r\nApplication Information:\r\n\tProcess ID:\t\t7672\r\n\tApplication Name:\t\\device\\harddiskvolume2\\program files\\azure advanced threat protection sensor\\2.145.14026.14857\\microsoft.tri.sensor.updater.exe\r\n\r\nNetwork Information:\r\n\tSource Address:\t\t0.0.0.0\r\n\tSource Port:\t\t60285\r\n\tProtocol:\t\t6\r\n\r\nFilter Information:\r\n\tFilter Run-Time ID:\t0\r\n\tLayer Name:\t\tResource Assignment\r\n\tLayer Run-Time ID:\t36","Task":"12810","ProcessId":"7672","Application":"\\device\\harddiskvolume2\\program files\\azure advanced threat protection sensor\\2.145.14026.14857\\microsoft.tri.sensor.updater.exe","SourceAddress":"0.0.0.0","SourcePort":"60285","Protocol":"6","FilterRTID":"0","LayerName":"%%14608","LayerRTID":"36"}
{"SourceName":"Microsoft-Windows-Security-Auditing","ProviderGuid":"{54849625-5478-4994-a5ba-3e3b0328c30d}","Level":"0","Keywords":"0x8020000000000000","Channel":"Security","Hostname":"ADFS01.blacksmith.local","TimeCreated":"2021-04-27T04:07:59.845Z","@timestamp":"2021-04-27T04:07:59.845Z","EventID":5156,"Message":"The Windows Filtering Platform has permitted a connection.\r\n\r\nApplication Information:\r\n\tProcess ID:\t\t7672\r\n\tApplication Name:\t\\device\\harddiskvolume2\\program files\\azure advanced threat protection sensor\\2.145.14026.14857\\microsoft.tri.sensor.updater.exe\r\n\r\nNetwork Information:\r\n\tDirection:\t\tOutbound\r\n\tSource Address:\t\t192.168.2.5\r\n\tSource Port:\t\t60285\r\n\tDestination Address:\t20.42.129.178\r\n\tDestination Port:\t\t443\r\n\tProtocol:\t\t6\r\n\r\nFilter Information:\r\n\tFilter Run-Time ID:\t74646\r\n\tLayer Name:\t\tConnect\r\n\tLayer Run-Time ID:\t48","Task":"12810","ProcessID":"7672","Application":"\\device\\harddiskvolume2\\program files\\azure advanced threat protection sensor\\2.145.14026.14857\\microsoft.tri.sensor.updater.exe","Direction":"%%14593","SourceAddress":"192.168.2.5","SourcePort":"60285","DestAddress":"20.42.129.178","DestPort":"443","Protocol":"6","FilterRTID":"74646","LayerName":"%%14611","LayerRTID":"48","RemoteUserID":"S-1-0-0","RemoteMachineID":"S-1-0-0"}
{"SourceName":"Microsoft-Windows-Security-Auditing","ProviderGuid":"{54849625-5478-4994-a5ba-3e3b0328c30d}","Level":"0","Keywords":"0x8020000000000000","Channel":"Security","Hostname":"ADFS01.blacksmith.local","TimeCreated":"2021-04-27T04:08:00.257Z","@timestamp":"2021-04-27T04:08:00.257Z","EventID":5058,"Message":"Key file operation.\r\n\r\nSubject:\r\n\tSecurity ID:\t\tS-1-5-18\r\n\tAccount Name:\t\tADFS01$\r\n\tAccount Domain:\t\tBLACKSMITH\r\n\tLogon ID:\t\t0x3E7\r\n\r\nProcess Information:\r\n\tProcess ID:\t\t7672\r\n\tProcess Creation Time:\t‎2021‎-‎04‎-‎22T12:55:17.348966500Z\r\n\r\nCryptographic Parameters:\r\n\tProvider Name:\tMicrosoft Software Key Storage Provider\r\n\tAlgorithm Name:\tUNKNOWN\r\n\tKey Name:\tda2440609ab1647a92040d1a4a938e26_1978b227-6878-4a16-b086-fc55eb404728\r\n\tKey Type:\tMachine key.\r\n\r\nKey File Operation Information:\r\n\tFile Path:\tC:\\ProgramData\\Microsoft\\Crypto\\RSA\\MachineKeys\\da2440609ab1647a92040d1a4a938e26_1978b227-6878-4a16-b086-fc55eb404728\r\n\tOperation:\tRead persisted key from file.\r\n\tReturn Code:\t0x0","Task":"12292","SubjectUserSid":"S-1-5-18","SubjectUserName":"ADFS01$","SubjectDomainName":"BLACKSMITH","SubjectLogonId":"0x3e7","ClientProcessId":"7672","ClientCreationTime":"2021-04-22T12:55:17.348966500Z","ProviderName":"Microsoft Software Key Storage Provider","AlgorithmName":"UNKNOWN","KeyName":"da2440609ab1647a92040d1a4a938e26_1978b227-6878-4a16-b086-fc55eb404728","KeyType":"%%2499","KeyFilePath":"C:\\ProgramData\\Microsoft\\Crypto\\RSA\\MachineKeys\\da2440609ab1647a92040d1a4a938e26_1978b227-6878-4a16-b086-fc55eb404728","Operation":"%%2458","ReturnCode":"0x0"}
{"SourceName":"Microsoft-Windows-Security-Auditing","ProviderGuid":"{54849625-5478-4994-a5ba-3e3b0328c30d}","Level":"0","Keywords":"0x8020000000000000","Channel":"Security","Hostname":"ADFS01.blacksmith.local","TimeCreated":"2021-04-27T04:08:00.258Z","@timestamp":"2021-04-27T04:08:00.258Z","EventID":5061,"Message":"Cryptographic operation.\r\n\r\nSubject:\r\n\tSecurity ID:\t\tS-1-5-18\r\n\tAccount Name:\t\tADFS01$\r\n\tAccount Domain:\t\tBLACKSMITH\r\n\tLogon ID:\t\t0x3E7\r\n\r\nCryptographic Parameters:\r\n\tProvider Name:\tMicrosoft Software Key Storage Provider\r\n\tAlgorithm Name:\tRSA\r\n\tKey Name:\ttp-05ce1a23-b347-4e7c-8cac-298be4cf07fb\r\n\tKey Type:\tMachine key.\r\n\r\nCryptographic Operation:\r\n\tOperation:\tOpen Key.\r\n\tReturn Code:\t0x0","Task":"12290","SubjectUserSid":"S-1-5-18","SubjectUserName":"ADFS01$","SubjectDomainName":"BLACKSMITH","SubjectLogonId":"0x3e7","ProviderName":"Microsoft Software Key Storage Provider","AlgorithmName":"RSA","KeyName":"tp-05ce1a23-b347-4e7c-8cac-298be4cf07fb","KeyType":"%%2499","Operation":"%%2480","ReturnCode":"0x0"}
{"SourceName":"Microsoft-Windows-Security-Auditing","ProviderGuid":"{54849625-5478-4994-a5ba-3e3b0328c30d}","Level":"0","Keywords":"0x8020000000000000","Channel":"Security","Hostname":"ADFS01.blacksmith.local","TimeCreated":"2021-04-27T04:08:00.263Z","@timestamp":"2021-04-27T04:08:00.263Z","EventID":5058,"Message":"Key file operation.\r\n\r\nSubject:\r\n\tSecurity ID:\t\tS-1-5-18\r\n\tAccount Name:\t\tADFS01$\r\n\tAccount Domain:\t\tBLACKSMITH\r\n\tLogon ID:\t\t0x3E7\r\n\r\nProcess Information:\r\n\tProcess ID:\t\t7672\r\n\tProcess Creation Time:\t‎2021‎-‎04‎-‎22T12:55:17.348966500Z\r\n\r\nCryptographic Parameters:\r\n\tProvider Name:\tMicrosoft Software Key Storage Provider\r\n\tAlgorithm Name:\tUNKNOWN\r\n\tKey Name:\tda2440609ab1647a92040d1a4a938e26_1978b227-6878-4a16-b086-fc55eb404728\r\n\tKey Type:\tMachine key.\r\n\r\nKey File Operation Information:\r\n\tFile Path:\tC:\\ProgramData\\Microsoft\\Crypto\\RSA\\MachineKeys\\da2440609ab1647a92040d1a4a938e26_1978b227-6878-4a16-b086-fc55eb404728\r\n\tOperation:\tRead persisted key from file.\r\n\tReturn Code:\t0x0","Task":"12292","SubjectUserSid":"S-1-5-18","SubjectUserName":"ADFS01$","SubjectDomainName":"BLACKSMITH","SubjectLogonId":"0x3e7","ClientProcessId":"7672","ClientCreationTime":"2021-04-22T12:55:17.348966500Z","ProviderName":"Microsoft Software Key Storage Provider","AlgorithmName":"UNKNOWN","KeyName":"da2440609ab1647a92040d1a4a938e26_1978b227-6878-4a16-b086-fc55eb404728","KeyType":"%%2499","KeyFilePath":"C:\\ProgramData\\Microsoft\\Crypto\\RSA\\MachineKeys\\da2440609ab1647a92040d1a4a938e26_1978b227-6878-4a16-b086-fc55eb404728","Operation":"%%2458","ReturnCode":"0x0"}
{"SourceName":"Microsoft-Windows-Security-Auditing","ProviderGuid":"{54849625-5478-4994-a5ba-3e3b0328c30d}","Level":"0","Keywords":"0x8020000000000000","Channel":"Security","Hostname":"ADFS01.blacksmith.local","TimeCreated":"2021-04-27T04:08:00.263Z","@timestamp":"2021-04-27T04:08:00.263Z","EventID":5061,"Message":"Cryptographic operation.\r\n\r\nSubject:\r\n\tSecurity ID:\t\tS-1-5-18\r\n\tAccount Name:\t\tADFS01$\r\n\tAccount Domain:\t\tBLACKSMITH\r\n\tLogon ID:\t\t0x3E7\r\n\r\nCryptographic Parameters:\r\n\tProvider Name:\tMicrosoft Software Key Storage Provider\r\n\tAlgorithm Name:\tRSA\r\n\tKey Name:\ttp-05ce1a23-b347-4e7c-8cac-298be4cf07fb\r\n\tKey Type:\tMachine key.\r\n\r\nCryptographic Operation:\r\n\tOperation:\tOpen Key.\r\n\tReturn Code:\t0x0","Task":"12290","SubjectUserSid":"S-1-5-18","SubjectUserName":"ADFS01$","SubjectDomainName":"BLACKSMITH","SubjectLogonId":"0x3e7","ProviderName":"Microsoft Software Key Storage Provider","AlgorithmName":"RSA","KeyName":"tp-05ce1a23-b347-4e7c-8cac-298be4cf07fb","KeyType":"%%2499","Operation":"%%2480","ReturnCode":"0x0"}
{"SourceName":"Microsoft-Windows-Security-Auditing","ProviderGuid":"{54849625-5478-4994-a5ba-3e3b0328c30d}","Level":"0","Keywords":"0x8020000000000000","Channel":"Security","Hostname":"ADFS01.blacksmith.local","TimeCreated":"2021-04-27T04:08:00.268Z","@timestamp":"2021-04-27T04:08:00.268Z","EventID":5058,"Message":"Key file operation.\r\n\r\nSubject:\r\n\tSecurity ID:\t\tS-1-5-18\r\n\tAccount Name:\t\tADFS01$\r\n\tAccount Domain:\t\tBLACKSMITH\r\n\tLogon ID:\t\t0x3E7\r\n\r\nProcess Information:\r\n\tProcess ID:\t\t7672\r\n\tProcess Creation Time:\t‎2021‎-‎04‎-‎22T12:55:17.348966500Z\r\n\r\nCryptographic Parameters:\r\n\tProvider Name:\tMicrosoft Software Key Storage Provider\r\n\tAlgorithm Name:\tUNKNOWN\r\n\tKey Name:\tda2440609ab1647a92040d1a4a938e26_1978b227-6878-4a16-b086-fc55eb404728\r\n\tKey Type:\tMachine key.\r\n\r\nKey File Operation Information:\r\n\tFile Path:\tC:\\ProgramData\\Microsoft\\Crypto\\RSA\\MachineKeys\\da2440609ab1647a92040d1a4a938e26_1978b227-6878-4a16-b086-fc55eb404728\r\n\tOperation:\tRead persisted key from file.\r\n\tReturn Code:\t0x0","Task":"12292","SubjectUserSid":"S-1-5-18","SubjectUserName":"ADFS01$","SubjectDomainName":"BLACKSMITH","SubjectLogonId":"0x3e7","ClientProcessId":"7672","ClientCreationTime":"2021-04-22T12:55:17.348966500Z","ProviderName":"Microsoft Software Key Storage Provider","AlgorithmName":"UNKNOWN","KeyName":"da2440609ab1647a92040d1a4a938e26_1978b227-6878-4a16-b086-fc55eb404728","KeyType":"%%2499","KeyFilePath":"C:\\ProgramData\\Microsoft\\Crypto\\RSA\\MachineKeys\\da2440609ab1647a92040d1a4a938e26_1978b227-6878-4a16-b086-fc55eb404728","Operation":"%%2458","ReturnCode":"0x0"}
{"SourceName":"Microsoft-Windows-Security-Auditing","ProviderGuid":"{54849625-5478-4994-a5ba-3e3b0328c30d}","Level":"0","Keywords":"0x8020000000000000","Channel":"Security","Hostname":"ADFS01.blacksmith.local","TimeCreated":"2021-04-27T04:08:00.268Z","@timestamp":"2021-04-27T04:08:00.268Z","EventID":5061,"Message":"Cryptographic operation.\r\n\r\nSubject:\r\n\tSecurity ID:\t\tS-1-5-18\r\n\tAccount Name:\t\tADFS01$\r\n\tAccount Domain:\t\tBLACKSMITH\r\n\tLogon ID:\t\t0x3E7\r\n\r\nCryptographic Parameters:\r\n\tProvider Name:\tMicrosoft Software Key Storage Provider\r\n\tAlgorithm Name:\tRSA\r\n\tKey Name:\ttp-05ce1a23-b347-4e7c-8cac-298be4cf07fb\r\n\tKey Type:\tMachine key.\r\n\r\nCryptographic Operation:\r\n\tOperation:\tOpen Key.\r\n\tReturn Code:\t0x0","Task":"12290","SubjectUserSid":"S-1-5-18","SubjectUserName":"ADFS01$","SubjectDomainName":"BLACKSMITH","SubjectLogonId":"0x3e7","ProviderName":"Microsoft Software Key Storage Provider","AlgorithmName":"RSA","KeyName":"tp-05ce1a23-b347-4e7c-8cac-298be4cf07fb","KeyType":"%%2499","Operation":"%%2480","ReturnCode":"0x0"}
{"SourceName":"Microsoft-Windows-Security-Auditing","ProviderGuid":"{54849625-5478-4994-a5ba-3e3b0328c30d}","Level":"0","Keywords":"0x8020000000000000","Channel":"Security","Hostname":"ADFS01.blacksmith.local","TimeCreated":"2021-04-27T04:08:00.273Z","@timestamp":"2021-04-27T04:08:00.273Z","EventID":5058,"Message":"Key file operation.\r\n\r\nSubject:\r\n\tSecurity ID:\t\tS-1-5-18\r\n\tAccount Name:\t\tADFS01$\r\n\tAccount Domain:\t\tBLACKSMITH\r\n\tLogon ID:\t\t0x3E7\r\n\r\nProcess Information:\r\n\tProcess ID:\t\t7672\r\n\tProcess Creation Time:\t‎2021‎-‎04‎-‎22T12:55:17.348966500Z\r\n\r\nCryptographic Parameters:\r\n\tProvider Name:\tMicrosoft Software Key Storage Provider\r\n\tAlgorithm Name:\tUNKNOWN\r\n\tKey Name:\tda2440609ab1647a92040d1a4a938e26_1978b227-6878-4a16-b086-fc55eb404728\r\n\tKey Type:\tMachine key.\r\n\r\nKey File Operation Information:\r\n\tFile Path:\tC:\\ProgramData\\Microsoft\\Crypto\\RSA\\MachineKeys\\da2440609ab1647a92040d1a4a938e26_1978b227-6878-4a16-b086-fc55eb404728\r\n\tOperation:\tRead persisted key from file.\r\n\tReturn Code:\t0x0","Task":"12292","SubjectUserSid":"S-1-5-18","SubjectUserName":"ADFS01$","SubjectDomainName":"BLACKSMITH","SubjectLogonId":"0x3e7","ClientProcessId":"7672","ClientCreationTime":"2021-04-22T12:55:17.348966500Z","ProviderName":"Microsoft Software Key Storage Provider","AlgorithmName":"UNKNOWN","KeyName":"da2440609ab1647a92040d1a4a938e26_1978b227-6878-4a16-b086-fc55eb404728","KeyType":"%%2499","KeyFilePath":"C:\\ProgramData\\Microsoft\\Crypto\\RSA\\MachineKeys\\da2440609ab1647a92040d1a4a938e26_1978b227-6878-4a16-b086-fc55eb404728","Operation":"%%2458","ReturnCode":"0x0"}
{"SourceName":"Microsoft-Windows-Security-Auditing","ProviderGuid":"{54849625-5478-4994-a5ba-3e3b0328c30d}","Level":"0","Keywords":"0x8020000000000000","Channel":"Security","Hostname":"ADFS01.blacksmith.local","TimeCreated":"2021-04-27T04:08:00.273Z","@timestamp":"2021-04-27T04:08:00.273Z","EventID":5061,"Message":"Cryptographic operation.\r\n\r\nSubject:\r\n\tSecurity ID:\t\tS-1-5-18\r\n\tAccount Name:\t\tADFS01$\r\n\tAccount Domain:\t\tBLACKSMITH\r\n\tLogon ID:\t\t0x3E7\r\n\r\nCryptographic Parameters:\r\n\tProvider Name:\tMicrosoft Software Key Storage Provider\r\n\tAlgorithm Name:\tRSA\r\n\tKey Name:\ttp-05ce1a23-b347-4e7c-8cac-298be4cf07fb\r\n\tKey Type:\tMachine key.\r\n\r\nCryptographic Operation:\r\n\tOperation:\tOpen Key.\r\n\tReturn Code:\t0x0","Task":"12290","SubjectUserSid":"S-1-5-18","SubjectUserName":"ADFS01$","SubjectDomainName":"BLACKSMITH","SubjectLogonId":"0x3e7","ProviderName":"Microsoft Software Key Storage Provider","AlgorithmName":"RSA","KeyName":"tp-05ce1a23-b347-4e7c-8cac-298be4cf07fb","KeyType":"%%2499","Operation":"%%2480","ReturnCode":"0x0"}
{"SourceName":"Microsoft-Windows-Security-Auditing","ProviderGuid":"{54849625-5478-4994-a5ba-3e3b0328c30d}","Level":"0","Keywords":"0x8020000000000000","Channel":"Security","Hostname":"ADFS01.blacksmith.local","TimeCreated":"2021-04-27T04:08:08.199Z","@timestamp":"2021-04-27T04:08:08.199Z","EventID":5156,"Message":"The Windows Filtering Platform has permitted a connection.\r\n\r\nApplication Information:\r\n\tProcess ID:\t\t4\r\n\tApplication Name:\tSystem\r\n\r\nNetwork Information:\r\n\tDirection:\t\tOutbound\r\n\tSource Address:\t\t192.168.2.5\r\n\tSource Port:\t\t8\r\n\tDestination Address:\t192.168.2.4\r\n\tDestination Port:\t\t0\r\n\tProtocol:\t\t1\r\n\r\nFilter Information:\r\n\tFilter Run-Time ID:\t74646\r\n\tLayer Name:\t\tConnect\r\n\tLayer Run-Time ID:\t48","Task":"12810","ProcessID":"4","Application":"System","Direction":"%%14593","SourceAddress":"192.168.2.5","SourcePort":"8","DestAddress":"192.168.2.4","DestPort":"0","Protocol":"1","FilterRTID":"74646","LayerName":"%%14611","LayerRTID":"48","RemoteUserID":"S-1-0-0","RemoteMachineID":"S-1-0-0"}
{"SourceName":"Microsoft-Windows-Security-Auditing","ProviderGuid":"{54849625-5478-4994-a5ba-3e3b0328c30d}","Level":"0","Keywords":"0x8020000000000000","Channel":"Security","Hostname":"ADFS01.blacksmith.local","TimeCreated":"2021-04-27T04:08:09.029Z","@timestamp":"2021-04-27T04:08:09.029Z","EventID":5158,"Message":"The Windows Filtering Platform has permitted a bind to a local port.\r\n\r\nApplication Information:\r\n\tProcess ID:\t\t2920\r\n\tApplication Name:\t\\device\\harddiskvolume2\\windowsazure\\packages\\guestagent\\windowsazureguestagent.exe\r\n\r\nNetwork Information:\r\n\tSource Address:\t\t0.0.0.0\r\n\tSource Port:\t\t60286\r\n\tProtocol:\t\t6\r\n\r\nFilter Information:\r\n\tFilter Run-Time ID:\t0\r\n\tLayer Name:\t\tResource Assignment\r\n\tLayer Run-Time ID:\t36","Task":"12810","ProcessId":"2920","Application":"\\device\\harddiskvolume2\\windowsazure\\packages\\guestagent\\windowsazureguestagent.exe","SourceAddress":"0.0.0.0","SourcePort":"60286","Protocol":"6","FilterRTID":"0","LayerName":"%%14608","LayerRTID":"36"}
{"SourceName":"Microsoft-Windows-Security-Auditing","ProviderGuid":"{54849625-5478-4994-a5ba-3e3b0328c30d}","Level":"0","Keywords":"0x8020000000000000","Channel":"Security","Hostname":"ADFS01.blacksmith.local","TimeCreated":"2021-04-27T04:08:09.029Z","@timestamp":"2021-04-27T04:08:09.029Z","EventID":5156,"Message":"The Windows Filtering Platform has permitted a connection.\r\n\r\nApplication Information:\r\n\tProcess ID:\t\t2920\r\n\tApplication Name:\t\\device\\harddiskvolume2\\windowsazure\\packages\\guestagent\\windowsazureguestagent.exe\r\n\r\nNetwork Information:\r\n\tDirection:\t\tOutbound\r\n\tSource Address:\t\t192.168.2.5\r\n\tSource Port:\t\t60286\r\n\tDestination Address:\t168.63.129.16\r\n\tDestination Port:\t\t80\r\n\tProtocol:\t\t6\r\n\r\nFilter Information:\r\n\tFilter Run-Time ID:\t71298\r\n\tLayer Name:\t\tConnect\r\n\tLayer Run-Time ID:\t48","Task":"12810","ProcessID":"2920","Application":"\\device\\harddiskvolume2\\windowsazure\\packages\\guestagent\\windowsazureguestagent.exe","Direction":"%%14593","SourceAddress":"192.168.2.5","SourcePort":"60286","DestAddress":"168.63.129.16","DestPort":"80","Protocol":"6","FilterRTID":"71298","LayerName":"%%14611","LayerRTID":"48","RemoteUserID":"S-1-0-0","RemoteMachineID":"S-1-0-0"}
{"SourceName":"Microsoft-Windows-Security-Auditing","ProviderGuid":"{54849625-5478-4994-a5ba-3e3b0328c30d}","Level":"0","Keywords":"0x8020000000000000","Channel":"Security","Hostname":"ADFS01.blacksmith.local","TimeCreated":"2021-04-27T04:08:10.592Z","@timestamp":"2021-04-27T04:08:10.592Z","EventID":5158,"Message":"The Windows Filtering Platform has permitted a bind to a local port.\r\n\r\nApplication Information:\r\n\tProcess ID:\t\t1308\r\n\tApplication Name:\t\\device\\harddiskvolume2\\windows\\system32\\svchost.exe\r\n\r\nNetwork Information:\r\n\tSource Address:\t\t::\r\n\tSource Port:\t\t62295\r\n\tProtocol:\t\t17\r\n\r\nFilter Information:\r\n\tFilter Run-Time ID:\t0\r\n\tLayer Name:\t\tResource Assignment\r\n\tLayer Run-Time ID:\t36","Task":"12810","ProcessId":"1308","Application":"\\device\\harddiskvolume2\\windows\\system32\\svchost.exe","SourceAddress":"::","SourcePort":"62295","Protocol":"17","FilterRTID":"0","LayerName":"%%14608","LayerRTID":"36"}
{"SourceName":"Microsoft-Windows-Security-Auditing","ProviderGuid":"{54849625-5478-4994-a5ba-3e3b0328c30d}","Level":"0","Keywords":"0x8020000000000000","Channel":"Security","Hostname":"ADFS01.blacksmith.local","TimeCreated":"2021-04-27T04:08:10.592Z","@timestamp":"2021-04-27T04:08:10.592Z","EventID":5158,"Message":"The Windows Filtering Platform has permitted a bind to a local port.\r\n\r\nApplication Information:\r\n\tProcess ID:\t\t1308\r\n\tApplication Name:\t\\device\\harddiskvolume2\\windows\\system32\\svchost.exe\r\n\r\nNetwork Information:\r\n\tSource Address:\t\t::\r\n\tSource Port:\t\t62295\r\n\tProtocol:\t\t17\r\n\r\nFilter Information:\r\n\tFilter Run-Time ID:\t0\r\n\tLayer Name:\t\tResource Assignment\r\n\tLayer Run-Time ID:\t38","Task":"12810","ProcessId":"1308","Application":"\\device\\harddiskvolume2\\windows\\system32\\svchost.exe","SourceAddress":"::","SourcePort":"62295","Protocol":"17","FilterRTID":"0","LayerName":"%%14608","LayerRTID":"38"}
{"SourceName":"Microsoft-Windows-Security-Auditing","ProviderGuid":"{54849625-5478-4994-a5ba-3e3b0328c30d}","Level":"0","Keywords":"0x8020000000000000","Channel":"Security","Hostname":"ADFS01.blacksmith.local","TimeCreated":"2021-04-27T04:08:10.592Z","@timestamp":"2021-04-27T04:08:10.592Z","EventID":5156,"Message":"The Windows Filtering Platform has permitted a connection.\r\n\r\nApplication Information:\r\n\tProcess ID:\t\t1308\r\n\tApplication Name:\t\\device\\harddiskvolume2\\windows\\system32\\svchost.exe\r\n\r\nNetwork Information:\r\n\tDirection:\t\tOutbound\r\n\tSource Address:\t\t192.168.2.5\r\n\tSource Port:\t\t62295\r\n\tDestination Address:\t192.168.2.4\r\n\tDestination Port:\t\t53\r\n\tProtocol:\t\t17\r\n\r\nFilter Information:\r\n\tFilter Run-Time ID:\t74646\r\n\tLayer Name:\t\tConnect\r\n\tLayer Run-Time ID:\t48","Task":"12810","ProcessID":"1308","Application":"\\device\\harddiskvolume2\\windows\\system32\\svchost.exe","Direction":"%%14593","SourceAddress":"192.168.2.5","SourcePort":"62295","DestAddress":"192.168.2.4","DestPort":"53","Protocol":"17","FilterRTID":"74646","LayerName":"%%14611","LayerRTID":"48","RemoteUserID":"S-1-0-0","RemoteMachineID":"S-1-0-0"}
{"SourceName":"Microsoft-Windows-Security-Auditing","ProviderGuid":"{54849625-5478-4994-a5ba-3e3b0328c30d}","Level":"0","Keywords":"0x8020000000000000","Channel":"Security","Hostname":"ADFS01.blacksmith.local","TimeCreated":"2021-04-27T04:08:10.594Z","@timestamp":"2021-04-27T04:08:10.594Z","EventID":5158,"Message":"The Windows Filtering Platform has permitted a bind to a local port.\r\n\r\nApplication Information:\r\n\tProcess ID:\t\t1308\r\n\tApplication Name:\t\\device\\harddiskvolume2\\windows\\system32\\svchost.exe\r\n\r\nNetwork Information:\r\n\tSource Address:\t\t::\r\n\tSource Port:\t\t55904\r\n\tProtocol:\t\t17\r\n\r\nFilter Information:\r\n\tFilter Run-Time ID:\t0\r\n\tLayer Name:\t\tResource Assignment\r\n\tLayer Run-Time ID:\t36","Task":"12810","ProcessId":"1308","Application":"\\device\\harddiskvolume2\\windows\\system32\\svchost.exe","SourceAddress":"::","SourcePort":"55904","Protocol":"17","FilterRTID":"0","LayerName":"%%14608","LayerRTID":"36"}
{"SourceName":"Microsoft-Windows-Security-Auditing","ProviderGuid":"{54849625-5478-4994-a5ba-3e3b0328c30d}","Level":"0","Keywords":"0x8020000000000000","Channel":"Security","Hostname":"ADFS01.blacksmith.local","TimeCreated":"2021-04-27T04:08:10.594Z","@timestamp":"2021-04-27T04:08:10.594Z","EventID":5158,"Message":"The Windows Filtering Platform has permitted a bind to a local port.\r\n\r\nApplication Information:\r\n\tProcess ID:\t\t1308\r\n\tApplication Name:\t\\device\\harddiskvolume2\\windows\\system32\\svchost.exe\r\n\r\nNetwork Information:\r\n\tSource Address:\t\t::\r\n\tSource Port:\t\t55904\r\n\tProtocol:\t\t17\r\n\r\nFilter Information:\r\n\tFilter Run-Time ID:\t0\r\n\tLayer Name:\t\tResource Assignment\r\n\tLayer Run-Time ID:\t38","Task":"12810","ProcessId":"1308","Application":"\\device\\harddiskvolume2\\windows\\system32\\svchost.exe","SourceAddress":"::","SourcePort":"55904","Protocol":"17","FilterRTID":"0","LayerName":"%%14608","LayerRTID":"38"}
{"SourceName":"Microsoft-Windows-Security-Auditing","ProviderGuid":"{54849625-5478-4994-a5ba-3e3b0328c30d}","Level":"0","Keywords":"0x8020000000000000","Channel":"Security","Hostname":"ADFS01.blacksmith.local","TimeCreated":"2021-04-27T04:08:10.594Z","@timestamp":"2021-04-27T04:08:10.594Z","EventID":5156,"Message":"The Windows Filtering Platform has permitted a connection.\r\n\r\nApplication Information:\r\n\tProcess ID:\t\t1308\r\n\tApplication Name:\t\\device\\harddiskvolume2\\windows\\system32\\svchost.exe\r\n\r\nNetwork Information:\r\n\tDirection:\t\tOutbound\r\n\tSource Address:\t\t192.168.2.5\r\n\tSource Port:\t\t55904\r\n\tDestination Address:\t192.168.2.4\r\n\tDestination Port:\t\t53\r\n\tProtocol:\t\t17\r\n\r\nFilter Information:\r\n\tFilter Run-Time ID:\t74646\r\n\tLayer Name:\t\tConnect\r\n\tLayer Run-Time ID:\t48","Task":"12810","ProcessID":"1308","Application":"\\device\\harddiskvolume2\\windows\\system32\\svchost.exe","Direction":"%%14593","SourceAddress":"192.168.2.5","SourcePort":"55904","DestAddress":"192.168.2.4","DestPort":"53","Protocol":"17","FilterRTID":"74646","LayerName":"%%14611","LayerRTID":"48","RemoteUserID":"S-1-0-0","RemoteMachineID":"S-1-0-0"}
{"SourceName":"Microsoft-Windows-Security-Auditing","ProviderGuid":"{54849625-5478-4994-a5ba-3e3b0328c30d}","Level":"0","Keywords":"0x8020000000000000","Channel":"Security","Hostname":"ADFS01.blacksmith.local","TimeCreated":"2021-04-27T04:08:11.616Z","@timestamp":"2021-04-27T04:08:11.616Z","EventID":5156,"Message":"The Windows Filtering Platform has permitted a connection.\r\n\r\nApplication Information:\r\n\tProcess ID:\t\t4\r\n\tApplication Name:\tSystem\r\n\r\nNetwork Information:\r\n\tDirection:\t\tInbound\r\n\tSource Address:\t\t192.168.2.6\r\n\tSource Port:\t\t51176\r\n\tDestination Address:\t192.168.2.5\r\n\tDestination Port:\t\t80\r\n\tProtocol:\t\t6\r\n\r\nFilter Information:\r\n\tFilter Run-Time ID:\t70610\r\n\tLayer Name:\t\tReceive/Accept\r\n\tLayer Run-Time ID:\t44","Task":"12810","ProcessID":"4","Application":"System","Direction":"%%14592","SourceAddress":"192.168.2.6","SourcePort":"51176","DestAddress":"192.168.2.5","DestPort":"80","Protocol":"6","FilterRTID":"70610","LayerName":"%%14610","LayerRTID":"44","RemoteUserID":"S-1-0-0","RemoteMachineID":"S-1-0-0"}
{"SourceName":"Microsoft-Windows-Security-Auditing","ProviderGuid":"{54849625-5478-4994-a5ba-3e3b0328c30d}","Level":"0","Keywords":"0x8020000000000000","Channel":"Security","Hostname":"ADFS01.blacksmith.local","TimeCreated":"2021-04-27T04:08:11.622Z","@timestamp":"2021-04-27T04:08:11.622Z","EventID":4624,"Message":"An account was successfully logged on.\r\n\r\nSubject:\r\n\tSecurity ID:\t\tS-1-0-0\r\n\tAccount Name:\t\t-\r\n\tAccount Domain:\t\t-\r\n\tLogon ID:\t\t0x0\r\n\r\nLogon Information:\r\n\tLogon Type:\t\t3\r\n\tRestricted Admin Mode:\t-\r\n\tVirtual Account:\t\tNo\r\n\tElevated Token:\t\tNo\r\n\r\nImpersonation Level:\t\tIdentification\r\n\r\nNew Logon:\r\n\tSecurity ID:\t\tS-1-5-21-3226634481-2224579835-4276826623-1103\r\n\tAccount Name:\t\tsvc_ADFS$\r\n\tAccount Domain:\t\tCOMPANY.COM\r\n\tLogon ID:\t\t0x1865B632\r\n\tLinked Logon ID:\t\t0x0\r\n\tNetwork Account Name:\t-\r\n\tNetwork Account Domain:\t-\r\n\tLogon GUID:\t\t{1a326406-0422-99d5-81c7-b0aa94539d40}\r\n\r\nProcess Information:\r\n\tProcess ID:\t\t0x0\r\n\tProcess Name:\t\t-\r\n\r\nNetwork Information:\r\n\tWorkstation Name:\t-\r\n\tSource Network Address:\t-\r\n\tSource Port:\t\t-\r\n\r\nDetailed Authentication Information:\r\n\tLogon Process:\t\tKerberos\r\n\tAuthentication Package:\tKerberos\r\n\tTransited Services:\t-\r\n\tPackage Name (NTLM only):\t-\r\n\tKey Length:\t\t0\r\n\r\nThis event is generated when a logon session is created. It is generated on the computer that was accessed.\r\n\r\nThe subject fields indicate the account on the local system which requested the logon. This is most commonly a service such as the Server service, or a local process such as Winlogon.exe or Services.exe.\r\n\r\nThe logon type field indicates the kind of logon that occurred. The most common types are 2 (interactive) and 3 (network).\r\n\r\nThe New Logon fields indicate the account for whom the new logon was created, i.e. the account that was logged on.\r\n\r\nThe network fields indicate where a remote logon request originated. Workstation name is not always available and may be left blank in some cases.\r\n\r\nThe impersonation level field indicates the extent to which a process in the logon session can impersonate.\r\n\r\nThe authentication information fields provide detailed information about this specific logon request.\r\n\t- Logon GUID is a unique identifier that can be used to correlate this event with a KDC event.\r\n\t- Transited services indicate which intermediate services have participated in this logon request.\r\n\t- Package name indicates which sub-protocol was used among the NTLM protocols.\r\n\t- Key length indicates the length of the generated session key. This will be 0 if no session key was requested.","Task":"12544","SubjectUserSid":"S-1-0-0","SubjectUserName":"-","SubjectDomainName":"-","SubjectLogonId":"0x0","TargetUserSid":"S-1-5-21-3226634481-2224579835-4276826623-1103","TargetUserName":"svc_ADFS$","TargetDomainName":"COMPANY.COM","TargetLogonId":"0x1865b632","LogonType":"3","LogonProcessName":"Kerberos","AuthenticationPackageName":"Kerberos","WorkstationName":"-","LogonGuid":"{1a326406-0422-99d5-81c7-b0aa94539d40}","TransmittedServices":"-","LmPackageName":"-","KeyLength":"0","ProcessId":"0x0","ProcessName":"-","IpAddress":"-","IpPort":"-","ImpersonationLevel":"%%1832","RestrictedAdminMode":"-","TargetOutboundUserName":"-","TargetOutboundDomainName":"-","VirtualAccount":"%%1843","TargetLinkedLogonId":"0x0","ElevatedToken":"%%1843"}
