{"SourceName":"Microsoft-Windows-Security-Auditing","ProviderGuid":"{54849625-5478-4994-a5ba-3e3b0328c30d}","Level":"0","Keywords":"0x8020000000000000","Channel":"Security","Hostname":"ADFS01.blacksmith.local","TimeCreated":"2021-04-27T04:07:34.160Z","@timestamp":"2021-04-27T04:07:34.160Z","EventID":5058,"Message":"Key file operation.\r\n\r\nSubject:\r\n\tSecurity ID:\t\tS-1-5-19\r\n\tAccount Name:\t\tLOCAL SERVICE\r\n\tAccount Domain:\t\tNT AUTHORITY\r\n\tLogon ID:\t\t0x3E5\r\n\r\nProcess Information:\r\n\tProcess ID:\t\t3388\r\n\tProcess Creation Time:\t‎2021‎-‎04‎-‎22T12:55:44.294726800Z\r\n\r\nCryptographic Parameters:\r\n\tProvider Name:\tMicrosoft Software Key Storage Provider\r\n\tAlgorithm Name:\tUNKNOWN\r\n\tKey Name:\tda2440609ab1647a92040d1a4a938e26_1978b227-6878-4a16-b086-fc55eb404728\r\n\tKey Type:\tMachine key.\r\n\r\nKey File Operation Information:\r\n\tFile Path:\tC:\\ProgramData\\Microsoft\\Crypto\\RSA\\MachineKeys\\da2440609ab1647a92040d1a4a938e26_1978b227-6878-4a16-b086-fc55eb404728\r\n\tOperation:\tRead persisted key from file.\r\n\tReturn Code:\t0x0","Task":"12292","SubjectUserSid":"S-1-5-19","SubjectUserName":"LOCAL SERVICE","SubjectDomainName":"NT AUTHORITY","SubjectLogonId":"0x3e5","ClientProcessId":"3388","ClientCreationTime":"2021-04-22T12:55:44.294726800Z","ProviderName":"Microsoft Software Key Storage Provider","AlgorithmName":"UNKNOWN","KeyName":"da2440609ab1647a92040d1a4a938e26_1978b227-6878-4a16-b086-fc55eb404728","KeyType":"%%2499","KeyFilePath":"C:\\ProgramData\\Microsoft\\Crypto\\RSA\\MachineKeys\\da2440609ab1647a92040d1a4a938e26_1978b227-6878-4a16-b086-fc55eb404728","Operation":"%%2458","ReturnCode":"0x0"}
{"SourceName":"Microsoft-Windows-Security-Auditing","ProviderGuid":"{54849625-5478-4994-a5ba-3e3b0328c30d}","Level":"0","Keywords":"0x8020000000000000","Channel":"Security","Hostname":"ADFS01.blacksmith.local","TimeCreated":"2021-04-27T04:07:34.161Z","@timestamp":"2021-04-27T04:07:34.161Z","EventID":5061,"Message":"Cryptographic operation.\r\n\r\nSubject:\r\n\tSecurity ID:\t\tS-1-5-19\r\n\tAccount Name:\t\tLOCAL SERVICE\r\n\tAccount Domain:\t\tNT AUTHORITY\r\n\tLogon ID:\t\t0x3E5\r\n\r\nCryptographic Parameters:\r\n\tProvider Name:\tMicrosoft Software Key Storage Provider\r\n\tAlgorithm Name:\tRSA\r\n\tKey Name:\ttp-05ce1a23-b347-4e7c-8cac-298be4cf07fb\r\n\tKey Type:\tMachine key.\r\n\r\nCryptographic Operation:\r\n\tOperation:\tOpen Key.\r\n\tReturn Code:\t0x0","Task":"12290","SubjectUserSid":"S-1-5-19","SubjectUserName":"LOCAL SERVICE","SubjectDomainName":"NT AUTHORITY","SubjectLogonId":"0x3e5","ProviderName":"Microsoft Software Key Storage Provider","AlgorithmName":"RSA","KeyName":"tp-05ce1a23-b347-4e7c-8cac-298be4cf07fb","KeyType":"%%2499","Operation":"%%2480","ReturnCode":"0x0"}
{"SourceName":"Microsoft-Windows-Security-Auditing","ProviderGuid":"{54849625-5478-4994-a5ba-3e3b0328c30d}","Level":"0","Keywords":"0x8020000000000000","Channel":"Security","Hostname":"ADFS01.blacksmith.local","TimeCreated":"2021-04-27T04:07:34.166Z","@timestamp":"2021-04-27T04:07:34.166Z","EventID":5058,"Message":"Key file operation.\r\n\r\nSubject:\r\n\tSecurity ID:\t\tS-1-5-19\r\n\tAccount Name:\t\tLOCAL SERVICE\r\n\tAccount Domain:\t\tNT AUTHORITY\r\n\tLogon ID:\t\t0x3E5\r\n\r\nProcess Information:\r\n\tProcess ID:\t\t3388\r\n\tProcess Creation Time:\t‎2021‎-‎04‎-‎22T12:55:44.294726800Z\r\n\r\nCryptographic Parameters:\r\n\tProvider Name:\tMicrosoft Software Key Storage Provider\r\n\tAlgorithm Name:\tUNKNOWN\r\n\tKey Name:\tda2440609ab1647a92040d1a4a938e26_1978b227-6878-4a16-b086-fc55eb404728\r\n\tKey Type:\tMachine key.\r\n\r\nKey File Operation Information:\r\n\tFile Path:\tC:\\ProgramData\\Microsoft\\Crypto\\RSA\\MachineKeys\\da2440609ab1647a92040d1a4a938e26_1978b227-6878-4a16-b086-fc55eb404728\r\n\tOperation:\tRead persisted key from file.\r\n\tReturn Code:\t0x0","Task":"12292","SubjectUserSid":"S-1-5-19","SubjectUserName":"LOCAL SERVICE","SubjectDomainName":"NT AUTHORITY","SubjectLogonId":"0x3e5","ClientProcessId":"3388","ClientCreationTime":"2021-04-22T12:55:44.294726800Z","ProviderName":"Microsoft Software Key Storage Provider","AlgorithmName":"UNKNOWN","KeyName":"da2440609ab1647a92040d1a4a938e26_1978b227-6878-4a16-b086-fc55eb404728","KeyType":"%%2499","KeyFilePath":"C:\\ProgramData\\Microsoft\\Crypto\\RSA\\MachineKeys\\da2440609ab1647a92040d1a4a938e26_1978b227-6878-4a16-b086-fc55eb404728","Operation":"%%2458","ReturnCode":"0x0"}
{"SourceName":"Microsoft-Windows-Security-Auditing","ProviderGuid":"{54849625-5478-4994-a5ba-3e3b0328c30d}","Level":"0","Keywords":"0x8020000000000000","Channel":"Security","Hostname":"ADFS01.blacksmith.local","TimeCreated":"2021-04-27T04:07:34.166Z","@timestamp":"2021-04-27T04:07:34.166Z","EventID":5061,"Message":"Cryptographic operation.\r\n\r\nSubject:\r\n\tSecurity ID:\t\tS-1-5-19\r\n\tAccount Name:\t\tLOCAL SERVICE\r\n\tAccount Domain:\t\tNT AUTHORITY\r\n\tLogon ID:\t\t0x3E5\r\n\r\nCryptographic Parameters:\r\n\tProvider Name:\tMicrosoft Software Key Storage Provider\r\n\tAlgorithm Name:\tRSA\r\n\tKey Name:\ttp-05ce1a23-b347-4e7c-8cac-298be4cf07fb\r\n\tKey Type:\tMachine key.\r\n\r\nCryptographic Operation:\r\n\tOperation:\tOpen Key.\r\n\tReturn Code:\t0x0","Task":"12290","SubjectUserSid":"S-1-5-19","SubjectUserName":"LOCAL SERVICE","SubjectDomainName":"NT AUTHORITY","SubjectLogonId":"0x3e5","ProviderName":"Microsoft Software Key Storage Provider","AlgorithmName":"RSA","KeyName":"tp-05ce1a23-b347-4e7c-8cac-298be4cf07fb","KeyType":"%%2499","Operation":"%%2480","ReturnCode":"0x0"}
{"SourceName":"Microsoft-Windows-Security-Auditing","ProviderGuid":"{54849625-5478-4994-a5ba-3e3b0328c30d}","Level":"0","Keywords":"0x8020000000000000","Channel":"Security","Hostname":"ADFS01.blacksmith.local","TimeCreated":"2021-04-27T04:07:34.171Z","@timestamp":"2021-04-27T04:07:34.171Z","EventID":5058,"Message":"Key file operation.\r\n\r\nSubject:\r\n\tSecurity ID:\t\tS-1-5-19\r\n\tAccount Name:\t\tLOCAL SERVICE\r\n\tAccount Domain:\t\tNT AUTHORITY\r\n\tLogon ID:\t\t0x3E5\r\n\r\nProcess Information:\r\n\tProcess ID:\t\t3388\r\n\tProcess Creation Time:\t‎2021‎-‎04‎-‎22T12:55:44.294726800Z\r\n\r\nCryptographic Parameters:\r\n\tProvider Name:\tMicrosoft Software Key Storage Provider\r\n\tAlgorithm Name:\tUNKNOWN\r\n\tKey Name:\tda2440609ab1647a92040d1a4a938e26_1978b227-6878-4a16-b086-fc55eb404728\r\n\tKey Type:\tMachine key.\r\n\r\nKey File Operation Information:\r\n\tFile Path:\tC:\\ProgramData\\Microsoft\\Crypto\\RSA\\MachineKeys\\da2440609ab1647a92040d1a4a938e26_1978b227-6878-4a16-b086-fc55eb404728\r\n\tOperation:\tRead persisted key from file.\r\n\tReturn Code:\t0x0","Task":"12292","SubjectUserSid":"S-1-5-19","SubjectUserName":"LOCAL SERVICE","SubjectDomainName":"NT AUTHORITY","SubjectLogonId":"0x3e5","ClientProcessId":"3388","ClientCreationTime":"2021-04-22T12:55:44.294726800Z","ProviderName":"Microsoft Software Key Storage Provider","AlgorithmName":"UNKNOWN","KeyName":"da2440609ab1647a92040d1a4a938e26_1978b227-6878-4a16-b086-fc55eb404728","KeyType":"%%2499","KeyFilePath":"C:\\ProgramData\\Microsoft\\Crypto\\RSA\\MachineKeys\\da2440609ab1647a92040d1a4a938e26_1978b227-6878-4a16-b086-fc55eb404728","Operation":"%%2458","ReturnCode":"0x0"}
{"SourceName":"Microsoft-Windows-Security-Auditing","ProviderGuid":"{54849625-5478-4994-a5ba-3e3b0328c30d}","Level":"0","Keywords":"0x8020000000000000","Channel":"Security","Hostname":"ADFS01.blacksmith.local","TimeCreated":"2021-04-27T04:07:34.171Z","@timestamp":"2021-04-27T04:07:34.171Z","EventID":5061,"Message":"Cryptographic operation.\r\n\r\nSubject:\r\n\tSecurity ID:\t\tS-1-5-19\r\n\tAccount Name:\t\tLOCAL SERVICE\r\n\tAccount Domain:\t\tNT AUTHORITY\r\n\tLogon ID:\t\t0x3E5\r\n\r\nCryptographic Parameters:\r\n\tProvider Name:\tMicrosoft Software Key Storage Provider\r\n\tAlgorithm Name:\tRSA\r\n\tKey Name:\ttp-05ce1a23-b347-4e7c-8cac-298be4cf07fb\r\n\tKey Type:\tMachine key.\r\n\r\nCryptographic Operation:\r\n\tOperation:\tOpen Key.\r\n\tReturn Code:\t0x0","Task":"12290","SubjectUserSid":"S-1-5-19","SubjectUserName":"LOCAL SERVICE","SubjectDomainName":"NT AUTHORITY","SubjectLogonId":"0x3e5","ProviderName":"Microsoft Software Key Storage Provider","AlgorithmName":"RSA","KeyName":"tp-05ce1a23-b347-4e7c-8cac-298be4cf07fb","KeyType":"%%2499","Operation":"%%2480","ReturnCode":"0x0"}
{"SourceName":"Microsoft-Windows-Security-Auditing","ProviderGuid":"{54849625-5478-4994-a5ba-3e3b0328c30d}","Level":"0","Keywords":"0x8020000000000000","Channel":"Security","Hostname":"ADFS01.blacksmith.local","TimeCreated":"2021-04-27T04:07:34.176Z","@timestamp":"2021-04-27T04:07:34.176Z","EventID":5058,"Message":"Key file operation.\r\n\r\nSubject:\r\n\tSecurity ID:\t\tS-1-5-19\r\n\tAccount Name:\t\tLOCAL SERVICE\r\n\tAccount Domain:\t\tNT AUTHORITY\r\n\tLogon ID:\t\t0x3E5\r\n\r\nProcess Information:\r\n\tProcess ID:\t\t3388\r\n\tProcess Creation Time:\t‎2021‎-‎04‎-‎22T12:55:44.294726800Z\r\n\r\nCryptographic Parameters:\r\n\tProvider Name:\tMicrosoft Software Key Storage Provider\r\n\tAlgorithm Name:\tUNKNOWN\r\n\tKey Name:\tda2440609ab1647a92040d1a4a938e26_1978b227-6878-4a16-b086-fc55eb404728\r\n\tKey Type:\tMachine key.\r\n\r\nKey File Operation Information:\r\n\tFile Path:\tC:\\ProgramData\\Microsoft\\Crypto\\RSA\\MachineKeys\\da2440609ab1647a92040d1a4a938e26_1978b227-6878-4a16-b086-fc55eb404728\r\n\tOperation:\tRead persisted key from file.\r\n\tReturn Code:\t0x0","Task":"12292","SubjectUserSid":"S-1-5-19","SubjectUserName":"LOCAL SERVICE","SubjectDomainName":"NT AUTHORITY","SubjectLogonId":"0x3e5","ClientProcessId":"3388","ClientCreationTime":"2021-04-22T12:55:44.294726800Z","ProviderName":"Microsoft Software Key Storage Provider","AlgorithmName":"UNKNOWN","KeyName":"da2440609ab1647a92040d1a4a938e26_1978b227-6878-4a16-b086-fc55eb404728","KeyType":"%%2499","KeyFilePath":"C:\\ProgramData\\Microsoft\\Crypto\\RSA\\MachineKeys\\da2440609ab1647a92040d1a4a938e26_1978b227-6878-4a16-b086-fc55eb404728","Operation":"%%2458","ReturnCode":"0x0"}
{"SourceName":"Microsoft-Windows-Security-Auditing","ProviderGuid":"{54849625-5478-4994-a5ba-3e3b0328c30d}","Level":"0","Keywords":"0x8020000000000000","Channel":"Security","Hostname":"ADFS01.blacksmith.local","TimeCreated":"2021-04-27T04:07:34.176Z","@timestamp":"2021-04-27T04:07:34.176Z","EventID":5061,"Message":"Cryptographic operation.\r\n\r\nSubject:\r\n\tSecurity ID:\t\tS-1-5-19\r\n\tAccount Name:\t\tLOCAL SERVICE\r\n\tAccount Domain:\t\tNT AUTHORITY\r\n\tLogon ID:\t\t0x3E5\r\n\r\nCryptographic Parameters:\r\n\tProvider Name:\tMicrosoft Software Key Storage Provider\r\n\tAlgorithm Name:\tRSA\r\n\tKey Name:\ttp-05ce1a23-b347-4e7c-8cac-298be4cf07fb\r\n\tKey Type:\tMachine key.\r\n\r\nCryptographic Operation:\r\n\tOperation:\tOpen Key.\r\n\tReturn Code:\t0x0","Task":"12290","SubjectUserSid":"S-1-5-19","SubjectUserName":"LOCAL SERVICE","SubjectDomainName":"NT AUTHORITY","SubjectLogonId":"0x3e5","ProviderName":"Microsoft Software Key Storage Provider","AlgorithmName":"RSA","KeyName":"tp-05ce1a23-b347-4e7c-8cac-298be4cf07fb","KeyType":"%%2499","Operation":"%%2480","ReturnCode":"0x0"}
{"SourceName":"Microsoft-Windows-Security-Auditing","ProviderGuid":"{54849625-5478-4994-a5ba-3e3b0328c30d}","Level":"0","Keywords":"0x8020000000000000","Channel":"Security","Hostname":"ADFS01.blacksmith.local","TimeCreated":"2021-04-27T04:07:34.735Z","@timestamp":"2021-04-27T04:07:34.735Z","EventID":5158,"Message":"The Windows Filtering Platform has permitted a bind to a local port.\r\n\r\nApplication Information:\r\n\tProcess ID:\t\t1900\r\n\tApplication Name:\t\\device\\harddiskvolume2\\windows\\adfs\\microsoft.identityserver.servicehost.exe\r\n\r\nNetwork Information:\r\n\tSource Address:\t\t0.0.0.0\r\n\tSource Port:\t\t60277\r\n\tProtocol:\t\t6\r\n\r\nFilter Information:\r\n\tFilter Run-Time ID:\t0\r\n\tLayer Name:\t\tResource Assignment\r\n\tLayer Run-Time ID:\t36","Task":"12810","ProcessId":"1900","Application":"\\device\\harddiskvolume2\\windows\\adfs\\microsoft.identityserver.servicehost.exe","SourceAddress":"0.0.0.0","SourcePort":"60277","Protocol":"6","FilterRTID":"0","LayerName":"%%14608","LayerRTID":"36"}
{"SourceName":"Microsoft-Windows-Security-Auditing","ProviderGuid":"{54849625-5478-4994-a5ba-3e3b0328c30d}","Level":"0","Keywords":"0x8020000000000000","Channel":"Security","Hostname":"ADFS01.blacksmith.local","TimeCreated":"2021-04-27T04:07:34.735Z","@timestamp":"2021-04-27T04:07:34.735Z","EventID":5156,"Message":"The Windows Filtering Platform has permitted a connection.\r\n\r\nApplication Information:\r\n\tProcess ID:\t\t1900\r\n\tApplication Name:\t\\device\\harddiskvolume2\\windows\\adfs\\microsoft.identityserver.servicehost.exe\r\n\r\nNetwork Information:\r\n\tDirection:\t\tOutbound\r\n\tSource Address:\t\t192.168.2.5\r\n\tSource Port:\t\t60277\r\n\tDestination Address:\t192.168.2.4\r\n\tDestination Port:\t\t389\r\n\tProtocol:\t\t6\r\n\r\nFilter Information:\r\n\tFilter Run-Time ID:\t74646\r\n\tLayer Name:\t\tConnect\r\n\tLayer Run-Time ID:\t48","Task":"12810","ProcessID":"1900","Application":"\\device\\harddiskvolume2\\windows\\adfs\\microsoft.identityserver.servicehost.exe","Direction":"%%14593","SourceAddress":"192.168.2.5","SourcePort":"60277","DestAddress":"192.168.2.4","DestPort":"389","Protocol":"6","FilterRTID":"74646","LayerName":"%%14611","LayerRTID":"48","RemoteUserID":"S-1-0-0","RemoteMachineID":"S-1-0-0"}
{"SourceName":"Microsoft-Windows-Security-Auditing","ProviderGuid":"{54849625-5478-4994-a5ba-3e3b0328c30d}","Level":"0","Keywords":"0x8020000000000000","Channel":"Security","Hostname":"ADFS01.blacksmith.local","TimeCreated":"2021-04-27T04:07:38.990Z","@timestamp":"2021-04-27T04:07:38.990Z","EventID":5158,"Message":"The Windows Filtering Platform has permitted a bind to a local port.\r\n\r\nApplication Information:\r\n\tProcess ID:\t\t2920\r\n\tApplication Name:\t\\device\\harddiskvolume2\\windowsazure\\packages\\guestagent\\windowsazureguestagent.exe\r\n\r\nNetwork Information:\r\n\tSource Address:\t\t0.0.0.0\r\n\tSource Port:\t\t60278\r\n\tProtocol:\t\t6\r\n\r\nFilter Information:\r\n\tFilter Run-Time ID:\t0\r\n\tLayer Name:\t\tResource Assignment\r\n\tLayer Run-Time ID:\t36","Task":"12810","ProcessId":"2920","Application":"\\device\\harddiskvolume2\\windowsazure\\packages\\guestagent\\windowsazureguestagent.exe","SourceAddress":"0.0.0.0","SourcePort":"60278","Protocol":"6","FilterRTID":"0","LayerName":"%%14608","LayerRTID":"36"}
{"SourceName":"Microsoft-Windows-Security-Auditing","ProviderGuid":"{54849625-5478-4994-a5ba-3e3b0328c30d}","Level":"0","Keywords":"0x8020000000000000","Channel":"Security","Hostname":"ADFS01.blacksmith.local","TimeCreated":"2021-04-27T04:07:38.990Z","@timestamp":"2021-04-27T04:07:38.990Z","EventID":5156,"Message":"The Windows Filtering Platform has permitted a connection.\r\n\r\nApplication Information:\r\n\tProcess ID:\t\t2920\r\n\tApplication Name:\t\\device\\harddiskvolume2\\windowsazure\\packages\\guestagent\\windowsazureguestagent.exe\r\n\r\nNetwork Information:\r\n\tDirection:\t\tOutbound\r\n\tSource Address:\t\t192.168.2.5\r\n\tSource Port:\t\t60278\r\n\tDestination Address:\t168.63.129.16\r\n\tDestination Port:\t\t80\r\n\tProtocol:\t\t6\r\n\r\nFilter Information:\r\n\tFilter Run-Time ID:\t71298\r\n\tLayer Name:\t\tConnect\r\n\tLayer Run-Time ID:\t48","Task":"12810","ProcessID":"2920","Application":"\\device\\harddiskvolume2\\windowsazure\\packages\\guestagent\\windowsazureguestagent.exe","Direction":"%%14593","SourceAddress":"192.168.2.5","SourcePort":"60278","DestAddress":"168.63.129.16","DestPort":"80","Protocol":"6","FilterRTID":"71298","LayerName":"%%14611","LayerRTID":"48","RemoteUserID":"S-1-0-0","RemoteMachineID":"S-1-0-0"}
{"SourceName":"Microsoft-Windows-Security-Auditing","ProviderGuid":"{54849625-5478-4994-a5ba-3e3b0328c30d}","Level":"0","Keywords":"0x8020000000000000","Channel":"Security","Hostname":"ADFS01.blacksmith.local","TimeCreated":"2021-04-27T04:07:44.482Z","@timestamp":"2021-04-27T04:07:44.482Z","EventID":4690,"Message":"An attempt was made to duplicate a handle to an object.\r\n\r\nSubject:\r\n\tSecurity ID:\t\tS-1-5-20\r\n\tAccount Name:\t\tADFS01$\r\n\tAccount Domain:\t\tBLACKSMITH\r\n\tLogon ID:\t\t0x3E4\r\n\r\nSource Handle Information:\r\n\tSource Handle ID:\t0x1e4\r\n\tSource Process ID:\t0x1090\r\n\r\nNew Handle Information:\r\n\tTarget Handle ID:\t0x2030\r\n\tTarget Process ID:\t0x4","Task":"12807","SubjectUserSid":"S-1-5-20","SubjectUserName":"ADFS01$","SubjectDomainName":"BLACKSMITH","SubjectLogonId":"0x3e4","SourceHandleId":"0x1e4","SourceProcessId":"0x1090","TargetHandleId":"0x2030","TargetProcessId":"0x4"}
{"SourceName":"Microsoft-Windows-Security-Auditing","ProviderGuid":"{54849625-5478-4994-a5ba-3e3b0328c30d}","Level":"0","Keywords":"0x8020000000000000","Channel":"Security","Hostname":"ADFS01.blacksmith.local","TimeCreated":"2021-04-27T04:07:44.482Z","@timestamp":"2021-04-27T04:07:44.482Z","EventID":4658,"Message":"The handle to an object was closed.\r\n\r\nSubject :\r\n\tSecurity ID:\t\tS-1-5-20\r\n\tAccount Name:\t\tADFS01$\r\n\tAccount Domain:\t\tBLACKSMITH\r\n\tLogon ID:\t\t0x3E4\r\n\r\nObject:\r\n\tObject Server:\t\tSecurity\r\n\tHandle ID:\t\t0x2030\r\n\r\nProcess Information:\r\n\tProcess ID:\t\t0x1090\r\n\tProcess Name:\t\tC:\\Windows\\System32\\wbem\\WmiPrvSE.exe","Task":"12801","SubjectUserSid":"S-1-5-20","SubjectUserName":"ADFS01$","SubjectDomainName":"BLACKSMITH","SubjectLogonId":"0x3e4","ObjectServer":"Security","HandleId":"0x2030","ProcessId":"0x1090","ProcessName":"C:\\Windows\\System32\\wbem\\WmiPrvSE.exe"}
{"SourceName":"Microsoft-Windows-Security-Auditing","ProviderGuid":"{54849625-5478-4994-a5ba-3e3b0328c30d}","Level":"0","Keywords":"0x8020000000000000","Channel":"Security","Hostname":"ADFS01.blacksmith.local","TimeCreated":"2021-04-27T04:07:44.482Z","@timestamp":"2021-04-27T04:07:44.482Z","EventID":4656,"Message":"A handle to an object was requested.\r\n\r\nSubject:\r\n\tSecurity ID:\t\tS-1-5-20\r\n\tAccount Name:\t\tADFS01$\r\n\tAccount Domain:\t\tBLACKSMITH\r\n\tLogon ID:\t\t0x3E4\r\n\r\nObject:\r\n\tObject Server:\t\tSecurity\r\n\tObject Type:\t\tKey\r\n\tObject Name:\t\t\\REGISTRY\\MACHINE\\SOFTWARE\\Microsoft\\.NETFramework\r\n\tHandle ID:\t\t0x1e4\r\n\tResource Attributes:\t-\r\n\r\nProcess Information:\r\n\tProcess ID:\t\t0x1090\r\n\tProcess Name:\t\tC:\\Windows\\System32\\wbem\\WmiPrvSE.exe\r\n\r\nAccess Request Information:\r\n\tTransaction ID:\t\t{00000000-0000-0000-0000-000000000000}\r\n\tAccesses:\t\tREAD_CONTROL\r\n\t\t\t\tQuery key value\r\n\t\t\t\tEnumerate sub-keys\r\n\t\t\t\tNotify about changes to keys\r\n\t\t\t\t\r\n\tAccess Reasons:\t\t-\r\n\tAccess Mask:\t\t0x20019\r\n\tPrivileges Used for Access Check:\t-\r\n\tRestricted SID Count:\t0","Task":"12801","SubjectUserSid":"S-1-5-20","SubjectUserName":"ADFS01$","SubjectDomainName":"BLACKSMITH","SubjectLogonId":"0x3e4","ObjectServer":"Security","ObjectType":"Key","ObjectName":"\\REGISTRY\\MACHINE\\SOFTWARE\\Microsoft\\.NETFramework","HandleId":"0x1e4","TransactionId":"{00000000-0000-0000-0000-000000000000}","AccessList":"%%1538\n\t\t\t\t%%4432\n\t\t\t\t%%4435\n\t\t\t\t%%4436\n\t\t\t\t","AccessReason":"-","AccessMask":"0x20019","PrivilegeList":"-","RestrictedSidCount":"0","ProcessId":"0x1090","ProcessName":"C:\\Windows\\System32\\wbem\\WmiPrvSE.exe","ResourceAttributes":"-"}
{"SourceName":"Microsoft-Windows-Security-Auditing","ProviderGuid":"{54849625-5478-4994-a5ba-3e3b0328c30d}","Level":"0","Keywords":"0x8020000000000000","Channel":"Security","Hostname":"ADFS01.blacksmith.local","TimeCreated":"2021-04-27T04:07:44.483Z","@timestamp":"2021-04-27T04:07:44.483Z","EventID":4690,"Message":"An attempt was made to duplicate a handle to an object.\r\n\r\nSubject:\r\n\tSecurity ID:\t\tS-1-5-20\r\n\tAccount Name:\t\tADFS01$\r\n\tAccount Domain:\t\tBLACKSMITH\r\n\tLogon ID:\t\t0x3E4\r\n\r\nSource Handle Information:\r\n\tSource Handle ID:\t0x1d4\r\n\tSource Process ID:\t0x1090\r\n\r\nNew Handle Information:\r\n\tTarget Handle ID:\t0x2030\r\n\tTarget Process ID:\t0x4","Task":"12807","SubjectUserSid":"S-1-5-20","SubjectUserName":"ADFS01$","SubjectDomainName":"BLACKSMITH","SubjectLogonId":"0x3e4","SourceHandleId":"0x1d4","SourceProcessId":"0x1090","TargetHandleId":"0x2030","TargetProcessId":"0x4"}
{"SourceName":"Microsoft-Windows-Security-Auditing","ProviderGuid":"{54849625-5478-4994-a5ba-3e3b0328c30d}","Level":"0","Keywords":"0x8020000000000000","Channel":"Security","Hostname":"ADFS01.blacksmith.local","TimeCreated":"2021-04-27T04:07:44.483Z","@timestamp":"2021-04-27T04:07:44.483Z","EventID":4658,"Message":"The handle to an object was closed.\r\n\r\nSubject :\r\n\tSecurity ID:\t\tS-1-5-20\r\n\tAccount Name:\t\tADFS01$\r\n\tAccount Domain:\t\tBLACKSMITH\r\n\tLogon ID:\t\t0x3E4\r\n\r\nObject:\r\n\tObject Server:\t\tSecurity\r\n\tHandle ID:\t\t0x2030\r\n\r\nProcess Information:\r\n\tProcess ID:\t\t0x1090\r\n\tProcess Name:\t\tC:\\Windows\\System32\\wbem\\WmiPrvSE.exe","Task":"12801","SubjectUserSid":"S-1-5-20","SubjectUserName":"ADFS01$","SubjectDomainName":"BLACKSMITH","SubjectLogonId":"0x3e4","ObjectServer":"Security","HandleId":"0x2030","ProcessId":"0x1090","ProcessName":"C:\\Windows\\System32\\wbem\\WmiPrvSE.exe"}
{"SourceName":"Microsoft-Windows-Security-Auditing","ProviderGuid":"{54849625-5478-4994-a5ba-3e3b0328c30d}","Level":"0","Keywords":"0x8020000000000000","Channel":"Security","Hostname":"ADFS01.blacksmith.local","TimeCreated":"2021-04-27T04:07:44.483Z","@timestamp":"2021-04-27T04:07:44.483Z","EventID":4656,"Message":"A handle to an object was requested.\r\n\r\nSubject:\r\n\tSecurity ID:\t\tS-1-5-20\r\n\tAccount Name:\t\tADFS01$\r\n\tAccount Domain:\t\tBLACKSMITH\r\n\tLogon ID:\t\t0x3E4\r\n\r\nObject:\r\n\tObject Server:\t\tSecurity\r\n\tObject Type:\t\tKey\r\n\tObject Name:\t\t\\REGISTRY\\MACHINE\\SOFTWARE\\Microsoft\\.NETFramework\r\n\tHandle ID:\t\t0x1d4\r\n\tResource Attributes:\t-\r\n\r\nProcess Information:\r\n\tProcess ID:\t\t0x1090\r\n\tProcess Name:\t\tC:\\Windows\\System32\\wbem\\WmiPrvSE.exe\r\n\r\nAccess Request Information:\r\n\tTransaction ID:\t\t{00000000-0000-0000-0000-000000000000}\r\n\tAccesses:\t\tREAD_CONTROL\r\n\t\t\t\tQuery key value\r\n\t\t\t\tEnumerate sub-keys\r\n\t\t\t\tNotify about changes to keys\r\n\t\t\t\t\r\n\tAccess Reasons:\t\t-\r\n\tAccess Mask:\t\t0x20019\r\n\tPrivileges Used for Access Check:\t-\r\n\tRestricted SID Count:\t0","Task":"12801","SubjectUserSid":"S-1-5-20","SubjectUserName":"ADFS01$","SubjectDomainName":"BLACKSMITH","SubjectLogonId":"0x3e4","ObjectServer":"Security","ObjectType":"Key","ObjectName":"\\REGISTRY\\MACHINE\\SOFTWARE\\Microsoft\\.NETFramework","HandleId":"0x1d4","TransactionId":"{00000000-0000-0000-0000-000000000000}","AccessList":"%%1538\n\t\t\t\t%%4432\n\t\t\t\t%%4435\n\t\t\t\t%%4436\n\t\t\t\t","AccessReason":"-","AccessMask":"0x20019","PrivilegeList":"-","RestrictedSidCount":"0","ProcessId":"0x1090","ProcessName":"C:\\Windows\\System32\\wbem\\WmiPrvSE.exe","ResourceAttributes":"-"}
{"SourceName":"Microsoft-Windows-Security-Auditing","ProviderGuid":"{54849625-5478-4994-a5ba-3e3b0328c30d}","Level":"0","Keywords":"0x8020000000000000","Channel":"Security","Hostname":"ADFS01.blacksmith.local","TimeCreated":"2021-04-27T04:07:44.483Z","@timestamp":"2021-04-27T04:07:44.483Z","EventID":4658,"Message":"The handle to an object was closed.\r\n\r\nSubject :\r\n\tSecurity ID:\t\tS-1-5-20\r\n\tAccount Name:\t\tADFS01$\r\n\tAccount Domain:\t\tBLACKSMITH\r\n\tLogon ID:\t\t0x3E4\r\n\r\nObject:\r\n\tObject Server:\t\tSecurity\r\n\tHandle ID:\t\t0x1d4\r\n\r\nProcess Information:\r\n\tProcess ID:\t\t0x1090\r\n\tProcess Name:\t\tC:\\Windows\\System32\\wbem\\WmiPrvSE.exe","Task":"12801","SubjectUserSid":"S-1-5-20","SubjectUserName":"ADFS01$","SubjectDomainName":"BLACKSMITH","SubjectLogonId":"0x3e4","ObjectServer":"Security","HandleId":"0x1d4","ProcessId":"0x1090","ProcessName":"C:\\Windows\\System32\\wbem\\WmiPrvSE.exe"}
{"SourceName":"Microsoft-Windows-Security-Auditing","ProviderGuid":"{54849625-5478-4994-a5ba-3e3b0328c30d}","Level":"0","Keywords":"0x8020000000000000","Channel":"Security","Hostname":"ADFS01.blacksmith.local","TimeCreated":"2021-04-27T04:07:44.483Z","@timestamp":"2021-04-27T04:07:44.483Z","EventID":4690,"Message":"An attempt was made to duplicate a handle to an object.\r\n\r\nSubject:\r\n\tSecurity ID:\t\tS-1-5-20\r\n\tAccount Name:\t\tADFS01$\r\n\tAccount Domain:\t\tBLACKSMITH\r\n\tLogon ID:\t\t0x3E4\r\n\r\nSource Handle Information:\r\n\tSource Handle ID:\t0x1d4\r\n\tSource Process ID:\t0x1090\r\n\r\nNew Handle Information:\r\n\tTarget Handle ID:\t0x2030\r\n\tTarget Process ID:\t0x4","Task":"12807","SubjectUserSid":"S-1-5-20","SubjectUserName":"ADFS01$","SubjectDomainName":"BLACKSMITH","SubjectLogonId":"0x3e4","SourceHandleId":"0x1d4","SourceProcessId":"0x1090","TargetHandleId":"0x2030","TargetProcessId":"0x4"}
{"SourceName":"Microsoft-Windows-Security-Auditing","ProviderGuid":"{54849625-5478-4994-a5ba-3e3b0328c30d}","Level":"0","Keywords":"0x8020000000000000","Channel":"Security","Hostname":"ADFS01.blacksmith.local","TimeCreated":"2021-04-27T04:07:44.483Z","@timestamp":"2021-04-27T04:07:44.483Z","EventID":4658,"Message":"The handle to an object was closed.\r\n\r\nSubject :\r\n\tSecurity ID:\t\tS-1-5-20\r\n\tAccount Name:\t\tADFS01$\r\n\tAccount Domain:\t\tBLACKSMITH\r\n\tLogon ID:\t\t0x3E4\r\n\r\nObject:\r\n\tObject Server:\t\tSecurity\r\n\tHandle ID:\t\t0x2030\r\n\r\nProcess Information:\r\n\tProcess ID:\t\t0x1090\r\n\tProcess Name:\t\tC:\\Windows\\System32\\wbem\\WmiPrvSE.exe","Task":"12801","SubjectUserSid":"S-1-5-20","SubjectUserName":"ADFS01$","SubjectDomainName":"BLACKSMITH","SubjectLogonId":"0x3e4","ObjectServer":"Security","HandleId":"0x2030","ProcessId":"0x1090","ProcessName":"C:\\Windows\\System32\\wbem\\WmiPrvSE.exe"}
{"SourceName":"Microsoft-Windows-Security-Auditing","ProviderGuid":"{54849625-5478-4994-a5ba-3e3b0328c30d}","Level":"0","Keywords":"0x8020000000000000","Channel":"Security","Hostname":"ADFS01.blacksmith.local","TimeCreated":"2021-04-27T04:07:44.483Z","@timestamp":"2021-04-27T04:07:44.483Z","EventID":4656,"Message":"A handle to an object was requested.\r\n\r\nSubject:\r\n\tSecurity ID:\t\tS-1-5-20\r\n\tAccount Name:\t\tADFS01$\r\n\tAccount Domain:\t\tBLACKSMITH\r\n\tLogon ID:\t\t0x3E4\r\n\r\nObject:\r\n\tObject Server:\t\tSecurity\r\n\tObject Type:\t\tKey\r\n\tObject Name:\t\t\\REGISTRY\\MACHINE\\SOFTWARE\\Microsoft\\.NETFramework\r\n\tHandle ID:\t\t0x1d4\r\n\tResource Attributes:\t-\r\n\r\nProcess Information:\r\n\tProcess ID:\t\t0x1090\r\n\tProcess Name:\t\tC:\\Windows\\System32\\wbem\\WmiPrvSE.exe\r\n\r\nAccess Request Information:\r\n\tTransaction ID:\t\t{00000000-0000-0000-0000-000000000000}\r\n\tAccesses:\t\tREAD_CONTROL\r\n\t\t\t\tQuery key value\r\n\t\t\t\tEnumerate sub-keys\r\n\t\t\t\tNotify about changes to keys\r\n\t\t\t\t\r\n\tAccess Reasons:\t\t-\r\n\tAccess Mask:\t\t0x20019\r\n\tPrivileges Used for Access Check:\t-\r\n\tRestricted SID Count:\t0","Task":"12801","SubjectUserSid":"S-1-5-20","SubjectUserName":"ADFS01$","SubjectDomainName":"BLACKSMITH","SubjectLogonId":"0x3e4","ObjectServer":"Security","ObjectType":"Key","ObjectName":"\\REGISTRY\\MACHINE\\SOFTWARE\\Microsoft\\.NETFramework","HandleId":"0x1d4","TransactionId":"{00000000-0000-0000-0000-000000000000}","AccessList":"%%1538\n\t\t\t\t%%4432\n\t\t\t\t%%4435\n\t\t\t\t%%4436\n\t\t\t\t","AccessReason":"-","AccessMask":"0x20019","PrivilegeList":"-","RestrictedSidCount":"0","ProcessId":"0x1090","ProcessName":"C:\\Windows\\System32\\wbem\\WmiPrvSE.exe","ResourceAttributes":"-"}
{"SourceName":"Microsoft-Windows-Security-Auditing","ProviderGuid":"{54849625-5478-4994-a5ba-3e3b0328c30d}","Level":"0","Keywords":"0x8020000000000000","Channel":"Security","Hostname":"ADFS01.blacksmith.local","TimeCreated":"2021-04-27T04:07:44.483Z","@timestamp":"2021-04-27T04:07:44.483Z","EventID":4658,"Message":"The handle to an object was closed.\r\n\r\nSubject :\r\n\tSecurity ID:\t\tS-1-5-20\r\n\tAccount Name:\t\tADFS01$\r\n\tAccount Domain:\t\tBLACKSMITH\r\n\tLogon ID:\t\t0x3E4\r\n\r\nObject:\r\n\tObject Server:\t\tSecurity\r\n\tHandle ID:\t\t0x1d4\r\n\r\nProcess Information:\r\n\tProcess ID:\t\t0x1090\r\n\tProcess Name:\t\tC:\\Windows\\System32\\wbem\\WmiPrvSE.exe","Task":"12801","SubjectUserSid":"S-1-5-20","SubjectUserName":"ADFS01$","SubjectDomainName":"BLACKSMITH","SubjectLogonId":"0x3e4","ObjectServer":"Security","HandleId":"0x1d4","ProcessId":"0x1090","ProcessName":"C:\\Windows\\System32\\wbem\\WmiPrvSE.exe"}
{"SourceName":"Microsoft-Windows-Security-Auditing","ProviderGuid":"{54849625-5478-4994-a5ba-3e3b0328c30d}","Level":"0","Keywords":"0x8020000000000000","Channel":"Security","Hostname":"ADFS01.blacksmith.local","TimeCreated":"2021-04-27T04:07:44.483Z","@timestamp":"2021-04-27T04:07:44.483Z","EventID":4690,"Message":"An attempt was made to duplicate a handle to an object.\r\n\r\nSubject:\r\n\tSecurity ID:\t\tS-1-5-20\r\n\tAccount Name:\t\tADFS01$\r\n\tAccount Domain:\t\tBLACKSMITH\r\n\tLogon ID:\t\t0x3E4\r\n\r\nSource Handle Information:\r\n\tSource Handle ID:\t0x1d4\r\n\tSource Process ID:\t0x1090\r\n\r\nNew Handle Information:\r\n\tTarget Handle ID:\t0x2030\r\n\tTarget Process ID:\t0x4","Task":"12807","SubjectUserSid":"S-1-5-20","SubjectUserName":"ADFS01$","SubjectDomainName":"BLACKSMITH","SubjectLogonId":"0x3e4","SourceHandleId":"0x1d4","SourceProcessId":"0x1090","TargetHandleId":"0x2030","TargetProcessId":"0x4"}
{"SourceName":"Microsoft-Windows-Security-Auditing","ProviderGuid":"{54849625-5478-4994-a5ba-3e3b0328c30d}","Level":"0","Keywords":"0x8020000000000000","Channel":"Security","Hostname":"ADFS01.blacksmith.local","TimeCreated":"2021-04-27T04:07:44.483Z","@timestamp":"2021-04-27T04:07:44.483Z","EventID":4658,"Message":"The handle to an object was closed.\r\n\r\nSubject :\r\n\tSecurity ID:\t\tS-1-5-20\r\n\tAccount Name:\t\tADFS01$\r\n\tAccount Domain:\t\tBLACKSMITH\r\n\tLogon ID:\t\t0x3E4\r\n\r\nObject:\r\n\tObject Server:\t\tSecurity\r\n\tHandle ID:\t\t0x2030\r\n\r\nProcess Information:\r\n\tProcess ID:\t\t0x1090\r\n\tProcess Name:\t\tC:\\Windows\\System32\\wbem\\WmiPrvSE.exe","Task":"12801","SubjectUserSid":"S-1-5-20","SubjectUserName":"ADFS01$","SubjectDomainName":"BLACKSMITH","SubjectLogonId":"0x3e4","ObjectServer":"Security","HandleId":"0x2030","ProcessId":"0x1090","ProcessName":"C:\\Windows\\System32\\wbem\\WmiPrvSE.exe"}
{"SourceName":"Microsoft-Windows-Security-Auditing","ProviderGuid":"{54849625-5478-4994-a5ba-3e3b0328c30d}","Level":"0","Keywords":"0x8020000000000000","Channel":"Security","Hostname":"ADFS01.blacksmith.local","TimeCreated":"2021-04-27T04:07:44.483Z","@timestamp":"2021-04-27T04:07:44.483Z","EventID":4656,"Message":"A handle to an object was requested.\r\n\r\nSubject:\r\n\tSecurity ID:\t\tS-1-5-20\r\n\tAccount Name:\t\tADFS01$\r\n\tAccount Domain:\t\tBLACKSMITH\r\n\tLogon ID:\t\t0x3E4\r\n\r\nObject:\r\n\tObject Server:\t\tSecurity\r\n\tObject Type:\t\tKey\r\n\tObject Name:\t\t\\REGISTRY\\MACHINE\\SOFTWARE\\Microsoft\\.NETFramework\r\n\tHandle ID:\t\t0x1d4\r\n\tResource Attributes:\t-\r\n\r\nProcess Information:\r\n\tProcess ID:\t\t0x1090\r\n\tProcess Name:\t\tC:\\Windows\\System32\\wbem\\WmiPrvSE.exe\r\n\r\nAccess Request Information:\r\n\tTransaction ID:\t\t{00000000-0000-0000-0000-000000000000}\r\n\tAccesses:\t\tREAD_CONTROL\r\n\t\t\t\tQuery key value\r\n\t\t\t\tEnumerate sub-keys\r\n\t\t\t\tNotify about changes to keys\r\n\t\t\t\t\r\n\tAccess Reasons:\t\t-\r\n\tAccess Mask:\t\t0x20019\r\n\tPrivileges Used for Access Check:\t-\r\n\tRestricted SID Count:\t0","Task":"12801","SubjectUserSid":"S-1-5-20","SubjectUserName":"ADFS01$","SubjectDomainName":"BLACKSMITH","SubjectLogonId":"0x3e4","ObjectServer":"Security","ObjectType":"Key","ObjectName":"\\REGISTRY\\MACHINE\\SOFTWARE\\Microsoft\\.NETFramework","HandleId":"0x1d4","TransactionId":"{00000000-0000-0000-0000-000000000000}","AccessList":"%%1538\n\t\t\t\t%%4432\n\t\t\t\t%%4435\n\t\t\t\t%%4436\n\t\t\t\t","AccessReason":"-","AccessMask":"0x20019","PrivilegeList":"-","RestrictedSidCount":"0","ProcessId":"0x1090","ProcessName":"C:\\Windows\\System32\\wbem\\WmiPrvSE.exe","ResourceAttributes":"-"}
{"SourceName":"Microsoft-Windows-Security-Auditing","ProviderGuid":"{54849625-5478-4994-a5ba-3e3b0328c30d}","Level":"0","Keywords":"0x8020000000000000","Channel":"Security","Hostname":"ADFS01.blacksmith.local","TimeCreated":"2021-04-27T04:07:44.483Z","@timestamp":"2021-04-27T04:07:44.483Z","EventID":4658,"Message":"The handle to an object was closed.\r\n\r\nSubject :\r\n\tSecurity ID:\t\tS-1-5-20\r\n\tAccount Name:\t\tADFS01$\r\n\tAccount Domain:\t\tBLACKSMITH\r\n\tLogon ID:\t\t0x3E4\r\n\r\nObject:\r\n\tObject Server:\t\tSecurity\r\n\tHandle ID:\t\t0x1d4\r\n\r\nProcess Information:\r\n\tProcess ID:\t\t0x1090\r\n\tProcess Name:\t\tC:\\Windows\\System32\\wbem\\WmiPrvSE.exe","Task":"12801","SubjectUserSid":"S-1-5-20","SubjectUserName":"ADFS01$","SubjectDomainName":"BLACKSMITH","SubjectLogonId":"0x3e4","ObjectServer":"Security","HandleId":"0x1d4","ProcessId":"0x1090","ProcessName":"C:\\Windows\\System32\\wbem\\WmiPrvSE.exe"}
{"SourceName":"Microsoft-Windows-Security-Auditing","ProviderGuid":"{54849625-5478-4994-a5ba-3e3b0328c30d}","Level":"0","Keywords":"0x8020000000000000","Channel":"Security","Hostname":"ADFS01.blacksmith.local","TimeCreated":"2021-04-27T04:07:44.483Z","@timestamp":"2021-04-27T04:07:44.483Z","EventID":4658,"Message":"The handle to an object was closed.\r\n\r\nSubject :\r\n\tSecurity ID:\t\tS-1-5-20\r\n\tAccount Name:\t\tADFS01$\r\n\tAccount Domain:\t\tBLACKSMITH\r\n\tLogon ID:\t\t0x3E4\r\n\r\nObject:\r\n\tObject Server:\t\tSecurity\r\n\tHandle ID:\t\t0x1e4\r\n\r\nProcess Information:\r\n\tProcess ID:\t\t0x1090\r\n\tProcess Name:\t\tC:\\Windows\\System32\\wbem\\WmiPrvSE.exe","Task":"12801","SubjectUserSid":"S-1-5-20","SubjectUserName":"ADFS01$","SubjectDomainName":"BLACKSMITH","SubjectLogonId":"0x3e4","ObjectServer":"Security","HandleId":"0x1e4","ProcessId":"0x1090","ProcessName":"C:\\Windows\\System32\\wbem\\WmiPrvSE.exe"}
{"SourceName":"Microsoft-Windows-Security-Auditing","ProviderGuid":"{54849625-5478-4994-a5ba-3e3b0328c30d}","Level":"0","Keywords":"0x8020000000000000","Channel":"Security","Hostname":"ADFS01.blacksmith.local","TimeCreated":"2021-04-27T04:07:44.485Z","@timestamp":"2021-04-27T04:07:44.485Z","EventID":4689,"Message":"A process has exited.\r\n\r\nSubject:\r\n\tSecurity ID:\t\tS-1-5-20\r\n\tAccount Name:\t\tADFS01$\r\n\tAccount Domain:\t\tBLACKSMITH\r\n\tLogon ID:\t\t0x3E4\r\n\r\nProcess Information:\r\n\tProcess ID:\t0x1090\r\n\tProcess Name:\tC:\\Windows\\System32\\wbem\\WmiPrvSE.exe\r\n\tExit Status:\t0x0","Task":"13313","SubjectUserSid":"S-1-5-20","SubjectUserName":"ADFS01$","SubjectDomainName":"BLACKSMITH","SubjectLogonId":"0x3e4","Status":"0x0","ProcessId":"0x1090","ProcessName":"C:\\Windows\\System32\\wbem\\WmiPrvSE.exe"}
{"SourceName":"Microsoft-Windows-Security-Auditing","ProviderGuid":"{54849625-5478-4994-a5ba-3e3b0328c30d}","Level":"0","Keywords":"0x8020000000000000","Channel":"Security","Hostname":"ADFS01.blacksmith.local","TimeCreated":"2021-04-27T04:07:44.486Z","@timestamp":"2021-04-27T04:07:44.486Z","EventID":4658,"Message":"The handle to an object was closed.\r\n\r\nSubject :\r\n\tSecurity ID:\t\tS-1-5-20\r\n\tAccount Name:\t\tADFS01$\r\n\tAccount Domain:\t\tBLACKSMITH\r\n\tLogon ID:\t\t0x3E4\r\n\r\nObject:\r\n\tObject Server:\t\tSecurity\r\n\tHandle ID:\t\t0x2a8\r\n\r\nProcess Information:\r\n\tProcess ID:\t\t0x1090\r\n\tProcess Name:\t\tC:\\Windows\\System32\\wbem\\WmiPrvSE.exe","Task":"12801","SubjectUserSid":"S-1-5-20","SubjectUserName":"ADFS01$","SubjectDomainName":"BLACKSMITH","SubjectLogonId":"0x3e4","ObjectServer":"Security","HandleId":"0x2a8","ProcessId":"0x1090","ProcessName":"C:\\Windows\\System32\\wbem\\WmiPrvSE.exe"}
{"SourceName":"Microsoft-Windows-Security-Auditing","ProviderGuid":"{54849625-5478-4994-a5ba-3e3b0328c30d}","Level":"0","Keywords":"0x8020000000000000","Channel":"Security","Hostname":"ADFS01.blacksmith.local","TimeCreated":"2021-04-27T04:07:48.258Z","@timestamp":"2021-04-27T04:07:48.258Z","EventID":5158,"Message":"The Windows Filtering Platform has permitted a bind to a local port.\r\n\r\nApplication Information:\r\n\tProcess ID:\t\t2912\r\n\tApplication Name:\t\\device\\harddiskvolume2\\windowsazure\\packages\\waappagent.exe\r\n\r\nNetwork Information:\r\n\tSource Address:\t\t0.0.0.0\r\n\tSource Port:\t\t60279\r\n\tProtocol:\t\t6\r\n\r\nFilter Information:\r\n\tFilter Run-Time ID:\t0\r\n\tLayer Name:\t\tResource Assignment\r\n\tLayer Run-Time ID:\t36","Task":"12810","ProcessId":"2912","Application":"\\device\\harddiskvolume2\\windowsazure\\packages\\waappagent.exe","SourceAddress":"0.0.0.0","SourcePort":"60279","Protocol":"6","FilterRTID":"0","LayerName":"%%14608","LayerRTID":"36"}
{"SourceName":"Microsoft-Windows-Security-Auditing","ProviderGuid":"{54849625-5478-4994-a5ba-3e3b0328c30d}","Level":"0","Keywords":"0x8020000000000000","Channel":"Security","Hostname":"ADFS01.blacksmith.local","TimeCreated":"2021-04-27T04:07:48.258Z","@timestamp":"2021-04-27T04:07:48.258Z","EventID":5156,"Message":"The Windows Filtering Platform has permitted a connection.\r\n\r\nApplication Information:\r\n\tProcess ID:\t\t2912\r\n\tApplication Name:\t\\device\\harddiskvolume2\\windowsazure\\packages\\waappagent.exe\r\n\r\nNetwork Information:\r\n\tDirection:\t\tOutbound\r\n\tSource Address:\t\t192.168.2.5\r\n\tSource Port:\t\t60279\r\n\tDestination Address:\t168.63.129.16\r\n\tDestination Port:\t\t80\r\n\tProtocol:\t\t6\r\n\r\nFilter Information:\r\n\tFilter Run-Time ID:\t71298\r\n\tLayer Name:\t\tConnect\r\n\tLayer Run-Time ID:\t48","Task":"12810","ProcessID":"2912","Application":"\\device\\harddiskvolume2\\windowsazure\\packages\\waappagent.exe","Direction":"%%14593","SourceAddress":"192.168.2.5","SourcePort":"60279","DestAddress":"168.63.129.16","DestPort":"80","Protocol":"6","FilterRTID":"71298","LayerName":"%%14611","LayerRTID":"48","RemoteUserID":"S-1-0-0","RemoteMachineID":"S-1-0-0"}
{"SourceName":"Microsoft-Windows-Security-Auditing","ProviderGuid":"{54849625-5478-4994-a5ba-3e3b0328c30d}","Level":"0","Keywords":"0x8020000000000000","Channel":"Security","Hostname":"ADFS01.blacksmith.local","TimeCreated":"2021-04-27T04:07:50.243Z","@timestamp":"2021-04-27T04:07:50.243Z","EventID":5158,"Message":"The Windows Filtering Platform has permitted a bind to a local port.\r\n\r\nApplication Information:\r\n\tProcess ID:\t\t2912\r\n\tApplication Name:\t\\device\\harddiskvolume2\\windowsazure\\packages\\waappagent.exe\r\n\r\nNetwork Information:\r\n\tSource Address:\t\t0.0.0.0\r\n\tSource Port:\t\t60280\r\n\tProtocol:\t\t6\r\n\r\nFilter Information:\r\n\tFilter Run-Time ID:\t0\r\n\tLayer Name:\t\tResource Assignment\r\n\tLayer Run-Time ID:\t36","Task":"12810","ProcessId":"2912","Application":"\\device\\harddiskvolume2\\windowsazure\\packages\\waappagent.exe","SourceAddress":"0.0.0.0","SourcePort":"60280","Protocol":"6","FilterRTID":"0","LayerName":"%%14608","LayerRTID":"36"}
{"SourceName":"Microsoft-Windows-Security-Auditing","ProviderGuid":"{54849625-5478-4994-a5ba-3e3b0328c30d}","Level":"0","Keywords":"0x8020000000000000","Channel":"Security","Hostname":"ADFS01.blacksmith.local","TimeCreated":"2021-04-27T04:07:50.243Z","@timestamp":"2021-04-27T04:07:50.243Z","EventID":5156,"Message":"The Windows Filtering Platform has permitted a connection.\r\n\r\nApplication Information:\r\n\tProcess ID:\t\t2912\r\n\tApplication Name:\t\\device\\harddiskvolume2\\windowsazure\\packages\\waappagent.exe\r\n\r\nNetwork Information:\r\n\tDirection:\t\tOutbound\r\n\tSource Address:\t\t192.168.2.5\r\n\tSource Port:\t\t60280\r\n\tDestination Address:\t168.63.129.16\r\n\tDestination Port:\t\t80\r\n\tProtocol:\t\t6\r\n\r\nFilter Information:\r\n\tFilter Run-Time ID:\t71298\r\n\tLayer Name:\t\tConnect\r\n\tLayer Run-Time ID:\t48","Task":"12810","ProcessID":"2912","Application":"\\device\\harddiskvolume2\\windowsazure\\packages\\waappagent.exe","Direction":"%%14593","SourceAddress":"192.168.2.5","SourcePort":"60280","DestAddress":"168.63.129.16","DestPort":"80","Protocol":"6","FilterRTID":"71298","LayerName":"%%14611","LayerRTID":"48","RemoteUserID":"S-1-0-0","RemoteMachineID":"S-1-0-0"}
{"SourceName":"Microsoft-Windows-Security-Auditing","ProviderGuid":"{54849625-5478-4994-a5ba-3e3b0328c30d}","Level":"0","Keywords":"0x8020000000000000","Channel":"Security","Hostname":"ADFS01.blacksmith.local","TimeCreated":"2021-04-27T04:07:54.009Z","@timestamp":"2021-04-27T04:07:54.009Z","EventID":5158,"Message":"The Windows Filtering Platform has permitted a bind to a local port.\r\n\r\nApplication Information:\r\n\tProcess ID:\t\t2920\r\n\tApplication Name:\t\\device\\harddiskvolume2\\windowsazure\\packages\\guestagent\\windowsazureguestagent.exe\r\n\r\nNetwork Information:\r\n\tSource Address:\t\t0.0.0.0\r\n\tSource Port:\t\t60281\r\n\tProtocol:\t\t6\r\n\r\nFilter Information:\r\n\tFilter Run-Time ID:\t0\r\n\tLayer Name:\t\tResource Assignment\r\n\tLayer Run-Time ID:\t36","Task":"12810","ProcessId":"2920","Application":"\\device\\harddiskvolume2\\windowsazure\\packages\\guestagent\\windowsazureguestagent.exe","SourceAddress":"0.0.0.0","SourcePort":"60281","Protocol":"6","FilterRTID":"0","LayerName":"%%14608","LayerRTID":"36"}
{"SourceName":"Microsoft-Windows-Security-Auditing","ProviderGuid":"{54849625-5478-4994-a5ba-3e3b0328c30d}","Level":"0","Keywords":"0x8020000000000000","Channel":"Security","Hostname":"ADFS01.blacksmith.local","TimeCreated":"2021-04-27T04:07:54.010Z","@timestamp":"2021-04-27T04:07:54.010Z","EventID":5156,"Message":"The Windows Filtering Platform has permitted a connection.\r\n\r\nApplication Information:\r\n\tProcess ID:\t\t2920\r\n\tApplication Name:\t\\device\\harddiskvolume2\\windowsazure\\packages\\guestagent\\windowsazureguestagent.exe\r\n\r\nNetwork Information:\r\n\tDirection:\t\tOutbound\r\n\tSource Address:\t\t192.168.2.5\r\n\tSource Port:\t\t60281\r\n\tDestination Address:\t168.63.129.16\r\n\tDestination Port:\t\t80\r\n\tProtocol:\t\t6\r\n\r\nFilter Information:\r\n\tFilter Run-Time ID:\t71298\r\n\tLayer Name:\t\tConnect\r\n\tLayer Run-Time ID:\t48","Task":"12810","ProcessID":"2920","Application":"\\device\\harddiskvolume2\\windowsazure\\packages\\guestagent\\windowsazureguestagent.exe","Direction":"%%14593","SourceAddress":"192.168.2.5","SourcePort":"60281","DestAddress":"168.63.129.16","DestPort":"80","Protocol":"6","FilterRTID":"71298","LayerName":"%%14611","LayerRTID":"48","RemoteUserID":"S-1-0-0","RemoteMachineID":"S-1-0-0"}
{"SourceName":"Microsoft-Windows-Security-Auditing","ProviderGuid":"{54849625-5478-4994-a5ba-3e3b0328c30d}","Level":"0","Keywords":"0x8020000000000000","Channel":"Security","Hostname":"ADFS01.blacksmith.local","TimeCreated":"2021-04-27T04:07:56.318Z","@timestamp":"2021-04-27T04:07:56.318Z","EventID":5158,"Message":"The Windows Filtering Platform has permitted a bind to a local port.\r\n\r\nApplication Information:\r\n\tProcess ID:\t\t1900\r\n\tApplication Name:\t\\device\\harddiskvolume2\\windows\\adfs\\microsoft.identityserver.servicehost.exe\r\n\r\nNetwork Information:\r\n\tSource Address:\t\t::\r\n\tSource Port:\t\t60282\r\n\tProtocol:\t\t6\r\n\r\nFilter Information:\r\n\tFilter Run-Time ID:\t0\r\n\tLayer Name:\t\tResource Assignment\r\n\tLayer Run-Time ID:\t38","Task":"12810","ProcessId":"1900","Application":"\\device\\harddiskvolume2\\windows\\adfs\\microsoft.identityserver.servicehost.exe","SourceAddress":"::","SourcePort":"60282","Protocol":"6","FilterRTID":"0","LayerName":"%%14608","LayerRTID":"38"}
{"SourceName":"Microsoft-Windows-Security-Auditing","ProviderGuid":"{54849625-5478-4994-a5ba-3e3b0328c30d}","Level":"0","Keywords":"0x8020000000000000","Channel":"Security","Hostname":"ADFS01.blacksmith.local","TimeCreated":"2021-04-27T04:07:56.318Z","@timestamp":"2021-04-27T04:07:56.318Z","EventID":5156,"Message":"The Windows Filtering Platform has permitted a connection.\r\n\r\nApplication Information:\r\n\tProcess ID:\t\t1900\r\n\tApplication Name:\t\\device\\harddiskvolume2\\windows\\adfs\\microsoft.identityserver.servicehost.exe\r\n\r\nNetwork Information:\r\n\tDirection:\t\tOutbound\r\n\tSource Address:\t\t::1\r\n\tSource Port:\t\t60282\r\n\tDestination Address:\t::1\r\n\tDestination Port:\t\t1500\r\n\tProtocol:\t\t6\r\n\r\nFilter Information:\r\n\tFilter Run-Time ID:\t65893\r\n\tLayer Name:\t\tConnect\r\n\tLayer Run-Time ID:\t50","Task":"12810","ProcessID":"1900","Application":"\\device\\harddiskvolume2\\windows\\adfs\\microsoft.identityserver.servicehost.exe","Direction":"%%14593","SourceAddress":"::1","SourcePort":"60282","DestAddress":"::1","DestPort":"1500","Protocol":"6","FilterRTID":"65893","LayerName":"%%14611","LayerRTID":"50","RemoteUserID":"S-1-0-0","RemoteMachineID":"S-1-0-0"}
{"SourceName":"Microsoft-Windows-Security-Auditing","ProviderGuid":"{54849625-5478-4994-a5ba-3e3b0328c30d}","Level":"0","Keywords":"0x8020000000000000","Channel":"Security","Hostname":"ADFS01.blacksmith.local","TimeCreated":"2021-04-27T04:07:56.318Z","@timestamp":"2021-04-27T04:07:56.318Z","EventID":5156,"Message":"The Windows Filtering Platform has permitted a connection.\r\n\r\nApplication Information:\r\n\tProcess ID:\t\t1900\r\n\tApplication Name:\t\\device\\harddiskvolume2\\windows\\adfs\\microsoft.identityserver.servicehost.exe\r\n\r\nNetwork Information:\r\n\tDirection:\t\tInbound\r\n\tSource Address:\t\t::1\r\n\tSource Port:\t\t60282\r\n\tDestination Address:\t::1\r\n\tDestination Port:\t\t1500\r\n\tProtocol:\t\t6\r\n\r\nFilter Information:\r\n\tFilter Run-Time ID:\t65891\r\n\tLayer Name:\t\tReceive/Accept\r\n\tLayer Run-Time ID:\t46","Task":"12810","ProcessID":"1900","Application":"\\device\\harddiskvolume2\\windows\\adfs\\microsoft.identityserver.servicehost.exe","Direction":"%%14592","SourceAddress":"::1","SourcePort":"60282","DestAddress":"::1","DestPort":"1500","Protocol":"6","FilterRTID":"65891","LayerName":"%%14610","LayerRTID":"46","RemoteUserID":"S-1-0-0","RemoteMachineID":"S-1-0-0"}
{"SourceName":"Microsoft-Windows-Security-Auditing","ProviderGuid":"{54849625-5478-4994-a5ba-3e3b0328c30d}","Level":"0","Keywords":"0x8020000000000000","Channel":"Security","Hostname":"ADFS01.blacksmith.local","TimeCreated":"2021-04-27T04:07:58.694Z","@timestamp":"2021-04-27T04:07:58.694Z","EventID":4690,"Message":"An attempt was made to duplicate a handle to an object.\r\n\r\nSubject:\r\n\tSecurity ID:\t\tS-1-5-18\r\n\tAccount Name:\t\tADFS01$\r\n\tAccount Domain:\t\tBLACKSMITH\r\n\tLogon ID:\t\t0x3E7\r\n\r\nSource Handle Information:\r\n\tSource Handle ID:\t0x464\r\n\tSource Process ID:\t0x1efc\r\n\r\nNew Handle Information:\r\n\tTarget Handle ID:\t0x2bb8\r\n\tTarget Process ID:\t0x4","Task":"12807","SubjectUserSid":"S-1-5-18","SubjectUserName":"ADFS01$","SubjectDomainName":"BLACKSMITH","SubjectLogonId":"0x3e7","SourceHandleId":"0x464","SourceProcessId":"0x1efc","TargetHandleId":"0x2bb8","TargetProcessId":"0x4"}
{"SourceName":"Microsoft-Windows-Security-Auditing","ProviderGuid":"{54849625-5478-4994-a5ba-3e3b0328c30d}","Level":"0","Keywords":"0x8020000000000000","Channel":"Security","Hostname":"ADFS01.blacksmith.local","TimeCreated":"2021-04-27T04:07:58.694Z","@timestamp":"2021-04-27T04:07:58.694Z","EventID":4658,"Message":"The handle to an object was closed.\r\n\r\nSubject :\r\n\tSecurity ID:\t\tS-1-5-18\r\n\tAccount Name:\t\tADFS01$\r\n\tAccount Domain:\t\tBLACKSMITH\r\n\tLogon ID:\t\t0x3E7\r\n\r\nObject:\r\n\tObject Server:\t\tSecurity\r\n\tHandle ID:\t\t0x2bb8\r\n\r\nProcess Information:\r\n\tProcess ID:\t\t0x1efc\r\n\tProcess Name:\t\tC:\\Program Files\\Windows Defender Advanced Threat Protection\\MsSense.exe","Task":"12801","SubjectUserSid":"S-1-5-18","SubjectUserName":"ADFS01$","SubjectDomainName":"BLACKSMITH","SubjectLogonId":"0x3e7","ObjectServer":"Security","HandleId":"0x2bb8","ProcessId":"0x1efc","ProcessName":"C:\\Program Files\\Windows Defender Advanced Threat Protection\\MsSense.exe"}
{"SourceName":"Microsoft-Windows-Security-Auditing","ProviderGuid":"{54849625-5478-4994-a5ba-3e3b0328c30d}","Level":"0","Keywords":"0x8020000000000000","Channel":"Security","Hostname":"ADFS01.blacksmith.local","TimeCreated":"2021-04-27T04:07:58.694Z","@timestamp":"2021-04-27T04:07:58.694Z","EventID":4656,"Message":"A handle to an object was requested.\r\n\r\nSubject:\r\n\tSecurity ID:\t\tS-1-5-18\r\n\tAccount Name:\t\tADFS01$\r\n\tAccount Domain:\t\tBLACKSMITH\r\n\tLogon ID:\t\t0x3E7\r\n\r\nObject:\r\n\tObject Server:\t\tSecurity\r\n\tObject Type:\t\tKey\r\n\tObject Name:\t\t\\REGISTRY\\MACHINE\\SYSTEM\\ControlSet001\\Control\\Session Manager\\Environment\r\n\tHandle ID:\t\t0x464\r\n\tResource Attributes:\t-\r\n\r\nProcess Information:\r\n\tProcess ID:\t\t0x1efc\r\n\tProcess Name:\t\tC:\\Program Files\\Windows Defender Advanced Threat Protection\\MsSense.exe\r\n\r\nAccess Request Information:\r\n\tTransaction ID:\t\t{00000000-0000-0000-0000-000000000000}\r\n\tAccesses:\t\tREAD_CONTROL\r\n\t\t\t\tQuery key value\r\n\t\t\t\tEnumerate sub-keys\r\n\t\t\t\tNotify about changes to keys\r\n\t\t\t\t\r\n\tAccess Reasons:\t\t-\r\n\tAccess Mask:\t\t0x20019\r\n\tPrivileges Used for Access Check:\t-\r\n\tRestricted SID Count:\t0","Task":"12801","SubjectUserSid":"S-1-5-18","SubjectUserName":"ADFS01$","SubjectDomainName":"BLACKSMITH","SubjectLogonId":"0x3e7","ObjectServer":"Security","ObjectType":"Key","ObjectName":"\\REGISTRY\\MACHINE\\SYSTEM\\ControlSet001\\Control\\Session Manager\\Environment","HandleId":"0x464","TransactionId":"{00000000-0000-0000-0000-000000000000}","AccessList":"%%1538\n\t\t\t\t%%4432\n\t\t\t\t%%4435\n\t\t\t\t%%4436\n\t\t\t\t","AccessReason":"-","AccessMask":"0x20019","PrivilegeList":"-","RestrictedSidCount":"0","ProcessId":"0x1efc","ProcessName":"C:\\Program Files\\Windows Defender Advanced Threat Protection\\MsSense.exe","ResourceAttributes":"-"}
