{"SourceName":"Microsoft-Windows-Sysmon","ProviderGuid":"{5770385f-c22a-43e0-bf4c-06f5698ffbd9}","Level":"4","Keywords":"0x8000000000000000","Channel":"Microsoft-Windows-Sysmon/Operational","Hostname":"ADFS01.blacksmith.local","TimeCreated":"2021-04-27T04:08:28.894Z","@timestamp":"2021-04-27T04:08:28.894Z","EventID":7,"Message":"Image loaded:\r\nRuleName: -\r\nUtcTime: 2021-04-27 08:08:28.892\r\nProcessGuid: {1978b227-c67c-6087-7f7b-000000000500}\r\nProcessId: 8284\r\nImage: C:\\Program Files\\Windows Defender Advanced Threat Protection\\SenseCncProxy.exe\r\nImageLoaded: C:\\Windows\\System32\\sspicli.dll\r\nFileVersion: 10.0.17763.1490 (WinBuild.160101.0800)\r\nDescription: Security Support Provider Interface\r\nProduct: Microsoft® Windows® Operating System\r\nCompany: Microsoft Corporation\r\nOriginalFileName: sspicli.dll\r\nHashes: SHA1=A7DCC42F9E078B1E14D633092288A909597489BD,MD5=E68A0BA6A1EAE68C81CADBF08C09C883,SHA256=3558FE2B8469CEC5FC19830C764B89A55F7FD5C883EB634947E7432D68089C76,IMPHASH=1A813D04520E602A9E31CB5E06F81D1D\r\nSigned: true\r\nSignature: Microsoft Windows\r\nSignatureStatus: Valid","Task":"7","RuleName":"-","UtcTime":"2021-04-27 08:08:28.892","ProcessGuid":"{1978b227-c67c-6087-7f7b-000000000500}","ProcessId":"8284","Image":"C:\\Program Files\\Windows Defender Advanced Threat Protection\\SenseCncProxy.exe","ImageLoaded":"C:\\Windows\\System32\\sspicli.dll","FileVersion":"10.0.17763.1490 (WinBuild.160101.0800)","Description":"Security Support Provider Interface","Product":"Microsoft® Windows® Operating System","Company":"Microsoft Corporation","OriginalFileName":"sspicli.dll","Hashes":"SHA1=A7DCC42F9E078B1E14D633092288A909597489BD,MD5=E68A0BA6A1EAE68C81CADBF08C09C883,SHA256=3558FE2B8469CEC5FC19830C764B89A55F7FD5C883EB634947E7432D68089C76,IMPHASH=1A813D04520E602A9E31CB5E06F81D1D","Signed":"true","Signature":"Microsoft Windows","SignatureStatus":"Valid"}
{"SourceName":"Microsoft-Windows-Sysmon","ProviderGuid":"{5770385f-c22a-43e0-bf4c-06f5698ffbd9}","Level":"4","Keywords":"0x8000000000000000","Channel":"Microsoft-Windows-Sysmon/Operational","Hostname":"ADFS01.blacksmith.local","TimeCreated":"2021-04-27T04:08:28.898Z","@timestamp":"2021-04-27T04:08:28.898Z","EventID":12,"Message":"Registry object added or deleted:\r\nRuleName: -\r\nEventType: CreateKey\r\nUtcTime: 2021-04-27 08:08:28.894\r\nProcessGuid: {1978b227-936d-607f-5e13-000000000500}\r\nProcessId: 5124\r\nImage: C:\\Windows\\system32\\svchost.exe\r\nTargetObject: HKU\\.DEFAULT\\Software\\Microsoft\\Windows\\CurrentVersion\\Internet Settings\\Connections","Task":"12","RuleName":"-","EventType":"CreateKey","UtcTime":"2021-04-27 08:08:28.894","ProcessGuid":"{1978b227-936d-607f-5e13-000000000500}","ProcessId":"5124","Image":"C:\\Windows\\system32\\svchost.exe","TargetObject":"HKU\\.DEFAULT\\Software\\Microsoft\\Windows\\CurrentVersion\\Internet Settings\\Connections"}
{"SourceName":"Microsoft-Windows-Sysmon","ProviderGuid":"{5770385f-c22a-43e0-bf4c-06f5698ffbd9}","Level":"4","Keywords":"0x8000000000000000","Channel":"Microsoft-Windows-Sysmon/Operational","Hostname":"ADFS01.blacksmith.local","TimeCreated":"2021-04-27T04:08:28.900Z","@timestamp":"2021-04-27T04:08:28.900Z","EventID":7,"Message":"Image loaded:\r\nRuleName: -\r\nUtcTime: 2021-04-27 08:08:28.894\r\nProcessGuid: {1978b227-c67c-6087-7f7b-000000000500}\r\nProcessId: 8284\r\nImage: C:\\Program Files\\Windows Defender Advanced Threat Protection\\SenseCncProxy.exe\r\nImageLoaded: C:\\Windows\\System32\\dnsapi.dll\r\nFileVersion: 10.0.17763.1879 (WinBuild.160101.0800)\r\nDescription: DNS Client API DLL\r\nProduct: Microsoft® Windows® Operating System\r\nCompany: Microsoft Corporation\r\nOriginalFileName: dnsapi\r\nHashes: SHA1=0B3084231CDA92A25FC77A4E160A3A2F1498EB1F,MD5=11CB0D826722F9A0E720616EADAB3C4A,SHA256=2FF8F8AA104994A2736EA540157AC282DEB1FDB0EC6CD59E3D454A2E23749C9B,IMPHASH=1A01A000FA6EC04EE5216E968B84EC45\r\nSigned: true\r\nSignature: Microsoft Windows\r\nSignatureStatus: Valid","Task":"7","RuleName":"-","UtcTime":"2021-04-27 08:08:28.894","ProcessGuid":"{1978b227-c67c-6087-7f7b-000000000500}","ProcessId":"8284","Image":"C:\\Program Files\\Windows Defender Advanced Threat Protection\\SenseCncProxy.exe","ImageLoaded":"C:\\Windows\\System32\\dnsapi.dll","FileVersion":"10.0.17763.1879 (WinBuild.160101.0800)","Description":"DNS Client API DLL","Product":"Microsoft® Windows® Operating System","Company":"Microsoft Corporation","OriginalFileName":"dnsapi","Hashes":"SHA1=0B3084231CDA92A25FC77A4E160A3A2F1498EB1F,MD5=11CB0D826722F9A0E720616EADAB3C4A,SHA256=2FF8F8AA104994A2736EA540157AC282DEB1FDB0EC6CD59E3D454A2E23749C9B,IMPHASH=1A01A000FA6EC04EE5216E968B84EC45","Signed":"true","Signature":"Microsoft Windows","SignatureStatus":"Valid"}
{"SourceName":"Microsoft-Windows-Sysmon","ProviderGuid":"{5770385f-c22a-43e0-bf4c-06f5698ffbd9}","Level":"4","Keywords":"0x8000000000000000","Channel":"Microsoft-Windows-Sysmon/Operational","Hostname":"ADFS01.blacksmith.local","TimeCreated":"2021-04-27T04:08:28.901Z","@timestamp":"2021-04-27T04:08:28.901Z","EventID":7,"Message":"Image loaded:\r\nRuleName: -\r\nUtcTime: 2021-04-27 08:08:28.894\r\nProcessGuid: {1978b227-c67c-6087-7f7b-000000000500}\r\nProcessId: 8284\r\nImage: C:\\Program Files\\Windows Defender Advanced Threat Protection\\SenseCncProxy.exe\r\nImageLoaded: C:\\Windows\\System32\\rasadhlp.dll\r\nFileVersion: 10.0.17763.1 (WinBuild.160101.0800)\r\nDescription: Remote Access AutoDial Helper\r\nProduct: Microsoft® Windows® Operating System\r\nCompany: Microsoft Corporation\r\nOriginalFileName: rasadhlp.dll\r\nHashes: SHA1=3A0C498A80C536731CD8519BC056D534F8530DCE,MD5=79E2068FB1E925B013EE28ACA7D1BEEE,SHA256=8899B7C7268188F33BCB639CD58FB14DAB6E39A0EB5C4A0C587E779F74A03D15,IMPHASH=FEAF8EF2A61D5237FD324D1624A3894B\r\nSigned: true\r\nSignature: Microsoft Windows\r\nSignatureStatus: Valid","Task":"7","RuleName":"-","UtcTime":"2021-04-27 08:08:28.894","ProcessGuid":"{1978b227-c67c-6087-7f7b-000000000500}","ProcessId":"8284","Image":"C:\\Program Files\\Windows Defender Advanced Threat Protection\\SenseCncProxy.exe","ImageLoaded":"C:\\Windows\\System32\\rasadhlp.dll","FileVersion":"10.0.17763.1 (WinBuild.160101.0800)","Description":"Remote Access AutoDial Helper","Product":"Microsoft® Windows® Operating System","Company":"Microsoft Corporation","OriginalFileName":"rasadhlp.dll","Hashes":"SHA1=3A0C498A80C536731CD8519BC056D534F8530DCE,MD5=79E2068FB1E925B013EE28ACA7D1BEEE,SHA256=8899B7C7268188F33BCB639CD58FB14DAB6E39A0EB5C4A0C587E779F74A03D15,IMPHASH=FEAF8EF2A61D5237FD324D1624A3894B","Signed":"true","Signature":"Microsoft Windows","SignatureStatus":"Valid"}
{"SourceName":"Microsoft-Windows-Sysmon","ProviderGuid":"{5770385f-c22a-43e0-bf4c-06f5698ffbd9}","Level":"4","Keywords":"0x8000000000000000","Channel":"Microsoft-Windows-Sysmon/Operational","Hostname":"ADFS01.blacksmith.local","TimeCreated":"2021-04-27T04:08:28.906Z","@timestamp":"2021-04-27T04:08:28.906Z","EventID":7,"Message":"Image loaded:\r\nRuleName: -\r\nUtcTime: 2021-04-27 08:08:28.894\r\nProcessGuid: {1978b227-c67c-6087-7f7b-000000000500}\r\nProcessId: 8284\r\nImage: C:\\Program Files\\Windows Defender Advanced Threat Protection\\SenseCncProxy.exe\r\nImageLoaded: C:\\Windows\\System32\\FWPUCLNT.DLL\r\nFileVersion: 10.0.17763.1790 (WinBuild.160101.0800)\r\nDescription: FWP/IPsec User-Mode API\r\nProduct: Microsoft® Windows® Operating System\r\nCompany: Microsoft Corporation\r\nOriginalFileName: fwpuclnt.dll\r\nHashes: SHA1=4BE3AB13E12BE83A804BB927D97A7692191DE286,MD5=D0342BBDB47E853F40808DD1BF2178F9,SHA256=4EA76A35178757D67D83A36AD641062AFAF47E2855BBC587B3AFBD723C54D54E,IMPHASH=AFD4C9F86C7354898594DD6BBF32C51F\r\nSigned: true\r\nSignature: Microsoft Windows\r\nSignatureStatus: Valid","Task":"7","RuleName":"-","UtcTime":"2021-04-27 08:08:28.894","ProcessGuid":"{1978b227-c67c-6087-7f7b-000000000500}","ProcessId":"8284","Image":"C:\\Program Files\\Windows Defender Advanced Threat Protection\\SenseCncProxy.exe","ImageLoaded":"C:\\Windows\\System32\\FWPUCLNT.DLL","FileVersion":"10.0.17763.1790 (WinBuild.160101.0800)","Description":"FWP/IPsec User-Mode API","Product":"Microsoft® Windows® Operating System","Company":"Microsoft Corporation","OriginalFileName":"fwpuclnt.dll","Hashes":"SHA1=4BE3AB13E12BE83A804BB927D97A7692191DE286,MD5=D0342BBDB47E853F40808DD1BF2178F9,SHA256=4EA76A35178757D67D83A36AD641062AFAF47E2855BBC587B3AFBD723C54D54E,IMPHASH=AFD4C9F86C7354898594DD6BBF32C51F","Signed":"true","Signature":"Microsoft Windows","SignatureStatus":"Valid"}
{"SourceName":"Microsoft-Windows-Sysmon","ProviderGuid":"{5770385f-c22a-43e0-bf4c-06f5698ffbd9}","Level":"4","Keywords":"0x8000000000000000","Channel":"Microsoft-Windows-Sysmon/Operational","Hostname":"ADFS01.blacksmith.local","TimeCreated":"2021-04-27T04:08:28.917Z","@timestamp":"2021-04-27T04:08:28.917Z","EventID":7,"Message":"Image loaded:\r\nRuleName: -\r\nUtcTime: 2021-04-27 08:08:28.910\r\nProcessGuid: {1978b227-c67c-6087-7f7b-000000000500}\r\nProcessId: 8284\r\nImage: C:\\Program Files\\Windows Defender Advanced Threat Protection\\SenseCncProxy.exe\r\nImageLoaded: C:\\Windows\\System32\\schannel.dll\r\nFileVersion: 10.0.17763.1728 (WinBuild.160101.0800)\r\nDescription: TLS / SSL Security Provider\r\nProduct: Microsoft® Windows® Operating System\r\nCompany: Microsoft Corporation\r\nOriginalFileName: schannel.dll\r\nHashes: SHA1=72E9A9C50C23646C34AA584298EF356F5F27EC9E,MD5=C6E4795B0CA14D9422CCDD624404E325,SHA256=6B75B9F205FF8DB22D1D405CD7A9A3EC4C4A3A5EEC87FE365C01FD543E6E474A,IMPHASH=868E01C57FB326A3FE11D14B4A1525AA\r\nSigned: true\r\nSignature: Microsoft Windows\r\nSignatureStatus: Valid","Task":"7","RuleName":"-","UtcTime":"2021-04-27 08:08:28.910","ProcessGuid":"{1978b227-c67c-6087-7f7b-000000000500}","ProcessId":"8284","Image":"C:\\Program Files\\Windows Defender Advanced Threat Protection\\SenseCncProxy.exe","ImageLoaded":"C:\\Windows\\System32\\schannel.dll","FileVersion":"10.0.17763.1728 (WinBuild.160101.0800)","Description":"TLS / SSL Security Provider","Product":"Microsoft® Windows® Operating System","Company":"Microsoft Corporation","OriginalFileName":"schannel.dll","Hashes":"SHA1=72E9A9C50C23646C34AA584298EF356F5F27EC9E,MD5=C6E4795B0CA14D9422CCDD624404E325,SHA256=6B75B9F205FF8DB22D1D405CD7A9A3EC4C4A3A5EEC87FE365C01FD543E6E474A,IMPHASH=868E01C57FB326A3FE11D14B4A1525AA","Signed":"true","Signature":"Microsoft Windows","SignatureStatus":"Valid"}
{"SourceName":"Microsoft-Windows-Sysmon","ProviderGuid":"{5770385f-c22a-43e0-bf4c-06f5698ffbd9}","Level":"4","Keywords":"0x8000000000000000","Channel":"Microsoft-Windows-Sysmon/Operational","Hostname":"ADFS01.blacksmith.local","TimeCreated":"2021-04-27T04:08:28.944Z","@timestamp":"2021-04-27T04:08:28.944Z","EventID":7,"Message":"Image loaded:\r\nRuleName: -\r\nUtcTime: 2021-04-27 08:08:28.941\r\nProcessGuid: {1978b227-c67c-6087-7f7b-000000000500}\r\nProcessId: 8284\r\nImage: C:\\Program Files\\Windows Defender Advanced Threat Protection\\SenseCncProxy.exe\r\nImageLoaded: C:\\Windows\\System32\\mskeyprotect.dll\r\nFileVersion: 10.0.17763.1 (WinBuild.160101.0800)\r\nDescription: Microsoft Key Protection Provider\r\nProduct: Microsoft® Windows® Operating System\r\nCompany: Microsoft Corporation\r\nOriginalFileName: mskeyprotect.dll\r\nHashes: SHA1=C7D3E51C458A44C4F647E3B5A63D01CF0F5E4A11,MD5=63E8BE92F87780A669A24F4BFC324D31,SHA256=BFB9E796C4311FDCE52317F98F1D7DC8DD23AC8C2C62F65D86EFF60CC82CB738,IMPHASH=E4E8928EBF868331EC2393286954E548\r\nSigned: true\r\nSignature: Microsoft Windows\r\nSignatureStatus: Valid","Task":"7","RuleName":"-","UtcTime":"2021-04-27 08:08:28.941","ProcessGuid":"{1978b227-c67c-6087-7f7b-000000000500}","ProcessId":"8284","Image":"C:\\Program Files\\Windows Defender Advanced Threat Protection\\SenseCncProxy.exe","ImageLoaded":"C:\\Windows\\System32\\mskeyprotect.dll","FileVersion":"10.0.17763.1 (WinBuild.160101.0800)","Description":"Microsoft Key Protection Provider","Product":"Microsoft® Windows® Operating System","Company":"Microsoft Corporation","OriginalFileName":"mskeyprotect.dll","Hashes":"SHA1=C7D3E51C458A44C4F647E3B5A63D01CF0F5E4A11,MD5=63E8BE92F87780A669A24F4BFC324D31,SHA256=BFB9E796C4311FDCE52317F98F1D7DC8DD23AC8C2C62F65D86EFF60CC82CB738,IMPHASH=E4E8928EBF868331EC2393286954E548","Signed":"true","Signature":"Microsoft Windows","SignatureStatus":"Valid"}
{"SourceName":"Microsoft-Windows-Sysmon","ProviderGuid":"{5770385f-c22a-43e0-bf4c-06f5698ffbd9}","Level":"4","Keywords":"0x8000000000000000","Channel":"Microsoft-Windows-Sysmon/Operational","Hostname":"ADFS01.blacksmith.local","TimeCreated":"2021-04-27T04:08:28.945Z","@timestamp":"2021-04-27T04:08:28.945Z","EventID":7,"Message":"Image loaded:\r\nRuleName: -\r\nUtcTime: 2021-04-27 08:08:28.941\r\nProcessGuid: {1978b227-c67c-6087-7f7b-000000000500}\r\nProcessId: 8284\r\nImage: C:\\Program Files\\Windows Defender Advanced Threat Protection\\SenseCncProxy.exe\r\nImageLoaded: C:\\Windows\\System32\\ncrypt.dll\r\nFileVersion: 10.0.17763.1 (WinBuild.160101.0800)\r\nDescription: Windows NCrypt Router\r\nProduct: Microsoft® Windows® Operating System\r\nCompany: Microsoft Corporation\r\nOriginalFileName: ncrypt.dll\r\nHashes: SHA1=8004DE486D0BBA31DD0DAABA15CE70386AAD357B,MD5=5E2B0EE7F62779521BBECF6EF4B7B3AC,SHA256=78CAA858F31D6514BEF3AF9B2FA374F6FB1F0650B7DD381148447A834BD88ED2,IMPHASH=4458CB6DE6246C2447EE885DE013644D\r\nSigned: true\r\nSignature: Microsoft Windows\r\nSignatureStatus: Valid","Task":"7","RuleName":"-","UtcTime":"2021-04-27 08:08:28.941","ProcessGuid":"{1978b227-c67c-6087-7f7b-000000000500}","ProcessId":"8284","Image":"C:\\Program Files\\Windows Defender Advanced Threat Protection\\SenseCncProxy.exe","ImageLoaded":"C:\\Windows\\System32\\ncrypt.dll","FileVersion":"10.0.17763.1 (WinBuild.160101.0800)","Description":"Windows NCrypt Router","Product":"Microsoft® Windows® Operating System","Company":"Microsoft Corporation","OriginalFileName":"ncrypt.dll","Hashes":"SHA1=8004DE486D0BBA31DD0DAABA15CE70386AAD357B,MD5=5E2B0EE7F62779521BBECF6EF4B7B3AC,SHA256=78CAA858F31D6514BEF3AF9B2FA374F6FB1F0650B7DD381148447A834BD88ED2,IMPHASH=4458CB6DE6246C2447EE885DE013644D","Signed":"true","Signature":"Microsoft Windows","SignatureStatus":"Valid"}
{"SourceName":"Microsoft-Windows-Sysmon","ProviderGuid":"{5770385f-c22a-43e0-bf4c-06f5698ffbd9}","Level":"4","Keywords":"0x8000000000000000","Channel":"Microsoft-Windows-Sysmon/Operational","Hostname":"ADFS01.blacksmith.local","TimeCreated":"2021-04-27T04:08:28.945Z","@timestamp":"2021-04-27T04:08:28.945Z","EventID":7,"Message":"Image loaded:\r\nRuleName: -\r\nUtcTime: 2021-04-27 08:08:28.941\r\nProcessGuid: {1978b227-c67c-6087-7f7b-000000000500}\r\nProcessId: 8284\r\nImage: C:\\Program Files\\Windows Defender Advanced Threat Protection\\SenseCncProxy.exe\r\nImageLoaded: C:\\Windows\\System32\\ntasn1.dll\r\nFileVersion: 10.0.17763.1 (WinBuild.160101.0800)\r\nDescription: Microsoft ASN.1 API\r\nProduct: Microsoft® Windows® Operating System\r\nCompany: Microsoft Corporation\r\nOriginalFileName: ntasn1.dll\r\nHashes: SHA1=BEB1CA2DFACA8F39B3AFB1A7D374E587B55CC0AF,MD5=1AA3971C69A554471DFAE297DBAC1CD4,SHA256=ADF2CAD7E6705B318034390898F74CFC73EAB40652019CA698843A4EEF7BE95C,IMPHASH=9EFC540370FCF618EB98929931A83D43\r\nSigned: true\r\nSignature: Microsoft Windows\r\nSignatureStatus: Valid","Task":"7","RuleName":"-","UtcTime":"2021-04-27 08:08:28.941","ProcessGuid":"{1978b227-c67c-6087-7f7b-000000000500}","ProcessId":"8284","Image":"C:\\Program Files\\Windows Defender Advanced Threat Protection\\SenseCncProxy.exe","ImageLoaded":"C:\\Windows\\System32\\ntasn1.dll","FileVersion":"10.0.17763.1 (WinBuild.160101.0800)","Description":"Microsoft ASN.1 API","Product":"Microsoft® Windows® Operating System","Company":"Microsoft Corporation","OriginalFileName":"ntasn1.dll","Hashes":"SHA1=BEB1CA2DFACA8F39B3AFB1A7D374E587B55CC0AF,MD5=1AA3971C69A554471DFAE297DBAC1CD4,SHA256=ADF2CAD7E6705B318034390898F74CFC73EAB40652019CA698843A4EEF7BE95C,IMPHASH=9EFC540370FCF618EB98929931A83D43","Signed":"true","Signature":"Microsoft Windows","SignatureStatus":"Valid"}
{"SourceName":"Microsoft-Windows-Sysmon","ProviderGuid":"{5770385f-c22a-43e0-bf4c-06f5698ffbd9}","Level":"4","Keywords":"0x8000000000000000","Channel":"Microsoft-Windows-Sysmon/Operational","Hostname":"ADFS01.blacksmith.local","TimeCreated":"2021-04-27T04:08:28.947Z","@timestamp":"2021-04-27T04:08:28.947Z","EventID":7,"Message":"Image loaded:\r\nRuleName: -\r\nUtcTime: 2021-04-27 08:08:28.941\r\nProcessGuid: {1978b227-c67c-6087-7f7b-000000000500}\r\nProcessId: 8284\r\nImage: C:\\Program Files\\Windows Defender Advanced Threat Protection\\SenseCncProxy.exe\r\nImageLoaded: C:\\Windows\\System32\\ncryptsslp.dll\r\nFileVersion: 10.0.17763.1 (WinBuild.160101.0800)\r\nDescription: Microsoft SChannel Provider\r\nProduct: Microsoft® Windows® Operating System\r\nCompany: Microsoft Corporation\r\nOriginalFileName: ncryptsslp.dll\r\nHashes: SHA1=EDBF61C891D5E37D3975B119248C4B0E8999C658,MD5=6C1A1E9C7C20EB652B2B8804282E045E,SHA256=B0A46CE25DDC4F4374EC59D310397A03737CACD3C8416E766DFBF935CDED1FD3,IMPHASH=AFA0DB2E14A797EA10D25C2C2EDC4AB9\r\nSigned: true\r\nSignature: Microsoft Windows\r\nSignatureStatus: Valid","Task":"7","RuleName":"-","UtcTime":"2021-04-27 08:08:28.941","ProcessGuid":"{1978b227-c67c-6087-7f7b-000000000500}","ProcessId":"8284","Image":"C:\\Program Files\\Windows Defender Advanced Threat Protection\\SenseCncProxy.exe","ImageLoaded":"C:\\Windows\\System32\\ncryptsslp.dll","FileVersion":"10.0.17763.1 (WinBuild.160101.0800)","Description":"Microsoft SChannel Provider","Product":"Microsoft® Windows® Operating System","Company":"Microsoft Corporation","OriginalFileName":"ncryptsslp.dll","Hashes":"SHA1=EDBF61C891D5E37D3975B119248C4B0E8999C658,MD5=6C1A1E9C7C20EB652B2B8804282E045E,SHA256=B0A46CE25DDC4F4374EC59D310397A03737CACD3C8416E766DFBF935CDED1FD3,IMPHASH=AFA0DB2E14A797EA10D25C2C2EDC4AB9","Signed":"true","Signature":"Microsoft Windows","SignatureStatus":"Valid"}
{"SourceName":"Microsoft-Windows-Sysmon","ProviderGuid":"{5770385f-c22a-43e0-bf4c-06f5698ffbd9}","Level":"4","Keywords":"0x8000000000000000","Channel":"Microsoft-Windows-Sysmon/Operational","Hostname":"ADFS01.blacksmith.local","TimeCreated":"2021-04-27T04:08:28.952Z","@timestamp":"2021-04-27T04:08:28.952Z","EventID":7,"Message":"Image loaded:\r\nRuleName: -\r\nUtcTime: 2021-04-27 08:08:28.941\r\nProcessGuid: {1978b227-c67c-6087-7f7b-000000000500}\r\nProcessId: 8284\r\nImage: C:\\Program Files\\Windows Defender Advanced Threat Protection\\SenseCncProxy.exe\r\nImageLoaded: C:\\Windows\\System32\\cryptnet.dll\r\nFileVersion: 10.0.17763.1 (WinBuild.160101.0800)\r\nDescription: Crypto Network Related API\r\nProduct: Microsoft® Windows® Operating System\r\nCompany: Microsoft Corporation\r\nOriginalFileName: CRYPTNET.DLL\r\nHashes: SHA1=657FF7CD494D455CFD7908E59C22C9E27B48B9F4,MD5=3EF9D06EE1B3B7C43180230321323978,SHA256=BF428B2B5C2686A5B631DC055BFDD11AF605FA9C0202D2E941DA10307B6301FA,IMPHASH=1BB913D1BE1C6B72F870212A6BB991F3\r\nSigned: true\r\nSignature: Microsoft Windows\r\nSignatureStatus: Valid","Task":"7","RuleName":"-","UtcTime":"2021-04-27 08:08:28.941","ProcessGuid":"{1978b227-c67c-6087-7f7b-000000000500}","ProcessId":"8284","Image":"C:\\Program Files\\Windows Defender Advanced Threat Protection\\SenseCncProxy.exe","ImageLoaded":"C:\\Windows\\System32\\cryptnet.dll","FileVersion":"10.0.17763.1 (WinBuild.160101.0800)","Description":"Crypto Network Related API","Product":"Microsoft® Windows® Operating System","Company":"Microsoft Corporation","OriginalFileName":"CRYPTNET.DLL","Hashes":"SHA1=657FF7CD494D455CFD7908E59C22C9E27B48B9F4,MD5=3EF9D06EE1B3B7C43180230321323978,SHA256=BF428B2B5C2686A5B631DC055BFDD11AF605FA9C0202D2E941DA10307B6301FA,IMPHASH=1BB913D1BE1C6B72F870212A6BB991F3","Signed":"true","Signature":"Microsoft Windows","SignatureStatus":"Valid"}
{"SourceName":"Microsoft-Windows-Sysmon","ProviderGuid":"{5770385f-c22a-43e0-bf4c-06f5698ffbd9}","Level":"4","Keywords":"0x8000000000000000","Channel":"Microsoft-Windows-Sysmon/Operational","Hostname":"ADFS01.blacksmith.local","TimeCreated":"2021-04-27T04:08:28.966Z","@timestamp":"2021-04-27T04:08:28.966Z","EventID":5,"Message":"Process terminated:\r\nRuleName: -\r\nUtcTime: 2021-04-27 08:08:28.957\r\nProcessGuid: {1978b227-c67c-6087-7f7b-000000000500}\r\nProcessId: 8284\r\nImage: C:\\Program Files\\Windows Defender Advanced Threat Protection\\SenseCncProxy.exe","Task":"5","RuleName":"-","UtcTime":"2021-04-27 08:08:28.957","ProcessGuid":"{1978b227-c67c-6087-7f7b-000000000500}","ProcessId":"8284","Image":"C:\\Program Files\\Windows Defender Advanced Threat Protection\\SenseCncProxy.exe"}
{"SourceName":"Microsoft-Windows-Sysmon","ProviderGuid":"{5770385f-c22a-43e0-bf4c-06f5698ffbd9}","Level":"4","Keywords":"0x8000000000000000","Channel":"Microsoft-Windows-Sysmon/Operational","Hostname":"ADFS01.blacksmith.local","TimeCreated":"2021-04-27T04:08:29.927Z","@timestamp":"2021-04-27T04:08:29.927Z","EventID":3,"Message":"Network connection detected:\r\nRuleName: -\r\nUtcTime: 2021-04-27 08:08:20.336\r\nProcessGuid: {00000000-0000-0000-0000-000000000000}\r\nProcessId: 8284\r\nImage: \u003cunknown process\u003e\r\nUser: -\r\nProtocol: tcp\r\nInitiated: true\r\nSourceIsIpv6: false\r\nSourceIp: 192.168.2.5\r\nSourceHostname: -\r\nSourcePort: 60288\r\nSourcePortName: -\r\nDestinationIsIpv6: false\r\nDestinationIp: 40.65.232.222\r\nDestinationHostname: -\r\nDestinationPort: 443\r\nDestinationPortName: -","Task":"3","RuleName":"-","UtcTime":"2021-04-27 08:08:20.336","ProcessGuid":"{00000000-0000-0000-0000-000000000000}","ProcessId":"8284","Image":"\u003cunknown process\u003e","User":"-","Protocol":"tcp","Initiated":"true","SourceIsIpv6":"false","SourceIp":"192.168.2.5","SourceHostname":"-","SourcePort":"60288","SourcePortName":"-","DestinationIsIpv6":"false","DestinationIp":"40.65.232.222","DestinationHostname":"-","DestinationPort":"443","DestinationPortName":"-"}
{"SourceName":"Microsoft-Windows-Sysmon","ProviderGuid":"{5770385f-c22a-43e0-bf4c-06f5698ffbd9}","Level":"4","Keywords":"0x8000000000000000","Channel":"Microsoft-Windows-Sysmon/Operational","Hostname":"ADFS01.blacksmith.local","TimeCreated":"2021-04-27T04:08:30.896Z","@timestamp":"2021-04-27T04:08:30.896Z","EventID":22,"Message":"Dns query:\r\nRuleName: -\r\nUtcTime: 2021-04-27 08:08:20.333\r\nProcessGuid: {00000000-0000-0000-0000-000000000000}\r\nProcessId: 8284\r\nQueryName: winatp-gw-eus.microsoft.com\r\nQueryStatus: 0\r\nQueryResults: type:  5 sevillecloudgateway-eus-prd.trafficmanager.net;type:  5 wdatpprd-eus2.securitycenter.windows.com;type:  5 k8stm-prd-eus2.trafficmanager.net;type:  5 wdatp-prd-eus2-3.eastus2.cloudapp.azure.com;::ffff:40.65.232.222;\r\nImage: \u003cunknown process\u003e","Task":"22","RuleName":"-","UtcTime":"2021-04-27 08:08:20.333","ProcessGuid":"{00000000-0000-0000-0000-000000000000}","ProcessId":"8284","QueryName":"winatp-gw-eus.microsoft.com","QueryStatus":"0","QueryResults":"type:  5 sevillecloudgateway-eus-prd.trafficmanager.net;type:  5 wdatpprd-eus2.securitycenter.windows.com;type:  5 k8stm-prd-eus2.trafficmanager.net;type:  5 wdatp-prd-eus2-3.eastus2.cloudapp.azure.com;::ffff:40.65.232.222;","Image":"\u003cunknown process\u003e"}
{"SourceName":"Microsoft-Windows-Sysmon","ProviderGuid":"{5770385f-c22a-43e0-bf4c-06f5698ffbd9}","Level":"4","Keywords":"0x8000000000000000","Channel":"Microsoft-Windows-Sysmon/Operational","Hostname":"ADFS01.blacksmith.local","TimeCreated":"2021-04-27T04:08:31.550Z","@timestamp":"2021-04-27T04:08:31.550Z","EventID":10,"Message":"Process accessed:\r\nRuleName: -\r\nUtcTime: 2021-04-27 08:08:31.536\r\nSourceProcessGUID: {1978b227-51cc-6077-1200-000000000500}\r\nSourceProcessId: 1000\r\nSourceThreadId: 7112\r\nSourceImage: C:\\Windows\\system32\\svchost.exe\r\nTargetProcessGUID: {1978b227-99ec-6080-ba21-000000000500}\r\nTargetProcessId: 3868\r\nTargetImage: C:\\Windows\\Sysmon.exe\r\nGrantedAccess: 0x1000\r\nCallTrace: C:\\Windows\\SYSTEM32\\ntdll.dll+9fdb4|C:\\Windows\\System32\\KERNELBASE.dll+6c2d5|c:\\windows\\system32\\lsm.dll+f526|C:\\Windows\\System32\\RPCRT4.dll+784a3|C:\\Windows\\System32\\RPCRT4.dll+d9f9a|C:\\Windows\\System32\\RPCRT4.dll+1ac60|C:\\Windows\\System32\\RPCRT4.dll+508e8|C:\\Windows\\System32\\RPCRT4.dll+3ad80|C:\\Windows\\System32\\RPCRT4.dll+3a72b|C:\\Windows\\System32\\RPCRT4.dll+2c9cf|C:\\Windows\\System32\\RPCRT4.dll+2be2a|C:\\Windows\\System32\\RPCRT4.dll+2b3f1|C:\\Windows\\System32\\RPCRT4.dll+2ae62|C:\\Windows\\System32\\RPCRT4.dll+218d5|C:\\Windows\\SYSTEM32\\ntdll.dll+69c20|C:\\Windows\\SYSTEM32\\ntdll.dll+166e8|C:\\Windows\\System32\\KERNEL32.DLL+17974|C:\\Windows\\SYSTEM32\\ntdll.dll+5a2f1","Task":"10","RuleName":"-","UtcTime":"2021-04-27 08:08:31.536","SourceProcessGUID":"{1978b227-51cc-6077-1200-000000000500}","SourceProcessId":"1000","SourceThreadId":"7112","SourceImage":"C:\\Windows\\system32\\svchost.exe","TargetProcessGUID":"{1978b227-99ec-6080-ba21-000000000500}","TargetProcessId":"3868","TargetImage":"C:\\Windows\\Sysmon.exe","GrantedAccess":"0x1000","CallTrace":"C:\\Windows\\SYSTEM32\\ntdll.dll+9fdb4|C:\\Windows\\System32\\KERNELBASE.dll+6c2d5|c:\\windows\\system32\\lsm.dll+f526|C:\\Windows\\System32\\RPCRT4.dll+784a3|C:\\Windows\\System32\\RPCRT4.dll+d9f9a|C:\\Windows\\System32\\RPCRT4.dll+1ac60|C:\\Windows\\System32\\RPCRT4.dll+508e8|C:\\Windows\\System32\\RPCRT4.dll+3ad80|C:\\Windows\\System32\\RPCRT4.dll+3a72b|C:\\Windows\\System32\\RPCRT4.dll+2c9cf|C:\\Windows\\System32\\RPCRT4.dll+2be2a|C:\\Windows\\System32\\RPCRT4.dll+2b3f1|C:\\Windows\\System32\\RPCRT4.dll+2ae62|C:\\Windows\\System32\\RPCRT4.dll+218d5|C:\\Windows\\SYSTEM32\\ntdll.dll+69c20|C:\\Windows\\SYSTEM32\\ntdll.dll+166e8|C:\\Windows\\System32\\KERNEL32.DLL+17974|C:\\Windows\\SYSTEM32\\ntdll.dll+5a2f1"}
{"SourceName":"Microsoft-Windows-Sysmon","ProviderGuid":"{5770385f-c22a-43e0-bf4c-06f5698ffbd9}","Level":"4","Keywords":"0x8000000000000000","Channel":"Microsoft-Windows-Sysmon/Operational","Hostname":"ADFS01.blacksmith.local","TimeCreated":"2021-04-27T04:08:31.551Z","@timestamp":"2021-04-27T04:08:31.551Z","EventID":10,"Message":"Process accessed:\r\nRuleName: -\r\nUtcTime: 2021-04-27 08:08:31.536\r\nSourceProcessGUID: {1978b227-51cc-6077-1200-000000000500}\r\nSourceProcessId: 1000\r\nSourceThreadId: 7112\r\nSourceImage: C:\\Windows\\system32\\svchost.exe\r\nTargetProcessGUID: {1978b227-99ec-6080-ba21-000000000500}\r\nTargetProcessId: 3868\r\nTargetImage: C:\\Windows\\Sysmon.exe\r\nGrantedAccess: 0x1000\r\nCallTrace: C:\\Windows\\SYSTEM32\\ntdll.dll+9fdb4|C:\\Windows\\System32\\KERNELBASE.dll+6c2d5|c:\\windows\\system32\\lsm.dll+f526|C:\\Windows\\System32\\RPCRT4.dll+784a3|C:\\Windows\\System32\\RPCRT4.dll+d9f9a|C:\\Windows\\System32\\RPCRT4.dll+1ac60|C:\\Windows\\System32\\RPCRT4.dll+508e8|C:\\Windows\\System32\\RPCRT4.dll+3ad80|C:\\Windows\\System32\\RPCRT4.dll+3a72b|C:\\Windows\\System32\\RPCRT4.dll+2c9cf|C:\\Windows\\System32\\RPCRT4.dll+2be2a|C:\\Windows\\System32\\RPCRT4.dll+2b3f1|C:\\Windows\\System32\\RPCRT4.dll+2ae62|C:\\Windows\\System32\\RPCRT4.dll+218d5|C:\\Windows\\SYSTEM32\\ntdll.dll+69c20|C:\\Windows\\SYSTEM32\\ntdll.dll+166e8|C:\\Windows\\System32\\KERNEL32.DLL+17974|C:\\Windows\\SYSTEM32\\ntdll.dll+5a2f1","Task":"10","RuleName":"-","UtcTime":"2021-04-27 08:08:31.536","SourceProcessGUID":"{1978b227-51cc-6077-1200-000000000500}","SourceProcessId":"1000","SourceThreadId":"7112","SourceImage":"C:\\Windows\\system32\\svchost.exe","TargetProcessGUID":"{1978b227-99ec-6080-ba21-000000000500}","TargetProcessId":"3868","TargetImage":"C:\\Windows\\Sysmon.exe","GrantedAccess":"0x1000","CallTrace":"C:\\Windows\\SYSTEM32\\ntdll.dll+9fdb4|C:\\Windows\\System32\\KERNELBASE.dll+6c2d5|c:\\windows\\system32\\lsm.dll+f526|C:\\Windows\\System32\\RPCRT4.dll+784a3|C:\\Windows\\System32\\RPCRT4.dll+d9f9a|C:\\Windows\\System32\\RPCRT4.dll+1ac60|C:\\Windows\\System32\\RPCRT4.dll+508e8|C:\\Windows\\System32\\RPCRT4.dll+3ad80|C:\\Windows\\System32\\RPCRT4.dll+3a72b|C:\\Windows\\System32\\RPCRT4.dll+2c9cf|C:\\Windows\\System32\\RPCRT4.dll+2be2a|C:\\Windows\\System32\\RPCRT4.dll+2b3f1|C:\\Windows\\System32\\RPCRT4.dll+2ae62|C:\\Windows\\System32\\RPCRT4.dll+218d5|C:\\Windows\\SYSTEM32\\ntdll.dll+69c20|C:\\Windows\\SYSTEM32\\ntdll.dll+166e8|C:\\Windows\\System32\\KERNEL32.DLL+17974|C:\\Windows\\SYSTEM32\\ntdll.dll+5a2f1"}
{"SourceName":"Microsoft-Windows-Sysmon","ProviderGuid":"{5770385f-c22a-43e0-bf4c-06f5698ffbd9}","Level":"4","Keywords":"0x8000000000000000","Channel":"Microsoft-Windows-Sysmon/Operational","Hostname":"ADFS01.blacksmith.local","TimeCreated":"2021-04-27T04:08:31.552Z","@timestamp":"2021-04-27T04:08:31.552Z","EventID":24,"Message":"Clipboard changed:\r\nRuleName: -\r\nUtcTime: 2021-04-27 08:08:31.551\r\nProcessGuid: {1978b227-9d10-6087-1679-000000000500}\r\nProcessId: 1832\r\nImage: C:\\Windows\\System32\\rdpclip.exe\r\nSession: 4\r\nClientInfo: user: ADFS01\\wardog hostname: robertos-macboo\r\nHashes: SHA1=2E6CB3BF55B09B29ACE365956E82E037361856A5,MD5=5DFBC5F3FE05D607D4A23124257DD7CC,SHA256=1763D0C8A027EB94AF57CD02EE3D28BBB9E8A97D6940CFDA15B5C96AB7AD7AC4,IMPHASH=00000000000000000000000000000000\r\nArchived: true","Task":"24","RuleName":"-","UtcTime":"2021-04-27 08:08:31.551","ProcessGuid":"{1978b227-9d10-6087-1679-000000000500}","ProcessId":"1832","Image":"C:\\Windows\\System32\\rdpclip.exe","Session":"4","ClientInfo":"user: ADFS01\\wardog hostname: robertos-macboo","Hashes":"SHA1=2E6CB3BF55B09B29ACE365956E82E037361856A5,MD5=5DFBC5F3FE05D607D4A23124257DD7CC,SHA256=1763D0C8A027EB94AF57CD02EE3D28BBB9E8A97D6940CFDA15B5C96AB7AD7AC4,IMPHASH=00000000000000000000000000000000","Archived":"true"}
