{"SourceName":"Microsoft-Windows-Sysmon","ProviderGuid":"{5770385f-c22a-43e0-bf4c-06f5698ffbd9}","Level":"4","Keywords":"0x8000000000000000","Channel":"Microsoft-Windows-Sysmon/Operational","Hostname":"ADFS01.blacksmith.local","TimeCreated":"2021-04-27T04:07:58.740Z","@timestamp":"2021-04-27T04:07:58.740Z","EventID":7,"Message":"Image loaded:\r\nRuleName: -\r\nUtcTime: 2021-04-27 08:07:58.735\r\nProcessGuid: {1978b227-c65e-6087-7e7b-000000000500}\r\nProcessId: 4564\r\nImage: C:\\Program Files\\Windows Defender Advanced Threat Protection\\SenseCncProxy.exe\r\nImageLoaded: C:\\Windows\\System32\\ws2_32.dll\r\nFileVersion: 10.0.17763.771 (WinBuild.160101.0800)\r\nDescription: Windows Socket 2.0 32-Bit DLL\r\nProduct: Microsoft® Windows® Operating System\r\nCompany: Microsoft Corporation\r\nOriginalFileName: ws2_32.dll\r\nHashes: SHA1=C96F3591D374004726E5F1B5F689849247393AAD,MD5=863224E798A6740C78D6C5D070FDA422,SHA256=A098C31AD6D4FBBBC9E5447B143CBFBFF0FA0AF396B4D508D4A248E9EBD6D59C,IMPHASH=58B0AF34B71F60EB8949033F1340A5FF\r\nSigned: true\r\nSignature: Microsoft Windows\r\nSignatureStatus: Valid","Task":"7","RuleName":"-","UtcTime":"2021-04-27 08:07:58.735","ProcessGuid":"{1978b227-c65e-6087-7e7b-000000000500}","ProcessId":"4564","Image":"C:\\Program Files\\Windows Defender Advanced Threat Protection\\SenseCncProxy.exe","ImageLoaded":"C:\\Windows\\System32\\ws2_32.dll","FileVersion":"10.0.17763.771 (WinBuild.160101.0800)","Description":"Windows Socket 2.0 32-Bit DLL","Product":"Microsoft® Windows® Operating System","Company":"Microsoft Corporation","OriginalFileName":"ws2_32.dll","Hashes":"SHA1=C96F3591D374004726E5F1B5F689849247393AAD,MD5=863224E798A6740C78D6C5D070FDA422,SHA256=A098C31AD6D4FBBBC9E5447B143CBFBFF0FA0AF396B4D508D4A248E9EBD6D59C,IMPHASH=58B0AF34B71F60EB8949033F1340A5FF","Signed":"true","Signature":"Microsoft Windows","SignatureStatus":"Valid"}
{"SourceName":"Microsoft-Windows-Sysmon","ProviderGuid":"{5770385f-c22a-43e0-bf4c-06f5698ffbd9}","Level":"4","Keywords":"0x8000000000000000","Channel":"Microsoft-Windows-Sysmon/Operational","Hostname":"ADFS01.blacksmith.local","TimeCreated":"2021-04-27T04:07:58.743Z","@timestamp":"2021-04-27T04:07:58.743Z","EventID":7,"Message":"Image loaded:\r\nRuleName: -\r\nUtcTime: 2021-04-27 08:07:58.735\r\nProcessGuid: {1978b227-c65e-6087-7e7b-000000000500}\r\nProcessId: 4564\r\nImage: C:\\Program Files\\Windows Defender Advanced Threat Protection\\SenseCncProxy.exe\r\nImageLoaded: C:\\Windows\\System32\\OnDemandConnRouteHelper.dll\r\nFileVersion: 10.0.17763.1 (WinBuild.160101.0800)\r\nDescription: On Demand Connctiond Route Helper\r\nProduct: Microsoft® Windows® Operating System\r\nCompany: Microsoft Corporation\r\nOriginalFileName: OnDemandConnRouteHelper.dll\r\nHashes: SHA1=5E4F2280E97CC2D6B20DC8621E5F6C7601EB701E,MD5=E95FD05979C7A6E62273C7F0ED473F3E,SHA256=7D62F9B2E4857803079A5A1156F64194596CC501CCA0A958988E93CD35F89FE3,IMPHASH=76A0DCB18AA3FD7B234C5FF7F107D9DE\r\nSigned: true\r\nSignature: Microsoft Windows\r\nSignatureStatus: Valid","Task":"7","RuleName":"-","UtcTime":"2021-04-27 08:07:58.735","ProcessGuid":"{1978b227-c65e-6087-7e7b-000000000500}","ProcessId":"4564","Image":"C:\\Program Files\\Windows Defender Advanced Threat Protection\\SenseCncProxy.exe","ImageLoaded":"C:\\Windows\\System32\\OnDemandConnRouteHelper.dll","FileVersion":"10.0.17763.1 (WinBuild.160101.0800)","Description":"On Demand Connctiond Route Helper","Product":"Microsoft® Windows® Operating System","Company":"Microsoft Corporation","OriginalFileName":"OnDemandConnRouteHelper.dll","Hashes":"SHA1=5E4F2280E97CC2D6B20DC8621E5F6C7601EB701E,MD5=E95FD05979C7A6E62273C7F0ED473F3E,SHA256=7D62F9B2E4857803079A5A1156F64194596CC501CCA0A958988E93CD35F89FE3,IMPHASH=76A0DCB18AA3FD7B234C5FF7F107D9DE","Signed":"true","Signature":"Microsoft Windows","SignatureStatus":"Valid"}
{"SourceName":"Microsoft-Windows-Sysmon","ProviderGuid":"{5770385f-c22a-43e0-bf4c-06f5698ffbd9}","Level":"4","Keywords":"0x8000000000000000","Channel":"Microsoft-Windows-Sysmon/Operational","Hostname":"ADFS01.blacksmith.local","TimeCreated":"2021-04-27T04:07:58.744Z","@timestamp":"2021-04-27T04:07:58.744Z","EventID":7,"Message":"Image loaded:\r\nRuleName: -\r\nUtcTime: 2021-04-27 08:07:58.735\r\nProcessGuid: {1978b227-c65e-6087-7e7b-000000000500}\r\nProcessId: 4564\r\nImage: C:\\Program Files\\Windows Defender Advanced Threat Protection\\SenseCncProxy.exe\r\nImageLoaded: C:\\Windows\\System32\\mswsock.dll\r\nFileVersion: 10.0.17763.1192 (WinBuild.160101.0800)\r\nDescription: Microsoft Windows Sockets 2.0 Service Provider\r\nProduct: Microsoft® Windows® Operating System\r\nCompany: Microsoft Corporation\r\nOriginalFileName: mswsock.dll\r\nHashes: SHA1=BFCE4CB67DFBCB53E2319E3E2963553DE816C8DF,MD5=42AC6DA58141459C2DCE0B06F87BD77D,SHA256=54CEF0798E0F77574EBFA0C0ACDFB429FA6BFC85D6304657C2F3B3D547A60DD0,IMPHASH=E5E26C86BC73F56D7EDD17D98802AA21\r\nSigned: true\r\nSignature: Microsoft Windows\r\nSignatureStatus: Valid","Task":"7","RuleName":"-","UtcTime":"2021-04-27 08:07:58.735","ProcessGuid":"{1978b227-c65e-6087-7e7b-000000000500}","ProcessId":"4564","Image":"C:\\Program Files\\Windows Defender Advanced Threat Protection\\SenseCncProxy.exe","ImageLoaded":"C:\\Windows\\System32\\mswsock.dll","FileVersion":"10.0.17763.1192 (WinBuild.160101.0800)","Description":"Microsoft Windows Sockets 2.0 Service Provider","Product":"Microsoft® Windows® Operating System","Company":"Microsoft Corporation","OriginalFileName":"mswsock.dll","Hashes":"SHA1=BFCE4CB67DFBCB53E2319E3E2963553DE816C8DF,MD5=42AC6DA58141459C2DCE0B06F87BD77D,SHA256=54CEF0798E0F77574EBFA0C0ACDFB429FA6BFC85D6304657C2F3B3D547A60DD0,IMPHASH=E5E26C86BC73F56D7EDD17D98802AA21","Signed":"true","Signature":"Microsoft Windows","SignatureStatus":"Valid"}
{"SourceName":"Microsoft-Windows-Sysmon","ProviderGuid":"{5770385f-c22a-43e0-bf4c-06f5698ffbd9}","Level":"4","Keywords":"0x8000000000000000","Channel":"Microsoft-Windows-Sysmon/Operational","Hostname":"ADFS01.blacksmith.local","TimeCreated":"2021-04-27T04:07:58.745Z","@timestamp":"2021-04-27T04:07:58.745Z","EventID":7,"Message":"Image loaded:\r\nRuleName: -\r\nUtcTime: 2021-04-27 08:07:58.735\r\nProcessGuid: {1978b227-c65e-6087-7e7b-000000000500}\r\nProcessId: 4564\r\nImage: C:\\Program Files\\Windows Defender Advanced Threat Protection\\SenseCncProxy.exe\r\nImageLoaded: C:\\Windows\\System32\\IPHLPAPI.DLL\r\nFileVersion: 10.0.17763.615 (WinBuild.160101.0800)\r\nDescription: IP Helper API\r\nProduct: Microsoft® Windows® Operating System\r\nCompany: Microsoft Corporation\r\nOriginalFileName: iphlpapi.dll\r\nHashes: SHA1=AC1C142111DCA0D6B1C2926F5BA0502E01C81967,MD5=2EB9806070604605AD4C620575C65CD1,SHA256=E72AA43C5B36E9EF69E60E7C1E7E329D754378D136DBFA1BB88089A1C052B663,IMPHASH=A7576BD1E46CF30DB3B483BF163920EF\r\nSigned: true\r\nSignature: Microsoft Windows\r\nSignatureStatus: Valid","Task":"7","RuleName":"-","UtcTime":"2021-04-27 08:07:58.735","ProcessGuid":"{1978b227-c65e-6087-7e7b-000000000500}","ProcessId":"4564","Image":"C:\\Program Files\\Windows Defender Advanced Threat Protection\\SenseCncProxy.exe","ImageLoaded":"C:\\Windows\\System32\\IPHLPAPI.DLL","FileVersion":"10.0.17763.615 (WinBuild.160101.0800)","Description":"IP Helper API","Product":"Microsoft® Windows® Operating System","Company":"Microsoft Corporation","OriginalFileName":"iphlpapi.dll","Hashes":"SHA1=AC1C142111DCA0D6B1C2926F5BA0502E01C81967,MD5=2EB9806070604605AD4C620575C65CD1,SHA256=E72AA43C5B36E9EF69E60E7C1E7E329D754378D136DBFA1BB88089A1C052B663,IMPHASH=A7576BD1E46CF30DB3B483BF163920EF","Signed":"true","Signature":"Microsoft Windows","SignatureStatus":"Valid"}
{"SourceName":"Microsoft-Windows-Sysmon","ProviderGuid":"{5770385f-c22a-43e0-bf4c-06f5698ffbd9}","Level":"4","Keywords":"0x8000000000000000","Channel":"Microsoft-Windows-Sysmon/Operational","Hostname":"ADFS01.blacksmith.local","TimeCreated":"2021-04-27T04:07:58.746Z","@timestamp":"2021-04-27T04:07:58.746Z","EventID":7,"Message":"Image loaded:\r\nRuleName: -\r\nUtcTime: 2021-04-27 08:07:58.735\r\nProcessGuid: {1978b227-c65e-6087-7e7b-000000000500}\r\nProcessId: 4564\r\nImage: C:\\Program Files\\Windows Defender Advanced Threat Protection\\SenseCncProxy.exe\r\nImageLoaded: C:\\Windows\\System32\\winnsi.dll\r\nFileVersion: 10.0.17763.1 (WinBuild.160101.0800)\r\nDescription: Network Store Information RPC interface\r\nProduct: Microsoft® Windows® Operating System\r\nCompany: Microsoft Corporation\r\nOriginalFileName: winnsi.dll\r\nHashes: SHA1=7B7EF4E41C2DB1B15C995B83B645D28F7F00A4C7,MD5=9061E02072E5AA9862BAAB295227470E,SHA256=2624FEA2040AB5D42EF2FC6CD0085B415282434148F9AAC5B96D1583DC56017B,IMPHASH=AD7C692FA9FCC8C643FD494188DECA65\r\nSigned: true\r\nSignature: Microsoft Windows\r\nSignatureStatus: Valid","Task":"7","RuleName":"-","UtcTime":"2021-04-27 08:07:58.735","ProcessGuid":"{1978b227-c65e-6087-7e7b-000000000500}","ProcessId":"4564","Image":"C:\\Program Files\\Windows Defender Advanced Threat Protection\\SenseCncProxy.exe","ImageLoaded":"C:\\Windows\\System32\\winnsi.dll","FileVersion":"10.0.17763.1 (WinBuild.160101.0800)","Description":"Network Store Information RPC interface","Product":"Microsoft® Windows® Operating System","Company":"Microsoft Corporation","OriginalFileName":"winnsi.dll","Hashes":"SHA1=7B7EF4E41C2DB1B15C995B83B645D28F7F00A4C7,MD5=9061E02072E5AA9862BAAB295227470E,SHA256=2624FEA2040AB5D42EF2FC6CD0085B415282434148F9AAC5B96D1583DC56017B,IMPHASH=AD7C692FA9FCC8C643FD494188DECA65","Signed":"true","Signature":"Microsoft Windows","SignatureStatus":"Valid"}
{"SourceName":"Microsoft-Windows-Sysmon","ProviderGuid":"{5770385f-c22a-43e0-bf4c-06f5698ffbd9}","Level":"4","Keywords":"0x8000000000000000","Channel":"Microsoft-Windows-Sysmon/Operational","Hostname":"ADFS01.blacksmith.local","TimeCreated":"2021-04-27T04:07:58.746Z","@timestamp":"2021-04-27T04:07:58.746Z","EventID":7,"Message":"Image loaded:\r\nRuleName: -\r\nUtcTime: 2021-04-27 08:07:58.735\r\nProcessGuid: {1978b227-c65e-6087-7e7b-000000000500}\r\nProcessId: 4564\r\nImage: C:\\Program Files\\Windows Defender Advanced Threat Protection\\SenseCncProxy.exe\r\nImageLoaded: C:\\Windows\\System32\\nsi.dll\r\nFileVersion: 10.0.17763.1554 (WinBuild.160101.0800)\r\nDescription: NSI User-mode interface DLL\r\nProduct: Microsoft® Windows® Operating System\r\nCompany: Microsoft Corporation\r\nOriginalFileName: nsi.dll\r\nHashes: SHA1=0DA2B0816C3234A9FC77DA1C7698869D88D8FAA0,MD5=B483730F4A3ADA6DF69673F01583B920,SHA256=7CABF50FB9087392CEFB219BA17C6E10626663AF6753C203CCF28B5CF09358E3,IMPHASH=DEFB8C5BB37FCD63DC790B55724FDE42\r\nSigned: true\r\nSignature: Microsoft Windows\r\nSignatureStatus: Valid","Task":"7","RuleName":"-","UtcTime":"2021-04-27 08:07:58.735","ProcessGuid":"{1978b227-c65e-6087-7e7b-000000000500}","ProcessId":"4564","Image":"C:\\Program Files\\Windows Defender Advanced Threat Protection\\SenseCncProxy.exe","ImageLoaded":"C:\\Windows\\System32\\nsi.dll","FileVersion":"10.0.17763.1554 (WinBuild.160101.0800)","Description":"NSI User-mode interface DLL","Product":"Microsoft® Windows® Operating System","Company":"Microsoft Corporation","OriginalFileName":"nsi.dll","Hashes":"SHA1=0DA2B0816C3234A9FC77DA1C7698869D88D8FAA0,MD5=B483730F4A3ADA6DF69673F01583B920,SHA256=7CABF50FB9087392CEFB219BA17C6E10626663AF6753C203CCF28B5CF09358E3,IMPHASH=DEFB8C5BB37FCD63DC790B55724FDE42","Signed":"true","Signature":"Microsoft Windows","SignatureStatus":"Valid"}
{"SourceName":"Microsoft-Windows-Sysmon","ProviderGuid":"{5770385f-c22a-43e0-bf4c-06f5698ffbd9}","Level":"4","Keywords":"0x8000000000000000","Channel":"Microsoft-Windows-Sysmon/Operational","Hostname":"ADFS01.blacksmith.local","TimeCreated":"2021-04-27T04:07:58.749Z","@timestamp":"2021-04-27T04:07:58.749Z","EventID":7,"Message":"Image loaded:\r\nRuleName: -\r\nUtcTime: 2021-04-27 08:07:58.735\r\nProcessGuid: {1978b227-c65e-6087-7e7b-000000000500}\r\nProcessId: 4564\r\nImage: C:\\Program Files\\Windows Defender Advanced Threat Protection\\SenseCncProxy.exe\r\nImageLoaded: C:\\Windows\\System32\\dhcpcsvc6.dll\r\nFileVersion: 10.0.17763.1457 (WinBuild.160101.0800)\r\nDescription: DHCPv6 Client\r\nProduct: Microsoft® Windows® Operating System\r\nCompany: Microsoft Corporation\r\nOriginalFileName: dhcpcsvc6.dll\r\nHashes: SHA1=26B167B219EFAF96629A2FAD86C72D054CC6ADBD,MD5=8E1E5B79D54EAEF3907CE4A3DF69A05A,SHA256=B63DE85D94C6260ABB41E535A8CDBB5A224C9942F2A58F475D4859C8A381A323,IMPHASH=A08BF41263E3776AD11E1600C12BCA60\r\nSigned: true\r\nSignature: Microsoft Windows\r\nSignatureStatus: Valid","Task":"7","RuleName":"-","UtcTime":"2021-04-27 08:07:58.735","ProcessGuid":"{1978b227-c65e-6087-7e7b-000000000500}","ProcessId":"4564","Image":"C:\\Program Files\\Windows Defender Advanced Threat Protection\\SenseCncProxy.exe","ImageLoaded":"C:\\Windows\\System32\\dhcpcsvc6.dll","FileVersion":"10.0.17763.1457 (WinBuild.160101.0800)","Description":"DHCPv6 Client","Product":"Microsoft® Windows® Operating System","Company":"Microsoft Corporation","OriginalFileName":"dhcpcsvc6.dll","Hashes":"SHA1=26B167B219EFAF96629A2FAD86C72D054CC6ADBD,MD5=8E1E5B79D54EAEF3907CE4A3DF69A05A,SHA256=B63DE85D94C6260ABB41E535A8CDBB5A224C9942F2A58F475D4859C8A381A323,IMPHASH=A08BF41263E3776AD11E1600C12BCA60","Signed":"true","Signature":"Microsoft Windows","SignatureStatus":"Valid"}
{"SourceName":"Microsoft-Windows-Sysmon","ProviderGuid":"{5770385f-c22a-43e0-bf4c-06f5698ffbd9}","Level":"4","Keywords":"0x8000000000000000","Channel":"Microsoft-Windows-Sysmon/Operational","Hostname":"ADFS01.blacksmith.local","TimeCreated":"2021-04-27T04:07:58.750Z","@timestamp":"2021-04-27T04:07:58.750Z","EventID":7,"Message":"Image loaded:\r\nRuleName: -\r\nUtcTime: 2021-04-27 08:07:58.735\r\nProcessGuid: {1978b227-c65e-6087-7e7b-000000000500}\r\nProcessId: 4564\r\nImage: C:\\Program Files\\Windows Defender Advanced Threat Protection\\SenseCncProxy.exe\r\nImageLoaded: C:\\Windows\\System32\\dhcpcsvc.dll\r\nFileVersion: 10.0.17763.1457 (WinBuild.160101.0800)\r\nDescription: DHCP Client Service\r\nProduct: Microsoft® Windows® Operating System\r\nCompany: Microsoft Corporation\r\nOriginalFileName: dhcpcsvc.dll\r\nHashes: SHA1=F476391C036498AD094CA4423D712170FE3585EE,MD5=0357FDE93724C940A890174E1941A869,SHA256=67DA01254DD483F2ABC5AA57245AAE9FF0E0E5A29D98DC293621EB9D8009D591,IMPHASH=3423D82A6863CA0BFDED5ED05704005A\r\nSigned: true\r\nSignature: Microsoft Windows\r\nSignatureStatus: Valid","Task":"7","RuleName":"-","UtcTime":"2021-04-27 08:07:58.735","ProcessGuid":"{1978b227-c65e-6087-7e7b-000000000500}","ProcessId":"4564","Image":"C:\\Program Files\\Windows Defender Advanced Threat Protection\\SenseCncProxy.exe","ImageLoaded":"C:\\Windows\\System32\\dhcpcsvc.dll","FileVersion":"10.0.17763.1457 (WinBuild.160101.0800)","Description":"DHCP Client Service","Product":"Microsoft® Windows® Operating System","Company":"Microsoft Corporation","OriginalFileName":"dhcpcsvc.dll","Hashes":"SHA1=F476391C036498AD094CA4423D712170FE3585EE,MD5=0357FDE93724C940A890174E1941A869,SHA256=67DA01254DD483F2ABC5AA57245AAE9FF0E0E5A29D98DC293621EB9D8009D591,IMPHASH=3423D82A6863CA0BFDED5ED05704005A","Signed":"true","Signature":"Microsoft Windows","SignatureStatus":"Valid"}
{"SourceName":"Microsoft-Windows-Sysmon","ProviderGuid":"{5770385f-c22a-43e0-bf4c-06f5698ffbd9}","Level":"4","Keywords":"0x8000000000000000","Channel":"Microsoft-Windows-Sysmon/Operational","Hostname":"ADFS01.blacksmith.local","TimeCreated":"2021-04-27T04:07:58.752Z","@timestamp":"2021-04-27T04:07:58.752Z","EventID":7,"Message":"Image loaded:\r\nRuleName: -\r\nUtcTime: 2021-04-27 08:07:58.751\r\nProcessGuid: {1978b227-c65e-6087-7e7b-000000000500}\r\nProcessId: 4564\r\nImage: C:\\Program Files\\Windows Defender Advanced Threat Protection\\SenseCncProxy.exe\r\nImageLoaded: C:\\Windows\\System32\\webio.dll\r\nFileVersion: 10.0.17763.1554 (WinBuild.160101.0800)\r\nDescription: Web Transfer Protocols API\r\nProduct: Microsoft® Windows® Operating System\r\nCompany: Microsoft Corporation\r\nOriginalFileName: webio.dll\r\nHashes: SHA1=82903152FF36E56A1D9289B73535370D17986EC4,MD5=7A3439E75E21A98F58997F00F293D0BC,SHA256=82E0717E926B511A590E696CD7A4760DD622C62781056C0E8BE5A68CF97BFF67,IMPHASH=CE1AFEBC544758A4CB082BF35DDD4008\r\nSigned: true\r\nSignature: Microsoft Windows\r\nSignatureStatus: Valid","Task":"7","RuleName":"-","UtcTime":"2021-04-27 08:07:58.751","ProcessGuid":"{1978b227-c65e-6087-7e7b-000000000500}","ProcessId":"4564","Image":"C:\\Program Files\\Windows Defender Advanced Threat Protection\\SenseCncProxy.exe","ImageLoaded":"C:\\Windows\\System32\\webio.dll","FileVersion":"10.0.17763.1554 (WinBuild.160101.0800)","Description":"Web Transfer Protocols API","Product":"Microsoft® Windows® Operating System","Company":"Microsoft Corporation","OriginalFileName":"webio.dll","Hashes":"SHA1=82903152FF36E56A1D9289B73535370D17986EC4,MD5=7A3439E75E21A98F58997F00F293D0BC,SHA256=82E0717E926B511A590E696CD7A4760DD622C62781056C0E8BE5A68CF97BFF67,IMPHASH=CE1AFEBC544758A4CB082BF35DDD4008","Signed":"true","Signature":"Microsoft Windows","SignatureStatus":"Valid"}
{"SourceName":"Microsoft-Windows-Sysmon","ProviderGuid":"{5770385f-c22a-43e0-bf4c-06f5698ffbd9}","Level":"4","Keywords":"0x8000000000000000","Channel":"Microsoft-Windows-Sysmon/Operational","Hostname":"ADFS01.blacksmith.local","TimeCreated":"2021-04-27T04:07:58.754Z","@timestamp":"2021-04-27T04:07:58.754Z","EventID":7,"Message":"Image loaded:\r\nRuleName: -\r\nUtcTime: 2021-04-27 08:07:58.751\r\nProcessGuid: {1978b227-c65e-6087-7e7b-000000000500}\r\nProcessId: 4564\r\nImage: C:\\Program Files\\Windows Defender Advanced Threat Protection\\SenseCncProxy.exe\r\nImageLoaded: C:\\Windows\\System32\\sspicli.dll\r\nFileVersion: 10.0.17763.1490 (WinBuild.160101.0800)\r\nDescription: Security Support Provider Interface\r\nProduct: Microsoft® Windows® Operating System\r\nCompany: Microsoft Corporation\r\nOriginalFileName: sspicli.dll\r\nHashes: SHA1=A7DCC42F9E078B1E14D633092288A909597489BD,MD5=E68A0BA6A1EAE68C81CADBF08C09C883,SHA256=3558FE2B8469CEC5FC19830C764B89A55F7FD5C883EB634947E7432D68089C76,IMPHASH=1A813D04520E602A9E31CB5E06F81D1D\r\nSigned: true\r\nSignature: Microsoft Windows\r\nSignatureStatus: Valid","Task":"7","RuleName":"-","UtcTime":"2021-04-27 08:07:58.751","ProcessGuid":"{1978b227-c65e-6087-7e7b-000000000500}","ProcessId":"4564","Image":"C:\\Program Files\\Windows Defender Advanced Threat Protection\\SenseCncProxy.exe","ImageLoaded":"C:\\Windows\\System32\\sspicli.dll","FileVersion":"10.0.17763.1490 (WinBuild.160101.0800)","Description":"Security Support Provider Interface","Product":"Microsoft® Windows® Operating System","Company":"Microsoft Corporation","OriginalFileName":"sspicli.dll","Hashes":"SHA1=A7DCC42F9E078B1E14D633092288A909597489BD,MD5=E68A0BA6A1EAE68C81CADBF08C09C883,SHA256=3558FE2B8469CEC5FC19830C764B89A55F7FD5C883EB634947E7432D68089C76,IMPHASH=1A813D04520E602A9E31CB5E06F81D1D","Signed":"true","Signature":"Microsoft Windows","SignatureStatus":"Valid"}
{"SourceName":"Microsoft-Windows-Sysmon","ProviderGuid":"{5770385f-c22a-43e0-bf4c-06f5698ffbd9}","Level":"4","Keywords":"0x8000000000000000","Channel":"Microsoft-Windows-Sysmon/Operational","Hostname":"ADFS01.blacksmith.local","TimeCreated":"2021-04-27T04:07:58.758Z","@timestamp":"2021-04-27T04:07:58.758Z","EventID":12,"Message":"Registry object added or deleted:\r\nRuleName: -\r\nEventType: CreateKey\r\nUtcTime: 2021-04-27 08:07:58.751\r\nProcessGuid: {1978b227-936d-607f-5e13-000000000500}\r\nProcessId: 5124\r\nImage: C:\\Windows\\system32\\svchost.exe\r\nTargetObject: HKU\\.DEFAULT\\Software\\Microsoft\\Windows\\CurrentVersion\\Internet Settings\\Connections","Task":"12","RuleName":"-","EventType":"CreateKey","UtcTime":"2021-04-27 08:07:58.751","ProcessGuid":"{1978b227-936d-607f-5e13-000000000500}","ProcessId":"5124","Image":"C:\\Windows\\system32\\svchost.exe","TargetObject":"HKU\\.DEFAULT\\Software\\Microsoft\\Windows\\CurrentVersion\\Internet Settings\\Connections"}
{"SourceName":"Microsoft-Windows-Sysmon","ProviderGuid":"{5770385f-c22a-43e0-bf4c-06f5698ffbd9}","Level":"4","Keywords":"0x8000000000000000","Channel":"Microsoft-Windows-Sysmon/Operational","Hostname":"ADFS01.blacksmith.local","TimeCreated":"2021-04-27T04:07:58.759Z","@timestamp":"2021-04-27T04:07:58.759Z","EventID":7,"Message":"Image loaded:\r\nRuleName: -\r\nUtcTime: 2021-04-27 08:07:58.751\r\nProcessGuid: {1978b227-c65e-6087-7e7b-000000000500}\r\nProcessId: 4564\r\nImage: C:\\Program Files\\Windows Defender Advanced Threat Protection\\SenseCncProxy.exe\r\nImageLoaded: C:\\Windows\\System32\\dnsapi.dll\r\nFileVersion: 10.0.17763.1879 (WinBuild.160101.0800)\r\nDescription: DNS Client API DLL\r\nProduct: Microsoft® Windows® Operating System\r\nCompany: Microsoft Corporation\r\nOriginalFileName: dnsapi\r\nHashes: SHA1=0B3084231CDA92A25FC77A4E160A3A2F1498EB1F,MD5=11CB0D826722F9A0E720616EADAB3C4A,SHA256=2FF8F8AA104994A2736EA540157AC282DEB1FDB0EC6CD59E3D454A2E23749C9B,IMPHASH=1A01A000FA6EC04EE5216E968B84EC45\r\nSigned: true\r\nSignature: Microsoft Windows\r\nSignatureStatus: Valid","Task":"7","RuleName":"-","UtcTime":"2021-04-27 08:07:58.751","ProcessGuid":"{1978b227-c65e-6087-7e7b-000000000500}","ProcessId":"4564","Image":"C:\\Program Files\\Windows Defender Advanced Threat Protection\\SenseCncProxy.exe","ImageLoaded":"C:\\Windows\\System32\\dnsapi.dll","FileVersion":"10.0.17763.1879 (WinBuild.160101.0800)","Description":"DNS Client API DLL","Product":"Microsoft® Windows® Operating System","Company":"Microsoft Corporation","OriginalFileName":"dnsapi","Hashes":"SHA1=0B3084231CDA92A25FC77A4E160A3A2F1498EB1F,MD5=11CB0D826722F9A0E720616EADAB3C4A,SHA256=2FF8F8AA104994A2736EA540157AC282DEB1FDB0EC6CD59E3D454A2E23749C9B,IMPHASH=1A01A000FA6EC04EE5216E968B84EC45","Signed":"true","Signature":"Microsoft Windows","SignatureStatus":"Valid"}
{"SourceName":"Microsoft-Windows-Sysmon","ProviderGuid":"{5770385f-c22a-43e0-bf4c-06f5698ffbd9}","Level":"4","Keywords":"0x8000000000000000","Channel":"Microsoft-Windows-Sysmon/Operational","Hostname":"ADFS01.blacksmith.local","TimeCreated":"2021-04-27T04:07:58.761Z","@timestamp":"2021-04-27T04:07:58.761Z","EventID":7,"Message":"Image loaded:\r\nRuleName: -\r\nUtcTime: 2021-04-27 08:07:58.751\r\nProcessGuid: {1978b227-c65e-6087-7e7b-000000000500}\r\nProcessId: 4564\r\nImage: C:\\Program Files\\Windows Defender Advanced Threat Protection\\SenseCncProxy.exe\r\nImageLoaded: C:\\Windows\\System32\\rasadhlp.dll\r\nFileVersion: 10.0.17763.1 (WinBuild.160101.0800)\r\nDescription: Remote Access AutoDial Helper\r\nProduct: Microsoft® Windows® Operating System\r\nCompany: Microsoft Corporation\r\nOriginalFileName: rasadhlp.dll\r\nHashes: SHA1=3A0C498A80C536731CD8519BC056D534F8530DCE,MD5=79E2068FB1E925B013EE28ACA7D1BEEE,SHA256=8899B7C7268188F33BCB639CD58FB14DAB6E39A0EB5C4A0C587E779F74A03D15,IMPHASH=FEAF8EF2A61D5237FD324D1624A3894B\r\nSigned: true\r\nSignature: Microsoft Windows\r\nSignatureStatus: Valid","Task":"7","RuleName":"-","UtcTime":"2021-04-27 08:07:58.751","ProcessGuid":"{1978b227-c65e-6087-7e7b-000000000500}","ProcessId":"4564","Image":"C:\\Program Files\\Windows Defender Advanced Threat Protection\\SenseCncProxy.exe","ImageLoaded":"C:\\Windows\\System32\\rasadhlp.dll","FileVersion":"10.0.17763.1 (WinBuild.160101.0800)","Description":"Remote Access AutoDial Helper","Product":"Microsoft® Windows® Operating System","Company":"Microsoft Corporation","OriginalFileName":"rasadhlp.dll","Hashes":"SHA1=3A0C498A80C536731CD8519BC056D534F8530DCE,MD5=79E2068FB1E925B013EE28ACA7D1BEEE,SHA256=8899B7C7268188F33BCB639CD58FB14DAB6E39A0EB5C4A0C587E779F74A03D15,IMPHASH=FEAF8EF2A61D5237FD324D1624A3894B","Signed":"true","Signature":"Microsoft Windows","SignatureStatus":"Valid"}
{"SourceName":"Microsoft-Windows-Sysmon","ProviderGuid":"{5770385f-c22a-43e0-bf4c-06f5698ffbd9}","Level":"4","Keywords":"0x8000000000000000","Channel":"Microsoft-Windows-Sysmon/Operational","Hostname":"ADFS01.blacksmith.local","TimeCreated":"2021-04-27T04:07:58.765Z","@timestamp":"2021-04-27T04:07:58.765Z","EventID":7,"Message":"Image loaded:\r\nRuleName: -\r\nUtcTime: 2021-04-27 08:07:58.751\r\nProcessGuid: {1978b227-c65e-6087-7e7b-000000000500}\r\nProcessId: 4564\r\nImage: C:\\Program Files\\Windows Defender Advanced Threat Protection\\SenseCncProxy.exe\r\nImageLoaded: C:\\Windows\\System32\\FWPUCLNT.DLL\r\nFileVersion: 10.0.17763.1790 (WinBuild.160101.0800)\r\nDescription: FWP/IPsec User-Mode API\r\nProduct: Microsoft® Windows® Operating System\r\nCompany: Microsoft Corporation\r\nOriginalFileName: fwpuclnt.dll\r\nHashes: SHA1=4BE3AB13E12BE83A804BB927D97A7692191DE286,MD5=D0342BBDB47E853F40808DD1BF2178F9,SHA256=4EA76A35178757D67D83A36AD641062AFAF47E2855BBC587B3AFBD723C54D54E,IMPHASH=AFD4C9F86C7354898594DD6BBF32C51F\r\nSigned: true\r\nSignature: Microsoft Windows\r\nSignatureStatus: Valid","Task":"7","RuleName":"-","UtcTime":"2021-04-27 08:07:58.751","ProcessGuid":"{1978b227-c65e-6087-7e7b-000000000500}","ProcessId":"4564","Image":"C:\\Program Files\\Windows Defender Advanced Threat Protection\\SenseCncProxy.exe","ImageLoaded":"C:\\Windows\\System32\\FWPUCLNT.DLL","FileVersion":"10.0.17763.1790 (WinBuild.160101.0800)","Description":"FWP/IPsec User-Mode API","Product":"Microsoft® Windows® Operating System","Company":"Microsoft Corporation","OriginalFileName":"fwpuclnt.dll","Hashes":"SHA1=4BE3AB13E12BE83A804BB927D97A7692191DE286,MD5=D0342BBDB47E853F40808DD1BF2178F9,SHA256=4EA76A35178757D67D83A36AD641062AFAF47E2855BBC587B3AFBD723C54D54E,IMPHASH=AFD4C9F86C7354898594DD6BBF32C51F","Signed":"true","Signature":"Microsoft Windows","SignatureStatus":"Valid"}
{"SourceName":"Microsoft-Windows-Sysmon","ProviderGuid":"{5770385f-c22a-43e0-bf4c-06f5698ffbd9}","Level":"4","Keywords":"0x8000000000000000","Channel":"Microsoft-Windows-Sysmon/Operational","Hostname":"ADFS01.blacksmith.local","TimeCreated":"2021-04-27T04:07:58.775Z","@timestamp":"2021-04-27T04:07:58.775Z","EventID":7,"Message":"Image loaded:\r\nRuleName: -\r\nUtcTime: 2021-04-27 08:07:58.767\r\nProcessGuid: {1978b227-c65e-6087-7e7b-000000000500}\r\nProcessId: 4564\r\nImage: C:\\Program Files\\Windows Defender Advanced Threat Protection\\SenseCncProxy.exe\r\nImageLoaded: C:\\Windows\\System32\\schannel.dll\r\nFileVersion: 10.0.17763.1728 (WinBuild.160101.0800)\r\nDescription: TLS / SSL Security Provider\r\nProduct: Microsoft® Windows® Operating System\r\nCompany: Microsoft Corporation\r\nOriginalFileName: schannel.dll\r\nHashes: SHA1=72E9A9C50C23646C34AA584298EF356F5F27EC9E,MD5=C6E4795B0CA14D9422CCDD624404E325,SHA256=6B75B9F205FF8DB22D1D405CD7A9A3EC4C4A3A5EEC87FE365C01FD543E6E474A,IMPHASH=868E01C57FB326A3FE11D14B4A1525AA\r\nSigned: true\r\nSignature: Microsoft Windows\r\nSignatureStatus: Valid","Task":"7","RuleName":"-","UtcTime":"2021-04-27 08:07:58.767","ProcessGuid":"{1978b227-c65e-6087-7e7b-000000000500}","ProcessId":"4564","Image":"C:\\Program Files\\Windows Defender Advanced Threat Protection\\SenseCncProxy.exe","ImageLoaded":"C:\\Windows\\System32\\schannel.dll","FileVersion":"10.0.17763.1728 (WinBuild.160101.0800)","Description":"TLS / SSL Security Provider","Product":"Microsoft® Windows® Operating System","Company":"Microsoft Corporation","OriginalFileName":"schannel.dll","Hashes":"SHA1=72E9A9C50C23646C34AA584298EF356F5F27EC9E,MD5=C6E4795B0CA14D9422CCDD624404E325,SHA256=6B75B9F205FF8DB22D1D405CD7A9A3EC4C4A3A5EEC87FE365C01FD543E6E474A,IMPHASH=868E01C57FB326A3FE11D14B4A1525AA","Signed":"true","Signature":"Microsoft Windows","SignatureStatus":"Valid"}
{"SourceName":"Microsoft-Windows-Sysmon","ProviderGuid":"{5770385f-c22a-43e0-bf4c-06f5698ffbd9}","Level":"4","Keywords":"0x8000000000000000","Channel":"Microsoft-Windows-Sysmon/Operational","Hostname":"ADFS01.blacksmith.local","TimeCreated":"2021-04-27T04:07:58.795Z","@timestamp":"2021-04-27T04:07:58.795Z","EventID":7,"Message":"Image loaded:\r\nRuleName: -\r\nUtcTime: 2021-04-27 08:07:58.782\r\nProcessGuid: {1978b227-c65e-6087-7e7b-000000000500}\r\nProcessId: 4564\r\nImage: C:\\Program Files\\Windows Defender Advanced Threat Protection\\SenseCncProxy.exe\r\nImageLoaded: C:\\Windows\\System32\\mskeyprotect.dll\r\nFileVersion: 10.0.17763.1 (WinBuild.160101.0800)\r\nDescription: Microsoft Key Protection Provider\r\nProduct: Microsoft® Windows® Operating System\r\nCompany: Microsoft Corporation\r\nOriginalFileName: mskeyprotect.dll\r\nHashes: SHA1=C7D3E51C458A44C4F647E3B5A63D01CF0F5E4A11,MD5=63E8BE92F87780A669A24F4BFC324D31,SHA256=BFB9E796C4311FDCE52317F98F1D7DC8DD23AC8C2C62F65D86EFF60CC82CB738,IMPHASH=E4E8928EBF868331EC2393286954E548\r\nSigned: true\r\nSignature: Microsoft Windows\r\nSignatureStatus: Valid","Task":"7","RuleName":"-","UtcTime":"2021-04-27 08:07:58.782","ProcessGuid":"{1978b227-c65e-6087-7e7b-000000000500}","ProcessId":"4564","Image":"C:\\Program Files\\Windows Defender Advanced Threat Protection\\SenseCncProxy.exe","ImageLoaded":"C:\\Windows\\System32\\mskeyprotect.dll","FileVersion":"10.0.17763.1 (WinBuild.160101.0800)","Description":"Microsoft Key Protection Provider","Product":"Microsoft® Windows® Operating System","Company":"Microsoft Corporation","OriginalFileName":"mskeyprotect.dll","Hashes":"SHA1=C7D3E51C458A44C4F647E3B5A63D01CF0F5E4A11,MD5=63E8BE92F87780A669A24F4BFC324D31,SHA256=BFB9E796C4311FDCE52317F98F1D7DC8DD23AC8C2C62F65D86EFF60CC82CB738,IMPHASH=E4E8928EBF868331EC2393286954E548","Signed":"true","Signature":"Microsoft Windows","SignatureStatus":"Valid"}
{"SourceName":"Microsoft-Windows-Sysmon","ProviderGuid":"{5770385f-c22a-43e0-bf4c-06f5698ffbd9}","Level":"4","Keywords":"0x8000000000000000","Channel":"Microsoft-Windows-Sysmon/Operational","Hostname":"ADFS01.blacksmith.local","TimeCreated":"2021-04-27T04:07:58.796Z","@timestamp":"2021-04-27T04:07:58.796Z","EventID":7,"Message":"Image loaded:\r\nRuleName: -\r\nUtcTime: 2021-04-27 08:07:58.782\r\nProcessGuid: {1978b227-c65e-6087-7e7b-000000000500}\r\nProcessId: 4564\r\nImage: C:\\Program Files\\Windows Defender Advanced Threat Protection\\SenseCncProxy.exe\r\nImageLoaded: C:\\Windows\\System32\\ncrypt.dll\r\nFileVersion: 10.0.17763.1 (WinBuild.160101.0800)\r\nDescription: Windows NCrypt Router\r\nProduct: Microsoft® Windows® Operating System\r\nCompany: Microsoft Corporation\r\nOriginalFileName: ncrypt.dll\r\nHashes: SHA1=8004DE486D0BBA31DD0DAABA15CE70386AAD357B,MD5=5E2B0EE7F62779521BBECF6EF4B7B3AC,SHA256=78CAA858F31D6514BEF3AF9B2FA374F6FB1F0650B7DD381148447A834BD88ED2,IMPHASH=4458CB6DE6246C2447EE885DE013644D\r\nSigned: true\r\nSignature: Microsoft Windows\r\nSignatureStatus: Valid","Task":"7","RuleName":"-","UtcTime":"2021-04-27 08:07:58.782","ProcessGuid":"{1978b227-c65e-6087-7e7b-000000000500}","ProcessId":"4564","Image":"C:\\Program Files\\Windows Defender Advanced Threat Protection\\SenseCncProxy.exe","ImageLoaded":"C:\\Windows\\System32\\ncrypt.dll","FileVersion":"10.0.17763.1 (WinBuild.160101.0800)","Description":"Windows NCrypt Router","Product":"Microsoft® Windows® Operating System","Company":"Microsoft Corporation","OriginalFileName":"ncrypt.dll","Hashes":"SHA1=8004DE486D0BBA31DD0DAABA15CE70386AAD357B,MD5=5E2B0EE7F62779521BBECF6EF4B7B3AC,SHA256=78CAA858F31D6514BEF3AF9B2FA374F6FB1F0650B7DD381148447A834BD88ED2,IMPHASH=4458CB6DE6246C2447EE885DE013644D","Signed":"true","Signature":"Microsoft Windows","SignatureStatus":"Valid"}
{"SourceName":"Microsoft-Windows-Sysmon","ProviderGuid":"{5770385f-c22a-43e0-bf4c-06f5698ffbd9}","Level":"4","Keywords":"0x8000000000000000","Channel":"Microsoft-Windows-Sysmon/Operational","Hostname":"ADFS01.blacksmith.local","TimeCreated":"2021-04-27T04:07:58.797Z","@timestamp":"2021-04-27T04:07:58.797Z","EventID":7,"Message":"Image loaded:\r\nRuleName: -\r\nUtcTime: 2021-04-27 08:07:58.782\r\nProcessGuid: {1978b227-c65e-6087-7e7b-000000000500}\r\nProcessId: 4564\r\nImage: C:\\Program Files\\Windows Defender Advanced Threat Protection\\SenseCncProxy.exe\r\nImageLoaded: C:\\Windows\\System32\\ntasn1.dll\r\nFileVersion: 10.0.17763.1 (WinBuild.160101.0800)\r\nDescription: Microsoft ASN.1 API\r\nProduct: Microsoft® Windows® Operating System\r\nCompany: Microsoft Corporation\r\nOriginalFileName: ntasn1.dll\r\nHashes: SHA1=BEB1CA2DFACA8F39B3AFB1A7D374E587B55CC0AF,MD5=1AA3971C69A554471DFAE297DBAC1CD4,SHA256=ADF2CAD7E6705B318034390898F74CFC73EAB40652019CA698843A4EEF7BE95C,IMPHASH=9EFC540370FCF618EB98929931A83D43\r\nSigned: true\r\nSignature: Microsoft Windows\r\nSignatureStatus: Valid","Task":"7","RuleName":"-","UtcTime":"2021-04-27 08:07:58.782","ProcessGuid":"{1978b227-c65e-6087-7e7b-000000000500}","ProcessId":"4564","Image":"C:\\Program Files\\Windows Defender Advanced Threat Protection\\SenseCncProxy.exe","ImageLoaded":"C:\\Windows\\System32\\ntasn1.dll","FileVersion":"10.0.17763.1 (WinBuild.160101.0800)","Description":"Microsoft ASN.1 API","Product":"Microsoft® Windows® Operating System","Company":"Microsoft Corporation","OriginalFileName":"ntasn1.dll","Hashes":"SHA1=BEB1CA2DFACA8F39B3AFB1A7D374E587B55CC0AF,MD5=1AA3971C69A554471DFAE297DBAC1CD4,SHA256=ADF2CAD7E6705B318034390898F74CFC73EAB40652019CA698843A4EEF7BE95C,IMPHASH=9EFC540370FCF618EB98929931A83D43","Signed":"true","Signature":"Microsoft Windows","SignatureStatus":"Valid"}
{"SourceName":"Microsoft-Windows-Sysmon","ProviderGuid":"{5770385f-c22a-43e0-bf4c-06f5698ffbd9}","Level":"4","Keywords":"0x8000000000000000","Channel":"Microsoft-Windows-Sysmon/Operational","Hostname":"ADFS01.blacksmith.local","TimeCreated":"2021-04-27T04:07:58.800Z","@timestamp":"2021-04-27T04:07:58.800Z","EventID":7,"Message":"Image loaded:\r\nRuleName: -\r\nUtcTime: 2021-04-27 08:07:58.798\r\nProcessGuid: {1978b227-c65e-6087-7e7b-000000000500}\r\nProcessId: 4564\r\nImage: C:\\Program Files\\Windows Defender Advanced Threat Protection\\SenseCncProxy.exe\r\nImageLoaded: C:\\Windows\\System32\\ncryptsslp.dll\r\nFileVersion: 10.0.17763.1 (WinBuild.160101.0800)\r\nDescription: Microsoft SChannel Provider\r\nProduct: Microsoft® Windows® Operating System\r\nCompany: Microsoft Corporation\r\nOriginalFileName: ncryptsslp.dll\r\nHashes: SHA1=EDBF61C891D5E37D3975B119248C4B0E8999C658,MD5=6C1A1E9C7C20EB652B2B8804282E045E,SHA256=B0A46CE25DDC4F4374EC59D310397A03737CACD3C8416E766DFBF935CDED1FD3,IMPHASH=AFA0DB2E14A797EA10D25C2C2EDC4AB9\r\nSigned: true\r\nSignature: Microsoft Windows\r\nSignatureStatus: Valid","Task":"7","RuleName":"-","UtcTime":"2021-04-27 08:07:58.798","ProcessGuid":"{1978b227-c65e-6087-7e7b-000000000500}","ProcessId":"4564","Image":"C:\\Program Files\\Windows Defender Advanced Threat Protection\\SenseCncProxy.exe","ImageLoaded":"C:\\Windows\\System32\\ncryptsslp.dll","FileVersion":"10.0.17763.1 (WinBuild.160101.0800)","Description":"Microsoft SChannel Provider","Product":"Microsoft® Windows® Operating System","Company":"Microsoft Corporation","OriginalFileName":"ncryptsslp.dll","Hashes":"SHA1=EDBF61C891D5E37D3975B119248C4B0E8999C658,MD5=6C1A1E9C7C20EB652B2B8804282E045E,SHA256=B0A46CE25DDC4F4374EC59D310397A03737CACD3C8416E766DFBF935CDED1FD3,IMPHASH=AFA0DB2E14A797EA10D25C2C2EDC4AB9","Signed":"true","Signature":"Microsoft Windows","SignatureStatus":"Valid"}
{"SourceName":"Microsoft-Windows-Sysmon","ProviderGuid":"{5770385f-c22a-43e0-bf4c-06f5698ffbd9}","Level":"4","Keywords":"0x8000000000000000","Channel":"Microsoft-Windows-Sysmon/Operational","Hostname":"ADFS01.blacksmith.local","TimeCreated":"2021-04-27T04:07:58.804Z","@timestamp":"2021-04-27T04:07:58.804Z","EventID":7,"Message":"Image loaded:\r\nRuleName: -\r\nUtcTime: 2021-04-27 08:07:58.798\r\nProcessGuid: {1978b227-c65e-6087-7e7b-000000000500}\r\nProcessId: 4564\r\nImage: C:\\Program Files\\Windows Defender Advanced Threat Protection\\SenseCncProxy.exe\r\nImageLoaded: C:\\Windows\\System32\\cryptnet.dll\r\nFileVersion: 10.0.17763.1 (WinBuild.160101.0800)\r\nDescription: Crypto Network Related API\r\nProduct: Microsoft® Windows® Operating System\r\nCompany: Microsoft Corporation\r\nOriginalFileName: CRYPTNET.DLL\r\nHashes: SHA1=657FF7CD494D455CFD7908E59C22C9E27B48B9F4,MD5=3EF9D06EE1B3B7C43180230321323978,SHA256=BF428B2B5C2686A5B631DC055BFDD11AF605FA9C0202D2E941DA10307B6301FA,IMPHASH=1BB913D1BE1C6B72F870212A6BB991F3\r\nSigned: true\r\nSignature: Microsoft Windows\r\nSignatureStatus: Valid","Task":"7","RuleName":"-","UtcTime":"2021-04-27 08:07:58.798","ProcessGuid":"{1978b227-c65e-6087-7e7b-000000000500}","ProcessId":"4564","Image":"C:\\Program Files\\Windows Defender Advanced Threat Protection\\SenseCncProxy.exe","ImageLoaded":"C:\\Windows\\System32\\cryptnet.dll","FileVersion":"10.0.17763.1 (WinBuild.160101.0800)","Description":"Crypto Network Related API","Product":"Microsoft® Windows® Operating System","Company":"Microsoft Corporation","OriginalFileName":"CRYPTNET.DLL","Hashes":"SHA1=657FF7CD494D455CFD7908E59C22C9E27B48B9F4,MD5=3EF9D06EE1B3B7C43180230321323978,SHA256=BF428B2B5C2686A5B631DC055BFDD11AF605FA9C0202D2E941DA10307B6301FA,IMPHASH=1BB913D1BE1C6B72F870212A6BB991F3","Signed":"true","Signature":"Microsoft Windows","SignatureStatus":"Valid"}
{"SourceName":"Microsoft-Windows-Sysmon","ProviderGuid":"{5770385f-c22a-43e0-bf4c-06f5698ffbd9}","Level":"4","Keywords":"0x8000000000000000","Channel":"Microsoft-Windows-Sysmon/Operational","Hostname":"ADFS01.blacksmith.local","TimeCreated":"2021-04-27T04:07:58.816Z","@timestamp":"2021-04-27T04:07:58.816Z","EventID":5,"Message":"Process terminated:\r\nRuleName: -\r\nUtcTime: 2021-04-27 08:07:58.813\r\nProcessGuid: {1978b227-c65e-6087-7e7b-000000000500}\r\nProcessId: 4564\r\nImage: C:\\Program Files\\Windows Defender Advanced Threat Protection\\SenseCncProxy.exe","Task":"5","RuleName":"-","UtcTime":"2021-04-27 08:07:58.813","ProcessGuid":"{1978b227-c65e-6087-7e7b-000000000500}","ProcessId":"4564","Image":"C:\\Program Files\\Windows Defender Advanced Threat Protection\\SenseCncProxy.exe"}
{"SourceName":"Microsoft-Windows-Sysmon","ProviderGuid":"{5770385f-c22a-43e0-bf4c-06f5698ffbd9}","Level":"4","Keywords":"0x8000000000000000","Channel":"Microsoft-Windows-Sysmon/Operational","Hostname":"ADFS01.blacksmith.local","TimeCreated":"2021-04-27T04:07:59.896Z","@timestamp":"2021-04-27T04:07:59.896Z","EventID":3,"Message":"Network connection detected:\r\nRuleName: -\r\nUtcTime: 2021-04-27 08:07:50.196\r\nProcessGuid: {00000000-0000-0000-0000-000000000000}\r\nProcessId: 4564\r\nImage: \u003cunknown process\u003e\r\nUser: -\r\nProtocol: tcp\r\nInitiated: true\r\nSourceIsIpv6: false\r\nSourceIp: 192.168.2.5\r\nSourceHostname: -\r\nSourcePort: 60283\r\nSourcePortName: -\r\nDestinationIsIpv6: false\r\nDestinationIp: 40.65.232.222\r\nDestinationHostname: -\r\nDestinationPort: 443\r\nDestinationPortName: -","Task":"3","RuleName":"-","UtcTime":"2021-04-27 08:07:50.196","ProcessGuid":"{00000000-0000-0000-0000-000000000000}","ProcessId":"4564","Image":"\u003cunknown process\u003e","User":"-","Protocol":"tcp","Initiated":"true","SourceIsIpv6":"false","SourceIp":"192.168.2.5","SourceHostname":"-","SourcePort":"60283","SourcePortName":"-","DestinationIsIpv6":"false","DestinationIp":"40.65.232.222","DestinationHostname":"-","DestinationPort":"443","DestinationPortName":"-"}
{"SourceName":"Microsoft-Windows-Sysmon","ProviderGuid":"{5770385f-c22a-43e0-bf4c-06f5698ffbd9}","Level":"4","Keywords":"0x8000000000000000","Channel":"Microsoft-Windows-Sysmon/Operational","Hostname":"ADFS01.blacksmith.local","TimeCreated":"2021-04-27T04:08:00.024Z","@timestamp":"2021-04-27T04:08:00.024Z","EventID":7,"Message":"Image loaded:\r\nRuleName: -\r\nUtcTime: 2021-04-27 08:08:00.021\r\nProcessGuid: {1978b227-524f-6077-9200-000000000500}\r\nProcessId: 5628\r\nImage: C:\\Windows\\System32\\svchost.exe\r\nImageLoaded: C:\\Windows\\System32\\perfos.dll\r\nFileVersion: 10.0.17763.1 (WinBuild.160101.0800)\r\nDescription: Windows System Performance Objects DLL\r\nProduct: Microsoft® Windows® Operating System\r\nCompany: Microsoft Corporation\r\nOriginalFileName: PERFOS.DLL\r\nHashes: SHA1=3A839A656D9DCEDFCDFDF58AC4D923E387E671B9,MD5=E104BA77D289204B5165BBB27473F037,SHA256=9773FB5BB1A3B0D49EA900A0E840173BE876EC727711678C6A4220DDAE651E9D,IMPHASH=FCF3B3FD2696F782C0B8AB6A6DB4B2B6\r\nSigned: true\r\nSignature: Microsoft Windows\r\nSignatureStatus: Valid","Task":"7","RuleName":"-","UtcTime":"2021-04-27 08:08:00.021","ProcessGuid":"{1978b227-524f-6077-9200-000000000500}","ProcessId":"5628","Image":"C:\\Windows\\System32\\svchost.exe","ImageLoaded":"C:\\Windows\\System32\\perfos.dll","FileVersion":"10.0.17763.1 (WinBuild.160101.0800)","Description":"Windows System Performance Objects DLL","Product":"Microsoft® Windows® Operating System","Company":"Microsoft Corporation","OriginalFileName":"PERFOS.DLL","Hashes":"SHA1=3A839A656D9DCEDFCDFDF58AC4D923E387E671B9,MD5=E104BA77D289204B5165BBB27473F037,SHA256=9773FB5BB1A3B0D49EA900A0E840173BE876EC727711678C6A4220DDAE651E9D,IMPHASH=FCF3B3FD2696F782C0B8AB6A6DB4B2B6","Signed":"true","Signature":"Microsoft Windows","SignatureStatus":"Valid"}
{"SourceName":"Microsoft-Windows-Sysmon","ProviderGuid":"{5770385f-c22a-43e0-bf4c-06f5698ffbd9}","Level":"4","Keywords":"0x8000000000000000","Channel":"Microsoft-Windows-Sysmon/Operational","Hostname":"ADFS01.blacksmith.local","TimeCreated":"2021-04-27T04:08:00.765Z","@timestamp":"2021-04-27T04:08:00.765Z","EventID":22,"Message":"Dns query:\r\nRuleName: -\r\nUtcTime: 2021-04-27 08:07:50.193\r\nProcessGuid: {00000000-0000-0000-0000-000000000000}\r\nProcessId: 4564\r\nQueryName: winatp-gw-eus.microsoft.com\r\nQueryStatus: 0\r\nQueryResults: type:  5 sevillecloudgateway-eus-prd.trafficmanager.net;type:  5 wdatpprd-eus2.securitycenter.windows.com;type:  5 k8stm-prd-eus2.trafficmanager.net;type:  5 wdatp-prd-eus2-3.eastus2.cloudapp.azure.com;::ffff:40.65.232.222;\r\nImage: \u003cunknown process\u003e","Task":"22","RuleName":"-","UtcTime":"2021-04-27 08:07:50.193","ProcessGuid":"{00000000-0000-0000-0000-000000000000}","ProcessId":"4564","QueryName":"winatp-gw-eus.microsoft.com","QueryStatus":"0","QueryResults":"type:  5 sevillecloudgateway-eus-prd.trafficmanager.net;type:  5 wdatpprd-eus2.securitycenter.windows.com;type:  5 k8stm-prd-eus2.trafficmanager.net;type:  5 wdatp-prd-eus2-3.eastus2.cloudapp.azure.com;::ffff:40.65.232.222;","Image":"\u003cunknown process\u003e"}
{"SourceName":"Microsoft-Windows-Sysmon","ProviderGuid":"{5770385f-c22a-43e0-bf4c-06f5698ffbd9}","Level":"4","Keywords":"0x8000000000000000","Channel":"Microsoft-Windows-Sysmon/Operational","Hostname":"ADFS01.blacksmith.local","TimeCreated":"2021-04-27T04:08:04.569Z","@timestamp":"2021-04-27T04:08:04.569Z","EventID":18,"Message":"Pipe Connected:\r\nRuleName: -\r\nEventType: ConnectPipe\r\nUtcTime: 2021-04-27 08:08:04.567\r\nProcessGuid: {1978b227-5270-6077-9c00-000000000500}\r\nProcessId: 1900\r\nPipeName: \\MICROSOFT##WID\\tsql\\query\r\nImage: C:\\Windows\\ADFS\\Microsoft.IdentityServer.ServiceHost.exe","Task":"18","RuleName":"-","EventType":"ConnectPipe","UtcTime":"2021-04-27 08:08:04.567","ProcessGuid":"{1978b227-5270-6077-9c00-000000000500}","ProcessId":"1900","PipeName":"\\MICROSOFT##WID\\tsql\\query","Image":"C:\\Windows\\ADFS\\Microsoft.IdentityServer.ServiceHost.exe"}
{"SourceName":"Microsoft-Windows-Sysmon","ProviderGuid":"{5770385f-c22a-43e0-bf4c-06f5698ffbd9}","Level":"4","Keywords":"0x8000000000000000","Channel":"Microsoft-Windows-Sysmon/Operational","Hostname":"ADFS01.blacksmith.local","TimeCreated":"2021-04-27T04:08:06.170Z","@timestamp":"2021-04-27T04:08:06.170Z","EventID":26,"Message":"File Delete logged:\r\nRuleName: -\r\nUtcTime: 2021-04-27 08:08:06.166\r\nProcessGuid: {1978b227-51d2-6077-4000-000000000500}\r\nProcessId: 2920\r\nUser: NT AUTHORITY\\SYSTEM\r\nImage: C:\\WindowsAzure\\Packages\\GuestAgent\\WindowsAzureGuestAgent.exe\r\nTargetFilename: C:\\WindowsAzure\\Logs\\AggregateStatus\\aggregatestatus_20210427080536000.json\r\nHashes: SHA1=7A0E7A1C6D3574AAFCB032F2C72E35078034CA61,MD5=7D51254FD27BEB4A3682AF57CD209866,SHA256=0BD207E422E2163E5263BE4997CA90FAF6A2D7F2F8A63C3B6B432E9F5ECA96E0,IMPHASH=00000000000000000000000000000000\r\nIsExecutable: false","Task":"26","RuleName":"-","UtcTime":"2021-04-27 08:08:06.166","ProcessGuid":"{1978b227-51d2-6077-4000-000000000500}","ProcessId":"2920","User":"NT AUTHORITY\\SYSTEM","Image":"C:\\WindowsAzure\\Packages\\GuestAgent\\WindowsAzureGuestAgent.exe","TargetFilename":"C:\\WindowsAzure\\Logs\\AggregateStatus\\aggregatestatus_20210427080536000.json","Hashes":"SHA1=7A0E7A1C6D3574AAFCB032F2C72E35078034CA61,MD5=7D51254FD27BEB4A3682AF57CD209866,SHA256=0BD207E422E2163E5263BE4997CA90FAF6A2D7F2F8A63C3B6B432E9F5ECA96E0,IMPHASH=00000000000000000000000000000000","IsExecutable":"false"}
{"SourceName":"Microsoft-Windows-Sysmon","ProviderGuid":"{5770385f-c22a-43e0-bf4c-06f5698ffbd9}","Level":"4","Keywords":"0x8000000000000000","Channel":"Microsoft-Windows-Sysmon/Operational","Hostname":"ADFS01.blacksmith.local","TimeCreated":"2021-04-27T04:08:10.591Z","@timestamp":"2021-04-27T04:08:10.591Z","EventID":12,"Message":"Registry object added or deleted:\r\nRuleName: -\r\nEventType: CreateKey\r\nUtcTime: 2021-04-27 08:08:10.589\r\nProcessGuid: {1978b227-936d-607f-5e13-000000000500}\r\nProcessId: 5124\r\nImage: C:\\Windows\\system32\\svchost.exe\r\nTargetObject: HKU\\S-1-5-19\\Software\\Microsoft\\Windows\\CurrentVersion\\Internet Settings\\Wpad","Task":"12","RuleName":"-","EventType":"CreateKey","UtcTime":"2021-04-27 08:08:10.589","ProcessGuid":"{1978b227-936d-607f-5e13-000000000500}","ProcessId":"5124","Image":"C:\\Windows\\system32\\svchost.exe","TargetObject":"HKU\\S-1-5-19\\Software\\Microsoft\\Windows\\CurrentVersion\\Internet Settings\\Wpad"}
{"SourceName":"Microsoft-Windows-Sysmon","ProviderGuid":"{5770385f-c22a-43e0-bf4c-06f5698ffbd9}","Level":"4","Keywords":"0x8000000000000000","Channel":"Microsoft-Windows-Sysmon/Operational","Hostname":"ADFS01.blacksmith.local","TimeCreated":"2021-04-27T04:08:12.505Z","@timestamp":"2021-04-27T04:08:12.505Z","EventID":7,"Message":"Image loaded:\r\nRuleName: -\r\nUtcTime: 2021-04-27 08:08:12.490\r\nProcessGuid: {1978b227-524f-6077-9200-000000000500}\r\nProcessId: 5628\r\nImage: C:\\Windows\\System32\\svchost.exe\r\nImageLoaded: C:\\Windows\\System32\\perfctrs.dll\r\nFileVersion: 10.0.17763.1 (WinBuild.160101.0800)\r\nDescription: Performance Counters\r\nProduct: Microsoft® Windows® Operating System\r\nCompany: Microsoft Corporation\r\nOriginalFileName: PERFCTRS.DLL\r\nHashes: SHA1=F81D76B9C3499F8712FA6398554C10D389103930,MD5=27EAC9BA127C20BEEBF0BE4179ECC380,SHA256=28A8E73239C7556FD420A5A09A05CBD04C38230E0CBEAEF7D6874135261221EE,IMPHASH=E8B7A8ECDACB5ADA645B4DF7BF877CFE\r\nSigned: true\r\nSignature: Microsoft Windows\r\nSignatureStatus: Valid","Task":"7","RuleName":"-","UtcTime":"2021-04-27 08:08:12.490","ProcessGuid":"{1978b227-524f-6077-9200-000000000500}","ProcessId":"5628","Image":"C:\\Windows\\System32\\svchost.exe","ImageLoaded":"C:\\Windows\\System32\\perfctrs.dll","FileVersion":"10.0.17763.1 (WinBuild.160101.0800)","Description":"Performance Counters","Product":"Microsoft® Windows® Operating System","Company":"Microsoft Corporation","OriginalFileName":"PERFCTRS.DLL","Hashes":"SHA1=F81D76B9C3499F8712FA6398554C10D389103930,MD5=27EAC9BA127C20BEEBF0BE4179ECC380,SHA256=28A8E73239C7556FD420A5A09A05CBD04C38230E0CBEAEF7D6874135261221EE,IMPHASH=E8B7A8ECDACB5ADA645B4DF7BF877CFE","Signed":"true","Signature":"Microsoft Windows","SignatureStatus":"Valid"}
{"SourceName":"Microsoft-Windows-Sysmon","ProviderGuid":"{5770385f-c22a-43e0-bf4c-06f5698ffbd9}","Level":"4","Keywords":"0x8000000000000000","Channel":"Microsoft-Windows-Sysmon/Operational","Hostname":"ADFS01.blacksmith.local","TimeCreated":"2021-04-27T04:08:12.519Z","@timestamp":"2021-04-27T04:08:12.519Z","EventID":7,"Message":"Image loaded:\r\nRuleName: -\r\nUtcTime: 2021-04-27 08:08:12.506\r\nProcessGuid: {1978b227-524f-6077-9200-000000000500}\r\nProcessId: 5628\r\nImage: C:\\Windows\\System32\\svchost.exe\r\nImageLoaded: C:\\Windows\\System32\\perfctrs.dll\r\nFileVersion: 10.0.17763.1 (WinBuild.160101.0800)\r\nDescription: Performance Counters\r\nProduct: Microsoft® Windows® Operating System\r\nCompany: Microsoft Corporation\r\nOriginalFileName: PERFCTRS.DLL\r\nHashes: SHA1=F81D76B9C3499F8712FA6398554C10D389103930,MD5=27EAC9BA127C20BEEBF0BE4179ECC380,SHA256=28A8E73239C7556FD420A5A09A05CBD04C38230E0CBEAEF7D6874135261221EE,IMPHASH=E8B7A8ECDACB5ADA645B4DF7BF877CFE\r\nSigned: true\r\nSignature: Microsoft Windows\r\nSignatureStatus: Valid","Task":"7","RuleName":"-","UtcTime":"2021-04-27 08:08:12.506","ProcessGuid":"{1978b227-524f-6077-9200-000000000500}","ProcessId":"5628","Image":"C:\\Windows\\System32\\svchost.exe","ImageLoaded":"C:\\Windows\\System32\\perfctrs.dll","FileVersion":"10.0.17763.1 (WinBuild.160101.0800)","Description":"Performance Counters","Product":"Microsoft® Windows® Operating System","Company":"Microsoft Corporation","OriginalFileName":"PERFCTRS.DLL","Hashes":"SHA1=F81D76B9C3499F8712FA6398554C10D389103930,MD5=27EAC9BA127C20BEEBF0BE4179ECC380,SHA256=28A8E73239C7556FD420A5A09A05CBD04C38230E0CBEAEF7D6874135261221EE,IMPHASH=E8B7A8ECDACB5ADA645B4DF7BF877CFE","Signed":"true","Signature":"Microsoft Windows","SignatureStatus":"Valid"}
