{"SourceName":"Microsoft-Windows-Security-Auditing","ProviderGuid":"{54849625-5478-4994-a5ba-3e3b0328c30d}","Level":"0","Keywords":"0x8020000000000000","Channel":"Security","Hostname":"ADFS01.blacksmith.local","TimeCreated":"2021-04-27T04:08:11.622Z","@timestamp":"2021-04-27T04:08:11.622Z","EventID":4627,"Message":"Group membership information.\r\n\r\nSubject:\r\n\tSecurity ID:\t\tS-1-0-0\r\n\tAccount Name:\t\t-\r\n\tAccount Domain:\t\t-\r\n\tLogon ID:\t\t0x0\r\n\r\nLogon Type:\t\t\t3\r\n\r\nNew Logon:\r\n\tSecurity ID:\t\tS-1-5-21-3226634481-2224579835-4276826623-1103\r\n\tAccount Name:\t\tsvc_ADFS$\r\n\tAccount Domain:\t\tCOMPANY.COM\r\n\tLogon ID:\t\t0x1865B632\r\n\r\nEvent in sequence:\t\t1 of 1\r\n\r\nGroup Membership:\t\t\t\r\n\t\t%{S-1-5-21-3226634481-2224579835-4276826623-513}\r\n\t\t%{S-1-1-0}\r\n\t\t%{S-1-5-32-545}\r\n\t\t%{S-1-5-32-555}\r\n\t\t%{S-1-5-2}\r\n\t\t%{S-1-5-11}\r\n\t\t%{S-1-5-15}\r\n\t\t%{S-1-5-21-3226634481-2224579835-4276826623-515}\r\n\t\t%{S-1-5-21-3226634481-2224579835-4276826623-527}\r\n\t\t%{S-1-18-1}\r\n\t\t%{S-1-16-8192}\r\n\r\nThe subject fields indicate the account on the local system which requested the logon. This is most commonly a service such as the Server service, or a local process such as Winlogon.exe or Services.exe.\r\n\r\nThe logon type field indicates the kind of logon that occurred. The most common types are 2 (interactive) and 3 (network).\r\n\r\nThe New Logon fields indicate the account for whom the new logon was created, i.e. the account that was logged on.\r\n\r\nThis event is generated when the Audit Group Membership subcategory is configured.  The Logon ID field can be used to correlate this event with the corresponding user logon event as well as to any other security audit events generated during this logon session.","Task":"12554","SubjectUserSid":"S-1-0-0","SubjectUserName":"-","SubjectDomainName":"-","SubjectLogonId":"0x0","TargetUserSid":"S-1-5-21-3226634481-2224579835-4276826623-1103","TargetUserName":"svc_ADFS$","TargetDomainName":"COMPANY.COM","TargetLogonId":"0x1865b632","LogonType":"3","EventIdx":"1","EventCountTotal":"1","GroupMembership":"\n\t\t%{S-1-5-21-3226634481-2224579835-4276826623-513}\n\t\t%{S-1-1-0}\n\t\t%{S-1-5-32-545}\n\t\t%{S-1-5-32-555}\n\t\t%{S-1-5-2}\n\t\t%{S-1-5-11}\n\t\t%{S-1-5-15}\n\t\t%{S-1-5-21-3226634481-2224579835-4276826623-515}\n\t\t%{S-1-5-21-3226634481-2224579835-4276826623-527}\n\t\t%{S-1-18-1}\n\t\t%{S-1-16-8192}"}
{"SourceName":"AD FS Auditing","Level":"0","Keywords":"0x80a0000000000000","Channel":"Security","Hostname":"ADFS01.blacksmith.local","TimeCreated":"2021-04-27T04:08:12.240Z","@timestamp":"2021-04-27T04:08:12.240Z","EventID":412,"Message":"A token of type \u0027http://schemas.microsoft.com/ws/2006/05/servicemodel/tokens/SecureConversation\u0027 for relying party \u0027-\u0027 was successfully authenticated.  See audit 501 with the same Instance ID for caller identity. \r\n\r\nInstance ID: d7a4f8d5-840b-44c6-93e5-bcafcb30f495 \r\n\r\nActivity ID: 00000000-0000-0000-0000-000000000000","Task":"3"}
{"SourceName":"AD FS Auditing","Level":"0","Keywords":"0x80a0000000000000","Channel":"Security","Hostname":"ADFS01.blacksmith.local","TimeCreated":"2021-04-27T04:08:12.240Z","@timestamp":"2021-04-27T04:08:12.240Z","EventID":501,"Message":"More information for the event entry with Instance ID d7a4f8d5-840b-44c6-93e5-bcafcb30f495. There may be more events with the same Instance ID with more information. \r\n\r\nInstance ID: \r\nd7a4f8d5-840b-44c6-93e5-bcafcb30f495 \r\n \r\nCaller identity: \r\nhttp://schemas.xmlsoap.org/ws/2005/05/identity/claims/name \r\nBLACKSMITH\\adfsadmin \r\nhttp://schemas.microsoft.com/ws/2008/06/identity/claims/primarysid \r\nS-1-5-21-3226634481-2224579835-4276826623-1103 \r\nhttp://schemas.microsoft.com/ws/2008/06/identity/claims/primarygroupsid \r\nS-1-5-21-3226634481-2224579835-4276826623-513 \r\nhttp://schemas.microsoft.com/ws/2008/06/identity/claims/groupsid \r\nS-1-5-21-3226634481-2224579835-4276826623-513 \r\nhttp://schemas.microsoft.com/ws/2008/06/identity/claims/groupsid \r\nS-1-1-0 \r\nhttp://schemas.microsoft.com/ws/2008/06/identity/claims/groupsid \r\nS-1-5-32-545 \r\nhttp://schemas.microsoft.com/ws/2008/06/identity/claims/groupsid \r\nS-1-5-32-555 \r\nhttp://schemas.microsoft.com/ws/2008/06/identity/claims/groupsid \r\nS-1-5-2 \r\nhttp://schemas.microsoft.com/ws/2008/06/identity/claims/groupsid \r\nS-1-5-11 \r\nhttp://schemas.microsoft.com/ws/2008/06/identity/claims/groupsid \r\nS-1-5-15","Task":"3"}
{"SourceName":"AD FS Auditing","Level":"0","Keywords":"0x80a0000000000000","Channel":"Security","Hostname":"ADFS01.blacksmith.local","TimeCreated":"2021-04-27T04:08:12.240Z","@timestamp":"2021-04-27T04:08:12.240Z","EventID":501,"Message":"More information for the event entry with Instance ID d7a4f8d5-840b-44c6-93e5-bcafcb30f495. There may be more events with the same Instance ID with more information. \r\n\r\nInstance ID: \r\nd7a4f8d5-840b-44c6-93e5-bcafcb30f495 \r\n \r\nCaller identity: \r\nhttp://schemas.microsoft.com/ws/2008/06/identity/claims/groupsid \r\nS-1-5-21-3226634481-2224579835-4276826623-515 \r\nhttp://schemas.microsoft.com/ws/2008/06/identity/claims/groupsid \r\nS-1-5-21-3226634481-2224579835-4276826623-527 \r\nhttp://schemas.microsoft.com/ws/2008/06/identity/claims/groupsid \r\nS-1-18-1 \r\nhttp://schemas.microsoft.com/ws/2008/06/identity/claims/authenticationmethod \r\nhttp://schemas.microsoft.com/ws/2008/06/identity/authenticationmethod/windows \r\nhttp://schemas.microsoft.com/ws/2008/06/identity/claims/authenticationinstant \r\n2021-04-27T08:08:11.621Z \r\n- \r\n- \r\n- \r\n- \r\n- \r\n- \r\n- \r\n- \r\n- \r\n-","Task":"3"}
{"SourceName":"Microsoft-Windows-Security-Auditing","ProviderGuid":"{54849625-5478-4994-a5ba-3e3b0328c30d}","Level":"0","Keywords":"0x8020000000000000","Channel":"Security","Hostname":"ADFS01.blacksmith.local","TimeCreated":"2021-04-27T04:08:21.357Z","@timestamp":"2021-04-27T04:08:21.357Z","EventID":4662,"Message":"An operation was performed on an object.\r\n\r\nSubject :\r\n\tSecurity ID:\t\tS-1-5-19\r\n\tAccount Name:\t\tLOCAL SERVICE\r\n\tAccount Domain:\t\tNT AUTHORITY\r\n\tLogon ID:\t\t0x3E5\r\n\r\nObject:\r\n\tObject Server:\t\tLSA\r\n\tObject Type:\t\tSecretObject\r\n\tObject Name:\t\tPolicy\\Secrets\\$MACHINE.ACC\r\n\tHandle ID:\t\t0x1e3e8cee380\r\n\r\nOperation:\r\n\tOperation Type:\t\tQuery\r\n\tAccesses:\t\tQuery secret value\r\n\t\t\t\t\r\n\tAccess Mask:\t\t0x2\r\n\tProperties:\t\t-\r\n\r\nAdditional Information:\r\n\tParameter 1:\t\t-\r\n\tParameter 2:\t\t-","Task":"12804","SubjectUserSid":"S-1-5-19","SubjectUserName":"LOCAL SERVICE","SubjectDomainName":"NT AUTHORITY","SubjectLogonId":"0x3e5","ObjectServer":"LSA","ObjectType":"SecretObject","ObjectName":"Policy\\Secrets\\$MACHINE.ACC","OperationType":"Query","HandleId":"0x1e3e8cee380","AccessList":"%%5649\n\t\t\t\t","AccessMask":"0x2","Properties":"-","AdditionalInfo":"-","AdditionalInfo2":"-"}
{"SourceName":"Microsoft-Windows-Security-Auditing","ProviderGuid":"{54849625-5478-4994-a5ba-3e3b0328c30d}","Level":"0","Keywords":"0x8020000000000000","Channel":"Security","Hostname":"ADFS01.blacksmith.local","TimeCreated":"2021-04-27T04:08:24.059Z","@timestamp":"2021-04-27T04:08:24.059Z","EventID":5158,"Message":"The Windows Filtering Platform has permitted a bind to a local port.\r\n\r\nApplication Information:\r\n\tProcess ID:\t\t2920\r\n\tApplication Name:\t\\device\\harddiskvolume2\\windowsazure\\packages\\guestagent\\windowsazureguestagent.exe\r\n\r\nNetwork Information:\r\n\tSource Address:\t\t0.0.0.0\r\n\tSource Port:\t\t60287\r\n\tProtocol:\t\t6\r\n\r\nFilter Information:\r\n\tFilter Run-Time ID:\t0\r\n\tLayer Name:\t\tResource Assignment\r\n\tLayer Run-Time ID:\t36","Task":"12810","ProcessId":"2920","Application":"\\device\\harddiskvolume2\\windowsazure\\packages\\guestagent\\windowsazureguestagent.exe","SourceAddress":"0.0.0.0","SourcePort":"60287","Protocol":"6","FilterRTID":"0","LayerName":"%%14608","LayerRTID":"36"}
{"SourceName":"Microsoft-Windows-Security-Auditing","ProviderGuid":"{54849625-5478-4994-a5ba-3e3b0328c30d}","Level":"0","Keywords":"0x8020000000000000","Channel":"Security","Hostname":"ADFS01.blacksmith.local","TimeCreated":"2021-04-27T04:08:24.059Z","@timestamp":"2021-04-27T04:08:24.059Z","EventID":5156,"Message":"The Windows Filtering Platform has permitted a connection.\r\n\r\nApplication Information:\r\n\tProcess ID:\t\t2920\r\n\tApplication Name:\t\\device\\harddiskvolume2\\windowsazure\\packages\\guestagent\\windowsazureguestagent.exe\r\n\r\nNetwork Information:\r\n\tDirection:\t\tOutbound\r\n\tSource Address:\t\t192.168.2.5\r\n\tSource Port:\t\t60287\r\n\tDestination Address:\t168.63.129.16\r\n\tDestination Port:\t\t80\r\n\tProtocol:\t\t6\r\n\r\nFilter Information:\r\n\tFilter Run-Time ID:\t71298\r\n\tLayer Name:\t\tConnect\r\n\tLayer Run-Time ID:\t48","Task":"12810","ProcessID":"2920","Application":"\\device\\harddiskvolume2\\windowsazure\\packages\\guestagent\\windowsazureguestagent.exe","Direction":"%%14593","SourceAddress":"192.168.2.5","SourcePort":"60287","DestAddress":"168.63.129.16","DestPort":"80","Protocol":"6","FilterRTID":"71298","LayerName":"%%14611","LayerRTID":"48","RemoteUserID":"S-1-0-0","RemoteMachineID":"S-1-0-0"}
{"SourceName":"Microsoft-Windows-Security-Auditing","ProviderGuid":"{54849625-5478-4994-a5ba-3e3b0328c30d}","Level":"0","Keywords":"0x8020000000000000","Channel":"Security","Hostname":"ADFS01.blacksmith.local","TimeCreated":"2021-04-27T04:08:25.227Z","@timestamp":"2021-04-27T04:08:25.227Z","EventID":5156,"Message":"The Windows Filtering Platform has permitted a connection.\r\n\r\nApplication Information:\r\n\tProcess ID:\t\t4\r\n\tApplication Name:\tSystem\r\n\r\nNetwork Information:\r\n\tDirection:\t\tOutbound\r\n\tSource Address:\t\t192.168.2.5\r\n\tSource Port:\t\t8\r\n\tDestination Address:\t192.168.2.4\r\n\tDestination Port:\t\t0\r\n\tProtocol:\t\t1\r\n\r\nFilter Information:\r\n\tFilter Run-Time ID:\t74646\r\n\tLayer Name:\t\tConnect\r\n\tLayer Run-Time ID:\t48","Task":"12810","ProcessID":"4","Application":"System","Direction":"%%14593","SourceAddress":"192.168.2.5","SourcePort":"8","DestAddress":"192.168.2.4","DestPort":"0","Protocol":"1","FilterRTID":"74646","LayerName":"%%14611","LayerRTID":"48","RemoteUserID":"S-1-0-0","RemoteMachineID":"S-1-0-0"}
{"SourceName":"Microsoft-Windows-Security-Auditing","ProviderGuid":"{54849625-5478-4994-a5ba-3e3b0328c30d}","Level":"0","Keywords":"0x8020000000000000","Channel":"Security","Hostname":"ADFS01.blacksmith.local","TimeCreated":"2021-04-27T04:08:25.230Z","@timestamp":"2021-04-27T04:08:25.230Z","EventID":5156,"Message":"The Windows Filtering Platform has permitted a connection.\r\n\r\nApplication Information:\r\n\tProcess ID:\t\t4\r\n\tApplication Name:\tSystem\r\n\r\nNetwork Information:\r\n\tDirection:\t\tOutbound\r\n\tSource Address:\t\t192.168.2.5\r\n\tSource Port:\t\t8\r\n\tDestination Address:\t192.168.2.4\r\n\tDestination Port:\t\t0\r\n\tProtocol:\t\t1\r\n\r\nFilter Information:\r\n\tFilter Run-Time ID:\t74646\r\n\tLayer Name:\t\tConnect\r\n\tLayer Run-Time ID:\t48","Task":"12810","ProcessID":"4","Application":"System","Direction":"%%14593","SourceAddress":"192.168.2.5","SourcePort":"8","DestAddress":"192.168.2.4","DestPort":"0","Protocol":"1","FilterRTID":"74646","LayerName":"%%14611","LayerRTID":"48","RemoteUserID":"S-1-0-0","RemoteMachineID":"S-1-0-0"}
{"SourceName":"Microsoft-Windows-Security-Auditing","ProviderGuid":"{54849625-5478-4994-a5ba-3e3b0328c30d}","Level":"0","Keywords":"0x8020000000000000","Channel":"Security","Hostname":"ADFS01.blacksmith.local","TimeCreated":"2021-04-27T04:08:27.202Z","@timestamp":"2021-04-27T04:08:27.202Z","EventID":5156,"Message":"The Windows Filtering Platform has permitted a connection.\r\n\r\nApplication Information:\r\n\tProcess ID:\t\t944\r\n\tApplication Name:\t\\device\\harddiskvolume2\\windows\\system32\\svchost.exe\r\n\r\nNetwork Information:\r\n\tDirection:\t\tInbound\r\n\tSource Address:\t\t192.168.2.4\r\n\tSource Port:\t\t49280\r\n\tDestination Address:\t192.168.2.5\r\n\tDestination Port:\t\t135\r\n\tProtocol:\t\t6\r\n\r\nFilter Information:\r\n\tFilter Run-Time ID:\t70610\r\n\tLayer Name:\t\tReceive/Accept\r\n\tLayer Run-Time ID:\t44","Task":"12810","ProcessID":"944","Application":"\\device\\harddiskvolume2\\windows\\system32\\svchost.exe","Direction":"%%14592","SourceAddress":"192.168.2.4","SourcePort":"49280","DestAddress":"192.168.2.5","DestPort":"135","Protocol":"6","FilterRTID":"70610","LayerName":"%%14610","LayerRTID":"44","RemoteUserID":"S-1-0-0","RemoteMachineID":"S-1-0-0"}
{"SourceName":"Microsoft-Windows-Security-Auditing","ProviderGuid":"{54849625-5478-4994-a5ba-3e3b0328c30d}","Level":"0","Keywords":"0x8020000000000000","Channel":"Security","Hostname":"ADFS01.blacksmith.local","TimeCreated":"2021-04-27T04:08:27.202Z","@timestamp":"2021-04-27T04:08:27.202Z","EventID":5156,"Message":"The Windows Filtering Platform has permitted a connection.\r\n\r\nApplication Information:\r\n\tProcess ID:\t\t776\r\n\tApplication Name:\t\\device\\harddiskvolume2\\windows\\system32\\svchost.exe\r\n\r\nNetwork Information:\r\n\tDirection:\t\tInbound\r\n\tSource Address:\t\t192.168.2.4\r\n\tSource Port:\t\t49281\r\n\tDestination Address:\t192.168.2.5\r\n\tDestination Port:\t\t3389\r\n\tProtocol:\t\t6\r\n\r\nFilter Information:\r\n\tFilter Run-Time ID:\t70610\r\n\tLayer Name:\t\tReceive/Accept\r\n\tLayer Run-Time ID:\t44","Task":"12810","ProcessID":"776","Application":"\\device\\harddiskvolume2\\windows\\system32\\svchost.exe","Direction":"%%14592","SourceAddress":"192.168.2.4","SourcePort":"49281","DestAddress":"192.168.2.5","DestPort":"3389","Protocol":"6","FilterRTID":"70610","LayerName":"%%14610","LayerRTID":"44","RemoteUserID":"S-1-0-0","RemoteMachineID":"S-1-0-0"}
{"SourceName":"Microsoft-Windows-Security-Auditing","ProviderGuid":"{54849625-5478-4994-a5ba-3e3b0328c30d}","Level":"0","Keywords":"0x8020000000000000","Channel":"Security","Hostname":"ADFS01.blacksmith.local","TimeCreated":"2021-04-27T04:08:28.834Z","@timestamp":"2021-04-27T04:08:28.834Z","EventID":4690,"Message":"An attempt was made to duplicate a handle to an object.\r\n\r\nSubject:\r\n\tSecurity ID:\t\tS-1-5-18\r\n\tAccount Name:\t\tADFS01$\r\n\tAccount Domain:\t\tBLACKSMITH\r\n\tLogon ID:\t\t0x3E7\r\n\r\nSource Handle Information:\r\n\tSource Handle ID:\t0x934\r\n\tSource Process ID:\t0x1efc\r\n\r\nNew Handle Information:\r\n\tTarget Handle ID:\t0x2d5c\r\n\tTarget Process ID:\t0x4","Task":"12807","SubjectUserSid":"S-1-5-18","SubjectUserName":"ADFS01$","SubjectDomainName":"BLACKSMITH","SubjectLogonId":"0x3e7","SourceHandleId":"0x934","SourceProcessId":"0x1efc","TargetHandleId":"0x2d5c","TargetProcessId":"0x4"}
{"SourceName":"Microsoft-Windows-Security-Auditing","ProviderGuid":"{54849625-5478-4994-a5ba-3e3b0328c30d}","Level":"0","Keywords":"0x8020000000000000","Channel":"Security","Hostname":"ADFS01.blacksmith.local","TimeCreated":"2021-04-27T04:08:28.834Z","@timestamp":"2021-04-27T04:08:28.834Z","EventID":4658,"Message":"The handle to an object was closed.\r\n\r\nSubject :\r\n\tSecurity ID:\t\tS-1-5-18\r\n\tAccount Name:\t\tADFS01$\r\n\tAccount Domain:\t\tBLACKSMITH\r\n\tLogon ID:\t\t0x3E7\r\n\r\nObject:\r\n\tObject Server:\t\tSecurity\r\n\tHandle ID:\t\t0x2d5c\r\n\r\nProcess Information:\r\n\tProcess ID:\t\t0x1efc\r\n\tProcess Name:\t\tC:\\Program Files\\Windows Defender Advanced Threat Protection\\MsSense.exe","Task":"12801","SubjectUserSid":"S-1-5-18","SubjectUserName":"ADFS01$","SubjectDomainName":"BLACKSMITH","SubjectLogonId":"0x3e7","ObjectServer":"Security","HandleId":"0x2d5c","ProcessId":"0x1efc","ProcessName":"C:\\Program Files\\Windows Defender Advanced Threat Protection\\MsSense.exe"}
{"SourceName":"Microsoft-Windows-Security-Auditing","ProviderGuid":"{54849625-5478-4994-a5ba-3e3b0328c30d}","Level":"0","Keywords":"0x8020000000000000","Channel":"Security","Hostname":"ADFS01.blacksmith.local","TimeCreated":"2021-04-27T04:08:28.834Z","@timestamp":"2021-04-27T04:08:28.834Z","EventID":4656,"Message":"A handle to an object was requested.\r\n\r\nSubject:\r\n\tSecurity ID:\t\tS-1-5-18\r\n\tAccount Name:\t\tADFS01$\r\n\tAccount Domain:\t\tBLACKSMITH\r\n\tLogon ID:\t\t0x3E7\r\n\r\nObject:\r\n\tObject Server:\t\tSecurity\r\n\tObject Type:\t\tKey\r\n\tObject Name:\t\t\\REGISTRY\\MACHINE\\SYSTEM\\ControlSet001\\Control\\Session Manager\\Environment\r\n\tHandle ID:\t\t0x934\r\n\tResource Attributes:\t-\r\n\r\nProcess Information:\r\n\tProcess ID:\t\t0x1efc\r\n\tProcess Name:\t\tC:\\Program Files\\Windows Defender Advanced Threat Protection\\MsSense.exe\r\n\r\nAccess Request Information:\r\n\tTransaction ID:\t\t{00000000-0000-0000-0000-000000000000}\r\n\tAccesses:\t\tREAD_CONTROL\r\n\t\t\t\tQuery key value\r\n\t\t\t\tEnumerate sub-keys\r\n\t\t\t\tNotify about changes to keys\r\n\t\t\t\t\r\n\tAccess Reasons:\t\t-\r\n\tAccess Mask:\t\t0x20019\r\n\tPrivileges Used for Access Check:\t-\r\n\tRestricted SID Count:\t0","Task":"12801","SubjectUserSid":"S-1-5-18","SubjectUserName":"ADFS01$","SubjectDomainName":"BLACKSMITH","SubjectLogonId":"0x3e7","ObjectServer":"Security","ObjectType":"Key","ObjectName":"\\REGISTRY\\MACHINE\\SYSTEM\\ControlSet001\\Control\\Session Manager\\Environment","HandleId":"0x934","TransactionId":"{00000000-0000-0000-0000-000000000000}","AccessList":"%%1538\n\t\t\t\t%%4432\n\t\t\t\t%%4435\n\t\t\t\t%%4436\n\t\t\t\t","AccessReason":"-","AccessMask":"0x20019","PrivilegeList":"-","RestrictedSidCount":"0","ProcessId":"0x1efc","ProcessName":"C:\\Program Files\\Windows Defender Advanced Threat Protection\\MsSense.exe","ResourceAttributes":"-"}
{"SourceName":"Microsoft-Windows-Security-Auditing","ProviderGuid":"{54849625-5478-4994-a5ba-3e3b0328c30d}","Level":"0","Keywords":"0x8020000000000000","Channel":"Security","Hostname":"ADFS01.blacksmith.local","TimeCreated":"2021-04-27T04:08:28.834Z","@timestamp":"2021-04-27T04:08:28.834Z","EventID":4658,"Message":"The handle to an object was closed.\r\n\r\nSubject :\r\n\tSecurity ID:\t\tS-1-5-18\r\n\tAccount Name:\t\tADFS01$\r\n\tAccount Domain:\t\tBLACKSMITH\r\n\tLogon ID:\t\t0x3E7\r\n\r\nObject:\r\n\tObject Server:\t\tSecurity\r\n\tHandle ID:\t\t0x934\r\n\r\nProcess Information:\r\n\tProcess ID:\t\t0x1efc\r\n\tProcess Name:\t\tC:\\Program Files\\Windows Defender Advanced Threat Protection\\MsSense.exe","Task":"12801","SubjectUserSid":"S-1-5-18","SubjectUserName":"ADFS01$","SubjectDomainName":"BLACKSMITH","SubjectLogonId":"0x3e7","ObjectServer":"Security","HandleId":"0x934","ProcessId":"0x1efc","ProcessName":"C:\\Program Files\\Windows Defender Advanced Threat Protection\\MsSense.exe"}
{"SourceName":"Microsoft-Windows-Security-Auditing","ProviderGuid":"{54849625-5478-4994-a5ba-3e3b0328c30d}","Level":"0","Keywords":"0x8020000000000000","Channel":"Security","Hostname":"ADFS01.blacksmith.local","TimeCreated":"2021-04-27T04:08:28.836Z","@timestamp":"2021-04-27T04:08:28.836Z","EventID":4688,"Message":"A new process has been created.\r\n\r\nCreator Subject:\r\n\tSecurity ID:\t\tS-1-5-18\r\n\tAccount Name:\t\tADFS01$\r\n\tAccount Domain:\t\tBLACKSMITH\r\n\tLogon ID:\t\t0x3E7\r\n\r\nTarget Subject:\r\n\tSecurity ID:\t\tS-1-0-0\r\n\tAccount Name:\t\t-\r\n\tAccount Domain:\t\t-\r\n\tLogon ID:\t\t0x0\r\n\r\nProcess Information:\r\n\tNew Process ID:\t\t0x205c\r\n\tNew Process Name:\tC:\\Program Files\\Windows Defender Advanced Threat Protection\\SenseCncProxy.exe\r\n\tToken Elevation Type:\t%%1936\r\n\tMandatory Label:\t\tS-1-16-16384\r\n\tCreator Process ID:\t0x1efc\r\n\tCreator Process Name:\tC:\\Program Files\\Windows Defender Advanced Threat Protection\\MsSense.exe\r\n\tProcess Command Line:\t3960\r\n\r\nToken Elevation Type indicates the type of token that was assigned to the new process in accordance with User Account Control policy.\r\n\r\nType 1 is a full token with no privileges removed or groups disabled.  A full token is only used if User Account Control is disabled or if the user is the built-in Administrator account or a service account.\r\n\r\nType 2 is an elevated token with no privileges removed or groups disabled.  An elevated token is used when User Account Control is enabled and the user chooses to start the program using Run as administrator.  An elevated token is also used when an application is configured to always require administrative privilege or to always require maximum privilege, and the user is a member of the Administrators group.\r\n\r\nType 3 is a limited token with administrative privileges removed and administrative groups disabled.  The limited token is used when User Account Control is enabled, the application does not require administrative privilege, and the user does not choose to start the program using Run as administrator.","Task":"13312","SubjectUserSid":"S-1-5-18","SubjectUserName":"ADFS01$","SubjectDomainName":"BLACKSMITH","SubjectLogonId":"0x3e7","NewProcessId":"0x205c","NewProcessName":"C:\\Program Files\\Windows Defender Advanced Threat Protection\\SenseCncProxy.exe","TokenElevationType":"%%1936","ProcessId":"0x1efc","CommandLine":"3960","TargetUserSid":"S-1-0-0","TargetUserName":"-","TargetDomainName":"-","TargetLogonId":"0x0","ParentProcessName":"C:\\Program Files\\Windows Defender Advanced Threat Protection\\MsSense.exe","MandatoryLabel":"S-1-16-16384"}
{"SourceName":"Microsoft-Windows-Security-Auditing","ProviderGuid":"{54849625-5478-4994-a5ba-3e3b0328c30d}","Level":"0","Keywords":"0x8020000000000000","Channel":"Security","Hostname":"ADFS01.blacksmith.local","TimeCreated":"2021-04-27T04:08:28.868Z","@timestamp":"2021-04-27T04:08:28.868Z","EventID":4690,"Message":"An attempt was made to duplicate a handle to an object.\r\n\r\nSubject:\r\n\tSecurity ID:\t\tS-1-5-18\r\n\tAccount Name:\t\tADFS01$\r\n\tAccount Domain:\t\tBLACKSMITH\r\n\tLogon ID:\t\t0x3E7\r\n\r\nSource Handle Information:\r\n\tSource Handle ID:\t0x98\r\n\tSource Process ID:\t0x205c\r\n\r\nNew Handle Information:\r\n\tTarget Handle ID:\t0x35f8\r\n\tTarget Process ID:\t0x4","Task":"12807","SubjectUserSid":"S-1-5-18","SubjectUserName":"ADFS01$","SubjectDomainName":"BLACKSMITH","SubjectLogonId":"0x3e7","SourceHandleId":"0x98","SourceProcessId":"0x205c","TargetHandleId":"0x35f8","TargetProcessId":"0x4"}
{"SourceName":"Microsoft-Windows-Security-Auditing","ProviderGuid":"{54849625-5478-4994-a5ba-3e3b0328c30d}","Level":"0","Keywords":"0x8020000000000000","Channel":"Security","Hostname":"ADFS01.blacksmith.local","TimeCreated":"2021-04-27T04:08:28.868Z","@timestamp":"2021-04-27T04:08:28.868Z","EventID":4658,"Message":"The handle to an object was closed.\r\n\r\nSubject :\r\n\tSecurity ID:\t\tS-1-5-18\r\n\tAccount Name:\t\tADFS01$\r\n\tAccount Domain:\t\tBLACKSMITH\r\n\tLogon ID:\t\t0x3E7\r\n\r\nObject:\r\n\tObject Server:\t\tSecurity\r\n\tHandle ID:\t\t0x35f8\r\n\r\nProcess Information:\r\n\tProcess ID:\t\t0x205c\r\n\tProcess Name:\t\tC:\\Program Files\\Windows Defender Advanced Threat Protection\\SenseCncProxy.exe","Task":"12801","SubjectUserSid":"S-1-5-18","SubjectUserName":"ADFS01$","SubjectDomainName":"BLACKSMITH","SubjectLogonId":"0x3e7","ObjectServer":"Security","HandleId":"0x35f8","ProcessId":"0x205c","ProcessName":"C:\\Program Files\\Windows Defender Advanced Threat Protection\\SenseCncProxy.exe"}
{"SourceName":"Microsoft-Windows-Security-Auditing","ProviderGuid":"{54849625-5478-4994-a5ba-3e3b0328c30d}","Level":"0","Keywords":"0x8020000000000000","Channel":"Security","Hostname":"ADFS01.blacksmith.local","TimeCreated":"2021-04-27T04:08:28.868Z","@timestamp":"2021-04-27T04:08:28.868Z","EventID":4656,"Message":"A handle to an object was requested.\r\n\r\nSubject:\r\n\tSecurity ID:\t\tS-1-5-18\r\n\tAccount Name:\t\tADFS01$\r\n\tAccount Domain:\t\tBLACKSMITH\r\n\tLogon ID:\t\t0x3E7\r\n\r\nObject:\r\n\tObject Server:\t\tSecurity\r\n\tObject Type:\t\tKey\r\n\tObject Name:\t\t\\REGISTRY\\MACHINE\\SYSTEM\\ControlSet001\\Control\\Lsa\r\n\tHandle ID:\t\t0x98\r\n\tResource Attributes:\t-\r\n\r\nProcess Information:\r\n\tProcess ID:\t\t0x205c\r\n\tProcess Name:\t\tC:\\Program Files\\Windows Defender Advanced Threat Protection\\SenseCncProxy.exe\r\n\r\nAccess Request Information:\r\n\tTransaction ID:\t\t{00000000-0000-0000-0000-000000000000}\r\n\tAccesses:\t\tQuery key value\r\n\t\t\t\t\r\n\tAccess Reasons:\t\t-\r\n\tAccess Mask:\t\t0x1\r\n\tPrivileges Used for Access Check:\t-\r\n\tRestricted SID Count:\t0","Task":"12801","SubjectUserSid":"S-1-5-18","SubjectUserName":"ADFS01$","SubjectDomainName":"BLACKSMITH","SubjectLogonId":"0x3e7","ObjectServer":"Security","ObjectType":"Key","ObjectName":"\\REGISTRY\\MACHINE\\SYSTEM\\ControlSet001\\Control\\Lsa","HandleId":"0x98","TransactionId":"{00000000-0000-0000-0000-000000000000}","AccessList":"%%4432\n\t\t\t\t","AccessReason":"-","AccessMask":"0x1","PrivilegeList":"-","RestrictedSidCount":"0","ProcessId":"0x205c","ProcessName":"C:\\Program Files\\Windows Defender Advanced Threat Protection\\SenseCncProxy.exe","ResourceAttributes":"-"}
{"SourceName":"Microsoft-Windows-Security-Auditing","ProviderGuid":"{54849625-5478-4994-a5ba-3e3b0328c30d}","Level":"0","Keywords":"0x8020000000000000","Channel":"Security","Hostname":"ADFS01.blacksmith.local","TimeCreated":"2021-04-27T04:08:28.868Z","@timestamp":"2021-04-27T04:08:28.868Z","EventID":4663,"Message":"An attempt was made to access an object.\r\n\r\nSubject:\r\n\tSecurity ID:\t\tS-1-5-18\r\n\tAccount Name:\t\tADFS01$\r\n\tAccount Domain:\t\tBLACKSMITH\r\n\tLogon ID:\t\t0x3E7\r\n\r\nObject:\r\n\tObject Server:\t\tSecurity\r\n\tObject Type:\t\tKey\r\n\tObject Name:\t\t\\REGISTRY\\MACHINE\\SYSTEM\\ControlSet001\\Control\\Lsa\r\n\tHandle ID:\t\t0x98\r\n\tResource Attributes:\t-\r\n\r\nProcess Information:\r\n\tProcess ID:\t\t0x205c\r\n\tProcess Name:\t\tC:\\Program Files\\Windows Defender Advanced Threat Protection\\SenseCncProxy.exe\r\n\r\nAccess Request Information:\r\n\tAccesses:\t\tQuery key value\r\n\t\t\t\t\r\n\tAccess Mask:\t\t0x1","Task":"12801","SubjectUserSid":"S-1-5-18","SubjectUserName":"ADFS01$","SubjectDomainName":"BLACKSMITH","SubjectLogonId":"0x3e7","ObjectServer":"Security","ObjectType":"Key","ObjectName":"\\REGISTRY\\MACHINE\\SYSTEM\\ControlSet001\\Control\\Lsa","HandleId":"0x98","AccessList":"%%4432\n\t\t\t\t","AccessMask":"0x1","ProcessId":"0x205c","ProcessName":"C:\\Program Files\\Windows Defender Advanced Threat Protection\\SenseCncProxy.exe","ResourceAttributes":"-"}
{"SourceName":"Microsoft-Windows-Security-Auditing","ProviderGuid":"{54849625-5478-4994-a5ba-3e3b0328c30d}","Level":"0","Keywords":"0x8020000000000000","Channel":"Security","Hostname":"ADFS01.blacksmith.local","TimeCreated":"2021-04-27T04:08:28.868Z","@timestamp":"2021-04-27T04:08:28.868Z","EventID":4658,"Message":"The handle to an object was closed.\r\n\r\nSubject :\r\n\tSecurity ID:\t\tS-1-5-18\r\n\tAccount Name:\t\tADFS01$\r\n\tAccount Domain:\t\tBLACKSMITH\r\n\tLogon ID:\t\t0x3E7\r\n\r\nObject:\r\n\tObject Server:\t\tSecurity\r\n\tHandle ID:\t\t0x98\r\n\r\nProcess Information:\r\n\tProcess ID:\t\t0x205c\r\n\tProcess Name:\t\tC:\\Program Files\\Windows Defender Advanced Threat Protection\\SenseCncProxy.exe","Task":"12801","SubjectUserSid":"S-1-5-18","SubjectUserName":"ADFS01$","SubjectDomainName":"BLACKSMITH","SubjectLogonId":"0x3e7","ObjectServer":"Security","HandleId":"0x98","ProcessId":"0x205c","ProcessName":"C:\\Program Files\\Windows Defender Advanced Threat Protection\\SenseCncProxy.exe"}
{"SourceName":"Microsoft-Windows-Security-Auditing","ProviderGuid":"{54849625-5478-4994-a5ba-3e3b0328c30d}","Level":"0","Keywords":"0x8020000000000000","Channel":"Security","Hostname":"ADFS01.blacksmith.local","TimeCreated":"2021-04-27T04:08:28.903Z","@timestamp":"2021-04-27T04:08:28.903Z","EventID":5158,"Message":"The Windows Filtering Platform has permitted a bind to a local port.\r\n\r\nApplication Information:\r\n\tProcess ID:\t\t1308\r\n\tApplication Name:\t\\device\\harddiskvolume2\\windows\\system32\\svchost.exe\r\n\r\nNetwork Information:\r\n\tSource Address:\t\t::\r\n\tSource Port:\t\t60025\r\n\tProtocol:\t\t17\r\n\r\nFilter Information:\r\n\tFilter Run-Time ID:\t0\r\n\tLayer Name:\t\tResource Assignment\r\n\tLayer Run-Time ID:\t36","Task":"12810","ProcessId":"1308","Application":"\\device\\harddiskvolume2\\windows\\system32\\svchost.exe","SourceAddress":"::","SourcePort":"60025","Protocol":"17","FilterRTID":"0","LayerName":"%%14608","LayerRTID":"36"}
{"SourceName":"Microsoft-Windows-Security-Auditing","ProviderGuid":"{54849625-5478-4994-a5ba-3e3b0328c30d}","Level":"0","Keywords":"0x8020000000000000","Channel":"Security","Hostname":"ADFS01.blacksmith.local","TimeCreated":"2021-04-27T04:08:28.903Z","@timestamp":"2021-04-27T04:08:28.903Z","EventID":5158,"Message":"The Windows Filtering Platform has permitted a bind to a local port.\r\n\r\nApplication Information:\r\n\tProcess ID:\t\t1308\r\n\tApplication Name:\t\\device\\harddiskvolume2\\windows\\system32\\svchost.exe\r\n\r\nNetwork Information:\r\n\tSource Address:\t\t::\r\n\tSource Port:\t\t60025\r\n\tProtocol:\t\t17\r\n\r\nFilter Information:\r\n\tFilter Run-Time ID:\t0\r\n\tLayer Name:\t\tResource Assignment\r\n\tLayer Run-Time ID:\t38","Task":"12810","ProcessId":"1308","Application":"\\device\\harddiskvolume2\\windows\\system32\\svchost.exe","SourceAddress":"::","SourcePort":"60025","Protocol":"17","FilterRTID":"0","LayerName":"%%14608","LayerRTID":"38"}
{"SourceName":"Microsoft-Windows-Security-Auditing","ProviderGuid":"{54849625-5478-4994-a5ba-3e3b0328c30d}","Level":"0","Keywords":"0x8020000000000000","Channel":"Security","Hostname":"ADFS01.blacksmith.local","TimeCreated":"2021-04-27T04:08:28.903Z","@timestamp":"2021-04-27T04:08:28.903Z","EventID":5156,"Message":"The Windows Filtering Platform has permitted a connection.\r\n\r\nApplication Information:\r\n\tProcess ID:\t\t1308\r\n\tApplication Name:\t\\device\\harddiskvolume2\\windows\\system32\\svchost.exe\r\n\r\nNetwork Information:\r\n\tDirection:\t\tOutbound\r\n\tSource Address:\t\t192.168.2.5\r\n\tSource Port:\t\t60025\r\n\tDestination Address:\t192.168.2.4\r\n\tDestination Port:\t\t53\r\n\tProtocol:\t\t17\r\n\r\nFilter Information:\r\n\tFilter Run-Time ID:\t74646\r\n\tLayer Name:\t\tConnect\r\n\tLayer Run-Time ID:\t48","Task":"12810","ProcessID":"1308","Application":"\\device\\harddiskvolume2\\windows\\system32\\svchost.exe","Direction":"%%14593","SourceAddress":"192.168.2.5","SourcePort":"60025","DestAddress":"192.168.2.4","DestPort":"53","Protocol":"17","FilterRTID":"74646","LayerName":"%%14611","LayerRTID":"48","RemoteUserID":"S-1-0-0","RemoteMachineID":"S-1-0-0"}
{"SourceName":"Microsoft-Windows-Security-Auditing","ProviderGuid":"{54849625-5478-4994-a5ba-3e3b0328c30d}","Level":"0","Keywords":"0x8020000000000000","Channel":"Security","Hostname":"ADFS01.blacksmith.local","TimeCreated":"2021-04-27T04:08:28.907Z","@timestamp":"2021-04-27T04:08:28.907Z","EventID":5158,"Message":"The Windows Filtering Platform has permitted a bind to a local port.\r\n\r\nApplication Information:\r\n\tProcess ID:\t\t8284\r\n\tApplication Name:\t\\device\\harddiskvolume2\\program files\\windows defender advanced threat protection\\sensecncproxy.exe\r\n\r\nNetwork Information:\r\n\tSource Address:\t\t0.0.0.0\r\n\tSource Port:\t\t60288\r\n\tProtocol:\t\t6\r\n\r\nFilter Information:\r\n\tFilter Run-Time ID:\t0\r\n\tLayer Name:\t\tResource Assignment\r\n\tLayer Run-Time ID:\t36","Task":"12810","ProcessId":"8284","Application":"\\device\\harddiskvolume2\\program files\\windows defender advanced threat protection\\sensecncproxy.exe","SourceAddress":"0.0.0.0","SourcePort":"60288","Protocol":"6","FilterRTID":"0","LayerName":"%%14608","LayerRTID":"36"}
{"SourceName":"Microsoft-Windows-Security-Auditing","ProviderGuid":"{54849625-5478-4994-a5ba-3e3b0328c30d}","Level":"0","Keywords":"0x8020000000000000","Channel":"Security","Hostname":"ADFS01.blacksmith.local","TimeCreated":"2021-04-27T04:08:28.908Z","@timestamp":"2021-04-27T04:08:28.908Z","EventID":5156,"Message":"The Windows Filtering Platform has permitted a connection.\r\n\r\nApplication Information:\r\n\tProcess ID:\t\t8284\r\n\tApplication Name:\t\\device\\harddiskvolume2\\program files\\windows defender advanced threat protection\\sensecncproxy.exe\r\n\r\nNetwork Information:\r\n\tDirection:\t\tOutbound\r\n\tSource Address:\t\t192.168.2.5\r\n\tSource Port:\t\t60288\r\n\tDestination Address:\t40.65.232.222\r\n\tDestination Port:\t\t443\r\n\tProtocol:\t\t6\r\n\r\nFilter Information:\r\n\tFilter Run-Time ID:\t74646\r\n\tLayer Name:\t\tConnect\r\n\tLayer Run-Time ID:\t48","Task":"12810","ProcessID":"8284","Application":"\\device\\harddiskvolume2\\program files\\windows defender advanced threat protection\\sensecncproxy.exe","Direction":"%%14593","SourceAddress":"192.168.2.5","SourcePort":"60288","DestAddress":"40.65.232.222","DestPort":"443","Protocol":"6","FilterRTID":"74646","LayerName":"%%14611","LayerRTID":"48","RemoteUserID":"S-1-0-0","RemoteMachineID":"S-1-0-0"}
{"SourceName":"Microsoft-Windows-Security-Auditing","ProviderGuid":"{54849625-5478-4994-a5ba-3e3b0328c30d}","Level":"0","Keywords":"0x8020000000000000","Channel":"Security","Hostname":"ADFS01.blacksmith.local","TimeCreated":"2021-04-27T04:08:28.966Z","@timestamp":"2021-04-27T04:08:28.966Z","EventID":4689,"Message":"A process has exited.\r\n\r\nSubject:\r\n\tSecurity ID:\t\tS-1-5-18\r\n\tAccount Name:\t\tADFS01$\r\n\tAccount Domain:\t\tBLACKSMITH\r\n\tLogon ID:\t\t0x3E7\r\n\r\nProcess Information:\r\n\tProcess ID:\t0x205c\r\n\tProcess Name:\tC:\\Program Files\\Windows Defender Advanced Threat Protection\\SenseCncProxy.exe\r\n\tExit Status:\t0x0","Task":"13313","SubjectUserSid":"S-1-5-18","SubjectUserName":"ADFS01$","SubjectDomainName":"BLACKSMITH","SubjectLogonId":"0x3e7","Status":"0x0","ProcessId":"0x205c","ProcessName":"C:\\Program Files\\Windows Defender Advanced Threat Protection\\SenseCncProxy.exe"}
{"SourceName":"Microsoft-Windows-Sysmon","ProviderGuid":"{5770385f-c22a-43e0-bf4c-06f5698ffbd9}","Level":"4","Keywords":"0x8000000000000000","Channel":"Microsoft-Windows-Sysmon/Operational","Hostname":"ADFS01.blacksmith.local","TimeCreated":"2021-04-27T04:07:36.129Z","@timestamp":"2021-04-27T04:07:36.129Z","EventID":26,"Message":"File Delete logged:\r\nRuleName: -\r\nUtcTime: 2021-04-27 08:07:36.125\r\nProcessGuid: {1978b227-51d2-6077-4000-000000000500}\r\nProcessId: 2920\r\nUser: NT AUTHORITY\\SYSTEM\r\nImage: C:\\WindowsAzure\\Packages\\GuestAgent\\WindowsAzureGuestAgent.exe\r\nTargetFilename: C:\\WindowsAzure\\Logs\\AggregateStatus\\aggregatestatus_20210427080505969.json\r\nHashes: SHA1=E7E0AC65109C0E982E906613FAC83A7A61967984,MD5=2DC5649F6BA796E0FC8A4494F29B0D4E,SHA256=C8A596162AA96F67922BC46351168A40399D95994C9861F20782E476FC443D50,IMPHASH=00000000000000000000000000000000\r\nIsExecutable: false","Task":"26","RuleName":"-","UtcTime":"2021-04-27 08:07:36.125","ProcessGuid":"{1978b227-51d2-6077-4000-000000000500}","ProcessId":"2920","User":"NT AUTHORITY\\SYSTEM","Image":"C:\\WindowsAzure\\Packages\\GuestAgent\\WindowsAzureGuestAgent.exe","TargetFilename":"C:\\WindowsAzure\\Logs\\AggregateStatus\\aggregatestatus_20210427080505969.json","Hashes":"SHA1=E7E0AC65109C0E982E906613FAC83A7A61967984,MD5=2DC5649F6BA796E0FC8A4494F29B0D4E,SHA256=C8A596162AA96F67922BC46351168A40399D95994C9861F20782E476FC443D50,IMPHASH=00000000000000000000000000000000","IsExecutable":"false"}
{"SourceName":"Microsoft-Windows-Sysmon","ProviderGuid":"{5770385f-c22a-43e0-bf4c-06f5698ffbd9}","Level":"4","Keywords":"0x8000000000000000","Channel":"Microsoft-Windows-Sysmon/Operational","Hostname":"ADFS01.blacksmith.local","TimeCreated":"2021-04-27T04:07:36.422Z","@timestamp":"2021-04-27T04:07:36.422Z","EventID":3,"Message":"Network connection detected:\r\nRuleName: -\r\nUtcTime: 2021-04-27 08:07:26.159\r\nProcessGuid: {1978b227-5270-6077-9c00-000000000500}\r\nProcessId: 1900\r\nImage: C:\\Windows\\ADFS\\Microsoft.IdentityServer.ServiceHost.exe\r\nUser: BLACKSMITH\\adfsadmin\r\nProtocol: tcp\r\nInitiated: true\r\nSourceIsIpv6: false\r\nSourceIp: 192.168.2.5\r\nSourceHostname: -\r\nSourcePort: 60277\r\nSourcePortName: -\r\nDestinationIsIpv6: false\r\nDestinationIp: 192.168.2.4\r\nDestinationHostname: -\r\nDestinationPort: 389\r\nDestinationPortName: -","Task":"3","RuleName":"-","UtcTime":"2021-04-27 08:07:26.159","ProcessGuid":"{1978b227-5270-6077-9c00-000000000500}","ProcessId":"1900","Image":"C:\\Windows\\ADFS\\Microsoft.IdentityServer.ServiceHost.exe","User":"BLACKSMITH\\adfsadmin","Protocol":"tcp","Initiated":"true","SourceIsIpv6":"false","SourceIp":"192.168.2.5","SourceHostname":"-","SourcePort":"60277","SourcePortName":"-","DestinationIsIpv6":"false","DestinationIp":"192.168.2.4","DestinationHostname":"-","DestinationPort":"389","DestinationPortName":"-"}
{"SourceName":"Microsoft-Windows-Sysmon","ProviderGuid":"{5770385f-c22a-43e0-bf4c-06f5698ffbd9}","Level":"4","Keywords":"0x8000000000000000","Channel":"Microsoft-Windows-Sysmon/Operational","Hostname":"ADFS01.blacksmith.local","TimeCreated":"2021-04-27T04:07:42.793Z","@timestamp":"2021-04-27T04:07:42.793Z","EventID":10,"Message":"Process accessed:\r\nRuleName: -\r\nUtcTime: 2021-04-27 08:07:42.778\r\nSourceProcessGUID: {1978b227-51cc-6077-1200-000000000500}\r\nSourceProcessId: 1000\r\nSourceThreadId: 7112\r\nSourceImage: C:\\Windows\\system32\\svchost.exe\r\nTargetProcessGUID: {1978b227-99ec-6080-ba21-000000000500}\r\nTargetProcessId: 3868\r\nTargetImage: C:\\Windows\\Sysmon.exe\r\nGrantedAccess: 0x1000\r\nCallTrace: C:\\Windows\\SYSTEM32\\ntdll.dll+9fdb4|C:\\Windows\\System32\\KERNELBASE.dll+6c2d5|c:\\windows\\system32\\lsm.dll+f526|C:\\Windows\\System32\\RPCRT4.dll+784a3|C:\\Windows\\System32\\RPCRT4.dll+d9f9a|C:\\Windows\\System32\\RPCRT4.dll+1ac60|C:\\Windows\\System32\\RPCRT4.dll+508e8|C:\\Windows\\System32\\RPCRT4.dll+3ad80|C:\\Windows\\System32\\RPCRT4.dll+3a72b|C:\\Windows\\System32\\RPCRT4.dll+2c9cf|C:\\Windows\\System32\\RPCRT4.dll+2be2a|C:\\Windows\\System32\\RPCRT4.dll+2b3f1|C:\\Windows\\System32\\RPCRT4.dll+2ae62|C:\\Windows\\System32\\RPCRT4.dll+218d5|C:\\Windows\\SYSTEM32\\ntdll.dll+69c20|C:\\Windows\\SYSTEM32\\ntdll.dll+166e8|C:\\Windows\\System32\\KERNEL32.DLL+17974|C:\\Windows\\SYSTEM32\\ntdll.dll+5a2f1","Task":"10","RuleName":"-","UtcTime":"2021-04-27 08:07:42.778","SourceProcessGUID":"{1978b227-51cc-6077-1200-000000000500}","SourceProcessId":"1000","SourceThreadId":"7112","SourceImage":"C:\\Windows\\system32\\svchost.exe","TargetProcessGUID":"{1978b227-99ec-6080-ba21-000000000500}","TargetProcessId":"3868","TargetImage":"C:\\Windows\\Sysmon.exe","GrantedAccess":"0x1000","CallTrace":"C:\\Windows\\SYSTEM32\\ntdll.dll+9fdb4|C:\\Windows\\System32\\KERNELBASE.dll+6c2d5|c:\\windows\\system32\\lsm.dll+f526|C:\\Windows\\System32\\RPCRT4.dll+784a3|C:\\Windows\\System32\\RPCRT4.dll+d9f9a|C:\\Windows\\System32\\RPCRT4.dll+1ac60|C:\\Windows\\System32\\RPCRT4.dll+508e8|C:\\Windows\\System32\\RPCRT4.dll+3ad80|C:\\Windows\\System32\\RPCRT4.dll+3a72b|C:\\Windows\\System32\\RPCRT4.dll+2c9cf|C:\\Windows\\System32\\RPCRT4.dll+2be2a|C:\\Windows\\System32\\RPCRT4.dll+2b3f1|C:\\Windows\\System32\\RPCRT4.dll+2ae62|C:\\Windows\\System32\\RPCRT4.dll+218d5|C:\\Windows\\SYSTEM32\\ntdll.dll+69c20|C:\\Windows\\SYSTEM32\\ntdll.dll+166e8|C:\\Windows\\System32\\KERNEL32.DLL+17974|C:\\Windows\\SYSTEM32\\ntdll.dll+5a2f1"}
{"SourceName":"Microsoft-Windows-Sysmon","ProviderGuid":"{5770385f-c22a-43e0-bf4c-06f5698ffbd9}","Level":"4","Keywords":"0x8000000000000000","Channel":"Microsoft-Windows-Sysmon/Operational","Hostname":"ADFS01.blacksmith.local","TimeCreated":"2021-04-27T04:07:42.794Z","@timestamp":"2021-04-27T04:07:42.794Z","EventID":10,"Message":"Process accessed:\r\nRuleName: -\r\nUtcTime: 2021-04-27 08:07:42.778\r\nSourceProcessGUID: {1978b227-51cc-6077-1200-000000000500}\r\nSourceProcessId: 1000\r\nSourceThreadId: 7112\r\nSourceImage: C:\\Windows\\system32\\svchost.exe\r\nTargetProcessGUID: {1978b227-99ec-6080-ba21-000000000500}\r\nTargetProcessId: 3868\r\nTargetImage: C:\\Windows\\Sysmon.exe\r\nGrantedAccess: 0x1000\r\nCallTrace: C:\\Windows\\SYSTEM32\\ntdll.dll+9fdb4|C:\\Windows\\System32\\KERNELBASE.dll+6c2d5|c:\\windows\\system32\\lsm.dll+f526|C:\\Windows\\System32\\RPCRT4.dll+784a3|C:\\Windows\\System32\\RPCRT4.dll+d9f9a|C:\\Windows\\System32\\RPCRT4.dll+1ac60|C:\\Windows\\System32\\RPCRT4.dll+508e8|C:\\Windows\\System32\\RPCRT4.dll+3ad80|C:\\Windows\\System32\\RPCRT4.dll+3a72b|C:\\Windows\\System32\\RPCRT4.dll+2c9cf|C:\\Windows\\System32\\RPCRT4.dll+2be2a|C:\\Windows\\System32\\RPCRT4.dll+2b3f1|C:\\Windows\\System32\\RPCRT4.dll+2ae62|C:\\Windows\\System32\\RPCRT4.dll+218d5|C:\\Windows\\SYSTEM32\\ntdll.dll+69c20|C:\\Windows\\SYSTEM32\\ntdll.dll+166e8|C:\\Windows\\System32\\KERNEL32.DLL+17974|C:\\Windows\\SYSTEM32\\ntdll.dll+5a2f1","Task":"10","RuleName":"-","UtcTime":"2021-04-27 08:07:42.778","SourceProcessGUID":"{1978b227-51cc-6077-1200-000000000500}","SourceProcessId":"1000","SourceThreadId":"7112","SourceImage":"C:\\Windows\\system32\\svchost.exe","TargetProcessGUID":"{1978b227-99ec-6080-ba21-000000000500}","TargetProcessId":"3868","TargetImage":"C:\\Windows\\Sysmon.exe","GrantedAccess":"0x1000","CallTrace":"C:\\Windows\\SYSTEM32\\ntdll.dll+9fdb4|C:\\Windows\\System32\\KERNELBASE.dll+6c2d5|c:\\windows\\system32\\lsm.dll+f526|C:\\Windows\\System32\\RPCRT4.dll+784a3|C:\\Windows\\System32\\RPCRT4.dll+d9f9a|C:\\Windows\\System32\\RPCRT4.dll+1ac60|C:\\Windows\\System32\\RPCRT4.dll+508e8|C:\\Windows\\System32\\RPCRT4.dll+3ad80|C:\\Windows\\System32\\RPCRT4.dll+3a72b|C:\\Windows\\System32\\RPCRT4.dll+2c9cf|C:\\Windows\\System32\\RPCRT4.dll+2be2a|C:\\Windows\\System32\\RPCRT4.dll+2b3f1|C:\\Windows\\System32\\RPCRT4.dll+2ae62|C:\\Windows\\System32\\RPCRT4.dll+218d5|C:\\Windows\\SYSTEM32\\ntdll.dll+69c20|C:\\Windows\\SYSTEM32\\ntdll.dll+166e8|C:\\Windows\\System32\\KERNEL32.DLL+17974|C:\\Windows\\SYSTEM32\\ntdll.dll+5a2f1"}
{"SourceName":"Microsoft-Windows-Sysmon","ProviderGuid":"{5770385f-c22a-43e0-bf4c-06f5698ffbd9}","Level":"4","Keywords":"0x8000000000000000","Channel":"Microsoft-Windows-Sysmon/Operational","Hostname":"ADFS01.blacksmith.local","TimeCreated":"2021-04-27T04:07:42.795Z","@timestamp":"2021-04-27T04:07:42.795Z","EventID":24,"Message":"Clipboard changed:\r\nRuleName: -\r\nUtcTime: 2021-04-27 08:07:42.794\r\nProcessGuid: {1978b227-9f60-6087-7e79-000000000500}\r\nProcessId: 6240\r\nImage: C:\\Windows\\System32\\WindowsPowerShell\\v1.0\\powershell.exe\r\nSession: 4\r\nClientInfo: user: ADFS01\\wardog hostname: robertos-macboo\r\nHashes: SHA1=DA39A3EE5E6B4B0D3255BFEF95601890AFD80709,MD5=D41D8CD98F00B204E9800998ECF8427E,SHA256=E3B0C44298FC1C149AFBF4C8996FB92427AE41E4649B934CA495991B7852B855,IMPHASH=00000000000000000000000000000000\r\nArchived: true","Task":"24","RuleName":"-","UtcTime":"2021-04-27 08:07:42.794","ProcessGuid":"{1978b227-9f60-6087-7e79-000000000500}","ProcessId":"6240","Image":"C:\\Windows\\System32\\WindowsPowerShell\\v1.0\\powershell.exe","Session":"4","ClientInfo":"user: ADFS01\\wardog hostname: robertos-macboo","Hashes":"SHA1=DA39A3EE5E6B4B0D3255BFEF95601890AFD80709,MD5=D41D8CD98F00B204E9800998ECF8427E,SHA256=E3B0C44298FC1C149AFBF4C8996FB92427AE41E4649B934CA495991B7852B855,IMPHASH=00000000000000000000000000000000","Archived":"true"}
{"SourceName":"Microsoft-Windows-Sysmon","ProviderGuid":"{5770385f-c22a-43e0-bf4c-06f5698ffbd9}","Level":"4","Keywords":"0x8000000000000000","Channel":"Microsoft-Windows-Sysmon/Operational","Hostname":"ADFS01.blacksmith.local","TimeCreated":"2021-04-27T04:07:44.486Z","@timestamp":"2021-04-27T04:07:44.486Z","EventID":5,"Message":"Process terminated:\r\nRuleName: -\r\nUtcTime: 2021-04-27 08:07:44.481\r\nProcessGuid: {1978b227-c5d8-6087-797b-000000000500}\r\nProcessId: 4240\r\nImage: C:\\Windows\\System32\\wbem\\WmiPrvSE.exe","Task":"5","RuleName":"-","UtcTime":"2021-04-27 08:07:44.481","ProcessGuid":"{1978b227-c5d8-6087-797b-000000000500}","ProcessId":"4240","Image":"C:\\Windows\\System32\\wbem\\WmiPrvSE.exe"}
{"SourceName":"Microsoft-Windows-Sysmon","ProviderGuid":"{5770385f-c22a-43e0-bf4c-06f5698ffbd9}","Level":"4","Keywords":"0x8000000000000000","Channel":"Microsoft-Windows-Sysmon/Operational","Hostname":"ADFS01.blacksmith.local","TimeCreated":"2021-04-27T04:07:51.144Z","@timestamp":"2021-04-27T04:07:51.144Z","EventID":13,"Message":"Registry value set:\r\nRuleName: -\r\nEventType: SetValue\r\nUtcTime: 2021-04-27 08:07:51.142\r\nProcessGuid: {1978b227-51d2-6077-4000-000000000500}\r\nProcessId: 2920\r\nImage: C:\\WindowsAzure\\Packages\\GuestAgent\\WindowsAzureGuestAgent.exe\r\nTargetObject: HKLM\\SOFTWARE\\Microsoft\\GuestAgent\\HeartbeatLastStatusUpdateTime\r\nDetails: 2021-04-27T08:07:51Z","Task":"13","RuleName":"-","EventType":"SetValue","UtcTime":"2021-04-27 08:07:51.142","ProcessGuid":"{1978b227-51d2-6077-4000-000000000500}","ProcessId":"2920","Image":"C:\\WindowsAzure\\Packages\\GuestAgent\\WindowsAzureGuestAgent.exe","TargetObject":"HKLM\\SOFTWARE\\Microsoft\\GuestAgent\\HeartbeatLastStatusUpdateTime","Details":"2021-04-27T08:07:51Z"}
{"SourceName":"Microsoft-Windows-Sysmon","ProviderGuid":"{5770385f-c22a-43e0-bf4c-06f5698ffbd9}","Level":"4","Keywords":"0x8000000000000000","Channel":"Microsoft-Windows-Sysmon/Operational","Hostname":"ADFS01.blacksmith.local","TimeCreated":"2021-04-27T04:07:51.147Z","@timestamp":"2021-04-27T04:07:51.147Z","EventID":26,"Message":"File Delete logged:\r\nRuleName: -\r\nUtcTime: 2021-04-27 08:07:51.142\r\nProcessGuid: {1978b227-51d2-6077-4000-000000000500}\r\nProcessId: 2920\r\nUser: NT AUTHORITY\\SYSTEM\r\nImage: C:\\WindowsAzure\\Packages\\GuestAgent\\WindowsAzureGuestAgent.exe\r\nTargetFilename: C:\\WindowsAzure\\Logs\\AggregateStatus\\aggregatestatus_20210427080520983.json\r\nHashes: SHA1=C7A11FEA6E2E452AA6B5315E73C38A25B2FF7839,MD5=929D35E7252A376778EEDEC67167CBEC,SHA256=8FEEEBBE76928D948BAFFE3C56FA07F3D788727AA0D7AAB55451EAB5445259E1,IMPHASH=00000000000000000000000000000000\r\nIsExecutable: false","Task":"26","RuleName":"-","UtcTime":"2021-04-27 08:07:51.142","ProcessGuid":"{1978b227-51d2-6077-4000-000000000500}","ProcessId":"2920","User":"NT AUTHORITY\\SYSTEM","Image":"C:\\WindowsAzure\\Packages\\GuestAgent\\WindowsAzureGuestAgent.exe","TargetFilename":"C:\\WindowsAzure\\Logs\\AggregateStatus\\aggregatestatus_20210427080520983.json","Hashes":"SHA1=C7A11FEA6E2E452AA6B5315E73C38A25B2FF7839,MD5=929D35E7252A376778EEDEC67167CBEC,SHA256=8FEEEBBE76928D948BAFFE3C56FA07F3D788727AA0D7AAB55451EAB5445259E1,IMPHASH=00000000000000000000000000000000","IsExecutable":"false"}
{"SourceName":"Microsoft-Windows-Sysmon","ProviderGuid":"{5770385f-c22a-43e0-bf4c-06f5698ffbd9}","Level":"4","Keywords":"0x8000000000000000","Channel":"Microsoft-Windows-Sysmon/Operational","Hostname":"ADFS01.blacksmith.local","TimeCreated":"2021-04-27T04:07:54.792Z","@timestamp":"2021-04-27T04:07:54.792Z","EventID":7,"Message":"Image loaded:\r\nRuleName: -\r\nUtcTime: 2021-04-27 08:07:54.790\r\nProcessGuid: {1978b227-51d2-6077-4100-000000000500}\r\nProcessId: 2928\r\nImage: C:\\Windows\\System32\\svchost.exe\r\nImageLoaded: C:\\Windows\\System32\\wmidcom.dll\r\nFileVersion: 10.0.17763.1 (WinBuild.160101.0800)\r\nDescription: WMI\r\nProduct: Microsoft® Windows® Operating System\r\nCompany: Microsoft Corporation\r\nOriginalFileName: wmidcom.dll\r\nHashes: SHA1=4C7308C2A323D850C3E5DCB88A32A1C7DF9CBE4F,MD5=A9BC5F3E3C6406C3C5ABE804FBF7BC76,SHA256=A0177FD4B7690A680E5EAC9BDC78E21117B523622607BCA47305EB74984CF901,IMPHASH=8461651332BA942E21A64DBF3E9E80F8\r\nSigned: true\r\nSignature: Microsoft Windows\r\nSignatureStatus: Valid","Task":"7","RuleName":"-","UtcTime":"2021-04-27 08:07:54.790","ProcessGuid":"{1978b227-51d2-6077-4100-000000000500}","ProcessId":"2928","Image":"C:\\Windows\\System32\\svchost.exe","ImageLoaded":"C:\\Windows\\System32\\wmidcom.dll","FileVersion":"10.0.17763.1 (WinBuild.160101.0800)","Description":"WMI","Product":"Microsoft® Windows® Operating System","Company":"Microsoft Corporation","OriginalFileName":"wmidcom.dll","Hashes":"SHA1=4C7308C2A323D850C3E5DCB88A32A1C7DF9CBE4F,MD5=A9BC5F3E3C6406C3C5ABE804FBF7BC76,SHA256=A0177FD4B7690A680E5EAC9BDC78E21117B523622607BCA47305EB74984CF901,IMPHASH=8461651332BA942E21A64DBF3E9E80F8","Signed":"true","Signature":"Microsoft Windows","SignatureStatus":"Valid"}
{"SourceName":"Microsoft-Windows-Sysmon","ProviderGuid":"{5770385f-c22a-43e0-bf4c-06f5698ffbd9}","Level":"4","Keywords":"0x8000000000000000","Channel":"Microsoft-Windows-Sysmon/Operational","Hostname":"ADFS01.blacksmith.local","TimeCreated":"2021-04-27T04:07:54.794Z","@timestamp":"2021-04-27T04:07:54.794Z","EventID":7,"Message":"Image loaded:\r\nRuleName: -\r\nUtcTime: 2021-04-27 08:07:54.790\r\nProcessGuid: {1978b227-51d2-6077-4100-000000000500}\r\nProcessId: 2928\r\nImage: C:\\Windows\\System32\\svchost.exe\r\nImageLoaded: C:\\Windows\\System32\\dpapi.dll\r\nFileVersion: 10.0.17763.1 (WinBuild.160101.0800)\r\nDescription: Data Protection API\r\nProduct: Microsoft® Windows® Operating System\r\nCompany: Microsoft Corporation\r\nOriginalFileName: dpapi.dll\r\nHashes: SHA1=C50FDD4A17CA9451C66413BA04ED2CC79883AD16,MD5=CF864B08CEA15894A4E6E676A7FE89A3,SHA256=0D1488B2FF471C1EF2F8F2742D685A8778B2C1512A044BDF2606C3ED92E0B512,IMPHASH=C591E3A4DDFE145A26EEC16DB70623B7\r\nSigned: true\r\nSignature: Microsoft Windows\r\nSignatureStatus: Valid","Task":"7","RuleName":"-","UtcTime":"2021-04-27 08:07:54.790","ProcessGuid":"{1978b227-51d2-6077-4100-000000000500}","ProcessId":"2928","Image":"C:\\Windows\\System32\\svchost.exe","ImageLoaded":"C:\\Windows\\System32\\dpapi.dll","FileVersion":"10.0.17763.1 (WinBuild.160101.0800)","Description":"Data Protection API","Product":"Microsoft® Windows® Operating System","Company":"Microsoft Corporation","OriginalFileName":"dpapi.dll","Hashes":"SHA1=C50FDD4A17CA9451C66413BA04ED2CC79883AD16,MD5=CF864B08CEA15894A4E6E676A7FE89A3,SHA256=0D1488B2FF471C1EF2F8F2742D685A8778B2C1512A044BDF2606C3ED92E0B512,IMPHASH=C591E3A4DDFE145A26EEC16DB70623B7","Signed":"true","Signature":"Microsoft Windows","SignatureStatus":"Valid"}
