{"SourceName":"Microsoft-Windows-Sysmon","ProviderGuid":"{5770385f-c22a-43e0-bf4c-06f5698ffbd9}","Level":"4","Keywords":"0x8000000000000000","Channel":"Microsoft-Windows-Sysmon/Operational","Hostname":"ADFS01.blacksmith.local","TimeCreated":"2021-04-27T04:07:58.712Z","@timestamp":"2021-04-27T04:07:58.712Z","EventID":7,"Message":"Image loaded:\r\nRuleName: -\r\nUtcTime: 2021-04-27 08:07:58.704\r\nProcessGuid: {1978b227-c65e-6087-7e7b-000000000500}\r\nProcessId: 4564\r\nImage: C:\\Program Files\\Windows Defender Advanced Threat Protection\\SenseCncProxy.exe\r\nImageLoaded: C:\\Windows\\System32\\bcryptprimitives.dll\r\nFileVersion: 10.0.17763.1852 (WinBuild.160101.0800)\r\nDescription: Windows Cryptographic Primitives Library\r\nProduct: Microsoft® Windows® Operating System\r\nCompany: Microsoft Corporation\r\nOriginalFileName: bcryptprimitives.dll\r\nHashes: SHA1=36F5662199A70449DC3CE3EEC1997C0E3ED9DD8A,MD5=87C2D716A99E1B30085A813E3E625648,SHA256=463A5FF2AB8C19429E0FD9E4D61D95787F4D6093BEBA3EF8EC3DEFAD2A803427,IMPHASH=496E42068C9391511CF6EE7C54F73A9B\r\nSigned: true\r\nSignature: Microsoft Windows\r\nSignatureStatus: Valid","Task":"7","RuleName":"-","UtcTime":"2021-04-27 08:07:58.704","ProcessGuid":"{1978b227-c65e-6087-7e7b-000000000500}","ProcessId":"4564","Image":"C:\\Program Files\\Windows Defender Advanced Threat Protection\\SenseCncProxy.exe","ImageLoaded":"C:\\Windows\\System32\\bcryptprimitives.dll","FileVersion":"10.0.17763.1852 (WinBuild.160101.0800)","Description":"Windows Cryptographic Primitives Library","Product":"Microsoft® Windows® Operating System","Company":"Microsoft Corporation","OriginalFileName":"bcryptprimitives.dll","Hashes":"SHA1=36F5662199A70449DC3CE3EEC1997C0E3ED9DD8A,MD5=87C2D716A99E1B30085A813E3E625648,SHA256=463A5FF2AB8C19429E0FD9E4D61D95787F4D6093BEBA3EF8EC3DEFAD2A803427,IMPHASH=496E42068C9391511CF6EE7C54F73A9B","Signed":"true","Signature":"Microsoft Windows","SignatureStatus":"Valid"}
{"SourceName":"Microsoft-Windows-Sysmon","ProviderGuid":"{5770385f-c22a-43e0-bf4c-06f5698ffbd9}","Level":"4","Keywords":"0x8000000000000000","Channel":"Microsoft-Windows-Sysmon/Operational","Hostname":"ADFS01.blacksmith.local","TimeCreated":"2021-04-27T04:07:58.713Z","@timestamp":"2021-04-27T04:07:58.713Z","EventID":7,"Message":"Image loaded:\r\nRuleName: -\r\nUtcTime: 2021-04-27 08:07:58.704\r\nProcessGuid: {1978b227-c65e-6087-7e7b-000000000500}\r\nProcessId: 4564\r\nImage: C:\\Program Files\\Windows Defender Advanced Threat Protection\\SenseCncProxy.exe\r\nImageLoaded: C:\\Windows\\System32\\shell32.dll\r\nFileVersion: 10.0.17763.1852 (WinBuild.160101.0800)\r\nDescription: Windows Shell Common Dll\r\nProduct: Microsoft® Windows® Operating System\r\nCompany: Microsoft Corporation\r\nOriginalFileName: SHELL32.DLL\r\nHashes: SHA1=F36EAC9F5140FF1EAB4EB06A988C365EC6E6526F,MD5=AA6ACAD0C64769C0980EAF4C19E268EF,SHA256=9978BCACDCF0FC3688BBDD9AD6BE406BF5C0674DC6C1798B3BA04137B4A53616,IMPHASH=4C6A425B69AD3E18ACE611520E54E884\r\nSigned: true\r\nSignature: Microsoft Windows\r\nSignatureStatus: Valid","Task":"7","RuleName":"-","UtcTime":"2021-04-27 08:07:58.704","ProcessGuid":"{1978b227-c65e-6087-7e7b-000000000500}","ProcessId":"4564","Image":"C:\\Program Files\\Windows Defender Advanced Threat Protection\\SenseCncProxy.exe","ImageLoaded":"C:\\Windows\\System32\\shell32.dll","FileVersion":"10.0.17763.1852 (WinBuild.160101.0800)","Description":"Windows Shell Common Dll","Product":"Microsoft® Windows® Operating System","Company":"Microsoft Corporation","OriginalFileName":"SHELL32.DLL","Hashes":"SHA1=F36EAC9F5140FF1EAB4EB06A988C365EC6E6526F,MD5=AA6ACAD0C64769C0980EAF4C19E268EF,SHA256=9978BCACDCF0FC3688BBDD9AD6BE406BF5C0674DC6C1798B3BA04137B4A53616,IMPHASH=4C6A425B69AD3E18ACE611520E54E884","Signed":"true","Signature":"Microsoft Windows","SignatureStatus":"Valid"}
{"SourceName":"Microsoft-Windows-Sysmon","ProviderGuid":"{5770385f-c22a-43e0-bf4c-06f5698ffbd9}","Level":"4","Keywords":"0x8000000000000000","Channel":"Microsoft-Windows-Sysmon/Operational","Hostname":"ADFS01.blacksmith.local","TimeCreated":"2021-04-27T04:07:58.713Z","@timestamp":"2021-04-27T04:07:58.713Z","EventID":7,"Message":"Image loaded:\r\nRuleName: -\r\nUtcTime: 2021-04-27 08:07:58.704\r\nProcessGuid: {1978b227-c65e-6087-7e7b-000000000500}\r\nProcessId: 4564\r\nImage: C:\\Program Files\\Windows Defender Advanced Threat Protection\\SenseCncProxy.exe\r\nImageLoaded: C:\\Windows\\System32\\msvcrt.dll\r\nFileVersion: 7.0.17763.475 (WinBuild.160101.0800)\r\nDescription: Windows NT CRT DLL\r\nProduct: Microsoft® Windows® Operating System\r\nCompany: Microsoft Corporation\r\nOriginalFileName: msvcrt.dll\r\nHashes: SHA1=ECA51F7D37874CF1029BC2FE3B0CF0E8CDF71E8E,MD5=DD0349151478B48FFCE769B50F8CDD33,SHA256=39095FE07AC2E244E2180C58BEC2898A0986DDA2BD2ABBC4F739D11E67720F2E,IMPHASH=1273683626EBBA703979F188A1E64237\r\nSigned: true\r\nSignature: Microsoft Windows\r\nSignatureStatus: Valid","Task":"7","RuleName":"-","UtcTime":"2021-04-27 08:07:58.704","ProcessGuid":"{1978b227-c65e-6087-7e7b-000000000500}","ProcessId":"4564","Image":"C:\\Program Files\\Windows Defender Advanced Threat Protection\\SenseCncProxy.exe","ImageLoaded":"C:\\Windows\\System32\\msvcrt.dll","FileVersion":"7.0.17763.475 (WinBuild.160101.0800)","Description":"Windows NT CRT DLL","Product":"Microsoft® Windows® Operating System","Company":"Microsoft Corporation","OriginalFileName":"msvcrt.dll","Hashes":"SHA1=ECA51F7D37874CF1029BC2FE3B0CF0E8CDF71E8E,MD5=DD0349151478B48FFCE769B50F8CDD33,SHA256=39095FE07AC2E244E2180C58BEC2898A0986DDA2BD2ABBC4F739D11E67720F2E,IMPHASH=1273683626EBBA703979F188A1E64237","Signed":"true","Signature":"Microsoft Windows","SignatureStatus":"Valid"}
{"SourceName":"Microsoft-Windows-Sysmon","ProviderGuid":"{5770385f-c22a-43e0-bf4c-06f5698ffbd9}","Level":"4","Keywords":"0x8000000000000000","Channel":"Microsoft-Windows-Sysmon/Operational","Hostname":"ADFS01.blacksmith.local","TimeCreated":"2021-04-27T04:07:58.714Z","@timestamp":"2021-04-27T04:07:58.714Z","EventID":7,"Message":"Image loaded:\r\nRuleName: -\r\nUtcTime: 2021-04-27 08:07:58.704\r\nProcessGuid: {1978b227-c65e-6087-7e7b-000000000500}\r\nProcessId: 4564\r\nImage: C:\\Program Files\\Windows Defender Advanced Threat Protection\\SenseCncProxy.exe\r\nImageLoaded: C:\\Windows\\System32\\cfgmgr32.dll\r\nFileVersion: 10.0.17763.1 (WinBuild.160101.0800)\r\nDescription: Configuration Manager DLL\r\nProduct: Microsoft® Windows® Operating System\r\nCompany: Microsoft Corporation\r\nOriginalFileName: CFGMGR32.DLL\r\nHashes: SHA1=8130861654C05723BDAB475587C7B4B131BD5FF6,MD5=02411B2016D3A537759143033C2D3AA6,SHA256=DF1C3927C42A1C7B8B5EA009783BB3FCB1FF48FC8542A1EF5D18ECAF78AD5D3E,IMPHASH=4F0B87243B310321DEE7E16AC3ABA14A\r\nSigned: true\r\nSignature: Microsoft Windows\r\nSignatureStatus: Valid","Task":"7","RuleName":"-","UtcTime":"2021-04-27 08:07:58.704","ProcessGuid":"{1978b227-c65e-6087-7e7b-000000000500}","ProcessId":"4564","Image":"C:\\Program Files\\Windows Defender Advanced Threat Protection\\SenseCncProxy.exe","ImageLoaded":"C:\\Windows\\System32\\cfgmgr32.dll","FileVersion":"10.0.17763.1 (WinBuild.160101.0800)","Description":"Configuration Manager DLL","Product":"Microsoft® Windows® Operating System","Company":"Microsoft Corporation","OriginalFileName":"CFGMGR32.DLL","Hashes":"SHA1=8130861654C05723BDAB475587C7B4B131BD5FF6,MD5=02411B2016D3A537759143033C2D3AA6,SHA256=DF1C3927C42A1C7B8B5EA009783BB3FCB1FF48FC8542A1EF5D18ECAF78AD5D3E,IMPHASH=4F0B87243B310321DEE7E16AC3ABA14A","Signed":"true","Signature":"Microsoft Windows","SignatureStatus":"Valid"}
{"SourceName":"Microsoft-Windows-Sysmon","ProviderGuid":"{5770385f-c22a-43e0-bf4c-06f5698ffbd9}","Level":"4","Keywords":"0x8000000000000000","Channel":"Microsoft-Windows-Sysmon/Operational","Hostname":"ADFS01.blacksmith.local","TimeCreated":"2021-04-27T04:07:58.715Z","@timestamp":"2021-04-27T04:07:58.715Z","EventID":7,"Message":"Image loaded:\r\nRuleName: -\r\nUtcTime: 2021-04-27 08:07:58.704\r\nProcessGuid: {1978b227-c65e-6087-7e7b-000000000500}\r\nProcessId: 4564\r\nImage: C:\\Program Files\\Windows Defender Advanced Threat Protection\\SenseCncProxy.exe\r\nImageLoaded: C:\\Windows\\System32\\SHCore.dll\r\nFileVersion: 10.0.17763.1697 (WinBuild.160101.0800)\r\nDescription: SHCORE\r\nProduct: Microsoft® Windows® Operating System\r\nCompany: Microsoft Corporation\r\nOriginalFileName: SHCORE.dll\r\nHashes: SHA1=D758A1874B8B81176FF5B2B0E2AB8EBAC6A6CEA9,MD5=09EC01905382BEB93584EDE2AF38D4DD,SHA256=62C69A64EE8E39F97D7C5A52FE3B7F7B2C0D7A86EAA465ADB23F8AE7C3062622,IMPHASH=2C4CB476A1713ADF312799FAB977C9E4\r\nSigned: true\r\nSignature: Microsoft Windows\r\nSignatureStatus: Valid","Task":"7","RuleName":"-","UtcTime":"2021-04-27 08:07:58.704","ProcessGuid":"{1978b227-c65e-6087-7e7b-000000000500}","ProcessId":"4564","Image":"C:\\Program Files\\Windows Defender Advanced Threat Protection\\SenseCncProxy.exe","ImageLoaded":"C:\\Windows\\System32\\SHCore.dll","FileVersion":"10.0.17763.1697 (WinBuild.160101.0800)","Description":"SHCORE","Product":"Microsoft® Windows® Operating System","Company":"Microsoft Corporation","OriginalFileName":"SHCORE.dll","Hashes":"SHA1=D758A1874B8B81176FF5B2B0E2AB8EBAC6A6CEA9,MD5=09EC01905382BEB93584EDE2AF38D4DD,SHA256=62C69A64EE8E39F97D7C5A52FE3B7F7B2C0D7A86EAA465ADB23F8AE7C3062622,IMPHASH=2C4CB476A1713ADF312799FAB977C9E4","Signed":"true","Signature":"Microsoft Windows","SignatureStatus":"Valid"}
{"SourceName":"Microsoft-Windows-Sysmon","ProviderGuid":"{5770385f-c22a-43e0-bf4c-06f5698ffbd9}","Level":"4","Keywords":"0x8000000000000000","Channel":"Microsoft-Windows-Sysmon/Operational","Hostname":"ADFS01.blacksmith.local","TimeCreated":"2021-04-27T04:07:58.716Z","@timestamp":"2021-04-27T04:07:58.716Z","EventID":7,"Message":"Image loaded:\r\nRuleName: -\r\nUtcTime: 2021-04-27 08:07:58.704\r\nProcessGuid: {1978b227-c65e-6087-7e7b-000000000500}\r\nProcessId: 4564\r\nImage: C:\\Program Files\\Windows Defender Advanced Threat Protection\\SenseCncProxy.exe\r\nImageLoaded: C:\\Windows\\System32\\windows.storage.dll\r\nFileVersion: 10.0.17763.1852 (WinBuild.160101.0800)\r\nDescription: Microsoft WinRT Storage API\r\nProduct: Microsoft® Windows® Operating System\r\nCompany: Microsoft Corporation\r\nOriginalFileName: Windows.Storage.dll\r\nHashes: SHA1=02276583B7B71DAA4698DE6479D8E18A4E156843,MD5=E8E70A8AA91AE4B18582D865A8155431,SHA256=B389AD9720080EB1F4F806117D6098984965F0B1DA870C606F02EE733195CECB,IMPHASH=63AD368B37C725A21D061E1959DC4543\r\nSigned: true\r\nSignature: Microsoft Windows\r\nSignatureStatus: Valid","Task":"7","RuleName":"-","UtcTime":"2021-04-27 08:07:58.704","ProcessGuid":"{1978b227-c65e-6087-7e7b-000000000500}","ProcessId":"4564","Image":"C:\\Program Files\\Windows Defender Advanced Threat Protection\\SenseCncProxy.exe","ImageLoaded":"C:\\Windows\\System32\\windows.storage.dll","FileVersion":"10.0.17763.1852 (WinBuild.160101.0800)","Description":"Microsoft WinRT Storage API","Product":"Microsoft® Windows® Operating System","Company":"Microsoft Corporation","OriginalFileName":"Windows.Storage.dll","Hashes":"SHA1=02276583B7B71DAA4698DE6479D8E18A4E156843,MD5=E8E70A8AA91AE4B18582D865A8155431,SHA256=B389AD9720080EB1F4F806117D6098984965F0B1DA870C606F02EE733195CECB,IMPHASH=63AD368B37C725A21D061E1959DC4543","Signed":"true","Signature":"Microsoft Windows","SignatureStatus":"Valid"}
{"SourceName":"Microsoft-Windows-Sysmon","ProviderGuid":"{5770385f-c22a-43e0-bf4c-06f5698ffbd9}","Level":"4","Keywords":"0x8000000000000000","Channel":"Microsoft-Windows-Sysmon/Operational","Hostname":"ADFS01.blacksmith.local","TimeCreated":"2021-04-27T04:07:58.716Z","@timestamp":"2021-04-27T04:07:58.716Z","EventID":7,"Message":"Image loaded:\r\nRuleName: -\r\nUtcTime: 2021-04-27 08:07:58.704\r\nProcessGuid: {1978b227-c65e-6087-7e7b-000000000500}\r\nProcessId: 4564\r\nImage: C:\\Program Files\\Windows Defender Advanced Threat Protection\\SenseCncProxy.exe\r\nImageLoaded: C:\\Windows\\System32\\sechost.dll\r\nFileVersion: 10.0.17763.1852 (WinBuild.160101.0800)\r\nDescription: Host for SCM/SDDL/LSA Lookup APIs\r\nProduct: Microsoft® Windows® Operating System\r\nCompany: Microsoft Corporation\r\nOriginalFileName: sechost.dll\r\nHashes: SHA1=F369CA9B256A8926357AE0A81D56681153785AFE,MD5=DC8D5941B72B4B70D33589A55958B33F,SHA256=439EDB18FBDC15704A076B4669ADF14386E191B8B84C4B828A394D94A62F278B,IMPHASH=5F0CBFA31042EAEC032DAB6F4E97C1FD\r\nSigned: true\r\nSignature: Microsoft Windows\r\nSignatureStatus: Valid","Task":"7","RuleName":"-","UtcTime":"2021-04-27 08:07:58.704","ProcessGuid":"{1978b227-c65e-6087-7e7b-000000000500}","ProcessId":"4564","Image":"C:\\Program Files\\Windows Defender Advanced Threat Protection\\SenseCncProxy.exe","ImageLoaded":"C:\\Windows\\System32\\sechost.dll","FileVersion":"10.0.17763.1852 (WinBuild.160101.0800)","Description":"Host for SCM/SDDL/LSA Lookup APIs","Product":"Microsoft® Windows® Operating System","Company":"Microsoft Corporation","OriginalFileName":"sechost.dll","Hashes":"SHA1=F369CA9B256A8926357AE0A81D56681153785AFE,MD5=DC8D5941B72B4B70D33589A55958B33F,SHA256=439EDB18FBDC15704A076B4669ADF14386E191B8B84C4B828A394D94A62F278B,IMPHASH=5F0CBFA31042EAEC032DAB6F4E97C1FD","Signed":"true","Signature":"Microsoft Windows","SignatureStatus":"Valid"}
{"SourceName":"Microsoft-Windows-Sysmon","ProviderGuid":"{5770385f-c22a-43e0-bf4c-06f5698ffbd9}","Level":"4","Keywords":"0x8000000000000000","Channel":"Microsoft-Windows-Sysmon/Operational","Hostname":"ADFS01.blacksmith.local","TimeCreated":"2021-04-27T04:07:58.717Z","@timestamp":"2021-04-27T04:07:58.717Z","EventID":7,"Message":"Image loaded:\r\nRuleName: -\r\nUtcTime: 2021-04-27 08:07:58.704\r\nProcessGuid: {1978b227-c65e-6087-7e7b-000000000500}\r\nProcessId: 4564\r\nImage: C:\\Program Files\\Windows Defender Advanced Threat Protection\\SenseCncProxy.exe\r\nImageLoaded: C:\\Windows\\System32\\advapi32.dll\r\nFileVersion: 10.0.17763.1131 (WinBuild.160101.0800)\r\nDescription: Advanced Windows 32 Base API\r\nProduct: Microsoft® Windows® Operating System\r\nCompany: Microsoft Corporation\r\nOriginalFileName: advapi32.dll\r\nHashes: SHA1=5C7EA03D7656EA690B668680BAC2A1A88329D781,MD5=268CCCE1619709DAB725ABFC5FD2AC07,SHA256=D6FCDDF7D6569425C470547B9E01FBB27363C12D42FE8409401E75647D6F2324,IMPHASH=3A220E81F7BE6E007402D394DD374042\r\nSigned: true\r\nSignature: Microsoft Windows\r\nSignatureStatus: Valid","Task":"7","RuleName":"-","UtcTime":"2021-04-27 08:07:58.704","ProcessGuid":"{1978b227-c65e-6087-7e7b-000000000500}","ProcessId":"4564","Image":"C:\\Program Files\\Windows Defender Advanced Threat Protection\\SenseCncProxy.exe","ImageLoaded":"C:\\Windows\\System32\\advapi32.dll","FileVersion":"10.0.17763.1131 (WinBuild.160101.0800)","Description":"Advanced Windows 32 Base API","Product":"Microsoft® Windows® Operating System","Company":"Microsoft Corporation","OriginalFileName":"advapi32.dll","Hashes":"SHA1=5C7EA03D7656EA690B668680BAC2A1A88329D781,MD5=268CCCE1619709DAB725ABFC5FD2AC07,SHA256=D6FCDDF7D6569425C470547B9E01FBB27363C12D42FE8409401E75647D6F2324,IMPHASH=3A220E81F7BE6E007402D394DD374042","Signed":"true","Signature":"Microsoft Windows","SignatureStatus":"Valid"}
{"SourceName":"Microsoft-Windows-Sysmon","ProviderGuid":"{5770385f-c22a-43e0-bf4c-06f5698ffbd9}","Level":"4","Keywords":"0x8000000000000000","Channel":"Microsoft-Windows-Sysmon/Operational","Hostname":"ADFS01.blacksmith.local","TimeCreated":"2021-04-27T04:07:58.718Z","@timestamp":"2021-04-27T04:07:58.718Z","EventID":7,"Message":"Image loaded:\r\nRuleName: -\r\nUtcTime: 2021-04-27 08:07:58.704\r\nProcessGuid: {1978b227-c65e-6087-7e7b-000000000500}\r\nProcessId: 4564\r\nImage: C:\\Program Files\\Windows Defender Advanced Threat Protection\\SenseCncProxy.exe\r\nImageLoaded: C:\\Windows\\System32\\profapi.dll\r\nFileVersion: 10.0.17763.1075 (WinBuild.160101.0800)\r\nDescription: User Profile Basic API\r\nProduct: Microsoft® Windows® Operating System\r\nCompany: Microsoft Corporation\r\nOriginalFileName: PROFAPI.DLL\r\nHashes: SHA1=68AC0610545601E8C14D52A96ECF48CD3EC0C786,MD5=21D8C6FFC3A71BDE52E56C78BA1C8715,SHA256=6829C5F86E660ED95BBA8AB85E5D1B8BDDBEE69DC4FD3BD2992523775C29C022,IMPHASH=CF0269950BAC18763D80F408325FFF86\r\nSigned: true\r\nSignature: Microsoft Windows\r\nSignatureStatus: Valid","Task":"7","RuleName":"-","UtcTime":"2021-04-27 08:07:58.704","ProcessGuid":"{1978b227-c65e-6087-7e7b-000000000500}","ProcessId":"4564","Image":"C:\\Program Files\\Windows Defender Advanced Threat Protection\\SenseCncProxy.exe","ImageLoaded":"C:\\Windows\\System32\\profapi.dll","FileVersion":"10.0.17763.1075 (WinBuild.160101.0800)","Description":"User Profile Basic API","Product":"Microsoft® Windows® Operating System","Company":"Microsoft Corporation","OriginalFileName":"PROFAPI.DLL","Hashes":"SHA1=68AC0610545601E8C14D52A96ECF48CD3EC0C786,MD5=21D8C6FFC3A71BDE52E56C78BA1C8715,SHA256=6829C5F86E660ED95BBA8AB85E5D1B8BDDBEE69DC4FD3BD2992523775C29C022,IMPHASH=CF0269950BAC18763D80F408325FFF86","Signed":"true","Signature":"Microsoft Windows","SignatureStatus":"Valid"}
{"SourceName":"Microsoft-Windows-Sysmon","ProviderGuid":"{5770385f-c22a-43e0-bf4c-06f5698ffbd9}","Level":"4","Keywords":"0x8000000000000000","Channel":"Microsoft-Windows-Sysmon/Operational","Hostname":"ADFS01.blacksmith.local","TimeCreated":"2021-04-27T04:07:58.719Z","@timestamp":"2021-04-27T04:07:58.719Z","EventID":7,"Message":"Image loaded:\r\nRuleName: -\r\nUtcTime: 2021-04-27 08:07:58.704\r\nProcessGuid: {1978b227-c65e-6087-7e7b-000000000500}\r\nProcessId: 4564\r\nImage: C:\\Program Files\\Windows Defender Advanced Threat Protection\\SenseCncProxy.exe\r\nImageLoaded: C:\\Windows\\System32\\powrprof.dll\r\nFileVersion: 10.0.17763.1 (WinBuild.160101.0800)\r\nDescription: Power Profile Helper DLL\r\nProduct: Microsoft® Windows® Operating System\r\nCompany: Microsoft Corporation\r\nOriginalFileName: POWRPROF.DLL\r\nHashes: SHA1=C6BE4DBBF31A2FD2A91FDA8DA0F7ED65B413D31A,MD5=082136DC077FAD6C3D1ED64BF46888A6,SHA256=F9C97CFFAB7D3A61175F902CF0062CA945BC8CECFC825BF3B6096864855D43D9,IMPHASH=C33D8F3C33B19248E2D15B613C123D7B\r\nSigned: true\r\nSignature: Microsoft Windows\r\nSignatureStatus: Valid","Task":"7","RuleName":"-","UtcTime":"2021-04-27 08:07:58.704","ProcessGuid":"{1978b227-c65e-6087-7e7b-000000000500}","ProcessId":"4564","Image":"C:\\Program Files\\Windows Defender Advanced Threat Protection\\SenseCncProxy.exe","ImageLoaded":"C:\\Windows\\System32\\powrprof.dll","FileVersion":"10.0.17763.1 (WinBuild.160101.0800)","Description":"Power Profile Helper DLL","Product":"Microsoft® Windows® Operating System","Company":"Microsoft Corporation","OriginalFileName":"POWRPROF.DLL","Hashes":"SHA1=C6BE4DBBF31A2FD2A91FDA8DA0F7ED65B413D31A,MD5=082136DC077FAD6C3D1ED64BF46888A6,SHA256=F9C97CFFAB7D3A61175F902CF0062CA945BC8CECFC825BF3B6096864855D43D9,IMPHASH=C33D8F3C33B19248E2D15B613C123D7B","Signed":"true","Signature":"Microsoft Windows","SignatureStatus":"Valid"}
{"SourceName":"Microsoft-Windows-Sysmon","ProviderGuid":"{5770385f-c22a-43e0-bf4c-06f5698ffbd9}","Level":"4","Keywords":"0x8000000000000000","Channel":"Microsoft-Windows-Sysmon/Operational","Hostname":"ADFS01.blacksmith.local","TimeCreated":"2021-04-27T04:07:58.719Z","@timestamp":"2021-04-27T04:07:58.719Z","EventID":7,"Message":"Image loaded:\r\nRuleName: -\r\nUtcTime: 2021-04-27 08:07:58.704\r\nProcessGuid: {1978b227-c65e-6087-7e7b-000000000500}\r\nProcessId: 4564\r\nImage: C:\\Program Files\\Windows Defender Advanced Threat Protection\\SenseCncProxy.exe\r\nImageLoaded: C:\\Windows\\System32\\shlwapi.dll\r\nFileVersion: 10.0.17763.1697 (WinBuild.160101.0800)\r\nDescription: Shell Light-weight Utility Library\r\nProduct: Microsoft® Windows® Operating System\r\nCompany: Microsoft Corporation\r\nOriginalFileName: SHLWAPI.DLL\r\nHashes: SHA1=368A48DD7219273B0AE24BDD572A9D2B0C5E8F67,MD5=9E3B2B6C6889B5B27C2E3B8B3B0EDC92,SHA256=5B042429B2719E2A72B2DACC2BE2F04B2498C29884AB501732A4EE171497F7A6,IMPHASH=6659A49ABF33952444C5A7FA22FD9032\r\nSigned: true\r\nSignature: Microsoft Windows\r\nSignatureStatus: Valid","Task":"7","RuleName":"-","UtcTime":"2021-04-27 08:07:58.704","ProcessGuid":"{1978b227-c65e-6087-7e7b-000000000500}","ProcessId":"4564","Image":"C:\\Program Files\\Windows Defender Advanced Threat Protection\\SenseCncProxy.exe","ImageLoaded":"C:\\Windows\\System32\\shlwapi.dll","FileVersion":"10.0.17763.1697 (WinBuild.160101.0800)","Description":"Shell Light-weight Utility Library","Product":"Microsoft® Windows® Operating System","Company":"Microsoft Corporation","OriginalFileName":"SHLWAPI.DLL","Hashes":"SHA1=368A48DD7219273B0AE24BDD572A9D2B0C5E8F67,MD5=9E3B2B6C6889B5B27C2E3B8B3B0EDC92,SHA256=5B042429B2719E2A72B2DACC2BE2F04B2498C29884AB501732A4EE171497F7A6,IMPHASH=6659A49ABF33952444C5A7FA22FD9032","Signed":"true","Signature":"Microsoft Windows","SignatureStatus":"Valid"}
{"SourceName":"Microsoft-Windows-Sysmon","ProviderGuid":"{5770385f-c22a-43e0-bf4c-06f5698ffbd9}","Level":"4","Keywords":"0x8000000000000000","Channel":"Microsoft-Windows-Sysmon/Operational","Hostname":"ADFS01.blacksmith.local","TimeCreated":"2021-04-27T04:07:58.720Z","@timestamp":"2021-04-27T04:07:58.720Z","EventID":7,"Message":"Image loaded:\r\nRuleName: -\r\nUtcTime: 2021-04-27 08:07:58.704\r\nProcessGuid: {1978b227-c65e-6087-7e7b-000000000500}\r\nProcessId: 4564\r\nImage: C:\\Program Files\\Windows Defender Advanced Threat Protection\\SenseCncProxy.exe\r\nImageLoaded: C:\\Windows\\System32\\gdi32.dll\r\nFileVersion: 10.0.17763.1697 (WinBuild.160101.0800)\r\nDescription: GDI Client DLL\r\nProduct: Microsoft® Windows® Operating System\r\nCompany: Microsoft Corporation\r\nOriginalFileName: gdi32\r\nHashes: SHA1=F92028EAF9A6D4704DBF5CA04ED3C2C032F603BC,MD5=0F110B500E38126F676B0CFBA85A5616,SHA256=692FB89C5D4E14950B72501490942263F2BA94B7BD9D5D815B3E1258B6D7D152,IMPHASH=068515AABEE6B5C49150F5085AFD86C9\r\nSigned: true\r\nSignature: Microsoft Windows\r\nSignatureStatus: Valid","Task":"7","RuleName":"-","UtcTime":"2021-04-27 08:07:58.704","ProcessGuid":"{1978b227-c65e-6087-7e7b-000000000500}","ProcessId":"4564","Image":"C:\\Program Files\\Windows Defender Advanced Threat Protection\\SenseCncProxy.exe","ImageLoaded":"C:\\Windows\\System32\\gdi32.dll","FileVersion":"10.0.17763.1697 (WinBuild.160101.0800)","Description":"GDI Client DLL","Product":"Microsoft® Windows® Operating System","Company":"Microsoft Corporation","OriginalFileName":"gdi32","Hashes":"SHA1=F92028EAF9A6D4704DBF5CA04ED3C2C032F603BC,MD5=0F110B500E38126F676B0CFBA85A5616,SHA256=692FB89C5D4E14950B72501490942263F2BA94B7BD9D5D815B3E1258B6D7D152,IMPHASH=068515AABEE6B5C49150F5085AFD86C9","Signed":"true","Signature":"Microsoft Windows","SignatureStatus":"Valid"}
{"SourceName":"Microsoft-Windows-Sysmon","ProviderGuid":"{5770385f-c22a-43e0-bf4c-06f5698ffbd9}","Level":"4","Keywords":"0x8000000000000000","Channel":"Microsoft-Windows-Sysmon/Operational","Hostname":"ADFS01.blacksmith.local","TimeCreated":"2021-04-27T04:07:58.721Z","@timestamp":"2021-04-27T04:07:58.721Z","EventID":7,"Message":"Image loaded:\r\nRuleName: -\r\nUtcTime: 2021-04-27 08:07:58.720\r\nProcessGuid: {1978b227-c65e-6087-7e7b-000000000500}\r\nProcessId: 4564\r\nImage: C:\\Program Files\\Windows Defender Advanced Threat Protection\\SenseCncProxy.exe\r\nImageLoaded: C:\\Windows\\System32\\gdi32full.dll\r\nFileVersion: 10.0.17763.1879 (WinBuild.160101.0800)\r\nDescription: GDI Client DLL\r\nProduct: Microsoft® Windows® Operating System\r\nCompany: Microsoft Corporation\r\nOriginalFileName: gdi32\r\nHashes: SHA1=1AF5826D1A7964E41D55742B29EF51E647C09C44,MD5=10705A1AE9B7AAF27B68311699A2D7EE,SHA256=8E19CCDCFD5C2DBF7A7BACCC6E36C17EE3EF8A189594B8C58C80C245B9C69661,IMPHASH=985D91E552B7AEE1E76E9447FEA1E347\r\nSigned: true\r\nSignature: Microsoft Windows\r\nSignatureStatus: Valid","Task":"7","RuleName":"-","UtcTime":"2021-04-27 08:07:58.720","ProcessGuid":"{1978b227-c65e-6087-7e7b-000000000500}","ProcessId":"4564","Image":"C:\\Program Files\\Windows Defender Advanced Threat Protection\\SenseCncProxy.exe","ImageLoaded":"C:\\Windows\\System32\\gdi32full.dll","FileVersion":"10.0.17763.1879 (WinBuild.160101.0800)","Description":"GDI Client DLL","Product":"Microsoft® Windows® Operating System","Company":"Microsoft Corporation","OriginalFileName":"gdi32","Hashes":"SHA1=1AF5826D1A7964E41D55742B29EF51E647C09C44,MD5=10705A1AE9B7AAF27B68311699A2D7EE,SHA256=8E19CCDCFD5C2DBF7A7BACCC6E36C17EE3EF8A189594B8C58C80C245B9C69661,IMPHASH=985D91E552B7AEE1E76E9447FEA1E347","Signed":"true","Signature":"Microsoft Windows","SignatureStatus":"Valid"}
{"SourceName":"Microsoft-Windows-Sysmon","ProviderGuid":"{5770385f-c22a-43e0-bf4c-06f5698ffbd9}","Level":"4","Keywords":"0x8000000000000000","Channel":"Microsoft-Windows-Sysmon/Operational","Hostname":"ADFS01.blacksmith.local","TimeCreated":"2021-04-27T04:07:58.721Z","@timestamp":"2021-04-27T04:07:58.721Z","EventID":7,"Message":"Image loaded:\r\nRuleName: -\r\nUtcTime: 2021-04-27 08:07:58.720\r\nProcessGuid: {1978b227-c65e-6087-7e7b-000000000500}\r\nProcessId: 4564\r\nImage: C:\\Program Files\\Windows Defender Advanced Threat Protection\\SenseCncProxy.exe\r\nImageLoaded: C:\\Windows\\System32\\user32.dll\r\nFileVersion: 10.0.17763.1728 (WinBuild.160101.0800)\r\nDescription: Multi-User Windows USER API Client DLL\r\nProduct: Microsoft® Windows® Operating System\r\nCompany: Microsoft Corporation\r\nOriginalFileName: user32\r\nHashes: SHA1=CAA9E17370149CAC61BE0B2443989B34D8FD5C7B,MD5=5D9AB9861345CD41A7D8F0B0070CD48B,SHA256=9C51CC7439C5CCE0EA56D8F5DBCEB9370FA27A1FCB5433A3A5F0FFC44AE316D6,IMPHASH=D3A4F91CCC364A2DEC64676EE19600DE\r\nSigned: true\r\nSignature: Microsoft Windows\r\nSignatureStatus: Valid","Task":"7","RuleName":"-","UtcTime":"2021-04-27 08:07:58.720","ProcessGuid":"{1978b227-c65e-6087-7e7b-000000000500}","ProcessId":"4564","Image":"C:\\Program Files\\Windows Defender Advanced Threat Protection\\SenseCncProxy.exe","ImageLoaded":"C:\\Windows\\System32\\user32.dll","FileVersion":"10.0.17763.1728 (WinBuild.160101.0800)","Description":"Multi-User Windows USER API Client DLL","Product":"Microsoft® Windows® Operating System","Company":"Microsoft Corporation","OriginalFileName":"user32","Hashes":"SHA1=CAA9E17370149CAC61BE0B2443989B34D8FD5C7B,MD5=5D9AB9861345CD41A7D8F0B0070CD48B,SHA256=9C51CC7439C5CCE0EA56D8F5DBCEB9370FA27A1FCB5433A3A5F0FFC44AE316D6,IMPHASH=D3A4F91CCC364A2DEC64676EE19600DE","Signed":"true","Signature":"Microsoft Windows","SignatureStatus":"Valid"}
{"SourceName":"Microsoft-Windows-Sysmon","ProviderGuid":"{5770385f-c22a-43e0-bf4c-06f5698ffbd9}","Level":"4","Keywords":"0x8000000000000000","Channel":"Microsoft-Windows-Sysmon/Operational","Hostname":"ADFS01.blacksmith.local","TimeCreated":"2021-04-27T04:07:58.722Z","@timestamp":"2021-04-27T04:07:58.722Z","EventID":7,"Message":"Image loaded:\r\nRuleName: -\r\nUtcTime: 2021-04-27 08:07:58.720\r\nProcessGuid: {1978b227-c65e-6087-7e7b-000000000500}\r\nProcessId: 4564\r\nImage: C:\\Program Files\\Windows Defender Advanced Threat Protection\\SenseCncProxy.exe\r\nImageLoaded: C:\\Windows\\System32\\win32u.dll\r\nFileVersion: 10.0.17763.1 (WinBuild.160101.0800)\r\nDescription: Win32u\r\nProduct: Microsoft® Windows® Operating System\r\nCompany: Microsoft Corporation\r\nOriginalFileName: Win32u.DLL\r\nHashes: SHA1=E9543B315229DBB7707C52BB8506C488694D09A1,MD5=65D63D5F9A9D6988C9E3DB4862D8C1E0,SHA256=208FBE0136AEBC989748B526A4BB0C656B73A10E46EF640A93E3AB8F02358B98,IMPHASH=00000000000000000000000000000000\r\nSigned: true\r\nSignature: Microsoft Windows\r\nSignatureStatus: Valid","Task":"7","RuleName":"-","UtcTime":"2021-04-27 08:07:58.720","ProcessGuid":"{1978b227-c65e-6087-7e7b-000000000500}","ProcessId":"4564","Image":"C:\\Program Files\\Windows Defender Advanced Threat Protection\\SenseCncProxy.exe","ImageLoaded":"C:\\Windows\\System32\\win32u.dll","FileVersion":"10.0.17763.1 (WinBuild.160101.0800)","Description":"Win32u","Product":"Microsoft® Windows® Operating System","Company":"Microsoft Corporation","OriginalFileName":"Win32u.DLL","Hashes":"SHA1=E9543B315229DBB7707C52BB8506C488694D09A1,MD5=65D63D5F9A9D6988C9E3DB4862D8C1E0,SHA256=208FBE0136AEBC989748B526A4BB0C656B73A10E46EF640A93E3AB8F02358B98,IMPHASH=00000000000000000000000000000000","Signed":"true","Signature":"Microsoft Windows","SignatureStatus":"Valid"}
{"SourceName":"Microsoft-Windows-Sysmon","ProviderGuid":"{5770385f-c22a-43e0-bf4c-06f5698ffbd9}","Level":"4","Keywords":"0x8000000000000000","Channel":"Microsoft-Windows-Sysmon/Operational","Hostname":"ADFS01.blacksmith.local","TimeCreated":"2021-04-27T04:07:58.723Z","@timestamp":"2021-04-27T04:07:58.723Z","EventID":7,"Message":"Image loaded:\r\nRuleName: -\r\nUtcTime: 2021-04-27 08:07:58.720\r\nProcessGuid: {1978b227-c65e-6087-7e7b-000000000500}\r\nProcessId: 4564\r\nImage: C:\\Program Files\\Windows Defender Advanced Threat Protection\\SenseCncProxy.exe\r\nImageLoaded: C:\\Windows\\System32\\kernel.appcore.dll\r\nFileVersion: 10.0.17763.1 (WinBuild.160101.0800)\r\nDescription: AppModel API Host\r\nProduct: Microsoft® Windows® Operating System\r\nCompany: Microsoft Corporation\r\nOriginalFileName: kernel.appcore.dll\r\nHashes: SHA1=564655189DEE96750D04CD9E05DE1237AB30F49C,MD5=56753185D301D7718470A4ADF780395B,SHA256=CA954AC516F91F28301378214335FF808D0E9331018A6474DFAA25D18D0FD6A8,IMPHASH=D8EB7D9EDA6379E4A8781259443BCF22\r\nSigned: true\r\nSignature: Microsoft Windows\r\nSignatureStatus: Valid","Task":"7","RuleName":"-","UtcTime":"2021-04-27 08:07:58.720","ProcessGuid":"{1978b227-c65e-6087-7e7b-000000000500}","ProcessId":"4564","Image":"C:\\Program Files\\Windows Defender Advanced Threat Protection\\SenseCncProxy.exe","ImageLoaded":"C:\\Windows\\System32\\kernel.appcore.dll","FileVersion":"10.0.17763.1 (WinBuild.160101.0800)","Description":"AppModel API Host","Product":"Microsoft® Windows® Operating System","Company":"Microsoft Corporation","OriginalFileName":"kernel.appcore.dll","Hashes":"SHA1=564655189DEE96750D04CD9E05DE1237AB30F49C,MD5=56753185D301D7718470A4ADF780395B,SHA256=CA954AC516F91F28301378214335FF808D0E9331018A6474DFAA25D18D0FD6A8,IMPHASH=D8EB7D9EDA6379E4A8781259443BCF22","Signed":"true","Signature":"Microsoft Windows","SignatureStatus":"Valid"}
{"SourceName":"Microsoft-Windows-Sysmon","ProviderGuid":"{5770385f-c22a-43e0-bf4c-06f5698ffbd9}","Level":"4","Keywords":"0x8000000000000000","Channel":"Microsoft-Windows-Sysmon/Operational","Hostname":"ADFS01.blacksmith.local","TimeCreated":"2021-04-27T04:07:58.723Z","@timestamp":"2021-04-27T04:07:58.723Z","EventID":7,"Message":"Image loaded:\r\nRuleName: -\r\nUtcTime: 2021-04-27 08:07:58.720\r\nProcessGuid: {1978b227-c65e-6087-7e7b-000000000500}\r\nProcessId: 4564\r\nImage: C:\\Program Files\\Windows Defender Advanced Threat Protection\\SenseCncProxy.exe\r\nImageLoaded: C:\\Windows\\System32\\cryptsp.dll\r\nFileVersion: 10.0.17763.1 (WinBuild.160101.0800)\r\nDescription: Cryptographic Service Provider API\r\nProduct: Microsoft® Windows® Operating System\r\nCompany: Microsoft Corporation\r\nOriginalFileName: cryptsp.dll\r\nHashes: SHA1=0404FAD85C37A9D623ABF77AE9FA2AD4E38DCF38,MD5=F90316FE094F4AB2FEF98CA624A04654,SHA256=78D6A1CD068F5DE2A3DE7F83A975667FA332AA65EC59DD5991CEA1D021BD47C5,IMPHASH=A9B9D04D0B53DC48ABB37BE77AD01B55\r\nSigned: true\r\nSignature: Microsoft Windows\r\nSignatureStatus: Valid","Task":"7","RuleName":"-","UtcTime":"2021-04-27 08:07:58.720","ProcessGuid":"{1978b227-c65e-6087-7e7b-000000000500}","ProcessId":"4564","Image":"C:\\Program Files\\Windows Defender Advanced Threat Protection\\SenseCncProxy.exe","ImageLoaded":"C:\\Windows\\System32\\cryptsp.dll","FileVersion":"10.0.17763.1 (WinBuild.160101.0800)","Description":"Cryptographic Service Provider API","Product":"Microsoft® Windows® Operating System","Company":"Microsoft Corporation","OriginalFileName":"cryptsp.dll","Hashes":"SHA1=0404FAD85C37A9D623ABF77AE9FA2AD4E38DCF38,MD5=F90316FE094F4AB2FEF98CA624A04654,SHA256=78D6A1CD068F5DE2A3DE7F83A975667FA332AA65EC59DD5991CEA1D021BD47C5,IMPHASH=A9B9D04D0B53DC48ABB37BE77AD01B55","Signed":"true","Signature":"Microsoft Windows","SignatureStatus":"Valid"}
{"SourceName":"Microsoft-Windows-Sysmon","ProviderGuid":"{5770385f-c22a-43e0-bf4c-06f5698ffbd9}","Level":"4","Keywords":"0x8000000000000000","Channel":"Microsoft-Windows-Sysmon/Operational","Hostname":"ADFS01.blacksmith.local","TimeCreated":"2021-04-27T04:07:58.724Z","@timestamp":"2021-04-27T04:07:58.724Z","EventID":7,"Message":"Image loaded:\r\nRuleName: -\r\nUtcTime: 2021-04-27 08:07:58.720\r\nProcessGuid: {1978b227-c65e-6087-7e7b-000000000500}\r\nProcessId: 4564\r\nImage: C:\\Program Files\\Windows Defender Advanced Threat Protection\\SenseCncProxy.exe\r\nImageLoaded: C:\\Windows\\System32\\ole32.dll\r\nFileVersion: 10.0.17763.1697 (WinBuild.160101.0800)\r\nDescription: Microsoft OLE for Windows\r\nProduct: Microsoft® Windows® Operating System\r\nCompany: Microsoft Corporation\r\nOriginalFileName: OLE32.DLL\r\nHashes: SHA1=C01D98C189CE34E8D11750ABC7FAADFA1F3D205D,MD5=AA9F7333CE327B5E773B278755CCBD2E,SHA256=6F8E2E61F07F636A1BCA40A613E060E530A3A9A3FA18981CFAE801127A1563CD,IMPHASH=6CD38B8F8C1F27CB46F8B55A9F7237A6\r\nSigned: true\r\nSignature: Microsoft Windows\r\nSignatureStatus: Valid","Task":"7","RuleName":"-","UtcTime":"2021-04-27 08:07:58.720","ProcessGuid":"{1978b227-c65e-6087-7e7b-000000000500}","ProcessId":"4564","Image":"C:\\Program Files\\Windows Defender Advanced Threat Protection\\SenseCncProxy.exe","ImageLoaded":"C:\\Windows\\System32\\ole32.dll","FileVersion":"10.0.17763.1697 (WinBuild.160101.0800)","Description":"Microsoft OLE for Windows","Product":"Microsoft® Windows® Operating System","Company":"Microsoft Corporation","OriginalFileName":"OLE32.DLL","Hashes":"SHA1=C01D98C189CE34E8D11750ABC7FAADFA1F3D205D,MD5=AA9F7333CE327B5E773B278755CCBD2E,SHA256=6F8E2E61F07F636A1BCA40A613E060E530A3A9A3FA18981CFAE801127A1563CD,IMPHASH=6CD38B8F8C1F27CB46F8B55A9F7237A6","Signed":"true","Signature":"Microsoft Windows","SignatureStatus":"Valid"}
{"SourceName":"Microsoft-Windows-Sysmon","ProviderGuid":"{5770385f-c22a-43e0-bf4c-06f5698ffbd9}","Level":"4","Keywords":"0x8000000000000000","Channel":"Microsoft-Windows-Sysmon/Operational","Hostname":"ADFS01.blacksmith.local","TimeCreated":"2021-04-27T04:07:58.725Z","@timestamp":"2021-04-27T04:07:58.725Z","EventID":7,"Message":"Image loaded:\r\nRuleName: -\r\nUtcTime: 2021-04-27 08:07:58.720\r\nProcessGuid: {1978b227-c65e-6087-7e7b-000000000500}\r\nProcessId: 4564\r\nImage: C:\\Program Files\\Windows Defender Advanced Threat Protection\\SenseCncProxy.exe\r\nImageLoaded: C:\\Windows\\System32\\crypt32.dll\r\nFileVersion: 10.0.17763.1790 (WinBuild.160101.0800)\r\nDescription: Crypto API32\r\nProduct: Microsoft® Windows® Operating System\r\nCompany: Microsoft Corporation\r\nOriginalFileName: CRYPT32.DLL\r\nHashes: SHA1=4EE89DD643103AA7B2A02107C9B4F96F168C39DE,MD5=F8BC8A4230124D110E8E9C52E84F4EDC,SHA256=9365A4C56D4CC2AD99528E235F52436EDD434DA7F1628779B3D89E9AC55CABB4,IMPHASH=2C04C714664EBDB29AC51BB58B7CBF8A\r\nSigned: true\r\nSignature: Microsoft Windows\r\nSignatureStatus: Valid","Task":"7","RuleName":"-","UtcTime":"2021-04-27 08:07:58.720","ProcessGuid":"{1978b227-c65e-6087-7e7b-000000000500}","ProcessId":"4564","Image":"C:\\Program Files\\Windows Defender Advanced Threat Protection\\SenseCncProxy.exe","ImageLoaded":"C:\\Windows\\System32\\crypt32.dll","FileVersion":"10.0.17763.1790 (WinBuild.160101.0800)","Description":"Crypto API32","Product":"Microsoft® Windows® Operating System","Company":"Microsoft Corporation","OriginalFileName":"CRYPT32.DLL","Hashes":"SHA1=4EE89DD643103AA7B2A02107C9B4F96F168C39DE,MD5=F8BC8A4230124D110E8E9C52E84F4EDC,SHA256=9365A4C56D4CC2AD99528E235F52436EDD434DA7F1628779B3D89E9AC55CABB4,IMPHASH=2C04C714664EBDB29AC51BB58B7CBF8A","Signed":"true","Signature":"Microsoft Windows","SignatureStatus":"Valid"}
{"SourceName":"Microsoft-Windows-Sysmon","ProviderGuid":"{5770385f-c22a-43e0-bf4c-06f5698ffbd9}","Level":"4","Keywords":"0x8000000000000000","Channel":"Microsoft-Windows-Sysmon/Operational","Hostname":"ADFS01.blacksmith.local","TimeCreated":"2021-04-27T04:07:58.726Z","@timestamp":"2021-04-27T04:07:58.726Z","EventID":7,"Message":"Image loaded:\r\nRuleName: -\r\nUtcTime: 2021-04-27 08:07:58.720\r\nProcessGuid: {1978b227-c65e-6087-7e7b-000000000500}\r\nProcessId: 4564\r\nImage: C:\\Program Files\\Windows Defender Advanced Threat Protection\\SenseCncProxy.exe\r\nImageLoaded: C:\\Windows\\System32\\msasn1.dll\r\nFileVersion: 10.0.17763.1 (WinBuild.160101.0800)\r\nDescription: ASN.1 Runtime APIs\r\nProduct: Microsoft® Windows® Operating System\r\nCompany: Microsoft Corporation\r\nOriginalFileName: msasn1.dll\r\nHashes: SHA1=8AE7FF30C935B597DA41C660F772C4A66F475A69,MD5=6C2EE08E0066A9DCBC77612CACF76EED,SHA256=DC1C77C7DEC3271B9AA2F136E0262E49770B586458F89CFDBA48D3DC4B5425C0,IMPHASH=B4991B6EA9B3246B087601BEEE3FA64F\r\nSigned: true\r\nSignature: Microsoft Windows\r\nSignatureStatus: Valid","Task":"7","RuleName":"-","UtcTime":"2021-04-27 08:07:58.720","ProcessGuid":"{1978b227-c65e-6087-7e7b-000000000500}","ProcessId":"4564","Image":"C:\\Program Files\\Windows Defender Advanced Threat Protection\\SenseCncProxy.exe","ImageLoaded":"C:\\Windows\\System32\\msasn1.dll","FileVersion":"10.0.17763.1 (WinBuild.160101.0800)","Description":"ASN.1 Runtime APIs","Product":"Microsoft® Windows® Operating System","Company":"Microsoft Corporation","OriginalFileName":"msasn1.dll","Hashes":"SHA1=8AE7FF30C935B597DA41C660F772C4A66F475A69,MD5=6C2EE08E0066A9DCBC77612CACF76EED,SHA256=DC1C77C7DEC3271B9AA2F136E0262E49770B586458F89CFDBA48D3DC4B5425C0,IMPHASH=B4991B6EA9B3246B087601BEEE3FA64F","Signed":"true","Signature":"Microsoft Windows","SignatureStatus":"Valid"}
{"SourceName":"Microsoft-Windows-Sysmon","ProviderGuid":"{5770385f-c22a-43e0-bf4c-06f5698ffbd9}","Level":"4","Keywords":"0x8000000000000000","Channel":"Microsoft-Windows-Sysmon/Operational","Hostname":"ADFS01.blacksmith.local","TimeCreated":"2021-04-27T04:07:58.726Z","@timestamp":"2021-04-27T04:07:58.726Z","EventID":7,"Message":"Image loaded:\r\nRuleName: -\r\nUtcTime: 2021-04-27 08:07:58.720\r\nProcessGuid: {1978b227-c65e-6087-7e7b-000000000500}\r\nProcessId: 4564\r\nImage: C:\\Program Files\\Windows Defender Advanced Threat Protection\\SenseCncProxy.exe\r\nImageLoaded: C:\\Windows\\System32\\bcrypt.dll\r\nFileVersion: 10.0.17763.1613 (WinBuild.160101.0800)\r\nDescription: Windows Cryptographic Primitives Library\r\nProduct: Microsoft® Windows® Operating System\r\nCompany: Microsoft Corporation\r\nOriginalFileName: bcrypt.dll\r\nHashes: SHA1=2C4BA5C1482987D50A182BAD915F52CD6611EE63,MD5=00439016776DE367BAD087D739A03797,SHA256=E70F5D8F87AAB14E3160227D38387889BEFBE37FA4F8F5ADC59EFF52804B35FD,IMPHASH=F8A5CF8F7AF31A59E7541332D16C6ABA\r\nSigned: true\r\nSignature: Microsoft Windows\r\nSignatureStatus: Valid","Task":"7","RuleName":"-","UtcTime":"2021-04-27 08:07:58.720","ProcessGuid":"{1978b227-c65e-6087-7e7b-000000000500}","ProcessId":"4564","Image":"C:\\Program Files\\Windows Defender Advanced Threat Protection\\SenseCncProxy.exe","ImageLoaded":"C:\\Windows\\System32\\bcrypt.dll","FileVersion":"10.0.17763.1613 (WinBuild.160101.0800)","Description":"Windows Cryptographic Primitives Library","Product":"Microsoft® Windows® Operating System","Company":"Microsoft Corporation","OriginalFileName":"bcrypt.dll","Hashes":"SHA1=2C4BA5C1482987D50A182BAD915F52CD6611EE63,MD5=00439016776DE367BAD087D739A03797,SHA256=E70F5D8F87AAB14E3160227D38387889BEFBE37FA4F8F5ADC59EFF52804B35FD,IMPHASH=F8A5CF8F7AF31A59E7541332D16C6ABA","Signed":"true","Signature":"Microsoft Windows","SignatureStatus":"Valid"}
{"SourceName":"Microsoft-Windows-Sysmon","ProviderGuid":"{5770385f-c22a-43e0-bf4c-06f5698ffbd9}","Level":"4","Keywords":"0x8000000000000000","Channel":"Microsoft-Windows-Sysmon/Operational","Hostname":"ADFS01.blacksmith.local","TimeCreated":"2021-04-27T04:07:58.727Z","@timestamp":"2021-04-27T04:07:58.727Z","EventID":7,"Message":"Image loaded:\r\nRuleName: -\r\nUtcTime: 2021-04-27 08:07:58.720\r\nProcessGuid: {1978b227-c65e-6087-7e7b-000000000500}\r\nProcessId: 4564\r\nImage: C:\\Program Files\\Windows Defender Advanced Threat Protection\\SenseCncProxy.exe\r\nImageLoaded: C:\\Windows\\System32\\winhttp.dll\r\nFileVersion: 10.0.17763.1728 (WinBuild.160101.0800)\r\nDescription: Windows HTTP Services\r\nProduct: Microsoft® Windows® Operating System\r\nCompany: Microsoft Corporation\r\nOriginalFileName: winhttp.dll\r\nHashes: SHA1=AF15AE8C859A975F641BD1636EF54C109A579965,MD5=A047A8140F82AED4B7368163DC9FE0EE,SHA256=71D7B5063DA318A225BE4AE7B9C0BA31BC3CC4DE4F53399CB15E79F4B592FB85,IMPHASH=1BE2C0144B18FCB398AD7669B11DE552\r\nSigned: true\r\nSignature: Microsoft Windows\r\nSignatureStatus: Valid","Task":"7","RuleName":"-","UtcTime":"2021-04-27 08:07:58.720","ProcessGuid":"{1978b227-c65e-6087-7e7b-000000000500}","ProcessId":"4564","Image":"C:\\Program Files\\Windows Defender Advanced Threat Protection\\SenseCncProxy.exe","ImageLoaded":"C:\\Windows\\System32\\winhttp.dll","FileVersion":"10.0.17763.1728 (WinBuild.160101.0800)","Description":"Windows HTTP Services","Product":"Microsoft® Windows® Operating System","Company":"Microsoft Corporation","OriginalFileName":"winhttp.dll","Hashes":"SHA1=AF15AE8C859A975F641BD1636EF54C109A579965,MD5=A047A8140F82AED4B7368163DC9FE0EE,SHA256=71D7B5063DA318A225BE4AE7B9C0BA31BC3CC4DE4F53399CB15E79F4B592FB85,IMPHASH=1BE2C0144B18FCB398AD7669B11DE552","Signed":"true","Signature":"Microsoft Windows","SignatureStatus":"Valid"}
{"SourceName":"Microsoft-Windows-Sysmon","ProviderGuid":"{5770385f-c22a-43e0-bf4c-06f5698ffbd9}","Level":"4","Keywords":"0x8000000000000000","Channel":"Microsoft-Windows-Sysmon/Operational","Hostname":"ADFS01.blacksmith.local","TimeCreated":"2021-04-27T04:07:58.727Z","@timestamp":"2021-04-27T04:07:58.727Z","EventID":7,"Message":"Image loaded:\r\nRuleName: -\r\nUtcTime: 2021-04-27 08:07:58.720\r\nProcessGuid: {1978b227-c65e-6087-7e7b-000000000500}\r\nProcessId: 4564\r\nImage: C:\\Program Files\\Windows Defender Advanced Threat Protection\\SenseCncProxy.exe\r\nImageLoaded: C:\\Windows\\System32\\userenv.dll\r\nFileVersion: 10.0.17763.1728 (WinBuild.160101.0800)\r\nDescription: Userenv\r\nProduct: Microsoft® Windows® Operating System\r\nCompany: Microsoft Corporation\r\nOriginalFileName: userenv.dll\r\nHashes: SHA1=8AC9A864DE60B752193495F9DFA684D40D5A5C6B,MD5=1996F05C22F775F207FFFFDC87040701,SHA256=DD74EFB99D66AD0FEA891583AF3128E4A9068EF8BC073409B5AB6FC61F940553,IMPHASH=B791B67E566C7D7E041EC14ADDBE35BD\r\nSigned: true\r\nSignature: Microsoft Windows\r\nSignatureStatus: Valid","Task":"7","RuleName":"-","UtcTime":"2021-04-27 08:07:58.720","ProcessGuid":"{1978b227-c65e-6087-7e7b-000000000500}","ProcessId":"4564","Image":"C:\\Program Files\\Windows Defender Advanced Threat Protection\\SenseCncProxy.exe","ImageLoaded":"C:\\Windows\\System32\\userenv.dll","FileVersion":"10.0.17763.1728 (WinBuild.160101.0800)","Description":"Userenv","Product":"Microsoft® Windows® Operating System","Company":"Microsoft Corporation","OriginalFileName":"userenv.dll","Hashes":"SHA1=8AC9A864DE60B752193495F9DFA684D40D5A5C6B,MD5=1996F05C22F775F207FFFFDC87040701,SHA256=DD74EFB99D66AD0FEA891583AF3128E4A9068EF8BC073409B5AB6FC61F940553,IMPHASH=B791B67E566C7D7E041EC14ADDBE35BD","Signed":"true","Signature":"Microsoft Windows","SignatureStatus":"Valid"}
{"SourceName":"Microsoft-Windows-Sysmon","ProviderGuid":"{5770385f-c22a-43e0-bf4c-06f5698ffbd9}","Level":"4","Keywords":"0x8000000000000000","Channel":"Microsoft-Windows-Sysmon/Operational","Hostname":"ADFS01.blacksmith.local","TimeCreated":"2021-04-27T04:07:58.728Z","@timestamp":"2021-04-27T04:07:58.728Z","EventID":7,"Message":"Image loaded:\r\nRuleName: -\r\nUtcTime: 2021-04-27 08:07:58.720\r\nProcessGuid: {1978b227-c65e-6087-7e7b-000000000500}\r\nProcessId: 4564\r\nImage: C:\\Program Files\\Windows Defender Advanced Threat Protection\\SenseCncProxy.exe\r\nImageLoaded: C:\\Windows\\System32\\dpapi.dll\r\nFileVersion: 10.0.17763.1 (WinBuild.160101.0800)\r\nDescription: Data Protection API\r\nProduct: Microsoft® Windows® Operating System\r\nCompany: Microsoft Corporation\r\nOriginalFileName: dpapi.dll\r\nHashes: SHA1=C50FDD4A17CA9451C66413BA04ED2CC79883AD16,MD5=CF864B08CEA15894A4E6E676A7FE89A3,SHA256=0D1488B2FF471C1EF2F8F2742D685A8778B2C1512A044BDF2606C3ED92E0B512,IMPHASH=C591E3A4DDFE145A26EEC16DB70623B7\r\nSigned: true\r\nSignature: Microsoft Windows\r\nSignatureStatus: Valid","Task":"7","RuleName":"-","UtcTime":"2021-04-27 08:07:58.720","ProcessGuid":"{1978b227-c65e-6087-7e7b-000000000500}","ProcessId":"4564","Image":"C:\\Program Files\\Windows Defender Advanced Threat Protection\\SenseCncProxy.exe","ImageLoaded":"C:\\Windows\\System32\\dpapi.dll","FileVersion":"10.0.17763.1 (WinBuild.160101.0800)","Description":"Data Protection API","Product":"Microsoft® Windows® Operating System","Company":"Microsoft Corporation","OriginalFileName":"dpapi.dll","Hashes":"SHA1=C50FDD4A17CA9451C66413BA04ED2CC79883AD16,MD5=CF864B08CEA15894A4E6E676A7FE89A3,SHA256=0D1488B2FF471C1EF2F8F2742D685A8778B2C1512A044BDF2606C3ED92E0B512,IMPHASH=C591E3A4DDFE145A26EEC16DB70623B7","Signed":"true","Signature":"Microsoft Windows","SignatureStatus":"Valid"}
{"SourceName":"Microsoft-Windows-Sysmon","ProviderGuid":"{5770385f-c22a-43e0-bf4c-06f5698ffbd9}","Level":"4","Keywords":"0x8000000000000000","Channel":"Microsoft-Windows-Sysmon/Operational","Hostname":"ADFS01.blacksmith.local","TimeCreated":"2021-04-27T04:07:58.733Z","@timestamp":"2021-04-27T04:07:58.733Z","EventID":7,"Message":"Image loaded:\r\nRuleName: -\r\nUtcTime: 2021-04-27 08:07:58.720\r\nProcessGuid: {1978b227-c65e-6087-7e7b-000000000500}\r\nProcessId: 4564\r\nImage: C:\\Program Files\\Windows Defender Advanced Threat Protection\\SenseCncProxy.exe\r\nImageLoaded: C:\\Windows\\System32\\clbcatq.dll\r\nFileVersion: 2001.12.10941.16384 (WinBuild.160101.0800)\r\nDescription: COM+ Configuration Catalog\r\nProduct: Microsoft® Windows® Operating System\r\nCompany: Microsoft Corporation\r\nOriginalFileName: CLBCATQ.DLL\r\nHashes: SHA1=55EF35D19CEEBB6D38BD788FF7D29438478E93C9,MD5=12112113BDFAF0CC03517604440217D5,SHA256=C5D4F3DFA14DEABD6A845E6F0B04C39A9A539C1A4D6C71B25943EB9BF9C9A3F5,IMPHASH=3773D947C51AA49608827241D89C54A6\r\nSigned: true\r\nSignature: Microsoft Windows\r\nSignatureStatus: Valid","Task":"7","RuleName":"-","UtcTime":"2021-04-27 08:07:58.720","ProcessGuid":"{1978b227-c65e-6087-7e7b-000000000500}","ProcessId":"4564","Image":"C:\\Program Files\\Windows Defender Advanced Threat Protection\\SenseCncProxy.exe","ImageLoaded":"C:\\Windows\\System32\\clbcatq.dll","FileVersion":"2001.12.10941.16384 (WinBuild.160101.0800)","Description":"COM+ Configuration Catalog","Product":"Microsoft® Windows® Operating System","Company":"Microsoft Corporation","OriginalFileName":"CLBCATQ.DLL","Hashes":"SHA1=55EF35D19CEEBB6D38BD788FF7D29438478E93C9,MD5=12112113BDFAF0CC03517604440217D5,SHA256=C5D4F3DFA14DEABD6A845E6F0B04C39A9A539C1A4D6C71B25943EB9BF9C9A3F5,IMPHASH=3773D947C51AA49608827241D89C54A6","Signed":"true","Signature":"Microsoft Windows","SignatureStatus":"Valid"}
{"SourceName":"Microsoft-Windows-Sysmon","ProviderGuid":"{5770385f-c22a-43e0-bf4c-06f5698ffbd9}","Level":"4","Keywords":"0x8000000000000000","Channel":"Microsoft-Windows-Sysmon/Operational","Hostname":"ADFS01.blacksmith.local","TimeCreated":"2021-04-27T04:07:58.737Z","@timestamp":"2021-04-27T04:07:58.737Z","EventID":7,"Message":"Image loaded:\r\nRuleName: -\r\nUtcTime: 2021-04-27 08:07:58.735\r\nProcessGuid: {1978b227-c65e-6087-7e7b-000000000500}\r\nProcessId: 4564\r\nImage: C:\\Program Files\\Windows Defender Advanced Threat Protection\\SenseCncProxy.exe\r\nImageLoaded: C:\\Program Files\\Windows Defender Advanced Threat Protection\\SenseCncPS.dll\r\nFileVersion: 10.7740.17763.1852 (WinBuild.160101.0800)\r\nDescription: Windows Defender Advanced Threat Protection Communications module\r\nProduct: Microsoft® Windows® Operating System\r\nCompany: Microsoft Corporation\r\nOriginalFileName: SenseCncPS.Dll\r\nHashes: SHA1=07A024CA795ED8890065588B64A4936B589550B6,MD5=05707B8549B0E70195E0ED825DB60E0B,SHA256=44ED43ECB42A0F908E837C1409CE6589EB51C839541FAFF6A4C6C8EB433D8AE3,IMPHASH=24C1684AB946F386B8149F376997CCD6\r\nSigned: true\r\nSignature: Microsoft Windows\r\nSignatureStatus: Valid","Task":"7","RuleName":"-","UtcTime":"2021-04-27 08:07:58.735","ProcessGuid":"{1978b227-c65e-6087-7e7b-000000000500}","ProcessId":"4564","Image":"C:\\Program Files\\Windows Defender Advanced Threat Protection\\SenseCncProxy.exe","ImageLoaded":"C:\\Program Files\\Windows Defender Advanced Threat Protection\\SenseCncPS.dll","FileVersion":"10.7740.17763.1852 (WinBuild.160101.0800)","Description":"Windows Defender Advanced Threat Protection Communications module","Product":"Microsoft® Windows® Operating System","Company":"Microsoft Corporation","OriginalFileName":"SenseCncPS.Dll","Hashes":"SHA1=07A024CA795ED8890065588B64A4936B589550B6,MD5=05707B8549B0E70195E0ED825DB60E0B,SHA256=44ED43ECB42A0F908E837C1409CE6589EB51C839541FAFF6A4C6C8EB433D8AE3,IMPHASH=24C1684AB946F386B8149F376997CCD6","Signed":"true","Signature":"Microsoft Windows","SignatureStatus":"Valid"}
