{"SourceName":"Microsoft-Windows-Sysmon","ProviderGuid":"{5770385f-c22a-43e0-bf4c-06f5698ffbd9}","Level":"4","Keywords":"0x8000000000000000","Channel":"Microsoft-Windows-Sysmon/Operational","Hostname":"ADFS01.blacksmith.local","TimeCreated":"2021-04-27T04:07:56.318Z","@timestamp":"2021-04-27T04:07:56.318Z","EventID":12,"Message":"Registry object added or deleted:\r\nRuleName: -\r\nEventType: CreateKey\r\nUtcTime: 2021-04-27 08:07:56.316\r\nProcessGuid: {1978b227-5270-6077-9c00-000000000500}\r\nProcessId: 1900\r\nImage: C:\\Windows\\ADFS\\Microsoft.IdentityServer.ServiceHost.exe\r\nTargetObject: HKLM\\System\\CurrentControlSet\\Services\\Tcpip\\Parameters","Task":"12","RuleName":"-","EventType":"CreateKey","UtcTime":"2021-04-27 08:07:56.316","ProcessGuid":"{1978b227-5270-6077-9c00-000000000500}","ProcessId":"1900","Image":"C:\\Windows\\ADFS\\Microsoft.IdentityServer.ServiceHost.exe","TargetObject":"HKLM\\System\\CurrentControlSet\\Services\\Tcpip\\Parameters"}
{"SourceName":"Microsoft-Windows-Sysmon","ProviderGuid":"{5770385f-c22a-43e0-bf4c-06f5698ffbd9}","Level":"4","Keywords":"0x8000000000000000","Channel":"Microsoft-Windows-Sysmon/Operational","Hostname":"ADFS01.blacksmith.local","TimeCreated":"2021-04-27T04:07:56.318Z","@timestamp":"2021-04-27T04:07:56.318Z","EventID":12,"Message":"Registry object added or deleted:\r\nRuleName: -\r\nEventType: CreateKey\r\nUtcTime: 2021-04-27 08:07:56.316\r\nProcessGuid: {1978b227-5270-6077-9c00-000000000500}\r\nProcessId: 1900\r\nImage: C:\\Windows\\ADFS\\Microsoft.IdentityServer.ServiceHost.exe\r\nTargetObject: HKLM\\System\\CurrentControlSet\\Services\\Tcpip\\Parameters","Task":"12","RuleName":"-","EventType":"CreateKey","UtcTime":"2021-04-27 08:07:56.316","ProcessGuid":"{1978b227-5270-6077-9c00-000000000500}","ProcessId":"1900","Image":"C:\\Windows\\ADFS\\Microsoft.IdentityServer.ServiceHost.exe","TargetObject":"HKLM\\System\\CurrentControlSet\\Services\\Tcpip\\Parameters"}
{"SourceName":"Microsoft-Windows-Sysmon","ProviderGuid":"{5770385f-c22a-43e0-bf4c-06f5698ffbd9}","Level":"4","Keywords":"0x8000000000000000","Channel":"Microsoft-Windows-Sysmon/Operational","Hostname":"ADFS01.blacksmith.local","TimeCreated":"2021-04-27T04:07:56.325Z","@timestamp":"2021-04-27T04:07:56.325Z","EventID":18,"Message":"Pipe Connected:\r\nRuleName: -\r\nEventType: ConnectPipe\r\nUtcTime: 2021-04-27 08:07:56.316\r\nProcessGuid: {1978b227-5270-6077-9c00-000000000500}\r\nProcessId: 1900\r\nPipeName: \\MICROSOFT##WID\\tsql\\query\r\nImage: C:\\Windows\\ADFS\\Microsoft.IdentityServer.ServiceHost.exe","Task":"18","RuleName":"-","EventType":"ConnectPipe","UtcTime":"2021-04-27 08:07:56.316","ProcessGuid":"{1978b227-5270-6077-9c00-000000000500}","ProcessId":"1900","PipeName":"\\MICROSOFT##WID\\tsql\\query","Image":"C:\\Windows\\ADFS\\Microsoft.IdentityServer.ServiceHost.exe"}
{"SourceName":"Microsoft-Windows-Sysmon","ProviderGuid":"{5770385f-c22a-43e0-bf4c-06f5698ffbd9}","Level":"4","Keywords":"0x8000000000000000","Channel":"Microsoft-Windows-Sysmon/Operational","Hostname":"ADFS01.blacksmith.local","TimeCreated":"2021-04-27T04:07:56.379Z","@timestamp":"2021-04-27T04:07:56.379Z","EventID":12,"Message":"Registry object added or deleted:\r\nRuleName: -\r\nEventType: CreateKey\r\nUtcTime: 2021-04-27 08:07:56.378\r\nProcessGuid: {1978b227-51d4-6077-5100-000000000500}\r\nProcessId: 3748\r\nImage: C:\\Windows\\WID\\Binn\\sqlservr.exe\r\nTargetObject: HKU\\S-1-5-80-1184457765-4068085190-3456807688-2200952327-3769537534\\Software\\Microsoft\\Windows\\CurrentVersion\\WinTrust\\Trust Providers\\Software Publishing","Task":"12","RuleName":"-","EventType":"CreateKey","UtcTime":"2021-04-27 08:07:56.378","ProcessGuid":"{1978b227-51d4-6077-5100-000000000500}","ProcessId":"3748","Image":"C:\\Windows\\WID\\Binn\\sqlservr.exe","TargetObject":"HKU\\S-1-5-80-1184457765-4068085190-3456807688-2200952327-3769537534\\Software\\Microsoft\\Windows\\CurrentVersion\\WinTrust\\Trust Providers\\Software Publishing"}
{"SourceName":"Microsoft-Windows-Sysmon","ProviderGuid":"{5770385f-c22a-43e0-bf4c-06f5698ffbd9}","Level":"4","Keywords":"0x8000000000000000","Channel":"Microsoft-Windows-Sysmon/Operational","Hostname":"ADFS01.blacksmith.local","TimeCreated":"2021-04-27T04:07:56.381Z","@timestamp":"2021-04-27T04:07:56.381Z","EventID":12,"Message":"Registry object added or deleted:\r\nRuleName: -\r\nEventType: CreateKey\r\nUtcTime: 2021-04-27 08:07:56.378\r\nProcessGuid: {1978b227-51d4-6077-5100-000000000500}\r\nProcessId: 3748\r\nImage: C:\\Windows\\WID\\Binn\\sqlservr.exe\r\nTargetObject: HKU\\S-1-5-80-1184457765-4068085190-3456807688-2200952327-3769537534\\Software\\Microsoft\\SystemCertificates\\Disallowed","Task":"12","RuleName":"-","EventType":"CreateKey","UtcTime":"2021-04-27 08:07:56.378","ProcessGuid":"{1978b227-51d4-6077-5100-000000000500}","ProcessId":"3748","Image":"C:\\Windows\\WID\\Binn\\sqlservr.exe","TargetObject":"HKU\\S-1-5-80-1184457765-4068085190-3456807688-2200952327-3769537534\\Software\\Microsoft\\SystemCertificates\\Disallowed"}
{"SourceName":"Microsoft-Windows-Sysmon","ProviderGuid":"{5770385f-c22a-43e0-bf4c-06f5698ffbd9}","Level":"4","Keywords":"0x8000000000000000","Channel":"Microsoft-Windows-Sysmon/Operational","Hostname":"ADFS01.blacksmith.local","TimeCreated":"2021-04-27T04:07:56.381Z","@timestamp":"2021-04-27T04:07:56.381Z","EventID":12,"Message":"Registry object added or deleted:\r\nRuleName: -\r\nEventType: CreateKey\r\nUtcTime: 2021-04-27 08:07:56.378\r\nProcessGuid: {1978b227-51d4-6077-5100-000000000500}\r\nProcessId: 3748\r\nImage: C:\\Windows\\WID\\Binn\\sqlservr.exe\r\nTargetObject: HKU\\S-1-5-80-1184457765-4068085190-3456807688-2200952327-3769537534\\Software\\Microsoft\\SystemCertificates\\Disallowed","Task":"12","RuleName":"-","EventType":"CreateKey","UtcTime":"2021-04-27 08:07:56.378","ProcessGuid":"{1978b227-51d4-6077-5100-000000000500}","ProcessId":"3748","Image":"C:\\Windows\\WID\\Binn\\sqlservr.exe","TargetObject":"HKU\\S-1-5-80-1184457765-4068085190-3456807688-2200952327-3769537534\\Software\\Microsoft\\SystemCertificates\\Disallowed"}
{"SourceName":"Microsoft-Windows-Sysmon","ProviderGuid":"{5770385f-c22a-43e0-bf4c-06f5698ffbd9}","Level":"4","Keywords":"0x8000000000000000","Channel":"Microsoft-Windows-Sysmon/Operational","Hostname":"ADFS01.blacksmith.local","TimeCreated":"2021-04-27T04:07:56.381Z","@timestamp":"2021-04-27T04:07:56.381Z","EventID":12,"Message":"Registry object added or deleted:\r\nRuleName: -\r\nEventType: CreateKey\r\nUtcTime: 2021-04-27 08:07:56.378\r\nProcessGuid: {1978b227-51d4-6077-5100-000000000500}\r\nProcessId: 3748\r\nImage: C:\\Windows\\WID\\Binn\\sqlservr.exe\r\nTargetObject: HKU\\S-1-5-80-1184457765-4068085190-3456807688-2200952327-3769537534\\Software\\Microsoft\\SystemCertificates\\Disallowed\\Certificates","Task":"12","RuleName":"-","EventType":"CreateKey","UtcTime":"2021-04-27 08:07:56.378","ProcessGuid":"{1978b227-51d4-6077-5100-000000000500}","ProcessId":"3748","Image":"C:\\Windows\\WID\\Binn\\sqlservr.exe","TargetObject":"HKU\\S-1-5-80-1184457765-4068085190-3456807688-2200952327-3769537534\\Software\\Microsoft\\SystemCertificates\\Disallowed\\Certificates"}
{"SourceName":"Microsoft-Windows-Sysmon","ProviderGuid":"{5770385f-c22a-43e0-bf4c-06f5698ffbd9}","Level":"4","Keywords":"0x8000000000000000","Channel":"Microsoft-Windows-Sysmon/Operational","Hostname":"ADFS01.blacksmith.local","TimeCreated":"2021-04-27T04:07:56.381Z","@timestamp":"2021-04-27T04:07:56.381Z","EventID":12,"Message":"Registry object added or deleted:\r\nRuleName: -\r\nEventType: CreateKey\r\nUtcTime: 2021-04-27 08:07:56.378\r\nProcessGuid: {1978b227-51d4-6077-5100-000000000500}\r\nProcessId: 3748\r\nImage: C:\\Windows\\WID\\Binn\\sqlservr.exe\r\nTargetObject: HKU\\S-1-5-80-1184457765-4068085190-3456807688-2200952327-3769537534\\Software\\Microsoft\\SystemCertificates\\Disallowed\\CRLs","Task":"12","RuleName":"-","EventType":"CreateKey","UtcTime":"2021-04-27 08:07:56.378","ProcessGuid":"{1978b227-51d4-6077-5100-000000000500}","ProcessId":"3748","Image":"C:\\Windows\\WID\\Binn\\sqlservr.exe","TargetObject":"HKU\\S-1-5-80-1184457765-4068085190-3456807688-2200952327-3769537534\\Software\\Microsoft\\SystemCertificates\\Disallowed\\CRLs"}
{"SourceName":"Microsoft-Windows-Sysmon","ProviderGuid":"{5770385f-c22a-43e0-bf4c-06f5698ffbd9}","Level":"4","Keywords":"0x8000000000000000","Channel":"Microsoft-Windows-Sysmon/Operational","Hostname":"ADFS01.blacksmith.local","TimeCreated":"2021-04-27T04:07:56.381Z","@timestamp":"2021-04-27T04:07:56.381Z","EventID":12,"Message":"Registry object added or deleted:\r\nRuleName: -\r\nEventType: CreateKey\r\nUtcTime: 2021-04-27 08:07:56.378\r\nProcessGuid: {1978b227-51d4-6077-5100-000000000500}\r\nProcessId: 3748\r\nImage: C:\\Windows\\WID\\Binn\\sqlservr.exe\r\nTargetObject: HKU\\S-1-5-80-1184457765-4068085190-3456807688-2200952327-3769537534\\Software\\Microsoft\\SystemCertificates\\Disallowed\\CTLs","Task":"12","RuleName":"-","EventType":"CreateKey","UtcTime":"2021-04-27 08:07:56.378","ProcessGuid":"{1978b227-51d4-6077-5100-000000000500}","ProcessId":"3748","Image":"C:\\Windows\\WID\\Binn\\sqlservr.exe","TargetObject":"HKU\\S-1-5-80-1184457765-4068085190-3456807688-2200952327-3769537534\\Software\\Microsoft\\SystemCertificates\\Disallowed\\CTLs"}
{"SourceName":"Microsoft-Windows-Sysmon","ProviderGuid":"{5770385f-c22a-43e0-bf4c-06f5698ffbd9}","Level":"4","Keywords":"0x8000000000000000","Channel":"Microsoft-Windows-Sysmon/Operational","Hostname":"ADFS01.blacksmith.local","TimeCreated":"2021-04-27T04:07:56.382Z","@timestamp":"2021-04-27T04:07:56.382Z","EventID":12,"Message":"Registry object added or deleted:\r\nRuleName: -\r\nEventType: CreateKey\r\nUtcTime: 2021-04-27 08:07:56.378\r\nProcessGuid: {1978b227-51d4-6077-5100-000000000500}\r\nProcessId: 3748\r\nImage: C:\\Windows\\WID\\Binn\\sqlservr.exe\r\nTargetObject: HKU\\S-1-5-80-1184457765-4068085190-3456807688-2200952327-3769537534\\Software","Task":"12","RuleName":"-","EventType":"CreateKey","UtcTime":"2021-04-27 08:07:56.378","ProcessGuid":"{1978b227-51d4-6077-5100-000000000500}","ProcessId":"3748","Image":"C:\\Windows\\WID\\Binn\\sqlservr.exe","TargetObject":"HKU\\S-1-5-80-1184457765-4068085190-3456807688-2200952327-3769537534\\Software"}
{"SourceName":"Microsoft-Windows-Sysmon","ProviderGuid":"{5770385f-c22a-43e0-bf4c-06f5698ffbd9}","Level":"4","Keywords":"0x8000000000000000","Channel":"Microsoft-Windows-Sysmon/Operational","Hostname":"ADFS01.blacksmith.local","TimeCreated":"2021-04-27T04:07:56.382Z","@timestamp":"2021-04-27T04:07:56.382Z","EventID":12,"Message":"Registry object added or deleted:\r\nRuleName: -\r\nEventType: CreateKey\r\nUtcTime: 2021-04-27 08:07:56.378\r\nProcessGuid: {1978b227-51d4-6077-5100-000000000500}\r\nProcessId: 3748\r\nImage: C:\\Windows\\WID\\Binn\\sqlservr.exe\r\nTargetObject: HKU\\S-1-5-80-1184457765-4068085190-3456807688-2200952327-3769537534\\Software\\Policies","Task":"12","RuleName":"-","EventType":"CreateKey","UtcTime":"2021-04-27 08:07:56.378","ProcessGuid":"{1978b227-51d4-6077-5100-000000000500}","ProcessId":"3748","Image":"C:\\Windows\\WID\\Binn\\sqlservr.exe","TargetObject":"HKU\\S-1-5-80-1184457765-4068085190-3456807688-2200952327-3769537534\\Software\\Policies"}
{"SourceName":"Microsoft-Windows-Sysmon","ProviderGuid":"{5770385f-c22a-43e0-bf4c-06f5698ffbd9}","Level":"4","Keywords":"0x8000000000000000","Channel":"Microsoft-Windows-Sysmon/Operational","Hostname":"ADFS01.blacksmith.local","TimeCreated":"2021-04-27T04:07:56.382Z","@timestamp":"2021-04-27T04:07:56.382Z","EventID":12,"Message":"Registry object added or deleted:\r\nRuleName: -\r\nEventType: CreateKey\r\nUtcTime: 2021-04-27 08:07:56.378\r\nProcessGuid: {1978b227-51d4-6077-5100-000000000500}\r\nProcessId: 3748\r\nImage: C:\\Windows\\WID\\Binn\\sqlservr.exe\r\nTargetObject: HKU\\S-1-5-80-1184457765-4068085190-3456807688-2200952327-3769537534\\Software\\Policies\\Microsoft","Task":"12","RuleName":"-","EventType":"CreateKey","UtcTime":"2021-04-27 08:07:56.378","ProcessGuid":"{1978b227-51d4-6077-5100-000000000500}","ProcessId":"3748","Image":"C:\\Windows\\WID\\Binn\\sqlservr.exe","TargetObject":"HKU\\S-1-5-80-1184457765-4068085190-3456807688-2200952327-3769537534\\Software\\Policies\\Microsoft"}
{"SourceName":"Microsoft-Windows-Sysmon","ProviderGuid":"{5770385f-c22a-43e0-bf4c-06f5698ffbd9}","Level":"4","Keywords":"0x8000000000000000","Channel":"Microsoft-Windows-Sysmon/Operational","Hostname":"ADFS01.blacksmith.local","TimeCreated":"2021-04-27T04:07:56.382Z","@timestamp":"2021-04-27T04:07:56.382Z","EventID":12,"Message":"Registry object added or deleted:\r\nRuleName: -\r\nEventType: CreateKey\r\nUtcTime: 2021-04-27 08:07:56.378\r\nProcessGuid: {1978b227-51d4-6077-5100-000000000500}\r\nProcessId: 3748\r\nImage: C:\\Windows\\WID\\Binn\\sqlservr.exe\r\nTargetObject: HKLM\\SOFTWARE","Task":"12","RuleName":"-","EventType":"CreateKey","UtcTime":"2021-04-27 08:07:56.378","ProcessGuid":"{1978b227-51d4-6077-5100-000000000500}","ProcessId":"3748","Image":"C:\\Windows\\WID\\Binn\\sqlservr.exe","TargetObject":"HKLM\\SOFTWARE"}
{"SourceName":"Microsoft-Windows-Sysmon","ProviderGuid":"{5770385f-c22a-43e0-bf4c-06f5698ffbd9}","Level":"4","Keywords":"0x8000000000000000","Channel":"Microsoft-Windows-Sysmon/Operational","Hostname":"ADFS01.blacksmith.local","TimeCreated":"2021-04-27T04:07:56.382Z","@timestamp":"2021-04-27T04:07:56.382Z","EventID":12,"Message":"Registry object added or deleted:\r\nRuleName: -\r\nEventType: CreateKey\r\nUtcTime: 2021-04-27 08:07:56.378\r\nProcessGuid: {1978b227-51d4-6077-5100-000000000500}\r\nProcessId: 3748\r\nImage: C:\\Windows\\WID\\Binn\\sqlservr.exe\r\nTargetObject: HKLM\\SOFTWARE\\Microsoft","Task":"12","RuleName":"-","EventType":"CreateKey","UtcTime":"2021-04-27 08:07:56.378","ProcessGuid":"{1978b227-51d4-6077-5100-000000000500}","ProcessId":"3748","Image":"C:\\Windows\\WID\\Binn\\sqlservr.exe","TargetObject":"HKLM\\SOFTWARE\\Microsoft"}
{"SourceName":"Microsoft-Windows-Sysmon","ProviderGuid":"{5770385f-c22a-43e0-bf4c-06f5698ffbd9}","Level":"4","Keywords":"0x8000000000000000","Channel":"Microsoft-Windows-Sysmon/Operational","Hostname":"ADFS01.blacksmith.local","TimeCreated":"2021-04-27T04:07:56.382Z","@timestamp":"2021-04-27T04:07:56.382Z","EventID":12,"Message":"Registry object added or deleted:\r\nRuleName: -\r\nEventType: CreateKey\r\nUtcTime: 2021-04-27 08:07:56.378\r\nProcessGuid: {1978b227-51d4-6077-5100-000000000500}\r\nProcessId: 3748\r\nImage: C:\\Windows\\WID\\Binn\\sqlservr.exe\r\nTargetObject: HKLM\\SOFTWARE\\Microsoft\\SystemCertificates","Task":"12","RuleName":"-","EventType":"CreateKey","UtcTime":"2021-04-27 08:07:56.378","ProcessGuid":"{1978b227-51d4-6077-5100-000000000500}","ProcessId":"3748","Image":"C:\\Windows\\WID\\Binn\\sqlservr.exe","TargetObject":"HKLM\\SOFTWARE\\Microsoft\\SystemCertificates"}
{"SourceName":"Microsoft-Windows-Sysmon","ProviderGuid":"{5770385f-c22a-43e0-bf4c-06f5698ffbd9}","Level":"4","Keywords":"0x8000000000000000","Channel":"Microsoft-Windows-Sysmon/Operational","Hostname":"ADFS01.blacksmith.local","TimeCreated":"2021-04-27T04:07:56.382Z","@timestamp":"2021-04-27T04:07:56.382Z","EventID":12,"Message":"Registry object added or deleted:\r\nRuleName: -\r\nEventType: CreateKey\r\nUtcTime: 2021-04-27 08:07:56.378\r\nProcessGuid: {1978b227-51d4-6077-5100-000000000500}\r\nProcessId: 3748\r\nImage: C:\\Windows\\WID\\Binn\\sqlservr.exe\r\nTargetObject: HKLM\\SOFTWARE","Task":"12","RuleName":"-","EventType":"CreateKey","UtcTime":"2021-04-27 08:07:56.378","ProcessGuid":"{1978b227-51d4-6077-5100-000000000500}","ProcessId":"3748","Image":"C:\\Windows\\WID\\Binn\\sqlservr.exe","TargetObject":"HKLM\\SOFTWARE"}
{"SourceName":"Microsoft-Windows-Sysmon","ProviderGuid":"{5770385f-c22a-43e0-bf4c-06f5698ffbd9}","Level":"4","Keywords":"0x8000000000000000","Channel":"Microsoft-Windows-Sysmon/Operational","Hostname":"ADFS01.blacksmith.local","TimeCreated":"2021-04-27T04:07:56.382Z","@timestamp":"2021-04-27T04:07:56.382Z","EventID":12,"Message":"Registry object added or deleted:\r\nRuleName: -\r\nEventType: CreateKey\r\nUtcTime: 2021-04-27 08:07:56.378\r\nProcessGuid: {1978b227-51d4-6077-5100-000000000500}\r\nProcessId: 3748\r\nImage: C:\\Windows\\WID\\Binn\\sqlservr.exe\r\nTargetObject: HKLM\\SOFTWARE\\Microsoft","Task":"12","RuleName":"-","EventType":"CreateKey","UtcTime":"2021-04-27 08:07:56.378","ProcessGuid":"{1978b227-51d4-6077-5100-000000000500}","ProcessId":"3748","Image":"C:\\Windows\\WID\\Binn\\sqlservr.exe","TargetObject":"HKLM\\SOFTWARE\\Microsoft"}
{"SourceName":"Microsoft-Windows-Sysmon","ProviderGuid":"{5770385f-c22a-43e0-bf4c-06f5698ffbd9}","Level":"4","Keywords":"0x8000000000000000","Channel":"Microsoft-Windows-Sysmon/Operational","Hostname":"ADFS01.blacksmith.local","TimeCreated":"2021-04-27T04:07:56.382Z","@timestamp":"2021-04-27T04:07:56.382Z","EventID":12,"Message":"Registry object added or deleted:\r\nRuleName: -\r\nEventType: CreateKey\r\nUtcTime: 2021-04-27 08:07:56.378\r\nProcessGuid: {1978b227-51d4-6077-5100-000000000500}\r\nProcessId: 3748\r\nImage: C:\\Windows\\WID\\Binn\\sqlservr.exe\r\nTargetObject: HKLM\\SOFTWARE\\Microsoft\\SystemCertificates","Task":"12","RuleName":"-","EventType":"CreateKey","UtcTime":"2021-04-27 08:07:56.378","ProcessGuid":"{1978b227-51d4-6077-5100-000000000500}","ProcessId":"3748","Image":"C:\\Windows\\WID\\Binn\\sqlservr.exe","TargetObject":"HKLM\\SOFTWARE\\Microsoft\\SystemCertificates"}
{"SourceName":"Microsoft-Windows-Sysmon","ProviderGuid":"{5770385f-c22a-43e0-bf4c-06f5698ffbd9}","Level":"4","Keywords":"0x8000000000000000","Channel":"Microsoft-Windows-Sysmon/Operational","Hostname":"ADFS01.blacksmith.local","TimeCreated":"2021-04-27T04:07:56.383Z","@timestamp":"2021-04-27T04:07:56.383Z","EventID":12,"Message":"Registry object added or deleted:\r\nRuleName: -\r\nEventType: CreateKey\r\nUtcTime: 2021-04-27 08:07:56.378\r\nProcessGuid: {1978b227-51d4-6077-5100-000000000500}\r\nProcessId: 3748\r\nImage: C:\\Windows\\WID\\Binn\\sqlservr.exe\r\nTargetObject: HKLM\\SOFTWARE","Task":"12","RuleName":"-","EventType":"CreateKey","UtcTime":"2021-04-27 08:07:56.378","ProcessGuid":"{1978b227-51d4-6077-5100-000000000500}","ProcessId":"3748","Image":"C:\\Windows\\WID\\Binn\\sqlservr.exe","TargetObject":"HKLM\\SOFTWARE"}
{"SourceName":"Microsoft-Windows-Sysmon","ProviderGuid":"{5770385f-c22a-43e0-bf4c-06f5698ffbd9}","Level":"4","Keywords":"0x8000000000000000","Channel":"Microsoft-Windows-Sysmon/Operational","Hostname":"ADFS01.blacksmith.local","TimeCreated":"2021-04-27T04:07:56.383Z","@timestamp":"2021-04-27T04:07:56.383Z","EventID":12,"Message":"Registry object added or deleted:\r\nRuleName: -\r\nEventType: CreateKey\r\nUtcTime: 2021-04-27 08:07:56.378\r\nProcessGuid: {1978b227-51d4-6077-5100-000000000500}\r\nProcessId: 3748\r\nImage: C:\\Windows\\WID\\Binn\\sqlservr.exe\r\nTargetObject: HKLM\\SOFTWARE\\Policies","Task":"12","RuleName":"-","EventType":"CreateKey","UtcTime":"2021-04-27 08:07:56.378","ProcessGuid":"{1978b227-51d4-6077-5100-000000000500}","ProcessId":"3748","Image":"C:\\Windows\\WID\\Binn\\sqlservr.exe","TargetObject":"HKLM\\SOFTWARE\\Policies"}
{"SourceName":"Microsoft-Windows-Sysmon","ProviderGuid":"{5770385f-c22a-43e0-bf4c-06f5698ffbd9}","Level":"4","Keywords":"0x8000000000000000","Channel":"Microsoft-Windows-Sysmon/Operational","Hostname":"ADFS01.blacksmith.local","TimeCreated":"2021-04-27T04:07:56.383Z","@timestamp":"2021-04-27T04:07:56.383Z","EventID":12,"Message":"Registry object added or deleted:\r\nRuleName: -\r\nEventType: CreateKey\r\nUtcTime: 2021-04-27 08:07:56.378\r\nProcessGuid: {1978b227-51d4-6077-5100-000000000500}\r\nProcessId: 3748\r\nImage: C:\\Windows\\WID\\Binn\\sqlservr.exe\r\nTargetObject: HKLM\\SOFTWARE\\Policies\\Microsoft","Task":"12","RuleName":"-","EventType":"CreateKey","UtcTime":"2021-04-27 08:07:56.378","ProcessGuid":"{1978b227-51d4-6077-5100-000000000500}","ProcessId":"3748","Image":"C:\\Windows\\WID\\Binn\\sqlservr.exe","TargetObject":"HKLM\\SOFTWARE\\Policies\\Microsoft"}
{"SourceName":"Microsoft-Windows-Sysmon","ProviderGuid":"{5770385f-c22a-43e0-bf4c-06f5698ffbd9}","Level":"4","Keywords":"0x8000000000000000","Channel":"Microsoft-Windows-Sysmon/Operational","Hostname":"ADFS01.blacksmith.local","TimeCreated":"2021-04-27T04:07:56.383Z","@timestamp":"2021-04-27T04:07:56.383Z","EventID":12,"Message":"Registry object added or deleted:\r\nRuleName: -\r\nEventType: CreateKey\r\nUtcTime: 2021-04-27 08:07:56.378\r\nProcessGuid: {1978b227-51d4-6077-5100-000000000500}\r\nProcessId: 3748\r\nImage: C:\\Windows\\WID\\Binn\\sqlservr.exe\r\nTargetObject: HKLM\\SOFTWARE\\Policies\\Microsoft\\SystemCertificates","Task":"12","RuleName":"-","EventType":"CreateKey","UtcTime":"2021-04-27 08:07:56.378","ProcessGuid":"{1978b227-51d4-6077-5100-000000000500}","ProcessId":"3748","Image":"C:\\Windows\\WID\\Binn\\sqlservr.exe","TargetObject":"HKLM\\SOFTWARE\\Policies\\Microsoft\\SystemCertificates"}
{"SourceName":"Microsoft-Windows-Sysmon","ProviderGuid":"{5770385f-c22a-43e0-bf4c-06f5698ffbd9}","Level":"4","Keywords":"0x8000000000000000","Channel":"Microsoft-Windows-Sysmon/Operational","Hostname":"ADFS01.blacksmith.local","TimeCreated":"2021-04-27T04:07:56.383Z","@timestamp":"2021-04-27T04:07:56.383Z","EventID":12,"Message":"Registry object added or deleted:\r\nRuleName: -\r\nEventType: CreateKey\r\nUtcTime: 2021-04-27 08:07:56.378\r\nProcessGuid: {1978b227-51d4-6077-5100-000000000500}\r\nProcessId: 3748\r\nImage: C:\\Windows\\WID\\Binn\\sqlservr.exe\r\nTargetObject: HKLM\\SOFTWARE","Task":"12","RuleName":"-","EventType":"CreateKey","UtcTime":"2021-04-27 08:07:56.378","ProcessGuid":"{1978b227-51d4-6077-5100-000000000500}","ProcessId":"3748","Image":"C:\\Windows\\WID\\Binn\\sqlservr.exe","TargetObject":"HKLM\\SOFTWARE"}
{"SourceName":"Microsoft-Windows-Sysmon","ProviderGuid":"{5770385f-c22a-43e0-bf4c-06f5698ffbd9}","Level":"4","Keywords":"0x8000000000000000","Channel":"Microsoft-Windows-Sysmon/Operational","Hostname":"ADFS01.blacksmith.local","TimeCreated":"2021-04-27T04:07:56.383Z","@timestamp":"2021-04-27T04:07:56.383Z","EventID":12,"Message":"Registry object added or deleted:\r\nRuleName: -\r\nEventType: CreateKey\r\nUtcTime: 2021-04-27 08:07:56.378\r\nProcessGuid: {1978b227-51d4-6077-5100-000000000500}\r\nProcessId: 3748\r\nImage: C:\\Windows\\WID\\Binn\\sqlservr.exe\r\nTargetObject: HKLM\\SOFTWARE\\Microsoft","Task":"12","RuleName":"-","EventType":"CreateKey","UtcTime":"2021-04-27 08:07:56.378","ProcessGuid":"{1978b227-51d4-6077-5100-000000000500}","ProcessId":"3748","Image":"C:\\Windows\\WID\\Binn\\sqlservr.exe","TargetObject":"HKLM\\SOFTWARE\\Microsoft"}
{"SourceName":"Microsoft-Windows-Sysmon","ProviderGuid":"{5770385f-c22a-43e0-bf4c-06f5698ffbd9}","Level":"4","Keywords":"0x8000000000000000","Channel":"Microsoft-Windows-Sysmon/Operational","Hostname":"ADFS01.blacksmith.local","TimeCreated":"2021-04-27T04:07:56.383Z","@timestamp":"2021-04-27T04:07:56.383Z","EventID":12,"Message":"Registry object added or deleted:\r\nRuleName: -\r\nEventType: CreateKey\r\nUtcTime: 2021-04-27 08:07:56.378\r\nProcessGuid: {1978b227-51d4-6077-5100-000000000500}\r\nProcessId: 3748\r\nImage: C:\\Windows\\WID\\Binn\\sqlservr.exe\r\nTargetObject: HKLM\\SOFTWARE\\Microsoft\\EnterpriseCertificates","Task":"12","RuleName":"-","EventType":"CreateKey","UtcTime":"2021-04-27 08:07:56.378","ProcessGuid":"{1978b227-51d4-6077-5100-000000000500}","ProcessId":"3748","Image":"C:\\Windows\\WID\\Binn\\sqlservr.exe","TargetObject":"HKLM\\SOFTWARE\\Microsoft\\EnterpriseCertificates"}
{"SourceName":"Microsoft-Windows-Sysmon","ProviderGuid":"{5770385f-c22a-43e0-bf4c-06f5698ffbd9}","Level":"4","Keywords":"0x8000000000000000","Channel":"Microsoft-Windows-Sysmon/Operational","Hostname":"ADFS01.blacksmith.local","TimeCreated":"2021-04-27T04:07:56.383Z","@timestamp":"2021-04-27T04:07:56.383Z","EventID":12,"Message":"Registry object added or deleted:\r\nRuleName: -\r\nEventType: CreateKey\r\nUtcTime: 2021-04-27 08:07:56.378\r\nProcessGuid: {1978b227-51d4-6077-5100-000000000500}\r\nProcessId: 3748\r\nImage: C:\\Windows\\WID\\Binn\\sqlservr.exe\r\nTargetObject: HKLM\\SOFTWARE","Task":"12","RuleName":"-","EventType":"CreateKey","UtcTime":"2021-04-27 08:07:56.378","ProcessGuid":"{1978b227-51d4-6077-5100-000000000500}","ProcessId":"3748","Image":"C:\\Windows\\WID\\Binn\\sqlservr.exe","TargetObject":"HKLM\\SOFTWARE"}
{"SourceName":"Microsoft-Windows-Sysmon","ProviderGuid":"{5770385f-c22a-43e0-bf4c-06f5698ffbd9}","Level":"4","Keywords":"0x8000000000000000","Channel":"Microsoft-Windows-Sysmon/Operational","Hostname":"ADFS01.blacksmith.local","TimeCreated":"2021-04-27T04:07:56.383Z","@timestamp":"2021-04-27T04:07:56.383Z","EventID":12,"Message":"Registry object added or deleted:\r\nRuleName: -\r\nEventType: CreateKey\r\nUtcTime: 2021-04-27 08:07:56.378\r\nProcessGuid: {1978b227-51d4-6077-5100-000000000500}\r\nProcessId: 3748\r\nImage: C:\\Windows\\WID\\Binn\\sqlservr.exe\r\nTargetObject: HKLM\\SOFTWARE\\Microsoft","Task":"12","RuleName":"-","EventType":"CreateKey","UtcTime":"2021-04-27 08:07:56.378","ProcessGuid":"{1978b227-51d4-6077-5100-000000000500}","ProcessId":"3748","Image":"C:\\Windows\\WID\\Binn\\sqlservr.exe","TargetObject":"HKLM\\SOFTWARE\\Microsoft"}
{"SourceName":"Microsoft-Windows-Sysmon","ProviderGuid":"{5770385f-c22a-43e0-bf4c-06f5698ffbd9}","Level":"4","Keywords":"0x8000000000000000","Channel":"Microsoft-Windows-Sysmon/Operational","Hostname":"ADFS01.blacksmith.local","TimeCreated":"2021-04-27T04:07:56.383Z","@timestamp":"2021-04-27T04:07:56.383Z","EventID":12,"Message":"Registry object added or deleted:\r\nRuleName: -\r\nEventType: CreateKey\r\nUtcTime: 2021-04-27 08:07:56.378\r\nProcessGuid: {1978b227-51d4-6077-5100-000000000500}\r\nProcessId: 3748\r\nImage: C:\\Windows\\WID\\Binn\\sqlservr.exe\r\nTargetObject: HKLM\\SOFTWARE\\Microsoft\\EnterpriseCertificates","Task":"12","RuleName":"-","EventType":"CreateKey","UtcTime":"2021-04-27 08:07:56.378","ProcessGuid":"{1978b227-51d4-6077-5100-000000000500}","ProcessId":"3748","Image":"C:\\Windows\\WID\\Binn\\sqlservr.exe","TargetObject":"HKLM\\SOFTWARE\\Microsoft\\EnterpriseCertificates"}
{"SourceName":"Microsoft-Windows-Sysmon","ProviderGuid":"{5770385f-c22a-43e0-bf4c-06f5698ffbd9}","Level":"4","Keywords":"0x8000000000000000","Channel":"Microsoft-Windows-Sysmon/Operational","Hostname":"ADFS01.blacksmith.local","TimeCreated":"2021-04-27T04:07:56.385Z","@timestamp":"2021-04-27T04:07:56.385Z","EventID":7,"Message":"Image loaded:\r\nRuleName: -\r\nUtcTime: 2021-04-27 08:07:56.378\r\nProcessGuid: {1978b227-51d4-6077-5100-000000000500}\r\nProcessId: 3748\r\nImage: C:\\Windows\\WID\\Binn\\sqlservr.exe\r\nImageLoaded: C:\\Windows\\WID\\Binn\\dbVerify\\adfsArtifactDbVerify.dll\r\nFileVersion: 1.0.0.1\r\nDescription: Artifact Store DB Verification dll\r\nProduct: Active Directory Federation Services Artifact Store DB Verification dll\r\nCompany: Microsoft\r\nOriginalFileName: adfsArtifactDbVerify.dll\r\nHashes: SHA1=C3C844D035DE983363C998C93D3642A474290FB5,MD5=515740591040DB4FDA5FA71F4520F80D,SHA256=8E2163BB885330FFC89F9D0470651A6AC280C31B16023A0D4A595E03A026BC2F,IMPHASH=0DE12A0EBE33C82D60098B2C2E20417C\r\nSigned: true\r\nSignature: Microsoft Windows\r\nSignatureStatus: Valid","Task":"7","RuleName":"-","UtcTime":"2021-04-27 08:07:56.378","ProcessGuid":"{1978b227-51d4-6077-5100-000000000500}","ProcessId":"3748","Image":"C:\\Windows\\WID\\Binn\\sqlservr.exe","ImageLoaded":"C:\\Windows\\WID\\Binn\\dbVerify\\adfsArtifactDbVerify.dll","FileVersion":"1.0.0.1","Description":"Artifact Store DB Verification dll","Product":"Active Directory Federation Services Artifact Store DB Verification dll","Company":"Microsoft","OriginalFileName":"adfsArtifactDbVerify.dll","Hashes":"SHA1=C3C844D035DE983363C998C93D3642A474290FB5,MD5=515740591040DB4FDA5FA71F4520F80D,SHA256=8E2163BB885330FFC89F9D0470651A6AC280C31B16023A0D4A595E03A026BC2F,IMPHASH=0DE12A0EBE33C82D60098B2C2E20417C","Signed":"true","Signature":"Microsoft Windows","SignatureStatus":"Valid"}
{"SourceName":"Microsoft-Windows-Sysmon","ProviderGuid":"{5770385f-c22a-43e0-bf4c-06f5698ffbd9}","Level":"4","Keywords":"0x8000000000000000","Channel":"Microsoft-Windows-Sysmon/Operational","Hostname":"ADFS01.blacksmith.local","TimeCreated":"2021-04-27T04:07:57.331Z","@timestamp":"2021-04-27T04:07:57.331Z","EventID":3,"Message":"Network connection detected:\r\nRuleName: -\r\nUtcTime: 2021-04-27 08:07:47.740\r\nProcessGuid: {1978b227-5270-6077-9c00-000000000500}\r\nProcessId: 1900\r\nImage: C:\\Windows\\ADFS\\Microsoft.IdentityServer.ServiceHost.exe\r\nUser: BLACKSMITH\\adfsadmin\r\nProtocol: tcp\r\nInitiated: true\r\nSourceIsIpv6: true\r\nSourceIp: 0:0:0:0:0:0:0:1\r\nSourceHostname: -\r\nSourcePort: 60282\r\nSourcePortName: -\r\nDestinationIsIpv6: true\r\nDestinationIp: 0:0:0:0:0:0:0:1\r\nDestinationHostname: -\r\nDestinationPort: 1500\r\nDestinationPortName: -","Task":"3","RuleName":"-","UtcTime":"2021-04-27 08:07:47.740","ProcessGuid":"{1978b227-5270-6077-9c00-000000000500}","ProcessId":"1900","Image":"C:\\Windows\\ADFS\\Microsoft.IdentityServer.ServiceHost.exe","User":"BLACKSMITH\\adfsadmin","Protocol":"tcp","Initiated":"true","SourceIsIpv6":"true","SourceIp":"0:0:0:0:0:0:0:1","SourceHostname":"-","SourcePort":"60282","SourcePortName":"-","DestinationIsIpv6":"true","DestinationIp":"0:0:0:0:0:0:0:1","DestinationHostname":"-","DestinationPort":"1500","DestinationPortName":"-"}
{"SourceName":"Microsoft-Windows-Sysmon","ProviderGuid":"{5770385f-c22a-43e0-bf4c-06f5698ffbd9}","Level":"4","Keywords":"0x8000000000000000","Channel":"Microsoft-Windows-Sysmon/Operational","Hostname":"ADFS01.blacksmith.local","TimeCreated":"2021-04-27T04:07:57.332Z","@timestamp":"2021-04-27T04:07:57.332Z","EventID":3,"Message":"Network connection detected:\r\nRuleName: -\r\nUtcTime: 2021-04-27 08:07:47.740\r\nProcessGuid: {1978b227-5270-6077-9c00-000000000500}\r\nProcessId: 1900\r\nImage: C:\\Windows\\ADFS\\Microsoft.IdentityServer.ServiceHost.exe\r\nUser: BLACKSMITH\\adfsadmin\r\nProtocol: tcp\r\nInitiated: false\r\nSourceIsIpv6: true\r\nSourceIp: 0:0:0:0:0:0:0:1\r\nSourceHostname: -\r\nSourcePort: 60282\r\nSourcePortName: -\r\nDestinationIsIpv6: true\r\nDestinationIp: 0:0:0:0:0:0:0:1\r\nDestinationHostname: -\r\nDestinationPort: 1500\r\nDestinationPortName: -","Task":"3","RuleName":"-","UtcTime":"2021-04-27 08:07:47.740","ProcessGuid":"{1978b227-5270-6077-9c00-000000000500}","ProcessId":"1900","Image":"C:\\Windows\\ADFS\\Microsoft.IdentityServer.ServiceHost.exe","User":"BLACKSMITH\\adfsadmin","Protocol":"tcp","Initiated":"false","SourceIsIpv6":"true","SourceIp":"0:0:0:0:0:0:0:1","SourceHostname":"-","SourcePort":"60282","SourcePortName":"-","DestinationIsIpv6":"true","DestinationIp":"0:0:0:0:0:0:0:1","DestinationHostname":"-","DestinationPort":"1500","DestinationPortName":"-"}
{"SourceName":"Microsoft-Windows-Sysmon","ProviderGuid":"{5770385f-c22a-43e0-bf4c-06f5698ffbd9}","Level":"4","Keywords":"0x8000000000000000","Channel":"Microsoft-Windows-Sysmon/Operational","Hostname":"ADFS01.blacksmith.local","TimeCreated":"2021-04-27T04:07:58.691Z","@timestamp":"2021-04-27T04:07:58.691Z","EventID":7,"Message":"Image loaded:\r\nRuleName: -\r\nUtcTime: 2021-04-27 08:07:58.688\r\nProcessGuid: {1978b227-b83c-607f-fc13-000000000500}\r\nProcessId: 7932\r\nImage: C:\\Program Files\\Windows Defender Advanced Threat Protection\\MsSense.exe\r\nImageLoaded: C:\\Windows\\System32\\OnDemandConnRouteHelper.dll\r\nFileVersion: 10.0.17763.1 (WinBuild.160101.0800)\r\nDescription: On Demand Connctiond Route Helper\r\nProduct: Microsoft® Windows® Operating System\r\nCompany: Microsoft Corporation\r\nOriginalFileName: OnDemandConnRouteHelper.dll\r\nHashes: SHA1=5E4F2280E97CC2D6B20DC8621E5F6C7601EB701E,MD5=E95FD05979C7A6E62273C7F0ED473F3E,SHA256=7D62F9B2E4857803079A5A1156F64194596CC501CCA0A958988E93CD35F89FE3,IMPHASH=76A0DCB18AA3FD7B234C5FF7F107D9DE\r\nSigned: true\r\nSignature: Microsoft Windows\r\nSignatureStatus: Valid","Task":"7","RuleName":"-","UtcTime":"2021-04-27 08:07:58.688","ProcessGuid":"{1978b227-b83c-607f-fc13-000000000500}","ProcessId":"7932","Image":"C:\\Program Files\\Windows Defender Advanced Threat Protection\\MsSense.exe","ImageLoaded":"C:\\Windows\\System32\\OnDemandConnRouteHelper.dll","FileVersion":"10.0.17763.1 (WinBuild.160101.0800)","Description":"On Demand Connctiond Route Helper","Product":"Microsoft® Windows® Operating System","Company":"Microsoft Corporation","OriginalFileName":"OnDemandConnRouteHelper.dll","Hashes":"SHA1=5E4F2280E97CC2D6B20DC8621E5F6C7601EB701E,MD5=E95FD05979C7A6E62273C7F0ED473F3E,SHA256=7D62F9B2E4857803079A5A1156F64194596CC501CCA0A958988E93CD35F89FE3,IMPHASH=76A0DCB18AA3FD7B234C5FF7F107D9DE","Signed":"true","Signature":"Microsoft Windows","SignatureStatus":"Valid"}
{"SourceName":"Microsoft-Windows-Sysmon","ProviderGuid":"{5770385f-c22a-43e0-bf4c-06f5698ffbd9}","Level":"4","Keywords":"0x8000000000000000","Channel":"Microsoft-Windows-Sysmon/Operational","Hostname":"ADFS01.blacksmith.local","TimeCreated":"2021-04-27T04:07:58.704Z","@timestamp":"2021-04-27T04:07:58.704Z","EventID":7,"Message":"Image loaded:\r\nRuleName: -\r\nUtcTime: 2021-04-27 08:07:58.688\r\nProcessGuid: {1978b227-c65e-6087-7e7b-000000000500}\r\nProcessId: 4564\r\nImage: C:\\Program Files\\Windows Defender Advanced Threat Protection\\SenseCncProxy.exe\r\nImageLoaded: C:\\Program Files\\Windows Defender Advanced Threat Protection\\SenseCncProxy.exe\r\nFileVersion: 10.7740.17763.1852 (WinBuild.160101.0800)\r\nDescription: Windows Defender Advanced Threat Protection Communications module\r\nProduct: Microsoft® Windows® Operating System\r\nCompany: Microsoft Corporation\r\nOriginalFileName: SenseCncProxy.exe\r\nHashes: SHA1=E5297E867658A3F342067DAC93FA21A32C962E02,MD5=3E0922FB92DA28066DF7B75BB6AB4E09,SHA256=D9D1E74CDC537F7B2E6C2E13D329054E996F95493F53BBE34611C752640DAA05,IMPHASH=F66EBF3EFE4EEF90603832EDFE49E29C\r\nSigned: true\r\nSignature: Microsoft Windows Publisher\r\nSignatureStatus: Valid","Task":"7","RuleName":"-","UtcTime":"2021-04-27 08:07:58.688","ProcessGuid":"{1978b227-c65e-6087-7e7b-000000000500}","ProcessId":"4564","Image":"C:\\Program Files\\Windows Defender Advanced Threat Protection\\SenseCncProxy.exe","ImageLoaded":"C:\\Program Files\\Windows Defender Advanced Threat Protection\\SenseCncProxy.exe","FileVersion":"10.7740.17763.1852 (WinBuild.160101.0800)","Description":"Windows Defender Advanced Threat Protection Communications module","Product":"Microsoft® Windows® Operating System","Company":"Microsoft Corporation","OriginalFileName":"SenseCncProxy.exe","Hashes":"SHA1=E5297E867658A3F342067DAC93FA21A32C962E02,MD5=3E0922FB92DA28066DF7B75BB6AB4E09,SHA256=D9D1E74CDC537F7B2E6C2E13D329054E996F95493F53BBE34611C752640DAA05,IMPHASH=F66EBF3EFE4EEF90603832EDFE49E29C","Signed":"true","Signature":"Microsoft Windows Publisher","SignatureStatus":"Valid"}
{"SourceName":"Microsoft-Windows-Sysmon","ProviderGuid":"{5770385f-c22a-43e0-bf4c-06f5698ffbd9}","Level":"4","Keywords":"0x8000000000000000","Channel":"Microsoft-Windows-Sysmon/Operational","Hostname":"ADFS01.blacksmith.local","TimeCreated":"2021-04-27T04:07:58.705Z","@timestamp":"2021-04-27T04:07:58.705Z","EventID":7,"Message":"Image loaded:\r\nRuleName: -\r\nUtcTime: 2021-04-27 08:07:58.704\r\nProcessGuid: {1978b227-c65e-6087-7e7b-000000000500}\r\nProcessId: 4564\r\nImage: C:\\Program Files\\Windows Defender Advanced Threat Protection\\SenseCncProxy.exe\r\nImageLoaded: C:\\Windows\\System32\\ntdll.dll\r\nFileVersion: 10.0.17763.1879 (WinBuild.160101.0800)\r\nDescription: NT Layer DLL\r\nProduct: Microsoft® Windows® Operating System\r\nCompany: Microsoft Corporation\r\nOriginalFileName: ntdll.dll\r\nHashes: SHA1=DC0769395413752B98C75997551A7A13578CF6C5,MD5=84E951061E90F4E9FFD312F22AC9E982,SHA256=ECD13FB017394028AF96F1DF9F86BB95F8D52787C5A2A5496EC81BE3261C1B09,IMPHASH=00000000000000000000000000000000\r\nSigned: true\r\nSignature: Microsoft Windows\r\nSignatureStatus: Valid","Task":"7","RuleName":"-","UtcTime":"2021-04-27 08:07:58.704","ProcessGuid":"{1978b227-c65e-6087-7e7b-000000000500}","ProcessId":"4564","Image":"C:\\Program Files\\Windows Defender Advanced Threat Protection\\SenseCncProxy.exe","ImageLoaded":"C:\\Windows\\System32\\ntdll.dll","FileVersion":"10.0.17763.1879 (WinBuild.160101.0800)","Description":"NT Layer DLL","Product":"Microsoft® Windows® Operating System","Company":"Microsoft Corporation","OriginalFileName":"ntdll.dll","Hashes":"SHA1=DC0769395413752B98C75997551A7A13578CF6C5,MD5=84E951061E90F4E9FFD312F22AC9E982,SHA256=ECD13FB017394028AF96F1DF9F86BB95F8D52787C5A2A5496EC81BE3261C1B09,IMPHASH=00000000000000000000000000000000","Signed":"true","Signature":"Microsoft Windows","SignatureStatus":"Valid"}
{"SourceName":"Microsoft-Windows-Sysmon","ProviderGuid":"{5770385f-c22a-43e0-bf4c-06f5698ffbd9}","Level":"4","Keywords":"0x8000000000000000","Channel":"Microsoft-Windows-Sysmon/Operational","Hostname":"ADFS01.blacksmith.local","TimeCreated":"2021-04-27T04:07:58.706Z","@timestamp":"2021-04-27T04:07:58.706Z","EventID":7,"Message":"Image loaded:\r\nRuleName: -\r\nUtcTime: 2021-04-27 08:07:58.704\r\nProcessGuid: {1978b227-c65e-6087-7e7b-000000000500}\r\nProcessId: 4564\r\nImage: C:\\Program Files\\Windows Defender Advanced Threat Protection\\SenseCncProxy.exe\r\nImageLoaded: C:\\Windows\\System32\\kernel32.dll\r\nFileVersion: 10.0.17763.1879 (WinBuild.160101.0800)\r\nDescription: Windows NT BASE API Client DLL\r\nProduct: Microsoft® Windows® Operating System\r\nCompany: Microsoft Corporation\r\nOriginalFileName: kernel32\r\nHashes: SHA1=521EA7775C3EC66AC2F37960432AD8ED8B553F88,MD5=B3C90527B45B8BBA0AB16C51A69CEB5D,SHA256=8C6354EB5133D315ECF8A7407981C3536CCD40E7CC561EE7038925B1342E74EA,IMPHASH=5A2DEBB2344B5D6D1E742B407695A348\r\nSigned: true\r\nSignature: Microsoft Windows\r\nSignatureStatus: Valid","Task":"7","RuleName":"-","UtcTime":"2021-04-27 08:07:58.704","ProcessGuid":"{1978b227-c65e-6087-7e7b-000000000500}","ProcessId":"4564","Image":"C:\\Program Files\\Windows Defender Advanced Threat Protection\\SenseCncProxy.exe","ImageLoaded":"C:\\Windows\\System32\\kernel32.dll","FileVersion":"10.0.17763.1879 (WinBuild.160101.0800)","Description":"Windows NT BASE API Client DLL","Product":"Microsoft® Windows® Operating System","Company":"Microsoft Corporation","OriginalFileName":"kernel32","Hashes":"SHA1=521EA7775C3EC66AC2F37960432AD8ED8B553F88,MD5=B3C90527B45B8BBA0AB16C51A69CEB5D,SHA256=8C6354EB5133D315ECF8A7407981C3536CCD40E7CC561EE7038925B1342E74EA,IMPHASH=5A2DEBB2344B5D6D1E742B407695A348","Signed":"true","Signature":"Microsoft Windows","SignatureStatus":"Valid"}
{"SourceName":"Microsoft-Windows-Sysmon","ProviderGuid":"{5770385f-c22a-43e0-bf4c-06f5698ffbd9}","Level":"4","Keywords":"0x8000000000000000","Channel":"Microsoft-Windows-Sysmon/Operational","Hostname":"ADFS01.blacksmith.local","TimeCreated":"2021-04-27T04:07:58.707Z","@timestamp":"2021-04-27T04:07:58.707Z","EventID":7,"Message":"Image loaded:\r\nRuleName: -\r\nUtcTime: 2021-04-27 08:07:58.704\r\nProcessGuid: {1978b227-c65e-6087-7e7b-000000000500}\r\nProcessId: 4564\r\nImage: C:\\Program Files\\Windows Defender Advanced Threat Protection\\SenseCncProxy.exe\r\nImageLoaded: C:\\Windows\\System32\\KernelBase.dll\r\nFileVersion: 10.0.17763.1879 (WinBuild.160101.0800)\r\nDescription: Windows NT BASE API Client DLL\r\nProduct: Microsoft® Windows® Operating System\r\nCompany: Microsoft Corporation\r\nOriginalFileName: Kernelbase.dll\r\nHashes: SHA1=2B3C899FCFF946800C69F68CBFA251FACFD63AD3,MD5=1DB19D71083A3897D884A48B748DD61C,SHA256=72A4030FD018E9A9C8DF4120D5498CD0EC43AB066121B9361589D2E539F95E63,IMPHASH=6E4C16603083DB2E2C90D99475D4CBA5\r\nSigned: true\r\nSignature: Microsoft Windows\r\nSignatureStatus: Valid","Task":"7","RuleName":"-","UtcTime":"2021-04-27 08:07:58.704","ProcessGuid":"{1978b227-c65e-6087-7e7b-000000000500}","ProcessId":"4564","Image":"C:\\Program Files\\Windows Defender Advanced Threat Protection\\SenseCncProxy.exe","ImageLoaded":"C:\\Windows\\System32\\KernelBase.dll","FileVersion":"10.0.17763.1879 (WinBuild.160101.0800)","Description":"Windows NT BASE API Client DLL","Product":"Microsoft® Windows® Operating System","Company":"Microsoft Corporation","OriginalFileName":"Kernelbase.dll","Hashes":"SHA1=2B3C899FCFF946800C69F68CBFA251FACFD63AD3,MD5=1DB19D71083A3897D884A48B748DD61C,SHA256=72A4030FD018E9A9C8DF4120D5498CD0EC43AB066121B9361589D2E539F95E63,IMPHASH=6E4C16603083DB2E2C90D99475D4CBA5","Signed":"true","Signature":"Microsoft Windows","SignatureStatus":"Valid"}
{"SourceName":"Microsoft-Windows-Sysmon","ProviderGuid":"{5770385f-c22a-43e0-bf4c-06f5698ffbd9}","Level":"4","Keywords":"0x8000000000000000","Channel":"Microsoft-Windows-Sysmon/Operational","Hostname":"ADFS01.blacksmith.local","TimeCreated":"2021-04-27T04:07:58.708Z","@timestamp":"2021-04-27T04:07:58.708Z","EventID":7,"Message":"Image loaded:\r\nRuleName: -\r\nUtcTime: 2021-04-27 08:07:58.704\r\nProcessGuid: {1978b227-c65e-6087-7e7b-000000000500}\r\nProcessId: 4564\r\nImage: C:\\Program Files\\Windows Defender Advanced Threat Protection\\SenseCncProxy.exe\r\nImageLoaded: C:\\Windows\\System32\\msvcp_win.dll\r\nFileVersion: 10.0.17763.348 (WinBuild.160101.0800)\r\nDescription: Microsoft® C Runtime Library\r\nProduct: Microsoft® Windows® Operating System\r\nCompany: Microsoft Corporation\r\nOriginalFileName: msvcp_win.dll\r\nHashes: SHA1=AFB93DEFC8C6E399EFFC1D99BD719536A59E2510,MD5=967B050DA2325CD7BC8F7B5A3EED70ED,SHA256=2E365914142B4C0F8340594E253E8FA25F452338238B87E7D303AF89D0747D78,IMPHASH=856DC63B3063B927D2B424783B1DB1BF\r\nSigned: true\r\nSignature: Microsoft Windows\r\nSignatureStatus: Valid","Task":"7","RuleName":"-","UtcTime":"2021-04-27 08:07:58.704","ProcessGuid":"{1978b227-c65e-6087-7e7b-000000000500}","ProcessId":"4564","Image":"C:\\Program Files\\Windows Defender Advanced Threat Protection\\SenseCncProxy.exe","ImageLoaded":"C:\\Windows\\System32\\msvcp_win.dll","FileVersion":"10.0.17763.348 (WinBuild.160101.0800)","Description":"Microsoft® C Runtime Library","Product":"Microsoft® Windows® Operating System","Company":"Microsoft Corporation","OriginalFileName":"msvcp_win.dll","Hashes":"SHA1=AFB93DEFC8C6E399EFFC1D99BD719536A59E2510,MD5=967B050DA2325CD7BC8F7B5A3EED70ED,SHA256=2E365914142B4C0F8340594E253E8FA25F452338238B87E7D303AF89D0747D78,IMPHASH=856DC63B3063B927D2B424783B1DB1BF","Signed":"true","Signature":"Microsoft Windows","SignatureStatus":"Valid"}
{"SourceName":"Microsoft-Windows-Sysmon","ProviderGuid":"{5770385f-c22a-43e0-bf4c-06f5698ffbd9}","Level":"4","Keywords":"0x8000000000000000","Channel":"Microsoft-Windows-Sysmon/Operational","Hostname":"ADFS01.blacksmith.local","TimeCreated":"2021-04-27T04:07:58.709Z","@timestamp":"2021-04-27T04:07:58.709Z","EventID":7,"Message":"Image loaded:\r\nRuleName: -\r\nUtcTime: 2021-04-27 08:07:58.704\r\nProcessGuid: {1978b227-c65e-6087-7e7b-000000000500}\r\nProcessId: 4564\r\nImage: C:\\Program Files\\Windows Defender Advanced Threat Protection\\SenseCncProxy.exe\r\nImageLoaded: C:\\Windows\\System32\\ucrtbase.dll\r\nFileVersion: 10.0.17763.1490 (WinBuild.160101.0800)\r\nDescription: Microsoft® C Runtime Library\r\nProduct: Microsoft® Windows® Operating System\r\nCompany: Microsoft Corporation\r\nOriginalFileName: ucrtbase.dll\r\nHashes: SHA1=8956F79D95FE1EAB1A06C4AD75588A49C2029994,MD5=3C72FC810602812D8C03C8709519F115,SHA256=DA572F7C674178BA7B91F7D47643FED07F7E71DBB4AEB46E1671CE08D1B31D73,IMPHASH=5AE9A136FAFA10321F3D48251BF4F6A1\r\nSigned: true\r\nSignature: Microsoft Windows\r\nSignatureStatus: Valid","Task":"7","RuleName":"-","UtcTime":"2021-04-27 08:07:58.704","ProcessGuid":"{1978b227-c65e-6087-7e7b-000000000500}","ProcessId":"4564","Image":"C:\\Program Files\\Windows Defender Advanced Threat Protection\\SenseCncProxy.exe","ImageLoaded":"C:\\Windows\\System32\\ucrtbase.dll","FileVersion":"10.0.17763.1490 (WinBuild.160101.0800)","Description":"Microsoft® C Runtime Library","Product":"Microsoft® Windows® Operating System","Company":"Microsoft Corporation","OriginalFileName":"ucrtbase.dll","Hashes":"SHA1=8956F79D95FE1EAB1A06C4AD75588A49C2029994,MD5=3C72FC810602812D8C03C8709519F115,SHA256=DA572F7C674178BA7B91F7D47643FED07F7E71DBB4AEB46E1671CE08D1B31D73,IMPHASH=5AE9A136FAFA10321F3D48251BF4F6A1","Signed":"true","Signature":"Microsoft Windows","SignatureStatus":"Valid"}
{"SourceName":"Microsoft-Windows-Sysmon","ProviderGuid":"{5770385f-c22a-43e0-bf4c-06f5698ffbd9}","Level":"4","Keywords":"0x8000000000000000","Channel":"Microsoft-Windows-Sysmon/Operational","Hostname":"ADFS01.blacksmith.local","TimeCreated":"2021-04-27T04:07:58.710Z","@timestamp":"2021-04-27T04:07:58.710Z","EventID":7,"Message":"Image loaded:\r\nRuleName: -\r\nUtcTime: 2021-04-27 08:07:58.704\r\nProcessGuid: {1978b227-c65e-6087-7e7b-000000000500}\r\nProcessId: 4564\r\nImage: C:\\Program Files\\Windows Defender Advanced Threat Protection\\SenseCncProxy.exe\r\nImageLoaded: C:\\Windows\\System32\\oleaut32.dll\r\nFileVersion: 10.0.17763.1757 (WinBuild.160101.0800)\r\nDescription: OLEAUT32.DLL\r\nProduct: Microsoft® Windows® Operating System\r\nCompany: Microsoft Corporation\r\nOriginalFileName: OLEAUT32.DLL\r\nHashes: SHA1=E9DB9A27AFE18A36CF8FDD97DCEBB1A1A4C159E6,MD5=510B55D5EBB9544F88362388B64E36A9,SHA256=70780047FE84D99F88CF523D180CFBB434B0F5F1BA60101239941D7A1DAA0B62,IMPHASH=6853F61807127E891C66F2120C64B8F8\r\nSigned: true\r\nSignature: Microsoft Windows\r\nSignatureStatus: Valid","Task":"7","RuleName":"-","UtcTime":"2021-04-27 08:07:58.704","ProcessGuid":"{1978b227-c65e-6087-7e7b-000000000500}","ProcessId":"4564","Image":"C:\\Program Files\\Windows Defender Advanced Threat Protection\\SenseCncProxy.exe","ImageLoaded":"C:\\Windows\\System32\\oleaut32.dll","FileVersion":"10.0.17763.1757 (WinBuild.160101.0800)","Description":"OLEAUT32.DLL","Product":"Microsoft® Windows® Operating System","Company":"Microsoft Corporation","OriginalFileName":"OLEAUT32.DLL","Hashes":"SHA1=E9DB9A27AFE18A36CF8FDD97DCEBB1A1A4C159E6,MD5=510B55D5EBB9544F88362388B64E36A9,SHA256=70780047FE84D99F88CF523D180CFBB434B0F5F1BA60101239941D7A1DAA0B62,IMPHASH=6853F61807127E891C66F2120C64B8F8","Signed":"true","Signature":"Microsoft Windows","SignatureStatus":"Valid"}
{"SourceName":"Microsoft-Windows-Sysmon","ProviderGuid":"{5770385f-c22a-43e0-bf4c-06f5698ffbd9}","Level":"4","Keywords":"0x8000000000000000","Channel":"Microsoft-Windows-Sysmon/Operational","Hostname":"ADFS01.blacksmith.local","TimeCreated":"2021-04-27T04:07:58.711Z","@timestamp":"2021-04-27T04:07:58.711Z","EventID":7,"Message":"Image loaded:\r\nRuleName: -\r\nUtcTime: 2021-04-27 08:07:58.704\r\nProcessGuid: {1978b227-c65e-6087-7e7b-000000000500}\r\nProcessId: 4564\r\nImage: C:\\Program Files\\Windows Defender Advanced Threat Protection\\SenseCncProxy.exe\r\nImageLoaded: C:\\Windows\\System32\\combase.dll\r\nFileVersion: 10.0.17763.1879 (WinBuild.160101.0800)\r\nDescription: Microsoft COM for Windows\r\nProduct: Microsoft® Windows® Operating System\r\nCompany: Microsoft Corporation\r\nOriginalFileName: COMBASE.DLL\r\nHashes: SHA1=9210B4059DC9BDBFDB584E61D879B15F1A6EE041,MD5=823B0F226EDA0B5A70C65E9293F9671B,SHA256=EB3B45C7F244FA469FE7992CEA9A86B8974DA2800FE3CB4E8B5E953F74079C69,IMPHASH=C86CF4F59735BB0E98C7CCE8594D6340\r\nSigned: true\r\nSignature: Microsoft Windows\r\nSignatureStatus: Valid","Task":"7","RuleName":"-","UtcTime":"2021-04-27 08:07:58.704","ProcessGuid":"{1978b227-c65e-6087-7e7b-000000000500}","ProcessId":"4564","Image":"C:\\Program Files\\Windows Defender Advanced Threat Protection\\SenseCncProxy.exe","ImageLoaded":"C:\\Windows\\System32\\combase.dll","FileVersion":"10.0.17763.1879 (WinBuild.160101.0800)","Description":"Microsoft COM for Windows","Product":"Microsoft® Windows® Operating System","Company":"Microsoft Corporation","OriginalFileName":"COMBASE.DLL","Hashes":"SHA1=9210B4059DC9BDBFDB584E61D879B15F1A6EE041,MD5=823B0F226EDA0B5A70C65E9293F9671B,SHA256=EB3B45C7F244FA469FE7992CEA9A86B8974DA2800FE3CB4E8B5E953F74079C69,IMPHASH=C86CF4F59735BB0E98C7CCE8594D6340","Signed":"true","Signature":"Microsoft Windows","SignatureStatus":"Valid"}
{"SourceName":"Microsoft-Windows-Sysmon","ProviderGuid":"{5770385f-c22a-43e0-bf4c-06f5698ffbd9}","Level":"4","Keywords":"0x8000000000000000","Channel":"Microsoft-Windows-Sysmon/Operational","Hostname":"ADFS01.blacksmith.local","TimeCreated":"2021-04-27T04:07:58.711Z","@timestamp":"2021-04-27T04:07:58.711Z","EventID":7,"Message":"Image loaded:\r\nRuleName: -\r\nUtcTime: 2021-04-27 08:07:58.704\r\nProcessGuid: {1978b227-c65e-6087-7e7b-000000000500}\r\nProcessId: 4564\r\nImage: C:\\Program Files\\Windows Defender Advanced Threat Protection\\SenseCncProxy.exe\r\nImageLoaded: C:\\Windows\\System32\\rpcrt4.dll\r\nFileVersion: 10.0.17763.1879 (WinBuild.160101.0800)\r\nDescription: Remote Procedure Call Runtime\r\nProduct: Microsoft® Windows® Operating System\r\nCompany: Microsoft Corporation\r\nOriginalFileName: rpcrt4.dll\r\nHashes: SHA1=C235CF7E1C7CD15DCBAE5335956F496206509C87,MD5=E02E45F28E0CD3DA691E755E4DF06B3D,SHA256=814C4502CEF7550E2149D62606A4BAC75D519C80476837166236A4BF9D9B5F72,IMPHASH=88E7E7C7FA90052EC162DD37F2B7C7BD\r\nSigned: true\r\nSignature: Microsoft Windows\r\nSignatureStatus: Valid","Task":"7","RuleName":"-","UtcTime":"2021-04-27 08:07:58.704","ProcessGuid":"{1978b227-c65e-6087-7e7b-000000000500}","ProcessId":"4564","Image":"C:\\Program Files\\Windows Defender Advanced Threat Protection\\SenseCncProxy.exe","ImageLoaded":"C:\\Windows\\System32\\rpcrt4.dll","FileVersion":"10.0.17763.1879 (WinBuild.160101.0800)","Description":"Remote Procedure Call Runtime","Product":"Microsoft® Windows® Operating System","Company":"Microsoft Corporation","OriginalFileName":"rpcrt4.dll","Hashes":"SHA1=C235CF7E1C7CD15DCBAE5335956F496206509C87,MD5=E02E45F28E0CD3DA691E755E4DF06B3D,SHA256=814C4502CEF7550E2149D62606A4BAC75D519C80476837166236A4BF9D9B5F72,IMPHASH=88E7E7C7FA90052EC162DD37F2B7C7BD","Signed":"true","Signature":"Microsoft Windows","SignatureStatus":"Valid"}
